#
# There is insufficient memory for the Java Runtime Environment to continue.
# Native memory allocation (mmap) failed to map 39845888 bytes for G1 virtual space
# Possible reasons:
#   The system is out of physical RAM or swap space
#   The process is running with CompressedOops enabled, and the Java Heap may be blocking the growth of the native heap
# Possible solutions:
#   Reduce memory load on the system
#   Increase physical memory or swap space
#   Check if swap backing store is full
#   Decrease Java heap size (-Xmx/-Xms)
#   Decrease number of Java threads
#   Decrease Java thread stack sizes (-Xss)
#   Set larger code cache with -XX:ReservedCodeCacheSize=
#   JVM is running with Zero Based Compressed Oops mode in which the Java heap is
#     placed in the first 32GB address space. The Java Heap base address is the
#     maximum limit for the native heap growth. Please use -XX:HeapBaseMinAddress
#     to set the Java Heap base and to place the Java Heap above 32GB virtual address.
# This output file may be truncated or incomplete.
#
#  Out of Memory Error (os_windows.cpp:3771), pid=13960, tid=9308
#
# JRE version: OpenJDK Runtime Environment (17.0.7) (build 17.0.7+0-b2043.56-10550314)
# Java VM: OpenJDK 64-Bit Server VM (17.0.7+0-b2043.56-10550314, mixed mode, tiered, compressed oops, compressed class ptrs, g1 gc, windows-amd64)
# No core dump will be written. Minidumps are not enabled by default on client versions of Windows
#

---------------  S U M M A R Y ------------

Command Line: org.jetbrains.kotlin.cli.jvm.K2JVMCompiler @C:\User\pr111rybakov\AndroidStudioProjects\UmnuiDomikYoYoYo\app\build\20241121_11928260183144006904.compiler.options

Host: Intel(R) Core(TM) i7-9700 CPU @ 3.00GHz, 8 cores, 15G,  Windows 10 , 64 bit Build 17763 (10.0.17763.4974)
Time: Thu Nov 21 16:37:02 2024 ќмское стандартное врем€ elapsed time: 3.282511 seconds (0d 0h 0m 3s)

---------------  T H R E A D  ---------------

Current thread (0x000002016cb654c0):  VMThread "VM Thread" [stack: 0x000000d9ff800000,0x000000d9ff900000] [id=9308]

Stack: [0x000000d9ff800000,0x000000d9ff900000]
Native frames: (J=compiled Java code, j=interpreted, Vv=VM code, C=native code)
V  [jvm.dll+0x683bfa]
V  [jvm.dll+0x8430a4]
V  [jvm.dll+0x8449be]
V  [jvm.dll+0x845023]
V  [jvm.dll+0x24ad2f]
V  [jvm.dll+0x680ac9]
V  [jvm.dll+0x67519a]
V  [jvm.dll+0x30b3cb]
V  [jvm.dll+0x312876]
V  [jvm.dll+0x36221e]
V  [jvm.dll+0x36244f]
V  [jvm.dll+0x2e14a8]
V  [jvm.dll+0x2df684]
V  [jvm.dll+0x2dec8c]
V  [jvm.dll+0x32382b]
V  [jvm.dll+0x8496eb]
V  [jvm.dll+0x84a424]
V  [jvm.dll+0x84a93d]
V  [jvm.dll+0x84ad14]
V  [jvm.dll+0x84ade0]
V  [jvm.dll+0x7f2aea]
V  [jvm.dll+0x682a35]
C  [ucrtbase.dll+0x2268a]
C  [KERNEL32.DLL+0x17ac4]
C  [ntdll.dll+0x5a4e1]

VM_Operation (0x000000d9ff2f9fe0): G1CollectForAllocation, mode: safepoint, requested by thread 0x000002014dffb8d0


---------------  P R O C E S S  ---------------

Threads class SMR info:
_java_thread_list=0x000002017188b200, length=14, elements={
0x000002014dffb8d0, 0x000002016cb397a0, 0x000002016cb3ab30, 0x000002016cbc4960,
0x000002016cbb9000, 0x000002016cbb9ac0, 0x000002016cbbe5e0, 0x000002016cbbf9f0,
0x000002016cbbd790, 0x000002016cbcb400, 0x000002016cd37a30, 0x000002016cd5c830,
0x000002016ce12f70, 0x00000201719d3540
}

Java Threads: ( => current thread )
  0x000002014dffb8d0 JavaThread "main" [_thread_blocked, id=9256, stack(0x000000d9ff200000,0x000000d9ff300000)]
  0x000002016cb397a0 JavaThread "Reference Handler" daemon [_thread_blocked, id=1068, stack(0x000000d9ff900000,0x000000d9ffa00000)]
  0x000002016cb3ab30 JavaThread "Finalizer" daemon [_thread_blocked, id=11116, stack(0x000000d9ffa00000,0x000000d9ffb00000)]
  0x000002016cbc4960 JavaThread "Signal Dispatcher" daemon [_thread_blocked, id=2244, stack(0x000000d9ffb00000,0x000000d9ffc00000)]
  0x000002016cbb9000 JavaThread "Attach Listener" daemon [_thread_blocked, id=10816, stack(0x000000d9ffc00000,0x000000d9ffd00000)]
  0x000002016cbb9ac0 JavaThread "Service Thread" daemon [_thread_blocked, id=4396, stack(0x000000d9ffd00000,0x000000d9ffe00000)]
  0x000002016cbbe5e0 JavaThread "Monitor Deflation Thread" daemon [_thread_blocked, id=7508, stack(0x000000d9ffe00000,0x000000d9fff00000)]
  0x000002016cbbf9f0 JavaThread "C2 CompilerThread0" daemon [_thread_blocked, id=7152, stack(0x000000d9fff00000,0x000000da00000000)]
  0x000002016cbbd790 JavaThread "C1 CompilerThread0" daemon [_thread_blocked, id=11532, stack(0x000000d980000000,0x000000d980100000)]
  0x000002016cbcb400 JavaThread "Sweeper thread" daemon [_thread_blocked, id=11292, stack(0x000000d980100000,0x000000d980200000)]
  0x000002016cd37a30 JavaThread "Notification Thread" daemon [_thread_blocked, id=11196, stack(0x000000d980200000,0x000000d980300000)]
  0x000002016cd5c830 JavaThread "Common-Cleaner" daemon [_thread_blocked, id=4936, stack(0x000000d980400000,0x000000d980500000)]
  0x000002016ce12f70 JavaThread "C2 CompilerThread1" daemon [_thread_blocked, id=14980, stack(0x000000d980500000,0x000000d980600000)]
  0x00000201719d3540 JavaThread "C2 CompilerThread2" daemon [_thread_blocked, id=9396, stack(0x000000d980e00000,0x000000d980f00000)]

Other Threads:
=>0x000002016cb654c0 VMThread "VM Thread" [stack: 0x000000d9ff800000,0x000000d9ff900000] [id=9308]
  0x000002014e07d800 WatcherThread [stack: 0x000000d980300000,0x000000d980400000] [id=13636]
  0x000002014e064920 GCTaskThread "GC Thread#0" [stack: 0x000000d9ff300000,0x000000d9ff400000] [id=1048]
  0x00000201713dab10 GCTaskThread "GC Thread#1" [stack: 0x000000d980600000,0x000000d980700000] [id=7960]
  0x00000201713dadc0 GCTaskThread "GC Thread#2" [stack: 0x000000d980700000,0x000000d980800000] [id=14412]
  0x00000201713db070 GCTaskThread "GC Thread#3" [stack: 0x000000d980800000,0x000000d980900000] [id=10288]
  0x00000201713db730 GCTaskThread "GC Thread#4" [stack: 0x000000d980900000,0x000000d980a00000] [id=12948]
  0x00000201713db9e0 GCTaskThread "GC Thread#5" [stack: 0x000000d980a00000,0x000000d980b00000] [id=14952]
  0x0000020171837e20 GCTaskThread "GC Thread#6" [stack: 0x000000d980b00000,0x000000d980c00000] [id=2408]
  0x000002017188b7f0 GCTaskThread "GC Thread#7" [stack: 0x000000d980c00000,0x000000d980d00000] [id=6292]
  0x000002014e076640 ConcurrentGCThread "G1 Main Marker" [stack: 0x000000d9ff400000,0x000000d9ff500000] [id=4684]
  0x000002014e076f60 ConcurrentGCThread "G1 Conc#0" [stack: 0x000000d9ff500000,0x000000d9ff600000] [id=10688]
  0x0000020171427080 ConcurrentGCThread "G1 Conc#1" [stack: 0x000000d980d00000,0x000000d980e00000] [id=14492]
  0x000002014e0aec70 ConcurrentGCThread "G1 Refine#0" [stack: 0x000000d9ff600000,0x000000d9ff700000] [id=10236]
  0x00000201738bd2f0 ConcurrentGCThread "G1 Refine#1" [stack: 0x000000d980f00000,0x000000d981000000] [id=12744]
  0x000002016c877810 ConcurrentGCThread "G1 Service" [stack: 0x000000d9ff700000,0x000000d9ff800000] [id=7608]

Threads with active compile tasks:
C2 CompilerThread0     3289 5650       4       org.jetbrains.kotlin.resolve.OverrideResolver$Companion::collectOverriddenDeclarations (99 bytes)
C1 CompilerThread0     3289 5861   !   2       org.jetbrains.kotlin.metadata.jvm.JvmProtoBuf$StringTableTypes::<init> (495 bytes)
C2 CompilerThread1     3289 5533       4       org.jetbrains.kotlin.types.DescriptorSubstitutor::substituteTypeParameters (389 bytes)
C2 CompilerThread2     3289 5628       4       org.jetbrains.kotlin.resolve.OverridingUtil::collectOverriddenDeclarations (123 bytes)

VM state: at safepoint (normal execution)

VM Mutex/Monitor currently owned by a thread:  ([mutex/lock_event])
[0x000002014dff86e0] Threads_lock - owner thread: 0x000002016cb654c0
[0x000002014dff79f0] Heap_lock - owner thread: 0x000002014dffb8d0

Heap address: 0x0000000701400000, size: 4076 MB, Compressed Oops mode: Zero based, Oop shift amount: 3

CDS archive(s) not mapped
Compressed class space mapped at: 0x0000000800000000-0x0000000840000000, reserved size: 1073741824
Narrow klass base: 0x0000000800000000, Narrow klass shift: 0, Narrow klass range: 0x40000000

GC Precious Log:
 CPUs: 8 total, 8 available
 Memory: 16303M
 Large Page Support: Disabled
 NUMA Support: Disabled
 Compressed Oops: Enabled (Zero based)
 Heap Region Size: 2M
 Heap Min Capacity: 8M
 Heap Initial Capacity: 256M
 Heap Max Capacity: 4076M
 Pre-touch: Disabled
 Parallel Workers: 8
 Concurrent Workers: 2
 Concurrent Refinement Workers: 8
 Periodic GC: Disabled

Heap:
 garbage-first heap   total 126976K, used 46852K [0x0000000701400000, 0x0000000800000000)
  region size 2048K, 1 young (2048K), 1 survivors (2048K)
 Metaspace       used 49187K, committed 49472K, reserved 1114112K
  class space    used 5711K, committed 5824K, reserved 1048576K

Heap Regions: E=young(eden), S=young(survivor), O=old, HS=humongous(starts), HC=humongous(continues), CS=collection set, F=free, OA=open archive, CA=closed archive, TAMS=top-at-mark-start (previous, next)
|   0|0x0000000701400000, 0x0000000701600000, 0x0000000701600000|100%|HS|  |TAMS 0x0000000701600000, 0x0000000701400000| Complete 
|   1|0x0000000701600000, 0x0000000701800000, 0x0000000701800000|100%|HC|  |TAMS 0x0000000701800000, 0x0000000701600000| Complete 
|   2|0x0000000701800000, 0x0000000701800000, 0x0000000701a00000|  0%| F|  |TAMS 0x0000000701800000, 0x0000000701800000| Untracked 
|   3|0x0000000701a00000, 0x0000000701c00000, 0x0000000701c00000|100%| O|  |TAMS 0x0000000701c00000, 0x0000000701a00000| Untracked 
|   4|0x0000000701c00000, 0x0000000701e00000, 0x0000000701e00000|100%| O|  |TAMS 0x0000000701e00000, 0x0000000701c00000| Untracked 
|   5|0x0000000701e00000, 0x0000000702000000, 0x0000000702000000|100%|HS|  |TAMS 0x0000000702000000, 0x0000000701e00000| Complete 
|   6|0x0000000702000000, 0x0000000702200000, 0x0000000702200000|100%| O|  |TAMS 0x0000000702200000, 0x0000000702000000| Untracked 
|   7|0x0000000702200000, 0x0000000702400000, 0x0000000702400000|100%| O|  |TAMS 0x0000000702400000, 0x0000000702200000| Untracked 
|   8|0x0000000702400000, 0x0000000702600000, 0x0000000702600000|100%| O|  |TAMS 0x0000000702600000, 0x0000000702400000| Untracked 
|   9|0x0000000702600000, 0x0000000702800000, 0x0000000702800000|100%| O|  |TAMS 0x0000000702800000, 0x0000000702600000| Untracked 
|  10|0x0000000702800000, 0x0000000702a00000, 0x0000000702a00000|100%| O|  |TAMS 0x0000000702a00000, 0x0000000702800000| Untracked 
|  11|0x0000000702a00000, 0x0000000702c00000, 0x0000000702c00000|100%| O|  |TAMS 0x0000000702c00000, 0x0000000702a00000| Untracked 
|  12|0x0000000702c00000, 0x0000000702e00000, 0x0000000702e00000|100%| O|  |TAMS 0x0000000702e00000, 0x0000000702c00000| Untracked 
|  13|0x0000000702e00000, 0x0000000703000000, 0x0000000703000000|100%| O|  |TAMS 0x0000000703000000, 0x0000000702e00000| Untracked 
|  14|0x0000000703000000, 0x0000000703200000, 0x0000000703200000|100%| O|  |TAMS 0x0000000703200000, 0x0000000703000000| Untracked 
|  15|0x0000000703200000, 0x0000000703400000, 0x0000000703400000|100%| O|  |TAMS 0x0000000703400000, 0x0000000703200000| Untracked 
|  16|0x0000000703400000, 0x0000000703600000, 0x0000000703600000|100%| O|  |TAMS 0x0000000703600000, 0x0000000703400000| Untracked 
|  17|0x0000000703600000, 0x0000000703800000, 0x0000000703800000|100%| O|  |TAMS 0x0000000703800000, 0x0000000703600000| Untracked 
|  18|0x0000000703800000, 0x0000000703a00000, 0x0000000703a00000|100%| O|  |TAMS 0x0000000703a00000, 0x0000000703800000| Untracked 
|  19|0x0000000703a00000, 0x0000000703c00000, 0x0000000703c00000|100%| O|  |TAMS 0x0000000703c00000, 0x0000000703a00000| Untracked 
|  20|0x0000000703c00000, 0x0000000703e00000, 0x0000000703e00000|100%| O|  |TAMS 0x0000000703e00000, 0x0000000703c00000| Untracked 
|  21|0x0000000703e00000, 0x0000000704000000, 0x0000000704000000|100%| O|  |TAMS 0x0000000703f7f000, 0x0000000703e00000| Untracked 
|  22|0x0000000704000000, 0x0000000704200000, 0x0000000704200000|100%| O|  |TAMS 0x0000000704000000, 0x0000000704000000| Untracked 
|  23|0x0000000704200000, 0x000000070437e000, 0x0000000704400000| 74%| O|  |TAMS 0x0000000704200000, 0x0000000704200000| Untracked 
|  24|0x0000000704400000, 0x0000000704400000, 0x0000000704600000|  0%| F|  |TAMS 0x0000000704400000, 0x0000000704400000| Untracked 
|  25|0x0000000704600000, 0x0000000704600000, 0x0000000704800000|  0%| F|  |TAMS 0x0000000704600000, 0x0000000704600000| Untracked 
|  26|0x0000000704800000, 0x0000000704800000, 0x0000000704a00000|  0%| F|  |TAMS 0x0000000704800000, 0x0000000704800000| Untracked 
|  27|0x0000000704a00000, 0x0000000704a00000, 0x0000000704c00000|  0%| F|  |TAMS 0x0000000704a00000, 0x0000000704a00000| Untracked 
|  28|0x0000000704c00000, 0x0000000704c00000, 0x0000000704e00000|  0%| F|  |TAMS 0x0000000704c00000, 0x0000000704c00000| Untracked 
|  29|0x0000000704e00000, 0x0000000704e00000, 0x0000000705000000|  0%| F|  |TAMS 0x0000000704e00000, 0x0000000704e00000| Untracked 
|  30|0x0000000705000000, 0x0000000705000000, 0x0000000705200000|  0%| F|  |TAMS 0x0000000705000000, 0x0000000705000000| Untracked 
|  31|0x0000000705200000, 0x0000000705200000, 0x0000000705400000|  0%| F|  |TAMS 0x0000000705200000, 0x0000000705200000| Untracked 
|  32|0x0000000705400000, 0x0000000705400000, 0x0000000705600000|  0%| F|  |TAMS 0x0000000705400000, 0x0000000705400000| Untracked 
|  33|0x0000000705600000, 0x0000000705600000, 0x0000000705800000|  0%| F|  |TAMS 0x0000000705600000, 0x0000000705600000| Untracked 
|  34|0x0000000705800000, 0x0000000705800000, 0x0000000705a00000|  0%| F|  |TAMS 0x0000000705800000, 0x0000000705800000| Untracked 
|  35|0x0000000705a00000, 0x0000000705a00000, 0x0000000705c00000|  0%| F|  |TAMS 0x0000000705a00000, 0x0000000705a00000| Untracked 
|  36|0x0000000705c00000, 0x0000000705c00000, 0x0000000705e00000|  0%| F|  |TAMS 0x0000000705c00000, 0x0000000705c00000| Untracked 
|  37|0x0000000705e00000, 0x0000000705e00000, 0x0000000706000000|  0%| F|  |TAMS 0x0000000705e00000, 0x0000000705e00000| Untracked 
|  38|0x0000000706000000, 0x0000000706000000, 0x0000000706200000|  0%| F|  |TAMS 0x0000000706000000, 0x0000000706000000| Untracked 
|  39|0x0000000706200000, 0x0000000706200000, 0x0000000706400000|  0%| F|  |TAMS 0x0000000706200000, 0x0000000706200000| Untracked 
|  40|0x0000000706400000, 0x0000000706400000, 0x0000000706600000|  0%| F|  |TAMS 0x0000000706400000, 0x0000000706400000| Untracked 
|  41|0x0000000706600000, 0x0000000706600000, 0x0000000706800000|  0%| F|  |TAMS 0x0000000706600000, 0x0000000706600000| Untracked 
|  42|0x0000000706800000, 0x0000000706800000, 0x0000000706a00000|  0%| F|  |TAMS 0x0000000706800000, 0x0000000706800000| Untracked 
|  43|0x0000000706a00000, 0x0000000706a00000, 0x0000000706c00000|  0%| F|  |TAMS 0x0000000706a00000, 0x0000000706a00000| Untracked 
|  44|0x0000000706c00000, 0x0000000706c00000, 0x0000000706e00000|  0%| F|  |TAMS 0x0000000706c00000, 0x0000000706c00000| Untracked 
|  45|0x0000000706e00000, 0x0000000706e00000, 0x0000000707000000|  0%| F|  |TAMS 0x0000000706e00000, 0x0000000706e00000| Untracked 
|  46|0x0000000707000000, 0x0000000707000000, 0x0000000707200000|  0%| F|  |TAMS 0x0000000707000000, 0x0000000707000000| Untracked 
|  47|0x0000000707200000, 0x0000000707200000, 0x0000000707400000|  0%| F|  |TAMS 0x0000000707200000, 0x0000000707200000| Untracked 
|  48|0x0000000707400000, 0x0000000707400000, 0x0000000707600000|  0%| F|  |TAMS 0x0000000707400000, 0x0000000707400000| Untracked 
|  49|0x0000000707600000, 0x0000000707600000, 0x0000000707800000|  0%| F|  |TAMS 0x0000000707600000, 0x0000000707600000| Untracked 
|  50|0x0000000707800000, 0x0000000707800000, 0x0000000707a00000|  0%| F|  |TAMS 0x0000000707800000, 0x0000000707800000| Untracked 
|  51|0x0000000707a00000, 0x0000000707a00000, 0x0000000707c00000|  0%| F|  |TAMS 0x0000000707a00000, 0x0000000707a00000| Untracked 
|  52|0x0000000707c00000, 0x0000000707c00000, 0x0000000707e00000|  0%| F|  |TAMS 0x0000000707c00000, 0x0000000707c00000| Untracked 
|  53|0x0000000707e00000, 0x0000000707e00000, 0x0000000708000000|  0%| F|  |TAMS 0x0000000707e00000, 0x0000000707e00000| Untracked 
|  54|0x0000000708000000, 0x0000000708000000, 0x0000000708200000|  0%| F|  |TAMS 0x0000000708000000, 0x0000000708000000| Untracked 
|  55|0x0000000708200000, 0x0000000708200000, 0x0000000708400000|  0%| F|  |TAMS 0x0000000708200000, 0x0000000708200000| Untracked 
|  56|0x0000000708400000, 0x0000000708400000, 0x0000000708600000|  0%| F|  |TAMS 0x0000000708400000, 0x0000000708400000| Untracked 
|  57|0x0000000708600000, 0x0000000708600000, 0x0000000708800000|  0%| F|  |TAMS 0x0000000708600000, 0x0000000708600000| Untracked 
|  58|0x0000000708800000, 0x0000000708800000, 0x0000000708a00000|  0%| F|  |TAMS 0x0000000708800000, 0x0000000708800000| Untracked 
|  59|0x0000000708a00000, 0x0000000708a00000, 0x0000000708c00000|  0%| F|  |TAMS 0x0000000708a00000, 0x0000000708a00000| Untracked 
|  60|0x0000000708c00000, 0x0000000708c432d8, 0x0000000708e00000| 13%| S|CS|TAMS 0x0000000708c00000, 0x0000000708c00000| Complete 
| 127|0x0000000711200000, 0x0000000711200000, 0x0000000711400000|  0%| F|  |TAMS 0x0000000711200000, 0x0000000711200000| Untracked 

Card table byte_map: [0x0000020160ff0000,0x00000201617f0000] _byte_map_base: 0x000002015d7e6000

Marking Bits (Prev, Next): (CMBitMap*) 0x000002014e065e90, (CMBitMap*) 0x000002014e065e50
 Prev Bits: [0x0000020165fa0000, 0x0000020169f50000)
 Next Bits: [0x0000020161ff0000, 0x0000020165fa0000)

Polling page: 0x000002014bf60000

Metaspace:

Usage:
  Non-class:     42.46 MB used.
      Class:      5.58 MB used.
       Both:     48.04 MB used.

Virtual space:
  Non-class space:       64.00 MB reserved,      42.63 MB ( 67%) committed,  1 nodes.
      Class space:        1.00 GB reserved,       5.69 MB ( <1%) committed,  1 nodes.
             Both:        1.06 GB reserved,      48.31 MB (  4%) committed. 

Chunk freelists:
   Non-Class:  4.80 MB
       Class:  10.29 MB
        Both:  15.08 MB

MaxMetaspaceSize: unlimited
CompressedClassSpaceSize: 1.00 GB
Initial GC threshold: 21.00 MB
Current GC threshold: 76.69 MB
CDS: off
MetaspaceReclaimPolicy: balanced
 - commit_granule_bytes: 65536.
 - commit_granule_words: 8192.
 - virtual_space_node_default_size: 8388608.
 - enlarge_chunks_in_place: 1.
 - new_chunks_are_fully_committed: 0.
 - uncommit_free_chunks: 1.
 - use_allocation_guard: 0.
 - handle_deallocations: 1.


Internal statistics:

num_allocs_failed_limit: 6.
num_arena_births: 208.
num_arena_deaths: 0.
num_vsnodes_births: 2.
num_vsnodes_deaths: 0.
num_space_committed: 771.
num_space_uncommitted: 0.
num_chunks_returned_to_freelist: 6.
num_chunks_taken_from_freelist: 1660.
num_chunk_merges: 6.
num_chunk_splits: 1354.
num_chunks_enlarged: 1208.
num_inconsistent_stats: 0.

CodeHeap 'non-profiled nmethods': size=120000Kb used=2746Kb max_used=2783Kb free=117253Kb
 bounds [0x0000020158f90000, 0x0000020159270000, 0x00000201604c0000]
CodeHeap 'profiled nmethods': size=120000Kb used=12009Kb max_used=13110Kb free=107990Kb
 bounds [0x00000201514c0000, 0x00000201521a0000, 0x00000201589f0000]
CodeHeap 'non-nmethods': size=5760Kb used=1282Kb max_used=1390Kb free=4477Kb
 bounds [0x00000201589f0000, 0x0000020158c60000, 0x0000020158f90000]
 total_blobs=5615 nmethods=5023 adapters=503
 compilation: enabled
              stopped_count=0, restarted_count=0
 full_count=0

Compilation events (20 events):
Event: 3.269 Thread 0x000002016cbbd790 nmethod 5850 0x0000020151a25a90 code [0x0000020151a25c20, 0x0000020151a25da8]
Event: 3.270 Thread 0x000002016cbbd790 5851       2       org.jetbrains.kotlin.com.intellij.psi.search.GlobalSearchScope$NotScope::contains (25 bytes)
Event: 3.270 Thread 0x000002016cbbd790 nmethod 5851 0x0000020151a76c10 code [0x0000020151a76dc0, 0x0000020151a76f38]
Event: 3.274 Thread 0x000002016cbbd790 5853       2       java.lang.ThreadLocal::get (38 bytes)
Event: 3.274 Thread 0x000002016cbbd790 nmethod 5853 0x0000020151a76710 code [0x0000020151a768c0, 0x0000020151a76a78]
Event: 3.275 Thread 0x000002016cbbd790 5854       2       org.jetbrains.kotlin.com.intellij.psi.search.GlobalSearchScope$FilesScope::getFiles (13 bytes)
Event: 3.275 Thread 0x000002016cbbd790 nmethod 5854 0x0000020151a76390 code [0x0000020151a76520, 0x0000020151a76668]
Event: 3.275 Thread 0x000002016cbbd790 5855       2       org.jetbrains.kotlin.com.intellij.psi.search.GlobalSearchScope$FilesScope::contains (6 bytes)
Event: 3.275 Thread 0x000002016cbbd790 nmethod 5855 0x0000020151a75e90 code [0x0000020151a76040, 0x0000020151a76228]
Event: 3.275 Thread 0x000002016cbbd790 5856       2       org.jetbrains.kotlin.com.intellij.psi.search.GlobalSearchScope$AbstractFilesScope::contains (19 bytes)
Event: 3.275 Thread 0x000002016cbbd790 nmethod 5856 0x0000020151bf1e90 code [0x0000020151bf2040, 0x0000020151bf2208]
Event: 3.275 Thread 0x000002016cbbd790 5857       2       org.jetbrains.kotlin.com.intellij.openapi.vfs.CompactVirtualFileSet::contains (61 bytes)
Event: 3.275 Thread 0x000002016cbbd790 nmethod 5857 0x0000020151bf1810 code [0x0000020151bf1a00, 0x0000020151bf1cf8]
Event: 3.275 Thread 0x000002016cbbd790 5858       2       org.jetbrains.kotlin.cli.jvm.compiler.TopDownAnalyzerFacadeForJVM$AllJavaSourcesInProjectScope::contains (41 bytes)
Event: 3.276 Thread 0x000002016cbbd790 nmethod 5858 0x0000020151656010 code [0x0000020151656260, 0x0000020151656718]
Event: 3.276 Thread 0x000002016cbbd790 5860       2       org.jetbrains.kotlin.protobuf.CodedInputStream::<init> (69 bytes)
Event: 3.276 Thread 0x000002016cbbd790 nmethod 5860 0x0000020151bf1210 code [0x0000020151bf13a0, 0x0000020151bf1678]
Event: 3.276 Thread 0x000002016cbbd790 5859       2       org.jetbrains.kotlin.cli.jvm.compiler.KotlinToJVMBytecodeCompiler$DirectoriesScope::contains (55 bytes)
Event: 3.276 Thread 0x000002016cbbd790 nmethod 5859 0x0000020151874a10 code [0x0000020151874c40, 0x0000020151875098]
Event: 3.276 Thread 0x000002016cbbd790 5861   !   2       org.jetbrains.kotlin.metadata.jvm.JvmProtoBuf$StringTableTypes::<init> (495 bytes)

GC Heap History (20 events):
Event: 1.149 GC heap after
{Heap after GC invocations=7 (full 0):
 garbage-first heap   total 36864K, used 16566K [0x0000000701400000, 0x0000000800000000)
  region size 2048K, 1 young (2048K), 1 survivors (2048K)
 Metaspace       used 29337K, committed 29504K, reserved 1114112K
  class space    used 3719K, committed 3776K, reserved 1048576K
}
Event: 1.254 GC heap before
{Heap before GC invocations=7 (full 0):
 garbage-first heap   total 36864K, used 24758K [0x0000000701400000, 0x0000000800000000)
  region size 2048K, 5 young (10240K), 1 survivors (2048K)
 Metaspace       used 30961K, committed 31232K, reserved 1114112K
  class space    used 3902K, committed 4032K, reserved 1048576K
}
Event: 1.257 GC heap after
{Heap after GC invocations=8 (full 0):
 garbage-first heap   total 149504K, used 17722K [0x0000000701400000, 0x0000000800000000)
  region size 2048K, 1 young (2048K), 1 survivors (2048K)
 Metaspace       used 30961K, committed 31232K, reserved 1114112K
  class space    used 3902K, committed 4032K, reserved 1048576K
}
Event: 1.453 GC heap before
{Heap before GC invocations=8 (full 0):
 garbage-first heap   total 149504K, used 40250K [0x0000000701400000, 0x0000000800000000)
  region size 2048K, 13 young (26624K), 1 survivors (2048K)
 Metaspace       used 35781K, committed 35968K, reserved 1114112K
  class space    used 4331K, committed 4416K, reserved 1048576K
}
Event: 1.456 GC heap after
{Heap after GC invocations=9 (full 0):
 garbage-first heap   total 149504K, used 19364K [0x0000000701400000, 0x0000000800000000)
  region size 2048K, 2 young (4096K), 2 survivors (4096K)
 Metaspace       used 35781K, committed 35968K, reserved 1114112K
  class space    used 4331K, committed 4416K, reserved 1048576K
}
Event: 2.037 GC heap before
{Heap before GC invocations=10 (full 0):
 garbage-first heap   total 81920K, used 66468K [0x0000000701400000, 0x0000000800000000)
  region size 2048K, 24 young (49152K), 2 survivors (4096K)
 Metaspace       used 43006K, committed 43200K, reserved 1114112K
  class space    used 5155K, committed 5248K, reserved 1048576K
}
Event: 2.048 GC heap after
{Heap after GC invocations=11 (full 0):
 garbage-first heap   total 81920K, used 28750K [0x0000000701400000, 0x0000000800000000)
  region size 2048K, 3 young (6144K), 3 survivors (6144K)
 Metaspace       used 43006K, committed 43200K, reserved 1114112K
  class space    used 5155K, committed 5248K, reserved 1048576K
}
Event: 2.321 GC heap before
{Heap before GC invocations=11 (full 0):
 garbage-first heap   total 81920K, used 55374K [0x0000000701400000, 0x0000000800000000)
  region size 2048K, 16 young (32768K), 3 survivors (6144K)
 Metaspace       used 44635K, committed 44928K, reserved 1114112K
  class space    used 5327K, committed 5440K, reserved 1048576K
}
Event: 2.328 GC heap after
{Heap after GC invocations=12 (full 0):
 garbage-first heap   total 81920K, used 31157K [0x0000000701400000, 0x0000000800000000)
  region size 2048K, 2 young (4096K), 2 survivors (4096K)
 Metaspace       used 44635K, committed 44928K, reserved 1114112K
  class space    used 5327K, committed 5440K, reserved 1048576K
}
Event: 2.694 GC heap before
{Heap before GC invocations=12 (full 0):
 garbage-first heap   total 81920K, used 55733K [0x0000000701400000, 0x0000000800000000)
  region size 2048K, 14 young (28672K), 2 survivors (4096K)
 Metaspace       used 46055K, committed 46272K, reserved 1114112K
  class space    used 5381K, committed 5504K, reserved 1048576K
}
Event: 2.703 GC heap after
{Heap after GC invocations=13 (full 0):
 garbage-first heap   total 98304K, used 36389K [0x0000000701400000, 0x0000000800000000)
  region size 2048K, 2 young (4096K), 2 survivors (4096K)
 Metaspace       used 46055K, committed 46272K, reserved 1114112K
  class space    used 5381K, committed 5504K, reserved 1048576K
}
Event: 2.941 GC heap before
{Heap before GC invocations=13 (full 0):
 garbage-first heap   total 98304K, used 67109K [0x0000000701400000, 0x0000000800000000)
  region size 2048K, 17 young (34816K), 2 survivors (4096K)
 Metaspace       used 46566K, committed 46784K, reserved 1114112K
  class space    used 5406K, committed 5504K, reserved 1048576K
}
Event: 2.953 GC heap after
{Heap after GC invocations=14 (full 0):
 garbage-first heap   total 98304K, used 42843K [0x0000000701400000, 0x0000000800000000)
  region size 2048K, 3 young (6144K), 3 survivors (6144K)
 Metaspace       used 46566K, committed 46784K, reserved 1114112K
  class space    used 5406K, committed 5504K, reserved 1048576K
}
Event: 3.050 GC heap before
{Heap before GC invocations=14 (full 0):
 garbage-first heap   total 98304K, used 71515K [0x0000000701400000, 0x0000000800000000)
  region size 2048K, 17 young (34816K), 3 survivors (6144K)
 Metaspace       used 46850K, committed 47040K, reserved 1114112K
  class space    used 5428K, committed 5504K, reserved 1048576K
}
Event: 3.060 GC heap after
{Heap after GC invocations=15 (full 0):
 garbage-first heap   total 98304K, used 45731K [0x0000000701400000, 0x0000000800000000)
  region size 2048K, 2 young (4096K), 2 survivors (4096K)
 Metaspace       used 46850K, committed 47040K, reserved 1114112K
  class space    used 5428K, committed 5504K, reserved 1048576K
}
Event: 3.095 GC heap before
{Heap before GC invocations=15 (full 0):
 garbage-first heap   total 98304K, used 72355K [0x0000000701400000, 0x0000000800000000)
  region size 2048K, 15 young (30720K), 2 survivors (4096K)
 Metaspace       used 46852K, committed 47040K, reserved 1114112K
  class space    used 5428K, committed 5504K, reserved 1048576K
}
Event: 3.097 GC heap after
{Heap after GC invocations=16 (full 0):
 garbage-first heap   total 98304K, used 46331K [0x0000000701400000, 0x0000000800000000)
  region size 2048K, 1 young (2048K), 1 survivors (2048K)
 Metaspace       used 46852K, committed 47040K, reserved 1114112K
  class space    used 5428K, committed 5504K, reserved 1048576K
}
Event: 3.270 GC heap before
{Heap before GC invocations=17 (full 0):
 garbage-first heap   total 110592K, used 72955K [0x0000000701400000, 0x0000000800000000)
  region size 2048K, 14 young (28672K), 1 survivors (2048K)
 Metaspace       used 49178K, committed 49408K, reserved 1114112K
  class space    used 5711K, committed 5824K, reserved 1048576K
}
Event: 3.274 GC heap after
{Heap after GC invocations=18 (full 0):
 garbage-first heap   total 110592K, used 46886K [0x0000000701400000, 0x0000000800000000)
  region size 2048K, 1 young (2048K), 1 survivors (2048K)
 Metaspace       used 49178K, committed 49408K, reserved 1114112K
  class space    used 5711K, committed 5824K, reserved 1048576K
}
Event: 3.278 GC heap before
{Heap before GC invocations=18 (full 0):
 garbage-first heap   total 110592K, used 48934K [0x0000000701400000, 0x0000000800000000)
  region size 2048K, 2 young (4096K), 1 survivors (2048K)
 Metaspace       used 49187K, committed 49472K, reserved 1114112K
  class space    used 5711K, committed 5824K, reserved 1048576K
}

Dll operation events (2 events):
Event: 0.003 Loaded shared library C:\Program Files\Android\Android Studio\jbr\bin\java.dll
Event: 0.515 Loaded shared library C:\Program Files\Android\Android Studio\jbr\bin\verify.dll

Deoptimization events (20 events):
Event: 3.254 Thread 0x000002014dffb8d0 Uncommon trap: trap_request=0xffffffc6 fr.pc=0x00000201591f10ac relative=0x000000000000256c
Event: 3.254 Thread 0x000002014dffb8d0 Uncommon trap: reason=bimorphic_or_optimized_type_check action=maybe_recompile pc=0x00000201591f10ac method=kotlin.collections.CollectionsKt__MutableCollectionsKt.addAll(Ljava/util/Collection;Ljava/lang/Iterable;)Z @ 24 c2
Event: 3.254 Thread 0x000002014dffb8d0 DEOPT PACKING pc=0x00000201591f10ac sp=0x000000d9ff2fb580
Event: 3.254 Thread 0x000002014dffb8d0 DEOPT UNPACKING pc=0x0000020158a469a3 sp=0x000000d9ff2fb580 mode 2
Event: 3.254 Thread 0x000002014dffb8d0 Uncommon trap: trap_request=0xffffffc6 fr.pc=0x00000201591f10ac relative=0x000000000000256c
Event: 3.254 Thread 0x000002014dffb8d0 Uncommon trap: reason=bimorphic_or_optimized_type_check action=maybe_recompile pc=0x00000201591f10ac method=kotlin.collections.CollectionsKt__MutableCollectionsKt.addAll(Ljava/util/Collection;Ljava/lang/Iterable;)Z @ 24 c2
Event: 3.254 Thread 0x000002014dffb8d0 DEOPT PACKING pc=0x00000201591f10ac sp=0x000000d9ff2fb580
Event: 3.254 Thread 0x000002014dffb8d0 DEOPT UNPACKING pc=0x0000020158a469a3 sp=0x000000d9ff2fb580 mode 2
Event: 3.254 Thread 0x000002014dffb8d0 Uncommon trap: trap_request=0xffffffc6 fr.pc=0x00000201591f10ac relative=0x000000000000256c
Event: 3.254 Thread 0x000002014dffb8d0 Uncommon trap: reason=bimorphic_or_optimized_type_check action=maybe_recompile pc=0x00000201591f10ac method=kotlin.collections.CollectionsKt__MutableCollectionsKt.addAll(Ljava/util/Collection;Ljava/lang/Iterable;)Z @ 24 c2
Event: 3.254 Thread 0x000002014dffb8d0 DEOPT PACKING pc=0x00000201591f10ac sp=0x000000d9ff2fb580
Event: 3.254 Thread 0x000002014dffb8d0 DEOPT UNPACKING pc=0x0000020158a469a3 sp=0x000000d9ff2fb580 mode 2
Event: 3.256 Thread 0x000002014dffb8d0 Uncommon trap: trap_request=0xffffff45 fr.pc=0x00000201591cfc28 relative=0x0000000000000de8
Event: 3.256 Thread 0x000002014dffb8d0 Uncommon trap: reason=unstable_if action=reinterpret pc=0x00000201591cfc28 method=gnu.trove.TObjectHash.index(Ljava/lang/Object;)I @ 9 c2
Event: 3.256 Thread 0x000002014dffb8d0 DEOPT PACKING pc=0x00000201591cfc28 sp=0x000000d9ff2fb7e0
Event: 3.256 Thread 0x000002014dffb8d0 DEOPT UNPACKING pc=0x0000020158a469a3 sp=0x000000d9ff2fb768 mode 2
Event: 3.258 Thread 0x000002014dffb8d0 Uncommon trap: trap_request=0xffffff45 fr.pc=0x00000201591ffbfc relative=0x00000000000016dc
Event: 3.258 Thread 0x000002014dffb8d0 Uncommon trap: reason=unstable_if action=reinterpret pc=0x00000201591ffbfc method=gnu.trove.TObjectHash.insertionIndex(Ljava/lang/Object;)I @ 182 c2
Event: 3.258 Thread 0x000002014dffb8d0 DEOPT PACKING pc=0x00000201591ffbfc sp=0x000000d9ff2fb400
Event: 3.258 Thread 0x000002014dffb8d0 DEOPT UNPACKING pc=0x0000020158a469a3 sp=0x000000d9ff2fb3a8 mode 2

Classes unloaded (0 events):
No events

Classes redefined (0 events):
No events

Internal exceptions (20 events):
Event: 0.431 Thread 0x000002014dffb8d0 Exception <a 'java/lang/NoSuchMethodError'{0x0000000710d5bc40}: 'void java.lang.invoke.DirectMethodHandle$Holder.invokeSpecial(java.lang.Object, java.lang.Object, java.lang.Object)'> (0x0000000710d5bc40) 
thrown [s\src\hotspot\share\interpreter\linkResolver.cpp, line 771]
Event: 0.466 Thread 0x000002014dffb8d0 Exception <a 'java/lang/NoSuchMethodError'{0x0000000710882628}: 'void java.lang.invoke.DirectMethodHandle$Holder.invokeStatic(java.lang.Object, java.lang.Object, java.lang.Object, java.lang.Object)'> (0x0000000710882628) 
thrown [s\src\hotspot\share\interpreter\linkResolver.cpp, line 771]
Event: 0.499 Thread 0x000002014dffb8d0 Exception <a 'java/lang/NoSuchMethodError'{0x0000000710448868}: 'void java.lang.invoke.DirectMethodHandle$Holder.invokeStaticInit(java.lang.Object, java.lang.Object)'> (0x0000000710448868) 
thrown [s\src\hotspot\share\interpreter\linkResolver.cpp, line 771]
Event: 0.546 Thread 0x000002014dffb8d0 Exception <a 'java/lang/NoSuchMethodError'{0x0000000710108650}: 'void java.lang.invoke.DirectMethodHandle$Holder.invokeVirtual(java.lang.Object, java.lang.Object)'> (0x0000000710108650) 
thrown [s\src\hotspot\share\interpreter\linkResolver.cpp, line 771]
Event: 0.552 Thread 0x000002014dffb8d0 Exception <a 'java/lang/NoSuchMethodError'{0x0000000710183c70}: 'int java.lang.invoke.DirectMethodHandle$Holder.invokeVirtual(java.lang.Object, java.lang.Object)'> (0x0000000710183c70) 
thrown [s\src\hotspot\share\interpreter\linkResolver.cpp, line 771]
Event: 0.562 Thread 0x000002014dffb8d0 Exception <a 'java/lang/NoSuchMethodError'{0x000000070fe3f0e8}: 'java.lang.Object java.lang.invoke.Invokers$Holder.invokeExact_MT(java.lang.Object, java.lang.Object, java.lang.Object, java.lang.Object, java.lang.Object, java.lang.Object)'> (0x000000070fe3f0e8) 
thrown [s\src\hotspot\share\interpreter\linkResolver.cpp, line 771]
Event: 0.889 Thread 0x000002014dffb8d0 Implicit null exception at 0x0000020158fb3c72 to 0x0000020158fb42ac
Event: 0.987 Thread 0x000002014dffb8d0 Implicit null exception at 0x0000020158fbb372 to 0x0000020158fbb9cc
Event: 1.046 Thread 0x000002014dffb8d0 Exception <a 'java/lang/NoSuchMethodError'{0x0000000702f83bf0}: 'java.lang.Object java.lang.invoke.DirectMethodHandle$Holder.invokeVirtual(java.lang.Object, java.lang.Object, java.lang.Object)'> (0x0000000702f83bf0) 
thrown [s\src\hotspot\share\interpreter\linkResolver.cpp, line 771]
Event: 1.523 Thread 0x000002014dffb8d0 Exception <a 'java/lang/NoSuchMethodError'{0x0000000705a61058}: 'java.lang.Object java.lang.invoke.DirectMethodHandle$Holder.newInvokeSpecial(java.lang.Object, java.lang.Object, int)'> (0x0000000705a61058) 
thrown [s\src\hotspot\share\interpreter\linkResolver.cpp, line 771]
Event: 1.590 Thread 0x000002014dffb8d0 Exception <a 'java/lang/NoSuchMethodError'{0x0000000705613730}: 'java.lang.Object java.lang.invoke.DirectMethodHandle$Holder.newInvokeSpecial(java.lang.Object, java.lang.Object, java.lang.Object, int)'> (0x0000000705613730) 
thrown [s\src\hotspot\share\interpreter\linkResolver.cpp, line 771]
Event: 1.591 Thread 0x000002014dffb8d0 Exception <a 'java/lang/NoSuchMethodError'{0x0000000705617db8}: 'java.lang.Object java.lang.invoke.DirectMethodHandle$Holder.invokeSpecial(java.lang.Object, java.lang.Object, java.lang.Object, java.lang.Object, int)'> (0x0000000705617db8) 
thrown [s\src\hotspot\share\interpreter\linkResolver.cpp, line 771]
Event: 1.591 Thread 0x000002014dffb8d0 Exception <a 'java/lang/NoSuchMethodError'{0x000000070561bc28}: 'java.lang.Object java.lang.invoke.Invokers$Holder.linkToTargetMethod(java.lang.Object, java.lang.Object, int, java.lang.Object)'> (0x000000070561bc28) 
thrown [s\src\hotspot\share\interpreter\linkResolver.cpp, line 771]
Event: 2.264 Thread 0x000002014dffb8d0 Exception <a 'java/lang/NoSuchMethodError'{0x0000000704d7b400}: 'java.lang.Object java.lang.invoke.DirectMethodHandle$Holder.newInvokeSpecial(java.lang.Object, int, java.lang.Object)'> (0x0000000704d7b400) 
thrown [s\src\hotspot\share\interpreter\linkResolver.cpp, line 771]
Event: 2.264 Thread 0x000002014dffb8d0 Exception <a 'java/lang/NoSuchMethodError'{0x0000000704d81a88}: 'int java.lang.invoke.DirectMethodHandle$Holder.invokeInterface(java.lang.Object, java.lang.Object)'> (0x0000000704d81a88) 
thrown [s\src\hotspot\share\interpreter\linkResolver.cpp, line 771]
Event: 2.392 Thread 0x000002014dffb8d0 Exception <a 'java/lang/NoSuchMethodError'{0x0000000708c233e0}: 'java.lang.Object java.lang.invoke.DirectMethodHandle$Holder.newInvokeSpecial(java.lang.Object, java.lang.Object, java.lang.Object, java.lang.Object, java.lang.Object, java.lang.Object)'> (0x0000000708c233e0) 
thrown [s\src\hotspot\share\interpreter\linkResolver.cpp, line 771]
Event: 2.732 Thread 0x000002014dffb8d0 Implicit null exception at 0x000002015904e290 to 0x000002015904e66c
Event: 2.732 Thread 0x000002014dffb8d0 Implicit null exception at 0x000002015907e50f to 0x000002015907e589
Event: 3.139 Thread 0x000002014dffb8d0 Exception <a 'java/lang/NoSuchMethodError'{0x00000007066cc0c8}: 'java.lang.Object java.lang.invoke.DirectMethodHandle$Holder.newInvokeSpecial(java.lang.Object, java.lang.Object, java.lang.Object, java.lang.Object, java.lang.Object)'> (0x00000007066cc0c8) 
thrown [s\src\hotspot\share\interpreter\linkResolver.cpp, line 771]
Event: 3.192 Thread 0x000002014dffb8d0 Implicit null exception at 0x0000020159032a20 to 0x0000020159032fb4

VM Operations (20 events):
Event: 3.019 Executing VM operation: HandshakeAllThreads done
Event: 3.050 Executing VM operation: G1CollectForAllocation
Event: 3.060 Executing VM operation: G1CollectForAllocation done
Event: 3.095 Executing VM operation: G1CollectForAllocation
Event: 3.097 Executing VM operation: G1CollectForAllocation done
Event: 3.125 Executing VM operation: G1Concurrent
Event: 3.128 Executing VM operation: G1Concurrent done
Event: 3.136 Executing VM operation: HandshakeAllThreads
Event: 3.136 Executing VM operation: HandshakeAllThreads done
Event: 3.145 Executing VM operation: G1Concurrent
Event: 3.145 Executing VM operation: G1Concurrent done
Event: 3.160 Executing VM operation: HandshakeAllThreads
Event: 3.160 Executing VM operation: HandshakeAllThreads done
Event: 3.191 Executing VM operation: HandshakeAllThreads
Event: 3.191 Executing VM operation: HandshakeAllThreads done
Event: 3.211 Executing VM operation: HandshakeAllThreads
Event: 3.211 Executing VM operation: HandshakeAllThreads done
Event: 3.270 Executing VM operation: G1CollectForAllocation
Event: 3.274 Executing VM operation: G1CollectForAllocation done
Event: 3.277 Executing VM operation: G1CollectForAllocation

Events (20 events):
Event: 2.870 Thread 0x000002016cbcb400 flushing nmethod 0x0000020151d7de10
Event: 2.870 Thread 0x000002016cbcb400 flushing nmethod 0x0000020151d7e790
Event: 2.870 Thread 0x000002016cbcb400 flushing nmethod 0x0000020151d81190
Event: 2.870 Thread 0x000002016cbcb400 flushing nmethod 0x0000020151d88b90
Event: 2.870 Thread 0x000002016cbcb400 flushing nmethod 0x0000020151d97e90
Event: 2.870 Thread 0x000002016cbcb400 flushing nmethod 0x0000020151d9dd90
Event: 2.870 Thread 0x000002016cbcb400 flushing nmethod 0x0000020151de1110
Event: 2.870 Thread 0x000002016cbcb400 flushing nmethod 0x0000020151dfc790
Event: 2.870 Thread 0x000002016cbcb400 flushing nmethod 0x0000020151e0a910
Event: 2.870 Thread 0x000002016cbcb400 flushing nmethod 0x0000020151e1ff90
Event: 2.870 Thread 0x000002016cbcb400 flushing nmethod 0x0000020151e47910
Event: 2.871 Thread 0x000002016cbcb400 flushing nmethod 0x0000020151e68d10
Event: 2.871 Thread 0x000002016cbcb400 flushing nmethod 0x0000020151e7c390
Event: 2.871 Thread 0x000002016cbcb400 flushing nmethod 0x0000020151e8de10
Event: 2.871 Thread 0x000002016cbcb400 flushing nmethod 0x0000020151eaca10
Event: 2.871 Thread 0x000002016cbcb400 flushing nmethod 0x0000020151f2bf90
Event: 2.871 Thread 0x000002016cbcb400 flushing nmethod 0x0000020151f3fe10
Event: 2.871 Thread 0x000002016cbcb400 flushing nmethod 0x0000020152049390
Event: 2.871 Thread 0x000002016cbcb400 flushing nmethod 0x000002015205d210
Event: 2.871 Thread 0x000002016cbcb400 flushing nmethod 0x0000020152077c90


Dynamic libraries:
0x00007ff60a610000 - 0x00007ff60a61a000 	C:\Program Files\Android\Android Studio\jbr\bin\java.exe
0x00007fff46490000 - 0x00007fff4667e000 	C:\Windows\SYSTEM32\ntdll.dll
0x00007fff43d70000 - 0x00007fff43e23000 	C:\Windows\System32\KERNEL32.DLL
0x00007fff424e0000 - 0x00007fff4277d000 	C:\Windows\System32\KERNELBASE.dll
0x00007fff42ae0000 - 0x00007fff42bda000 	C:\Windows\System32\ucrtbase.dll
0x00007fff346a0000 - 0x00007fff346b7000 	C:\Program Files\Android\Android Studio\jbr\bin\jli.dll
0x00007fff400e0000 - 0x00007fff400fb000 	C:\Program Files\Android\Android Studio\jbr\bin\VCRUNTIME140.dll
0x00007fff44350000 - 0x00007fff444e7000 	C:\Windows\System32\USER32.dll
0x00007fff22e50000 - 0x00007fff230c9000 	C:\Windows\WinSxS\amd64_microsoft.windows.common-controls_6595b64144ccf1df_6.0.17763.5696_none_de7663245346b1ca\COMCTL32.dll
0x00007fff42f10000 - 0x00007fff42f30000 	C:\Windows\System32\win32u.dll
0x00007fff44d50000 - 0x00007fff44dee000 	C:\Windows\System32\msvcrt.dll
0x00007fff44e40000 - 0x00007fff44e69000 	C:\Windows\System32\GDI32.dll
0x00007fff44a20000 - 0x00007fff44d4b000 	C:\Windows\System32\combase.dll
0x00007fff42be0000 - 0x00007fff42d8a000 	C:\Windows\System32\gdi32full.dll
0x00007fff44900000 - 0x00007fff44a18000 	C:\Windows\System32\RPCRT4.dll
0x00007fff42d90000 - 0x00007fff42e30000 	C:\Windows\System32\msvcp_win.dll
0x00007fff42e30000 - 0x00007fff42eb2000 	C:\Windows\System32\bcryptPrimitives.dll
0x00007fff44e10000 - 0x00007fff44e3e000 	C:\Windows\System32\IMM32.DLL
0x00007fff3eda0000 - 0x00007fff3edac000 	C:\Program Files\Android\Android Studio\jbr\bin\vcruntime140_1.dll
0x00007fff3b8b0000 - 0x00007fff3b93d000 	C:\Program Files\Android\Android Studio\jbr\bin\msvcp140.dll
0x00007ffefff00000 - 0x00007fff00b80000 	C:\Program Files\Android\Android Studio\jbr\bin\server\jvm.dll
0x00007fff43bb0000 - 0x00007fff43c58000 	C:\Windows\System32\ADVAPI32.dll
0x00007fff43680000 - 0x00007fff43722000 	C:\Windows\System32\sechost.dll
0x00007fff42ec0000 - 0x00007fff42ee6000 	C:\Windows\System32\bcrypt.dll
0x00007fff40000000 - 0x00007fff40024000 	C:\Windows\SYSTEM32\WINMM.dll
0x00007fff2d3f0000 - 0x00007fff2d3f9000 	C:\Windows\SYSTEM32\WSOCK32.dll
0x00007fff3c680000 - 0x00007fff3c68a000 	C:\Windows\SYSTEM32\VERSION.dll
0x00007fff44550000 - 0x00007fff445bd000 	C:\Windows\System32\WS2_32.dll
0x00007fff3ffd0000 - 0x00007fff3fffd000 	C:\Windows\SYSTEM32\winmmbase.dll
0x00007fff42a30000 - 0x00007fff42a7a000 	C:\Windows\System32\cfgmgr32.dll
0x00007fff42410000 - 0x00007fff42421000 	C:\Windows\System32\kernel.appcore.dll
0x00007fff3f9f0000 - 0x00007fff3f9fa000 	C:\Program Files\Android\Android Studio\jbr\bin\jimage.dll
0x00007fff2d4c0000 - 0x00007fff2d6ad000 	C:\Windows\SYSTEM32\DBGHELP.DLL
0x00007fff2cae0000 - 0x00007fff2cb0a000 	C:\Windows\SYSTEM32\dbgcore.DLL
0x00007fff3b570000 - 0x00007fff3b595000 	C:\Program Files\Android\Android Studio\jbr\bin\java.dll
0x00007fff3ed20000 - 0x00007fff3ed38000 	C:\Program Files\Android\Android Studio\jbr\bin\zip.dll
0x00007fff44f30000 - 0x00007fff46428000 	C:\Windows\System32\SHELL32.dll
0x00007fff44000000 - 0x00007fff440a7000 	C:\Windows\System32\shcore.dll
0x00007fff42f30000 - 0x00007fff43677000 	C:\Windows\System32\windows.storage.dll
0x00007fff42450000 - 0x00007fff42473000 	C:\Windows\System32\profapi.dll
0x00007fff42480000 - 0x00007fff424dd000 	C:\Windows\System32\powrprof.dll
0x00007fff44e70000 - 0x00007fff44ec2000 	C:\Windows\System32\shlwapi.dll
0x00007fff42ef0000 - 0x00007fff42f0b000 	C:\Windows\System32\cryptsp.dll
0x00007fff3e8e0000 - 0x00007fff3e8f9000 	C:\Program Files\Android\Android Studio\jbr\bin\net.dll
0x00007fff3ded0000 - 0x00007fff3dfcd000 	C:\Windows\SYSTEM32\WINHTTP.dll
0x00007fff41c60000 - 0x00007fff41cc7000 	C:\Windows\system32\mswsock.dll
0x00007fff3e8a0000 - 0x00007fff3e8b6000 	C:\Program Files\Android\Android Studio\jbr\bin\nio.dll
0x00007fff3e860000 - 0x00007fff3e870000 	C:\Program Files\Android\Android Studio\jbr\bin\verify.dll

dbghelp: loaded successfully - version: 4.0.5 - missing functions: none
symbol engine: initialized successfully - sym options: 0x614 - pdb path: .;C:\Program Files\Android\Android Studio\jbr\bin;C:\Windows\SYSTEM32;C:\Windows\WinSxS\amd64_microsoft.windows.common-controls_6595b64144ccf1df_6.0.17763.5696_none_de7663245346b1ca;C:\Program Files\Android\Android Studio\jbr\bin\server

VM Arguments:
java_command: org.jetbrains.kotlin.cli.jvm.K2JVMCompiler @C:\User\pr111rybakov\AndroidStudioProjects\UmnuiDomikYoYoYo\app\build\20241121_11928260183144006904.compiler.options
java_class_path (initial): C:\User\pr111rybakov\.gradle\caches\modules-2\files-2.1\org.jetbrains.kotlin\kotlin-compiler-embeddable\1.9.22\9cd4dc7773cf2a99ecd961a88fbbc9a2da3fb5e1\kotlin-compiler-embeddable-1.9.22.jar;C:\User\pr111rybakov\.gradle\caches\modules-2\files-2.1\org.jetbrains.kotlin\kotlin-stdlib\1.9.22\d6c44cd08d8f3f9bece8101216dbe6553365c6e3\kotlin-stdlib-1.9.22.jar;C:\User\pr111rybakov\.gradle\caches\modules-2\files-2.1\org.jetbrains.kotlin\kotlin-script-runtime\1.9.22\f8139a46fc677ec9badc49ae954392f4f5e7e7c7\kotlin-script-runtime-1.9.22.jar;C:\User\pr111rybakov\.gradle\caches\modules-2\files-2.1\org.jetbrains.kotlin\kotlin-reflect\1.6.10\1cbe9c92c12a94eea200d23c2bbaedaf3daf5132\kotlin-reflect-1.6.10.jar;C:\User\pr111rybakov\.gradle\caches\modules-2\files-2.1\org.jetbrains.kotlin\kotlin-daemon-embeddable\1.9.22\20e2c5df715f3240c765cfc222530e2796542021\kotlin-daemon-embeddable-1.9.22.jar;C:\User\pr111rybakov\.gradle\caches\modules-2\files-2.1\org.jetbrains.intellij.deps\trove4j\1.0.20200330\3afb14d5f9ceb459d724e907a21145e8ff394f02\trove4j-1.0.20200330.jar;C:\User\pr111rybakov\.gradle\caches\modules-2\files-2.1\org.jetbrains\annotations\13.0\919f0dfe192fb4e063e7dacadee7f8bb9a2672a9\annotations-13.0.jar
Launcher Type: SUN_STANDARD

[Global flags]
     intx CICompilerCount                          = 4                                         {product} {ergonomic}
     uint ConcGCThreads                            = 2                                         {product} {ergonomic}
     uint G1ConcRefinementThreads                  = 8                                         {product} {ergonomic}
   size_t G1HeapRegionSize                         = 2097152                                   {product} {ergonomic}
    uintx GCDrainStackTargetSize                   = 64                                        {product} {ergonomic}
   size_t InitialHeapSize                          = 268435456                                 {product} {ergonomic}
   size_t MarkStackSize                            = 4194304                                   {product} {ergonomic}
   size_t MaxHeapSize                              = 4273995776                                {product} {ergonomic}
   size_t MaxNewSize                               = 2562719744                                {product} {ergonomic}
   size_t MinHeapDeltaBytes                        = 2097152                                   {product} {ergonomic}
   size_t MinHeapSize                              = 8388608                                   {product} {ergonomic}
    uintx NonNMethodCodeHeapSize                   = 5839372                                {pd product} {ergonomic}
    uintx NonProfiledCodeHeapSize                  = 122909434                              {pd product} {ergonomic}
    uintx ProfiledCodeHeapSize                     = 122909434                              {pd product} {ergonomic}
    uintx ReservedCodeCacheSize                    = 251658240                              {pd product} {ergonomic}
     bool SegmentedCodeCache                       = true                                      {product} {ergonomic}
   size_t SoftMaxHeapSize                          = 4273995776                             {manageable} {ergonomic}
     bool UseCompressedClassPointers               = true                           {product lp64_product} {ergonomic}
     bool UseCompressedOops                        = true                           {product lp64_product} {ergonomic}
     bool UseG1GC                                  = true                                      {product} {ergonomic}
     bool UseLargePagesIndividualAllocation        = false                                  {pd product} {ergonomic}

Logging:
Log output configuration:
 #0: stdout all=warning uptime,level,tags
 #1: stderr all=off uptime,level,tags

Environment Variables:
JAVA_HOME=C:\Program Files\Android\Jdk\microsoft_dist_openjdk_1.8.0.25
PATH=C:\Program Files\Python312\Scripts\;C:\Program Files\Python312\;C:\Program Files\Python311\Scripts\;C:\Program Files\Python311\;C:\Program Files (x86)\Python38\Scripts\;C:\Program Files (x86)\Python38\;C:\Program Files\Microsoft MPI\Bin\;C:\Program Files (x86)\Common Files\Oracle\Java\javapath;C:\Windows\system32;C:\Windows;C:\Windows\System32\Wbem;C:\Windows\System32\WindowsPowerShell\v1.0\;C:\Windows\System32\OpenSSH\;C:\Program Files (x86)\Microsoft SQL Server\150\DTS\Binn\;C:\Program Files\dotnet\;C:\Program Files\Microsoft SQL Server\130\Tools\Binn\;C:\Program Files (x86)\Microsoft SQL Server\140\Tools\Binn\;C:\Program Files\Microsoft SQL Server\140\Tools\Binn\;C:\Program Files (x86)\Microsoft SQL Server\140\DTS\Binn\;C:\Program Files\Microsoft SQL Server\140\DTS\Binn\;C:\Program Files\Microsoft SQL Server\Client SDK\ODBC\130\Tools\Binn\;C:\Program Files\Microsoft SQL Server\Client SDK\ODBC\170\Tools\Binn\;C:\Program Files (x86)\IncrediBuild;C:\Program Files (x86)\NVIDIA Corporation\PhysX\Common;C:\Program Files\Git\cmd;C:\Program Files\Azure Data Studio\bin;C:\Program Files\Microsoft VS Code\bin;C:\Program Files (x86)\Kaspersky Lab\KES.12.2.0\;C:\User\pr111rybakov\AppData\Local\Microsoft\WindowsApps;
USERNAME=pr111rybakov
OS=Windows_NT
PROCESSOR_IDENTIFIER=Intel64 Family 6 Model 158 Stepping 13, GenuineIntel
TMP=C:\User\pr111rybakov\AppData\Local\Temp
TEMP=C:\User\pr111rybakov\AppData\Local\Temp


JNI global refs:
JNI global refs: 14, weak refs: 18

JNI global refs memory usage: 843, weak refs: 841

OOME stack traces (most recent first):
Classloader memory used:
Loader jdk.internal.loader.ClassLoaders$AppClassLoader                                 : 4847K
Loader bootstrap                                                                       : 1291K
Loader jdk.internal.reflect.DelegatingClassLoader                                      : 10366B


---------------  S Y S T E M  ---------------

OS:
 Windows 10 , 64 bit Build 17763 (10.0.17763.4974)
OS uptime: 0 days 8:54 hours

CPU: total 8 (initial active 8) (8 cores per cpu, 1 threads per core) family 6 model 158 stepping 13 microcode 0xde, cx8, cmov, fxsr, mmx, 3dnowpref, sse, sse2, sse3, ssse3, sse4.1, sse4.2, popcnt, lzcnt, tsc, tscinvbit, avx, avx2, aes, erms, clmul, bmi1, bmi2, adx, fma, vzeroupper, clflush, clflushopt

Memory: 4k page, system-wide physical 16303M (2695M free)
TotalPageFile size 16303M (AvailPageFile size 23M)
current process WorkingSet (physical memory assigned to process): 286M, peak: 288M
current process commit charge ("private bytes"): 341M, peak: 380M

vm_info: OpenJDK 64-Bit Server VM (17.0.7+0-b2043.56-10550314) for windows-amd64 JRE (17.0.7+0-b2043.56-10550314), built on Jul 24 2023 18:27:45 by "androidbuild" with MS VC++ 16.10 / 16.11 (VS2019)

END.
