#
# There is insufficient memory for the Java Runtime Environment to continue.
# Native memory allocation (malloc) failed to allocate 1900112 bytes for Chunk::new
# Possible reasons:
#   The system is out of physical RAM or swap space
#   The process is running with CompressedOops enabled, and the Java Heap may be blocking the growth of the native heap
# Possible solutions:
#   Reduce memory load on the system
#   Increase physical memory or swap space
#   Check if swap backing store is full
#   Decrease Java heap size (-Xmx/-Xms)
#   Decrease number of Java threads
#   Decrease Java thread stack sizes (-Xss)
#   Set larger code cache with -XX:ReservedCodeCacheSize=
#   JVM is running with Zero Based Compressed Oops mode in which the Java heap is
#     placed in the first 32GB address space. The Java Heap base address is the
#     maximum limit for the native heap growth. Please use -XX:HeapBaseMinAddress
#     to set the Java Heap base and to place the Java Heap above 32GB virtual address.
# This output file may be truncated or incomplete.
#
#  Out of Memory Error (arena.cpp:189), pid=1504, tid=14880
#
# JRE version: OpenJDK Runtime Environment (17.0.7) (build 17.0.7+0-b2043.56-10550314)
# Java VM: OpenJDK 64-Bit Server VM (17.0.7+0-b2043.56-10550314, mixed mode, tiered, compressed oops, compressed class ptrs, g1 gc, windows-amd64)
# No core dump will be written. Minidumps are not enabled by default on client versions of Windows
#

---------------  S U M M A R Y ------------

Command Line: org.jetbrains.kotlin.cli.jvm.K2JVMCompiler @C:\User\pr111rybakov\AndroidStudioProjects\UmnuiDomikYoYoYo\app\build\20241123_7633222878821569052.compiler.options

Host: Intel(R) Core(TM) i7-9700 CPU @ 3.00GHz, 8 cores, 15G,  Windows 10 , 64 bit Build 17763 (10.0.17763.4974)
Time: Sat Nov 23 11:30:29 2024 ќмское стандартное врем€ elapsed time: 5.374818 seconds (0d 0h 0m 5s)

---------------  T H R E A D  ---------------

Current thread (0x000001f1a69f2150):  JavaThread "C2 CompilerThread1" daemon [_thread_in_native, id=14880, stack(0x0000002088d00000,0x0000002088e00000)]


Current CompileTask:
C2:   5374 10961   !   4       jdk.internal.loader.BuiltinClassLoader::loadClassOrNull (143 bytes)

Stack: [0x0000002088d00000,0x0000002088e00000]
Native frames: (J=compiled Java code, j=interpreted, Vv=VM code, C=native code)
V  [jvm.dll+0x683bfa]
V  [jvm.dll+0x8430a4]
V  [jvm.dll+0x8449be]
V  [jvm.dll+0x845023]
V  [jvm.dll+0x24ad2f]
V  [jvm.dll+0xac25c]
V  [jvm.dll+0xac82c]
V  [jvm.dll+0x36a187]
V  [jvm.dll+0x334821]
V  [jvm.dll+0x333cca]
V  [jvm.dll+0x21d251]
V  [jvm.dll+0x21c671]
V  [jvm.dll+0x1a605d]
V  [jvm.dll+0x22c148]
V  [jvm.dll+0x22a209]
V  [jvm.dll+0x7f858c]
V  [jvm.dll+0x7f2aea]
V  [jvm.dll+0x682a35]
C  [ucrtbase.dll+0x2268a]
C  [KERNEL32.DLL+0x17ac4]
C  [ntdll.dll+0x5a4e1]


---------------  P R O C E S S  ---------------

Threads class SMR info:
_java_thread_list=0x000001f1ab9017f0, length=14, elements={
0x000001f185cbe800, 0x000001f1a6826630, 0x000001f1a68274a0, 0x000001f1a6867f80,
0x000001f1a685d320, 0x000001f1a685dde0, 0x000001f1a6860fc0, 0x000001f1a6861ca0,
0x000001f1a6862690, 0x000001f1a6863080, 0x000001f1a69d7d50, 0x000001f1a69d2b70,
0x000001f1a69f2150, 0x000001f1abaa12e0
}

Java Threads: ( => current thread )
  0x000001f185cbe800 JavaThread "main" [_thread_in_Java, id=10264, stack(0x0000002087a00000,0x0000002087b00000)]
  0x000001f1a6826630 JavaThread "Reference Handler" daemon [_thread_blocked, id=10924, stack(0x0000002088100000,0x0000002088200000)]
  0x000001f1a68274a0 JavaThread "Finalizer" daemon [_thread_blocked, id=13340, stack(0x0000002088200000,0x0000002088300000)]
  0x000001f1a6867f80 JavaThread "Signal Dispatcher" daemon [_thread_blocked, id=7644, stack(0x0000002088300000,0x0000002088400000)]
  0x000001f1a685d320 JavaThread "Attach Listener" daemon [_thread_blocked, id=10296, stack(0x0000002088400000,0x0000002088500000)]
  0x000001f1a685dde0 JavaThread "Service Thread" daemon [_thread_blocked, id=13008, stack(0x0000002088500000,0x0000002088600000)]
  0x000001f1a6860fc0 JavaThread "Monitor Deflation Thread" daemon [_thread_blocked, id=4960, stack(0x0000002088600000,0x0000002088700000)]
  0x000001f1a6861ca0 JavaThread "C2 CompilerThread0" daemon [_thread_in_native, id=4852, stack(0x0000002088700000,0x0000002088800000)]
  0x000001f1a6862690 JavaThread "C1 CompilerThread0" daemon [_thread_in_native, id=836, stack(0x0000002088800000,0x0000002088900000)]
  0x000001f1a6863080 JavaThread "Sweeper thread" daemon [_thread_blocked, id=14296, stack(0x0000002088900000,0x0000002088a00000)]
  0x000001f1a69d7d50 JavaThread "Notification Thread" daemon [_thread_blocked, id=5480, stack(0x0000002088a00000,0x0000002088b00000)]
  0x000001f1a69d2b70 JavaThread "Common-Cleaner" daemon [_thread_blocked, id=12252, stack(0x0000002088c00000,0x0000002088d00000)]
=>0x000001f1a69f2150 JavaThread "C2 CompilerThread1" daemon [_thread_in_native, id=14880, stack(0x0000002088d00000,0x0000002088e00000)]
  0x000001f1abaa12e0 JavaThread "C2 CompilerThread2" daemon [_thread_in_native, id=5580, stack(0x0000002089500000,0x0000002089600000)]

Other Threads:
  0x000001f1a667e640 VMThread "VM Thread" [stack: 0x0000002088000000,0x0000002088100000] [id=7092]
  0x000001f187d31740 WatcherThread [stack: 0x0000002088b00000,0x0000002088c00000] [id=4048]
  0x000001f187d147c0 GCTaskThread "GC Thread#0" [stack: 0x0000002087b00000,0x0000002087c00000] [id=12972]
  0x000001f1ab41b310 GCTaskThread "GC Thread#1" [stack: 0x0000002088e00000,0x0000002088f00000] [id=13524]
  0x000001f1ab46a1e0 GCTaskThread "GC Thread#2" [stack: 0x0000002088f00000,0x0000002089000000] [id=2776]
  0x000001f1ab46a490 GCTaskThread "GC Thread#3" [stack: 0x0000002089000000,0x0000002089100000] [id=5616]
  0x000001f1ab46af50 GCTaskThread "GC Thread#4" [stack: 0x0000002089100000,0x0000002089200000] [id=7688]
  0x000001f1ab46b410 GCTaskThread "GC Thread#5" [stack: 0x0000002089200000,0x0000002089300000] [id=4728]
  0x000001f1ab8caf90 GCTaskThread "GC Thread#6" [stack: 0x0000002089300000,0x0000002089400000] [id=11020]
  0x000001f1ab8cb4f0 GCTaskThread "GC Thread#7" [stack: 0x0000002089600000,0x0000002089700000] [id=13880]
  0x000001f187d255c0 ConcurrentGCThread "G1 Main Marker" [stack: 0x0000002087c00000,0x0000002087d00000] [id=10420]
  0x000001f187d25fd0 ConcurrentGCThread "G1 Conc#0" [stack: 0x0000002087d00000,0x0000002087e00000] [id=8108]
  0x000001f1ab8cba50 ConcurrentGCThread "G1 Conc#1" [stack: 0x0000002089400000,0x0000002089500000] [id=10660]
  0x000001f187d5e920 ConcurrentGCThread "G1 Refine#0" [stack: 0x0000002087e00000,0x0000002087f00000] [id=15204]
  0x000001f1ae322980 ConcurrentGCThread "G1 Refine#1" [stack: 0x0000002089700000,0x0000002089800000] [id=10864]
  0x000001f1ae323220 ConcurrentGCThread "G1 Refine#2" [stack: 0x0000002089800000,0x0000002089900000] [id=9796]
  0x000001f1ae322f40 ConcurrentGCThread "G1 Refine#3" [stack: 0x0000002089900000,0x0000002089a00000] [id=10352]
  0x000001f1ae323500 ConcurrentGCThread "G1 Refine#4" [stack: 0x0000002089a00000,0x0000002089b00000] [id=11912]
  0x000001f1a6525590 ConcurrentGCThread "G1 Service" [stack: 0x0000002087f00000,0x0000002088000000] [id=9024]

Threads with active compile tasks:
C2 CompilerThread0     5382 11139       4       org.jetbrains.kotlin.backend.jvm.lower.RepeatedAnnotationLowering::transformAnnotations (423 bytes)
C1 CompilerThread0     5382 11169       3       org.jetbrains.kotlin.backend.common.ClassLoweringVisitor::visitSimpleFunction (13 bytes)
C2 CompilerThread1     5382 10961   !   4       jdk.internal.loader.BuiltinClassLoader::loadClassOrNull (143 bytes)
C2 CompilerThread2     5382 11083   !   4       jdk.internal.loader.BuiltinClassLoader::findClassOnClassPathOrNull (64 bytes)

VM state: not at safepoint (normal execution)

VM Mutex/Monitor currently owned by a thread: None

Heap address: 0x0000000701400000, size: 4076 MB, Compressed Oops mode: Zero based, Oop shift amount: 3

CDS archive(s) not mapped
Compressed class space mapped at: 0x0000000800000000-0x0000000840000000, reserved size: 1073741824
Narrow klass base: 0x0000000800000000, Narrow klass shift: 0, Narrow klass range: 0x40000000

GC Precious Log:
 CPUs: 8 total, 8 available
 Memory: 16303M
 Large Page Support: Disabled
 NUMA Support: Disabled
 Compressed Oops: Enabled (Zero based)
 Heap Region Size: 2M
 Heap Min Capacity: 8M
 Heap Initial Capacity: 256M
 Heap Max Capacity: 4076M
 Pre-touch: Disabled
 Parallel Workers: 8
 Concurrent Workers: 2
 Concurrent Refinement Workers: 8
 Periodic GC: Disabled

Heap:
 garbage-first heap   total 368640K, used 107075K [0x0000000701400000, 0x0000000800000000)
  region size 2048K, 5 young (10240K), 2 survivors (4096K)
 Metaspace       used 74286K, committed 74688K, reserved 1179648K
  class space    used 8059K, committed 8256K, reserved 1048576K

Heap Regions: E=young(eden), S=young(survivor), O=old, HS=humongous(starts), HC=humongous(continues), CS=collection set, F=free, OA=open archive, CA=closed archive, TAMS=top-at-mark-start (previous, next)
|   0|0x0000000701400000, 0x0000000701600000, 0x0000000701600000|100%|HS|  |TAMS 0x0000000701600000, 0x0000000701400000| Complete 
|   1|0x0000000701600000, 0x0000000701800000, 0x0000000701800000|100%|HC|  |TAMS 0x0000000701800000, 0x0000000701600000| Complete 
|   2|0x0000000701800000, 0x0000000701a00000, 0x0000000701a00000|100%| O|  |TAMS 0x0000000701a00000, 0x0000000701800000| Untracked 
|   3|0x0000000701a00000, 0x0000000701bcdc00, 0x0000000701c00000| 90%| O|  |TAMS 0x0000000701bcdc00, 0x0000000701a00000| Updating 
|   4|0x0000000701c00000, 0x0000000701e00000, 0x0000000701e00000|100%| O|  |TAMS 0x0000000701e00000, 0x0000000701c00000| Untracked 
|   5|0x0000000701e00000, 0x0000000702000000, 0x0000000702000000|100%| O|  |TAMS 0x0000000702000000, 0x0000000701e00000| Untracked 
|   6|0x0000000702000000, 0x0000000702200000, 0x0000000702200000|100%| O|  |TAMS 0x0000000702200000, 0x0000000702000000| Untracked 
|   7|0x0000000702200000, 0x0000000702400000, 0x0000000702400000|100%| O|  |TAMS 0x0000000702400000, 0x0000000702200000| Untracked 
|   8|0x0000000702400000, 0x0000000702600000, 0x0000000702600000|100%| O|  |TAMS 0x0000000702600000, 0x0000000702400000| Untracked 
|   9|0x0000000702600000, 0x0000000702800000, 0x0000000702800000|100%| O|  |TAMS 0x0000000702800000, 0x0000000702600000| Untracked 
|  10|0x0000000702800000, 0x0000000702a00000, 0x0000000702a00000|100%| O|  |TAMS 0x0000000702a00000, 0x0000000702800000| Untracked 
|  11|0x0000000702a00000, 0x0000000702c00000, 0x0000000702c00000|100%| O|  |TAMS 0x0000000702c00000, 0x0000000702a00000| Untracked 
|  12|0x0000000702c00000, 0x0000000702e00000, 0x0000000702e00000|100%| O|  |TAMS 0x0000000702e00000, 0x0000000702c00000| Updating 
|  13|0x0000000702e00000, 0x0000000703000000, 0x0000000703000000|100%| O|  |TAMS 0x0000000703000000, 0x0000000702e00000| Updating 
|  14|0x0000000703000000, 0x0000000703200000, 0x0000000703200000|100%| O|  |TAMS 0x0000000703200000, 0x0000000703000000| Untracked 
|  15|0x0000000703200000, 0x0000000703400000, 0x0000000703400000|100%| O|  |TAMS 0x0000000703400000, 0x0000000703200000| Untracked 
|  16|0x0000000703400000, 0x0000000703600000, 0x0000000703600000|100%| O|  |TAMS 0x0000000703600000, 0x0000000703400000| Updating 
|  17|0x0000000703600000, 0x0000000703800000, 0x0000000703800000|100%| O|  |TAMS 0x0000000703800000, 0x0000000703600000| Updating 
|  18|0x0000000703800000, 0x0000000703a00000, 0x0000000703a00000|100%| O|  |TAMS 0x0000000703a00000, 0x0000000703800000| Untracked 
|  19|0x0000000703a00000, 0x0000000703c00000, 0x0000000703c00000|100%| O|  |TAMS 0x0000000703c00000, 0x0000000703a00000| Untracked 
|  20|0x0000000703c00000, 0x0000000703e00000, 0x0000000703e00000|100%| O|  |TAMS 0x0000000703e00000, 0x0000000703c00000| Untracked 
|  21|0x0000000703e00000, 0x0000000704000000, 0x0000000704000000|100%| O|  |TAMS 0x0000000704000000, 0x0000000703e00000| Untracked 
|  22|0x0000000704000000, 0x0000000704200000, 0x0000000704200000|100%| O|  |TAMS 0x0000000704200000, 0x0000000704000000| Untracked 
|  23|0x0000000704200000, 0x0000000704400000, 0x0000000704400000|100%| O|  |TAMS 0x0000000704400000, 0x0000000704200000| Updating 
|  24|0x0000000704400000, 0x0000000704600000, 0x0000000704600000|100%| O|  |TAMS 0x0000000704600000, 0x0000000704400000| Updating 
|  25|0x0000000704600000, 0x0000000704800000, 0x0000000704800000|100%| O|  |TAMS 0x0000000704800000, 0x0000000704600000| Untracked 
|  26|0x0000000704800000, 0x0000000704a00000, 0x0000000704a00000|100%| O|  |TAMS 0x0000000704a00000, 0x0000000704800000| Untracked 
|  27|0x0000000704a00000, 0x0000000704c00000, 0x0000000704c00000|100%| O|  |TAMS 0x0000000704c00000, 0x0000000704a00000| Updating 
|  28|0x0000000704c00000, 0x0000000704e00000, 0x0000000704e00000|100%| O|  |TAMS 0x0000000704e00000, 0x0000000704c00000| Untracked 
|  29|0x0000000704e00000, 0x0000000705000000, 0x0000000705000000|100%| O|  |TAMS 0x0000000705000000, 0x0000000704e00000| Untracked 
|  30|0x0000000705000000, 0x0000000705200000, 0x0000000705200000|100%| O|  |TAMS 0x0000000705200000, 0x0000000705000000| Updating 
|  31|0x0000000705200000, 0x0000000705400000, 0x0000000705400000|100%| O|  |TAMS 0x0000000705400000, 0x0000000705200000| Updating 
|  32|0x0000000705400000, 0x0000000705600000, 0x0000000705600000|100%| O|  |TAMS 0x0000000705600000, 0x0000000705400000| Untracked 
|  33|0x0000000705600000, 0x0000000705800000, 0x0000000705800000|100%| O|  |TAMS 0x0000000705800000, 0x0000000705600000| Untracked 
|  34|0x0000000705800000, 0x0000000705a00000, 0x0000000705a00000|100%| O|  |TAMS 0x0000000705a00000, 0x0000000705800000| Updating 
|  35|0x0000000705a00000, 0x0000000705c00000, 0x0000000705c00000|100%| O|  |TAMS 0x0000000705c00000, 0x0000000705a00000| Untracked 
|  36|0x0000000705c00000, 0x0000000705e00000, 0x0000000705e00000|100%| O|  |TAMS 0x0000000705e00000, 0x0000000705c00000| Untracked 
|  37|0x0000000705e00000, 0x0000000706000000, 0x0000000706000000|100%| O|  |TAMS 0x0000000706000000, 0x0000000705e00000| Untracked 
|  38|0x0000000706000000, 0x0000000706200000, 0x0000000706200000|100%| O|  |TAMS 0x0000000706200000, 0x0000000706000000| Untracked 
|  39|0x0000000706200000, 0x0000000706400000, 0x0000000706400000|100%| O|  |TAMS 0x0000000706400000, 0x0000000706200000| Untracked 
|  40|0x0000000706400000, 0x0000000706600000, 0x0000000706600000|100%| O|  |TAMS 0x0000000706600000, 0x0000000706400000| Updating 
|  41|0x0000000706600000, 0x0000000706800000, 0x0000000706800000|100%| O|  |TAMS 0x0000000706800000, 0x0000000706600000| Untracked 
|  42|0x0000000706800000, 0x0000000706a00000, 0x0000000706a00000|100%| O|  |TAMS 0x0000000706a00000, 0x0000000706800000| Untracked 
|  43|0x0000000706a00000, 0x0000000706c00000, 0x0000000706c00000|100%| O|  |TAMS 0x0000000706c00000, 0x0000000706a00000| Untracked 
|  44|0x0000000706c00000, 0x0000000706e00000, 0x0000000706e00000|100%| O|  |TAMS 0x0000000706d74600, 0x0000000706c00000| Untracked 
|  45|0x0000000706e00000, 0x0000000707000000, 0x0000000707000000|100%| O|  |TAMS 0x0000000706e00000, 0x0000000706e00000| Untracked 
|  46|0x0000000707000000, 0x0000000707200000, 0x0000000707200000|100%| O|  |TAMS 0x0000000707000000, 0x0000000707000000| Untracked 
|  47|0x0000000707200000, 0x0000000707400000, 0x0000000707400000|100%| O|  |TAMS 0x0000000707200000, 0x0000000707200000| Untracked 
|  48|0x0000000707400000, 0x0000000707600000, 0x0000000707600000|100%| O|  |TAMS 0x0000000707400000, 0x0000000707400000| Untracked 
|  49|0x0000000707600000, 0x0000000707600000, 0x0000000707800000|  0%| F|  |TAMS 0x0000000707600000, 0x0000000707600000| Untracked 
|  50|0x0000000707800000, 0x0000000707800000, 0x0000000707a00000|  0%| F|  |TAMS 0x0000000707800000, 0x0000000707800000| Untracked 
|  51|0x0000000707a00000, 0x0000000707a00000, 0x0000000707c00000|  0%| F|  |TAMS 0x0000000707a00000, 0x0000000707a00000| Untracked 
|  52|0x0000000707c00000, 0x0000000707c00000, 0x0000000707e00000|  0%| F|  |TAMS 0x0000000707c00000, 0x0000000707c00000| Untracked 
|  53|0x0000000707e00000, 0x0000000707e00000, 0x0000000708000000|  0%| F|  |TAMS 0x0000000707e00000, 0x0000000707e00000| Untracked 
|  54|0x0000000708000000, 0x0000000708000000, 0x0000000708200000|  0%| F|  |TAMS 0x0000000708000000, 0x0000000708000000| Untracked 
|  55|0x0000000708200000, 0x0000000708200000, 0x0000000708400000|  0%| F|  |TAMS 0x0000000708200000, 0x0000000708200000| Untracked 
|  56|0x0000000708400000, 0x0000000708400000, 0x0000000708600000|  0%| F|  |TAMS 0x0000000708400000, 0x0000000708400000| Untracked 
|  57|0x0000000708600000, 0x0000000708600000, 0x0000000708800000|  0%| F|  |TAMS 0x0000000708600000, 0x0000000708600000| Untracked 
|  58|0x0000000708800000, 0x0000000708800000, 0x0000000708a00000|  0%| F|  |TAMS 0x0000000708800000, 0x0000000708800000| Untracked 
|  59|0x0000000708a00000, 0x0000000708a00000, 0x0000000708c00000|  0%| F|  |TAMS 0x0000000708a00000, 0x0000000708a00000| Untracked 
|  60|0x0000000708c00000, 0x0000000708c00000, 0x0000000708e00000|  0%| F|  |TAMS 0x0000000708c00000, 0x0000000708c00000| Untracked 
|  61|0x0000000708e00000, 0x0000000708e00000, 0x0000000709000000|  0%| F|  |TAMS 0x0000000708e00000, 0x0000000708e00000| Untracked 
|  62|0x0000000709000000, 0x0000000709000000, 0x0000000709200000|  0%| F|  |TAMS 0x0000000709000000, 0x0000000709000000| Untracked 
|  63|0x0000000709200000, 0x0000000709200000, 0x0000000709400000|  0%| F|  |TAMS 0x0000000709200000, 0x0000000709200000| Untracked 
|  64|0x0000000709400000, 0x0000000709400000, 0x0000000709600000|  0%| F|  |TAMS 0x0000000709400000, 0x0000000709400000| Untracked 
|  65|0x0000000709600000, 0x0000000709600000, 0x0000000709800000|  0%| F|  |TAMS 0x0000000709600000, 0x0000000709600000| Untracked 
|  66|0x0000000709800000, 0x0000000709800000, 0x0000000709a00000|  0%| F|  |TAMS 0x0000000709800000, 0x0000000709800000| Untracked 
|  67|0x0000000709a00000, 0x0000000709a00000, 0x0000000709c00000|  0%| F|  |TAMS 0x0000000709a00000, 0x0000000709a00000| Untracked 
|  68|0x0000000709c00000, 0x0000000709c00000, 0x0000000709e00000|  0%| F|  |TAMS 0x0000000709c00000, 0x0000000709c00000| Untracked 
|  69|0x0000000709e00000, 0x0000000709ec3300, 0x000000070a000000| 38%| S|CS|TAMS 0x0000000709e00000, 0x0000000709e00000| Complete 
|  70|0x000000070a000000, 0x000000070a200000, 0x000000070a200000|100%| S|CS|TAMS 0x000000070a000000, 0x000000070a000000| Complete 
|  71|0x000000070a200000, 0x000000070a200000, 0x000000070a400000|  0%| F|  |TAMS 0x000000070a200000, 0x000000070a200000| Untracked 
|  72|0x000000070a400000, 0x000000070a400000, 0x000000070a600000|  0%| F|  |TAMS 0x000000070a400000, 0x000000070a400000| Untracked 
|  73|0x000000070a600000, 0x000000070a600000, 0x000000070a800000|  0%| F|  |TAMS 0x000000070a600000, 0x000000070a600000| Untracked 
|  74|0x000000070a800000, 0x000000070a800000, 0x000000070aa00000|  0%| F|  |TAMS 0x000000070a800000, 0x000000070a800000| Untracked 
|  75|0x000000070aa00000, 0x000000070aa00000, 0x000000070ac00000|  0%| F|  |TAMS 0x000000070aa00000, 0x000000070aa00000| Untracked 
|  76|0x000000070ac00000, 0x000000070ac00000, 0x000000070ae00000|  0%| F|  |TAMS 0x000000070ac00000, 0x000000070ac00000| Untracked 
|  77|0x000000070ae00000, 0x000000070ae00000, 0x000000070b000000|  0%| F|  |TAMS 0x000000070ae00000, 0x000000070ae00000| Untracked 
|  78|0x000000070b000000, 0x000000070b000000, 0x000000070b200000|  0%| F|  |TAMS 0x000000070b000000, 0x000000070b000000| Untracked 
|  79|0x000000070b200000, 0x000000070b200000, 0x000000070b400000|  0%| F|  |TAMS 0x000000070b200000, 0x000000070b200000| Untracked 
|  80|0x000000070b400000, 0x000000070b400000, 0x000000070b600000|  0%| F|  |TAMS 0x000000070b400000, 0x000000070b400000| Untracked 
|  81|0x000000070b600000, 0x000000070b600000, 0x000000070b800000|  0%| F|  |TAMS 0x000000070b600000, 0x000000070b600000| Untracked 
|  82|0x000000070b800000, 0x000000070b800000, 0x000000070ba00000|  0%| F|  |TAMS 0x000000070b800000, 0x000000070b800000| Untracked 
|  83|0x000000070ba00000, 0x000000070ba00000, 0x000000070bc00000|  0%| F|  |TAMS 0x000000070ba00000, 0x000000070ba00000| Untracked 
|  84|0x000000070bc00000, 0x000000070bc00000, 0x000000070be00000|  0%| F|  |TAMS 0x000000070bc00000, 0x000000070bc00000| Untracked 
|  85|0x000000070be00000, 0x000000070be00000, 0x000000070c000000|  0%| F|  |TAMS 0x000000070be00000, 0x000000070be00000| Untracked 
|  86|0x000000070c000000, 0x000000070c000000, 0x000000070c200000|  0%| F|  |TAMS 0x000000070c000000, 0x000000070c000000| Untracked 
|  87|0x000000070c200000, 0x000000070c200000, 0x000000070c400000|  0%| F|  |TAMS 0x000000070c200000, 0x000000070c200000| Untracked 
|  88|0x000000070c400000, 0x000000070c400000, 0x000000070c600000|  0%| F|  |TAMS 0x000000070c400000, 0x000000070c400000| Untracked 
|  89|0x000000070c600000, 0x000000070c600000, 0x000000070c800000|  0%| F|  |TAMS 0x000000070c600000, 0x000000070c600000| Untracked 
|  90|0x000000070c800000, 0x000000070c800000, 0x000000070ca00000|  0%| F|  |TAMS 0x000000070c800000, 0x000000070c800000| Untracked 
|  91|0x000000070ca00000, 0x000000070ca00000, 0x000000070cc00000|  0%| F|  |TAMS 0x000000070ca00000, 0x000000070ca00000| Untracked 
|  92|0x000000070cc00000, 0x000000070cc00000, 0x000000070ce00000|  0%| F|  |TAMS 0x000000070cc00000, 0x000000070cc00000| Untracked 
|  93|0x000000070ce00000, 0x000000070ce00000, 0x000000070d000000|  0%| F|  |TAMS 0x000000070ce00000, 0x000000070ce00000| Untracked 
|  94|0x000000070d000000, 0x000000070d000000, 0x000000070d200000|  0%| F|  |TAMS 0x000000070d000000, 0x000000070d000000| Untracked 
|  95|0x000000070d200000, 0x000000070d200000, 0x000000070d400000|  0%| F|  |TAMS 0x000000070d200000, 0x000000070d200000| Untracked 
|  96|0x000000070d400000, 0x000000070d400000, 0x000000070d600000|  0%| F|  |TAMS 0x000000070d400000, 0x000000070d400000| Untracked 
|  97|0x000000070d600000, 0x000000070d600000, 0x000000070d800000|  0%| F|  |TAMS 0x000000070d600000, 0x000000070d600000| Untracked 
|  98|0x000000070d800000, 0x000000070d800000, 0x000000070da00000|  0%| F|  |TAMS 0x000000070d800000, 0x000000070d800000| Untracked 
|  99|0x000000070da00000, 0x000000070da00000, 0x000000070dc00000|  0%| F|  |TAMS 0x000000070da00000, 0x000000070da00000| Untracked 
| 100|0x000000070dc00000, 0x000000070dc00000, 0x000000070de00000|  0%| F|  |TAMS 0x000000070dc00000, 0x000000070dc00000| Untracked 
| 101|0x000000070de00000, 0x000000070de00000, 0x000000070e000000|  0%| F|  |TAMS 0x000000070de00000, 0x000000070de00000| Untracked 
| 102|0x000000070e000000, 0x000000070e000000, 0x000000070e200000|  0%| F|  |TAMS 0x000000070e000000, 0x000000070e000000| Untracked 
| 103|0x000000070e200000, 0x000000070e200000, 0x000000070e400000|  0%| F|  |TAMS 0x000000070e200000, 0x000000070e200000| Untracked 
| 104|0x000000070e400000, 0x000000070e400000, 0x000000070e600000|  0%| F|  |TAMS 0x000000070e400000, 0x000000070e400000| Untracked 
| 105|0x000000070e600000, 0x000000070e600000, 0x000000070e800000|  0%| F|  |TAMS 0x000000070e600000, 0x000000070e600000| Untracked 
| 106|0x000000070e800000, 0x000000070e800000, 0x000000070ea00000|  0%| F|  |TAMS 0x000000070e800000, 0x000000070e800000| Untracked 
| 107|0x000000070ea00000, 0x000000070ea00000, 0x000000070ec00000|  0%| F|  |TAMS 0x000000070ea00000, 0x000000070ea00000| Untracked 
| 108|0x000000070ec00000, 0x000000070ec00000, 0x000000070ee00000|  0%| F|  |TAMS 0x000000070ec00000, 0x000000070ec00000| Untracked 
| 109|0x000000070ee00000, 0x000000070ee00000, 0x000000070f000000|  0%| F|  |TAMS 0x000000070ee00000, 0x000000070ee00000| Untracked 
| 110|0x000000070f000000, 0x000000070f000000, 0x000000070f200000|  0%| F|  |TAMS 0x000000070f000000, 0x000000070f000000| Untracked 
| 111|0x000000070f200000, 0x000000070f200000, 0x000000070f400000|  0%| F|  |TAMS 0x000000070f200000, 0x000000070f200000| Untracked 
| 112|0x000000070f400000, 0x000000070f400000, 0x000000070f600000|  0%| F|  |TAMS 0x000000070f400000, 0x000000070f400000| Untracked 
| 113|0x000000070f600000, 0x000000070f600000, 0x000000070f800000|  0%| F|  |TAMS 0x000000070f600000, 0x000000070f600000| Untracked 
| 114|0x000000070f800000, 0x000000070f800000, 0x000000070fa00000|  0%| F|  |TAMS 0x000000070f800000, 0x000000070f800000| Untracked 
| 115|0x000000070fa00000, 0x000000070fa00000, 0x000000070fc00000|  0%| F|  |TAMS 0x000000070fa00000, 0x000000070fa00000| Untracked 
| 116|0x000000070fc00000, 0x000000070fc00000, 0x000000070fe00000|  0%| F|  |TAMS 0x000000070fc00000, 0x000000070fc00000| Untracked 
| 117|0x000000070fe00000, 0x000000070fe00000, 0x0000000710000000|  0%| F|  |TAMS 0x000000070fe00000, 0x000000070fe00000| Untracked 
| 118|0x0000000710000000, 0x0000000710000000, 0x0000000710200000|  0%| F|  |TAMS 0x0000000710000000, 0x0000000710000000| Untracked 
| 119|0x0000000710200000, 0x0000000710200000, 0x0000000710400000|  0%| F|  |TAMS 0x0000000710200000, 0x0000000710200000| Untracked 
| 120|0x0000000710400000, 0x0000000710400000, 0x0000000710600000|  0%| F|  |TAMS 0x0000000710400000, 0x0000000710400000| Untracked 
| 121|0x0000000710600000, 0x0000000710600000, 0x0000000710800000|  0%| F|  |TAMS 0x0000000710600000, 0x0000000710600000| Untracked 
| 122|0x0000000710800000, 0x0000000710800000, 0x0000000710a00000|  0%| F|  |TAMS 0x0000000710800000, 0x0000000710800000| Untracked 
| 123|0x0000000710a00000, 0x0000000710a00000, 0x0000000710c00000|  0%| F|  |TAMS 0x0000000710a00000, 0x0000000710a00000| Untracked 
| 124|0x0000000710c00000, 0x0000000710c00000, 0x0000000710e00000|  0%| F|  |TAMS 0x0000000710c00000, 0x0000000710c00000| Untracked 
| 125|0x0000000710e00000, 0x0000000710e00000, 0x0000000711000000|  0%| F|  |TAMS 0x0000000710e00000, 0x0000000710e00000| Untracked 
| 126|0x0000000711000000, 0x0000000711000000, 0x0000000711200000|  0%| F|  |TAMS 0x0000000711000000, 0x0000000711000000| Untracked 
| 127|0x0000000711200000, 0x0000000711200000, 0x0000000711400000|  0%| F|  |TAMS 0x0000000711200000, 0x0000000711200000| Untracked 
| 128|0x0000000711400000, 0x0000000711400000, 0x0000000711600000|  0%| F|  |TAMS 0x0000000711400000, 0x0000000711400000| Untracked 
| 129|0x0000000711600000, 0x0000000711600000, 0x0000000711800000|  0%| F|  |TAMS 0x0000000711600000, 0x0000000711600000| Untracked 
| 130|0x0000000711800000, 0x0000000711800000, 0x0000000711a00000|  0%| F|  |TAMS 0x0000000711800000, 0x0000000711800000| Untracked 
| 131|0x0000000711a00000, 0x0000000711a00000, 0x0000000711c00000|  0%| F|  |TAMS 0x0000000711a00000, 0x0000000711a00000| Untracked 
| 132|0x0000000711c00000, 0x0000000711c00000, 0x0000000711e00000|  0%| F|  |TAMS 0x0000000711c00000, 0x0000000711c00000| Untracked 
| 133|0x0000000711e00000, 0x0000000711e00000, 0x0000000712000000|  0%| F|  |TAMS 0x0000000711e00000, 0x0000000711e00000| Untracked 
| 134|0x0000000712000000, 0x0000000712000000, 0x0000000712200000|  0%| F|  |TAMS 0x0000000712000000, 0x0000000712000000| Untracked 
| 135|0x0000000712200000, 0x0000000712200000, 0x0000000712400000|  0%| F|  |TAMS 0x0000000712200000, 0x0000000712200000| Untracked 
| 136|0x0000000712400000, 0x0000000712400000, 0x0000000712600000|  0%| F|  |TAMS 0x0000000712400000, 0x0000000712400000| Untracked 
| 137|0x0000000712600000, 0x0000000712600000, 0x0000000712800000|  0%| F|  |TAMS 0x0000000712600000, 0x0000000712600000| Untracked 
| 138|0x0000000712800000, 0x0000000712800000, 0x0000000712a00000|  0%| F|  |TAMS 0x0000000712800000, 0x0000000712800000| Untracked 
| 139|0x0000000712a00000, 0x0000000712a00000, 0x0000000712c00000|  0%| F|  |TAMS 0x0000000712a00000, 0x0000000712a00000| Untracked 
| 140|0x0000000712c00000, 0x0000000712c00000, 0x0000000712e00000|  0%| F|  |TAMS 0x0000000712c00000, 0x0000000712c00000| Untracked 
| 141|0x0000000712e00000, 0x0000000712e00000, 0x0000000713000000|  0%| F|  |TAMS 0x0000000712e00000, 0x0000000712e00000| Untracked 
| 142|0x0000000713000000, 0x0000000713000000, 0x0000000713200000|  0%| F|  |TAMS 0x0000000713000000, 0x0000000713000000| Untracked 
| 143|0x0000000713200000, 0x0000000713200000, 0x0000000713400000|  0%| F|  |TAMS 0x0000000713200000, 0x0000000713200000| Untracked 
| 144|0x0000000713400000, 0x0000000713400000, 0x0000000713600000|  0%| F|  |TAMS 0x0000000713400000, 0x0000000713400000| Untracked 
| 145|0x0000000713600000, 0x0000000713600000, 0x0000000713800000|  0%| F|  |TAMS 0x0000000713600000, 0x0000000713600000| Untracked 
| 146|0x0000000713800000, 0x0000000713800000, 0x0000000713a00000|  0%| F|  |TAMS 0x0000000713800000, 0x0000000713800000| Untracked 
| 147|0x0000000713a00000, 0x0000000713a00000, 0x0000000713c00000|  0%| F|  |TAMS 0x0000000713a00000, 0x0000000713a00000| Untracked 
| 148|0x0000000713c00000, 0x0000000713c00000, 0x0000000713e00000|  0%| F|  |TAMS 0x0000000713c00000, 0x0000000713c00000| Untracked 
| 149|0x0000000713e00000, 0x0000000713e00000, 0x0000000714000000|  0%| F|  |TAMS 0x0000000713e00000, 0x0000000713e00000| Untracked 
| 150|0x0000000714000000, 0x0000000714000000, 0x0000000714200000|  0%| F|  |TAMS 0x0000000714000000, 0x0000000714000000| Untracked 
| 151|0x0000000714200000, 0x0000000714200000, 0x0000000714400000|  0%| F|  |TAMS 0x0000000714200000, 0x0000000714200000| Untracked 
| 152|0x0000000714400000, 0x0000000714400000, 0x0000000714600000|  0%| F|  |TAMS 0x0000000714400000, 0x0000000714400000| Untracked 
| 153|0x0000000714600000, 0x0000000714600000, 0x0000000714800000|  0%| F|  |TAMS 0x0000000714600000, 0x0000000714600000| Untracked 
| 154|0x0000000714800000, 0x0000000714800000, 0x0000000714a00000|  0%| F|  |TAMS 0x0000000714800000, 0x0000000714800000| Untracked 
| 155|0x0000000714a00000, 0x0000000714a00000, 0x0000000714c00000|  0%| F|  |TAMS 0x0000000714a00000, 0x0000000714a00000| Untracked 
| 156|0x0000000714c00000, 0x0000000714c00000, 0x0000000714e00000|  0%| F|  |TAMS 0x0000000714c00000, 0x0000000714c00000| Untracked 
| 157|0x0000000714e00000, 0x0000000714e00000, 0x0000000715000000|  0%| F|  |TAMS 0x0000000714e00000, 0x0000000714e00000| Untracked 
| 158|0x0000000715000000, 0x0000000715000000, 0x0000000715200000|  0%| F|  |TAMS 0x0000000715000000, 0x0000000715000000| Untracked 
| 159|0x0000000715200000, 0x0000000715200000, 0x0000000715400000|  0%| F|  |TAMS 0x0000000715200000, 0x0000000715200000| Untracked 
| 160|0x0000000715400000, 0x0000000715400000, 0x0000000715600000|  0%| F|  |TAMS 0x0000000715400000, 0x0000000715400000| Untracked 
| 161|0x0000000715600000, 0x0000000715600000, 0x0000000715800000|  0%| F|  |TAMS 0x0000000715600000, 0x0000000715600000| Untracked 
| 162|0x0000000715800000, 0x0000000715800000, 0x0000000715a00000|  0%| F|  |TAMS 0x0000000715800000, 0x0000000715800000| Untracked 
| 163|0x0000000715a00000, 0x0000000715a00000, 0x0000000715c00000|  0%| F|  |TAMS 0x0000000715a00000, 0x0000000715a00000| Untracked 
| 164|0x0000000715c00000, 0x0000000715c00000, 0x0000000715e00000|  0%| F|  |TAMS 0x0000000715c00000, 0x0000000715c00000| Untracked 
| 165|0x0000000715e00000, 0x0000000715e00000, 0x0000000716000000|  0%| F|  |TAMS 0x0000000715e00000, 0x0000000715e00000| Untracked 
| 166|0x0000000716000000, 0x0000000716000000, 0x0000000716200000|  0%| F|  |TAMS 0x0000000716000000, 0x0000000716000000| Untracked 
| 167|0x0000000716200000, 0x0000000716200000, 0x0000000716400000|  0%| F|  |TAMS 0x0000000716200000, 0x0000000716200000| Untracked 
| 168|0x0000000716400000, 0x0000000716400000, 0x0000000716600000|  0%| F|  |TAMS 0x0000000716400000, 0x0000000716400000| Untracked 
| 169|0x0000000716600000, 0x0000000716600000, 0x0000000716800000|  0%| F|  |TAMS 0x0000000716600000, 0x0000000716600000| Untracked 
| 170|0x0000000716800000, 0x0000000716800000, 0x0000000716a00000|  0%| F|  |TAMS 0x0000000716800000, 0x0000000716800000| Untracked 
| 171|0x0000000716a00000, 0x0000000716a00000, 0x0000000716c00000|  0%| F|  |TAMS 0x0000000716a00000, 0x0000000716a00000| Untracked 
| 172|0x0000000716c00000, 0x0000000716c00000, 0x0000000716e00000|  0%| F|  |TAMS 0x0000000716c00000, 0x0000000716c00000| Untracked 
| 173|0x0000000716e00000, 0x0000000716e00000, 0x0000000717000000|  0%| F|  |TAMS 0x0000000716e00000, 0x0000000716e00000| Untracked 
| 174|0x0000000717000000, 0x0000000717000000, 0x0000000717200000|  0%| F|  |TAMS 0x0000000717000000, 0x0000000717000000| Untracked 
| 175|0x0000000717200000, 0x0000000717200000, 0x0000000717400000|  0%| F|  |TAMS 0x0000000717200000, 0x0000000717200000| Untracked 
| 176|0x0000000717400000, 0x0000000717504aa0, 0x0000000717600000| 50%| E|  |TAMS 0x0000000717400000, 0x0000000717400000| Complete 
| 183|0x0000000718200000, 0x0000000718400000, 0x0000000718400000|100%| E|CS|TAMS 0x0000000718200000, 0x0000000718200000| Complete 
| 184|0x0000000718400000, 0x0000000718600000, 0x0000000718600000|100%| E|CS|TAMS 0x0000000718400000, 0x0000000718400000| Complete 
| 185|0x0000000718600000, 0x0000000718800000, 0x0000000718800000|100%| E|CS|TAMS 0x0000000718600000, 0x0000000718600000| Complete 

Card table byte_map: [0x000001f19aca0000,0x000001f19b4a0000] _byte_map_base: 0x000001f197496000

Marking Bits (Prev, Next): (CMBitMap*) 0x000001f187d14dd0, (CMBitMap*) 0x000001f187d14e10
 Prev Bits: [0x000001f19bca0000, 0x000001f19fc50000)
 Next Bits: [0x000001f19fc50000, 0x000001f1a3c00000)

Polling page: 0x000001f185b60000

Metaspace:

Usage:
  Non-class:     64.74 MB used.
      Class:      7.88 MB used.
       Both:     72.63 MB used.

Virtual space:
  Non-class space:      128.00 MB reserved,      64.94 MB ( 51%) committed,  2 nodes.
      Class space:        1.00 GB reserved,       8.06 MB ( <1%) committed,  1 nodes.
             Both:        1.13 GB reserved,      73.00 MB (  6%) committed. 

Chunk freelists:
   Non-Class:  15.09 MB
       Class:  7.91 MB
        Both:  23.00 MB

MaxMetaspaceSize: unlimited
CompressedClassSpaceSize: 1.00 GB
Initial GC threshold: 21.00 MB
Current GC threshold: 121.06 MB
CDS: off
MetaspaceReclaimPolicy: balanced
 - commit_granule_bytes: 65536.
 - commit_granule_words: 8192.
 - virtual_space_node_default_size: 8388608.
 - enlarge_chunks_in_place: 1.
 - new_chunks_are_fully_committed: 0.
 - uncommit_free_chunks: 1.
 - use_allocation_guard: 0.
 - handle_deallocations: 1.


Internal statistics:

num_allocs_failed_limit: 9.
num_arena_births: 340.
num_arena_deaths: 0.
num_vsnodes_births: 3.
num_vsnodes_deaths: 0.
num_space_committed: 1166.
num_space_uncommitted: 0.
num_chunks_returned_to_freelist: 9.
num_chunks_taken_from_freelist: 2719.
num_chunk_merges: 9.
num_chunk_splits: 2218.
num_chunks_enlarged: 1980.
num_inconsistent_stats: 0.

CodeHeap 'non-profiled nmethods': size=120000Kb used=5708Kb max_used=5919Kb free=114291Kb
 bounds [0x000001f192c40000, 0x000001f193220000, 0x000001f19a170000]
CodeHeap 'profiled nmethods': size=120000Kb used=31960Kb max_used=33048Kb free=88039Kb
 bounds [0x000001f18b170000, 0x000001f18d1c0000, 0x000001f1926a0000]
CodeHeap 'non-nmethods': size=5760Kb used=1422Kb max_used=1562Kb free=4337Kb
 bounds [0x000001f1926a0000, 0x000001f192910000, 0x000001f192c40000]
 total_blobs=10274 nmethods=9515 adapters=668
 compilation: enabled
              stopped_count=0, restarted_count=0
 full_count=0

Compilation events (20 events):
Event: 5.368 Thread 0x000001f1a6862690 nmethod 11149 0x000001f18c488390 code [0x000001f18c488660, 0x000001f18c489318]
Event: 5.368 Thread 0x000001f1a6862690 11144       3       org.jetbrains.kotlin.backend.jvm.lower.RepeatedAnnotationLowering::visitFunctionAccess (6 bytes)
Event: 5.369 Thread 0x000001f1a6862690 nmethod 11144 0x000001f18c486f90 code [0x000001f18c487260, 0x000001f18c487f18]
Event: 5.369 Thread 0x000001f1a6862690 11145       3       org.jetbrains.kotlin.backend.jvm.lower.RepeatedAnnotationLowering::visitMemberAccess (6 bytes)
Event: 5.370 Thread 0x000001f1a6862690 nmethod 11145 0x000001f18c485a10 code [0x000001f18c485d00, 0x000001f18c486a88]
Event: 5.370 Thread 0x000001f1a6862690 11151       3       org.jetbrains.kotlin.backend.jvm.lower.RepeatedAnnotationLowering::visitCall (7 bytes)
Event: 5.370 Thread 0x000001f1a6862690 nmethod 11151 0x000001f18c484590 code [0x000001f18c484860, 0x000001f18c485518]
Event: 5.370 Thread 0x000001f1a6862690 11152       3       org.jetbrains.kotlin.backend.jvm.lower.RepeatedAnnotationLowering::visitCall (6 bytes)
Event: 5.370 Thread 0x000001f1a6862690 nmethod 11152 0x000001f18cf7b310 code [0x000001f18cf7b5e0, 0x000001f18cf7c298]
Event: 5.370 Thread 0x000001f1a6862690 11150       3       org.jetbrains.kotlin.backend.jvm.lower.RepeatedAnnotationLowering::visitCall (13 bytes)
Event: 5.371 Thread 0x000001f1a6862690 nmethod 11150 0x000001f18cf79d10 code [0x000001f18cf7a000, 0x000001f18cf7ae18]
Event: 5.371 Thread 0x000001f1a6862690 11118       3       org.jetbrains.kotlin.ir.visitors.IrElementTransformerVoid::visitBlockBody (15 bytes)
Event: 5.371 Thread 0x000001f1a6862690 nmethod 11118 0x000001f18b2a2510 code [0x000001f18b2a2720, 0x000001f18b2a2da8]
Event: 5.371 Thread 0x000001f1a6862690 11153       3       org.jetbrains.kotlin.ir.visitors.IrElementVisitorVoid$DefaultImpls::visitBranch (15 bytes)
Event: 5.371 Thread 0x000001f1a6862690 nmethod 11153 0x000001f18cd52990 code [0x000001f18cd52ba0, 0x000001f18cd53208]
Event: 5.371 Thread 0x000001f1a6862690 11117       3       org.jetbrains.kotlin.utils.SmartList::set (96 bytes)
Event: 5.372 Thread 0x000001f1a6862690 nmethod 11117 0x000001f18cf78b10 code [0x000001f18cf78da0, 0x000001f18cf79958]
Event: 5.372 Thread 0x000001f1a6862690 11100       3       org.jetbrains.kotlin.ir.expressions.IrWhen::transformChildren (16 bytes)
Event: 5.372 Thread 0x000001f1a6862690 nmethod 11100 0x000001f18cf77f90 code [0x000001f18cf781c0, 0x000001f18cf78898]
Event: 5.372 Thread 0x000001f1a6862690 11143       3       org.jetbrains.kotlin.ir.visitors.IrElementVisitorVoid$DefaultImpls::visitWhen (17 bytes)

GC Heap History (20 events):
Event: 1.938 GC heap before
{Heap before GC invocations=12 (full 0):
 garbage-first heap   total 75776K, used 49358K [0x0000000701400000, 0x0000000800000000)
  region size 2048K, 12 young (24576K), 2 survivors (4096K)
 Metaspace       used 49240K, committed 49472K, reserved 1114112K
  class space    used 5804K, committed 5888K, reserved 1048576K
}
Event: 1.948 GC heap after
{Heap after GC invocations=13 (full 0):
 garbage-first heap   total 135168K, used 37517K [0x0000000701400000, 0x0000000800000000)
  region size 2048K, 2 young (4096K), 2 survivors (4096K)
 Metaspace       used 49240K, committed 49472K, reserved 1114112K
  class space    used 5804K, committed 5888K, reserved 1048576K
}
Event: 2.381 GC heap before
{Heap before GC invocations=13 (full 0):
 garbage-first heap   total 135168K, used 90765K [0x0000000701400000, 0x0000000800000000)
  region size 2048K, 28 young (57344K), 2 survivors (4096K)
 Metaspace       used 53773K, committed 54080K, reserved 1114112K
  class space    used 6320K, committed 6464K, reserved 1048576K
}
Event: 2.392 GC heap after
{Heap after GC invocations=14 (full 0):
 garbage-first heap   total 135168K, used 48715K [0x0000000701400000, 0x0000000800000000)
  region size 2048K, 4 young (8192K), 4 survivors (8192K)
 Metaspace       used 53773K, committed 54080K, reserved 1114112K
  class space    used 6320K, committed 6464K, reserved 1048576K
}
Event: 2.904 GC heap before
{Heap before GC invocations=14 (full 0):
 garbage-first heap   total 135168K, used 93771K [0x0000000701400000, 0x0000000800000000)
  region size 2048K, 26 young (53248K), 4 survivors (8192K)
 Metaspace       used 55471K, committed 55808K, reserved 1114112K
  class space    used 6443K, committed 6592K, reserved 1048576K
}
Event: 2.916 GC heap after
{Heap after GC invocations=15 (full 0):
 garbage-first heap   total 135168K, used 57347K [0x0000000701400000, 0x0000000800000000)
  region size 2048K, 4 young (8192K), 4 survivors (8192K)
 Metaspace       used 55471K, committed 55808K, reserved 1114112K
  class space    used 6443K, committed 6592K, reserved 1048576K
}
Event: 3.226 GC heap before
{Heap before GC invocations=15 (full 0):
 garbage-first heap   total 135168K, used 96259K [0x0000000701400000, 0x0000000800000000)
  region size 2048K, 23 young (47104K), 4 survivors (8192K)
 Metaspace       used 57831K, committed 58112K, reserved 1114112K
  class space    used 6633K, committed 6720K, reserved 1048576K
}
Event: 3.237 GC heap after
{Heap after GC invocations=16 (full 0):
 garbage-first heap   total 135168K, used 63287K [0x0000000701400000, 0x0000000800000000)
  region size 2048K, 3 young (6144K), 3 survivors (6144K)
 Metaspace       used 57831K, committed 58112K, reserved 1114112K
  class space    used 6633K, committed 6720K, reserved 1048576K
}
Event: 3.689 GC heap before
{Heap before GC invocations=16 (full 0):
 garbage-first heap   total 135168K, used 98103K [0x0000000701400000, 0x0000000800000000)
  region size 2048K, 21 young (43008K), 3 survivors (6144K)
 Metaspace       used 60180K, committed 60416K, reserved 1114112K
  class space    used 6794K, committed 6912K, reserved 1048576K
}
Event: 3.700 GC heap after
{Heap after GC invocations=17 (full 0):
 garbage-first heap   total 190464K, used 68674K [0x0000000701400000, 0x0000000800000000)
  region size 2048K, 3 young (6144K), 3 survivors (6144K)
 Metaspace       used 60180K, committed 60416K, reserved 1114112K
  class space    used 6794K, committed 6912K, reserved 1048576K
}
Event: 4.060 GC heap before
{Heap before GC invocations=18 (full 0):
 garbage-first heap   total 190464K, used 130114K [0x0000000701400000, 0x0000000800000000)
  region size 2048K, 33 young (67584K), 3 survivors (6144K)
 Metaspace       used 60695K, committed 60928K, reserved 1114112K
  class space    used 6835K, committed 6912K, reserved 1048576K
}
Event: 4.072 GC heap after
{Heap after GC invocations=19 (full 0):
 garbage-first heap   total 190464K, used 80903K [0x0000000701400000, 0x0000000800000000)
  region size 2048K, 5 young (10240K), 5 survivors (10240K)
 Metaspace       used 60695K, committed 60928K, reserved 1114112K
  class space    used 6835K, committed 6912K, reserved 1048576K
}
Event: 4.094 GC heap before
{Heap before GC invocations=19 (full 0):
 garbage-first heap   total 190464K, used 80903K [0x0000000701400000, 0x0000000800000000)
  region size 2048K, 6 young (12288K), 5 survivors (10240K)
 Metaspace       used 61390K, committed 61696K, reserved 1114112K
  class space    used 6892K, committed 7040K, reserved 1048576K
}
Event: 4.102 GC heap after
{Heap after GC invocations=20 (full 0):
 garbage-first heap   total 190464K, used 81324K [0x0000000701400000, 0x0000000800000000)
  region size 2048K, 1 young (2048K), 1 survivors (2048K)
 Metaspace       used 61390K, committed 61696K, reserved 1114112K
  class space    used 6892K, committed 7040K, reserved 1048576K
}
Event: 4.597 GC heap before
{Heap before GC invocations=20 (full 0):
 garbage-first heap   total 190464K, used 134572K [0x0000000701400000, 0x0000000800000000)
  region size 2048K, 27 young (55296K), 1 survivors (2048K)
 Metaspace       used 67087K, committed 67456K, reserved 1114112K
  class space    used 7443K, committed 7616K, reserved 1048576K
}
Event: 4.603 GC heap after
{Heap after GC invocations=21 (full 0):
 garbage-first heap   total 190464K, used 89160K [0x0000000701400000, 0x0000000800000000)
  region size 2048K, 4 young (8192K), 4 survivors (8192K)
 Metaspace       used 67087K, committed 67456K, reserved 1114112K
  class space    used 7443K, committed 7616K, reserved 1048576K
}
Event: 4.896 GC heap before
{Heap before GC invocations=21 (full 0):
 garbage-first heap   total 190464K, used 138312K [0x0000000701400000, 0x0000000800000000)
  region size 2048K, 29 young (59392K), 4 survivors (8192K)
 Metaspace       used 69012K, committed 69312K, reserved 1114112K
  class space    used 7550K, committed 7680K, reserved 1048576K
}
Event: 4.910 GC heap after
{Heap after GC invocations=22 (full 0):
 garbage-first heap   total 190464K, used 99592K [0x0000000701400000, 0x0000000800000000)
  region size 2048K, 4 young (8192K), 4 survivors (8192K)
 Metaspace       used 69012K, committed 69312K, reserved 1114112K
  class space    used 7550K, committed 7680K, reserved 1048576K
}
Event: 5.267 GC heap before
{Heap before GC invocations=22 (full 0):
 garbage-first heap   total 190464K, used 144648K [0x0000000701400000, 0x0000000800000000)
  region size 2048K, 26 young (53248K), 4 survivors (8192K)
 Metaspace       used 73573K, committed 73984K, reserved 1179648K
  class space    used 7990K, committed 8192K, reserved 1048576K
}
Event: 5.275 GC heap after
{Heap after GC invocations=23 (full 0):
 garbage-first heap   total 380928K, used 102979K [0x0000000701400000, 0x0000000800000000)
  region size 2048K, 2 young (4096K), 2 survivors (4096K)
 Metaspace       used 73573K, committed 73984K, reserved 1179648K
  class space    used 7990K, committed 8192K, reserved 1048576K
}

Dll operation events (2 events):
Event: 0.003 Loaded shared library C:\Program Files\Android\Android Studio\jbr\bin\java.dll
Event: 0.619 Loaded shared library C:\Program Files\Android\Android Studio\jbr\bin\verify.dll

Deoptimization events (20 events):
Event: 5.341 Thread 0x000001f185cbe800 Uncommon trap: trap_request=0xffffffde fr.pc=0x000001f192d15354 relative=0x00000000000000b4
Event: 5.341 Thread 0x000001f185cbe800 Uncommon trap: reason=class_check action=maybe_recompile pc=0x000001f192d15354 method=java.lang.Character.codePointAt(Ljava/lang/CharSequence;I)I @ 2 c2
Event: 5.341 Thread 0x000001f185cbe800 DEOPT PACKING pc=0x000001f192d15354 sp=0x0000002087afdf30
Event: 5.341 Thread 0x000001f185cbe800 DEOPT UNPACKING pc=0x000001f1926f69a3 sp=0x0000002087afdec8 mode 2
Event: 5.343 Thread 0x000001f185cbe800 Uncommon trap: trap_request=0xffffffde fr.pc=0x000001f192c8f530 relative=0x0000000000000cb0
Event: 5.343 Thread 0x000001f185cbe800 Uncommon trap: reason=class_check action=maybe_recompile pc=0x000001f192c8f530 method=org.jetbrains.kotlin.ir.visitors.IrElementTransformerVoid.visitValueParameter(Lorg/jetbrains/kotlin/ir/declarations/IrValueParameter;Ljava/lang/Void;)Lorg/jetbrains/kotl
Event: 5.343 Thread 0x000001f185cbe800 DEOPT PACKING pc=0x000001f192c8f530 sp=0x0000002087afd8c0
Event: 5.343 Thread 0x000001f185cbe800 DEOPT UNPACKING pc=0x000001f1926f69a3 sp=0x0000002087afd830 mode 2
Event: 5.343 Thread 0x000001f185cbe800 Uncommon trap: trap_request=0xffffffde fr.pc=0x000001f192c8f530 relative=0x0000000000000cb0
Event: 5.343 Thread 0x000001f185cbe800 Uncommon trap: reason=class_check action=maybe_recompile pc=0x000001f192c8f530 method=org.jetbrains.kotlin.ir.visitors.IrElementTransformerVoid.visitValueParameter(Lorg/jetbrains/kotlin/ir/declarations/IrValueParameter;Ljava/lang/Void;)Lorg/jetbrains/kotl
Event: 5.343 Thread 0x000001f185cbe800 DEOPT PACKING pc=0x000001f192c8f530 sp=0x0000002087afd8c0
Event: 5.343 Thread 0x000001f185cbe800 DEOPT UNPACKING pc=0x000001f1926f69a3 sp=0x0000002087afd830 mode 2
Event: 5.343 Thread 0x000001f185cbe800 Uncommon trap: trap_request=0xffffffde fr.pc=0x000001f192c8f530 relative=0x0000000000000cb0
Event: 5.343 Thread 0x000001f185cbe800 Uncommon trap: reason=class_check action=maybe_recompile pc=0x000001f192c8f530 method=org.jetbrains.kotlin.ir.visitors.IrElementTransformerVoid.visitValueParameter(Lorg/jetbrains/kotlin/ir/declarations/IrValueParameter;Ljava/lang/Void;)Lorg/jetbrains/kotl
Event: 5.343 Thread 0x000001f185cbe800 DEOPT PACKING pc=0x000001f192c8f530 sp=0x0000002087afd8c0
Event: 5.343 Thread 0x000001f185cbe800 DEOPT UNPACKING pc=0x000001f1926f69a3 sp=0x0000002087afd830 mode 2
Event: 5.343 Thread 0x000001f185cbe800 Uncommon trap: trap_request=0xffffffde fr.pc=0x000001f192c8f530 relative=0x0000000000000cb0
Event: 5.343 Thread 0x000001f185cbe800 Uncommon trap: reason=class_check action=maybe_recompile pc=0x000001f192c8f530 method=org.jetbrains.kotlin.ir.visitors.IrElementTransformerVoid.visitValueParameter(Lorg/jetbrains/kotlin/ir/declarations/IrValueParameter;Ljava/lang/Void;)Lorg/jetbrains/kotl
Event: 5.343 Thread 0x000001f185cbe800 DEOPT PACKING pc=0x000001f192c8f530 sp=0x0000002087afdc20
Event: 5.343 Thread 0x000001f185cbe800 DEOPT UNPACKING pc=0x000001f1926f69a3 sp=0x0000002087afdb90 mode 2

Classes unloaded (0 events):
No events

Classes redefined (0 events):
No events

Internal exceptions (20 events):
Event: 3.599 Thread 0x000001f185cbe800 Implicit null exception at 0x000001f19300f6e8 to 0x000001f1930130c4
Event: 3.606 Thread 0x000001f185cbe800 Exception <a 'java/lang/NoSuchMethodError'{0x0000000708207b40}: 'java.lang.Object java.lang.invoke.DirectMethodHandle$Holder.newInvokeSpecial(java.lang.Object, java.lang.Object, int, java.lang.Object, java.lang.Object, java.lang.Object)'> (0x0000000708207b40) 
thrown [s\src\hotspot\share\interpreter\linkResolver.cpp, line 771]
Event: 3.606 Thread 0x000001f185cbe800 Exception <a 'java/lang/NoSuchMethodError'{0x000000070820beb0}: 'java.lang.Object java.lang.invoke.DirectMethodHandle$Holder.invokeSpecial(java.lang.Object, java.lang.Object, java.lang.Object, int, java.lang.Object, java.lang.Object, java.lang.Object)'> (0x000000070820beb0) 
thrown [s\src\hotspot\share\interpreter\linkResolver.cpp, line 771]
Event: 3.606 Thread 0x000001f185cbe800 Exception <a 'java/lang/NoSuchMethodError'{0x000000070820f790}: 'java.lang.Object java.lang.invoke.Invokers$Holder.linkToTargetMethod(java.lang.Object, int, java.lang.Object, java.lang.Object, java.lang.Object, java.lang.Object)'> (0x000000070820f790) 
thrown [s\src\hotspot\share\interpreter\linkResolver.cpp, line 771]
Event: 3.664 Thread 0x000001f185cbe800 Exception <a 'java/lang/NoSuchMethodError'{0x0000000707ad6368}: 'java.lang.Object java.lang.invoke.DirectMethodHandle$Holder.newInvokeSpecial(java.lang.Object, java.lang.Object, java.lang.Object, java.lang.Object, java.lang.Object, java.lang.Object, int)'> (0x0000000707ad6368) 
thrown [s\src\hotspot\share\interpreter\linkResolver.cpp, line 771]
Event: 4.128 Thread 0x000001f185cbe800 Implicit null exception at 0x000001f192d692f5 to 0x000001f192d69a78
Event: 4.129 Thread 0x000001f185cbe800 Implicit null exception at 0x000001f192d60cf2 to 0x000001f192d61484
Event: 4.148 Thread 0x000001f185cbe800 Exception <a 'java/lang/NoSuchMethodError'{0x000000070c7c3c20}: 'java.lang.Object java.lang.invoke.DirectMethodHandle$Holder.invokeStatic(java.lang.Object, java.lang.Object, int)'> (0x000000070c7c3c20) 
thrown [s\src\hotspot\share\interpreter\linkResolver.cpp, line 771]
Event: 4.302 Thread 0x000001f185cbe800 Exception <a 'java/lang/NoSuchMethodError'{0x000000070b9ec598}: 'java.lang.Object java.lang.invoke.DirectMethodHandle$Holder.invokeStatic(java.lang.Object, java.lang.Object, int, int)'> (0x000000070b9ec598) 
thrown [s\src\hotspot\share\interpreter\linkResolver.cpp, line 771]
Event: 4.302 Thread 0x000001f185cbe800 Exception <a 'java/lang/NoSuchMethodError'{0x000000070b9f40a8}: 'java.lang.Object java.lang.invoke.DirectMethodHandle$Holder.newInvokeSpecial(java.lang.Object, java.lang.Object, int, int)'> (0x000000070b9f40a8) 
thrown [s\src\hotspot\share\interpreter\linkResolver.cpp, line 771]
Event: 4.302 Thread 0x000001f185cbe800 Exception <a 'java/lang/NoSuchMethodError'{0x000000070b9f8868}: 'java.lang.Object java.lang.invoke.DirectMethodHandle$Holder.invokeSpecial(java.lang.Object, java.lang.Object, java.lang.Object, int, int)'> (0x000000070b9f8868) 
thrown [s\src\hotspot\share\interpreter\linkResolver.cpp, line 771]
Event: 4.302 Thread 0x000001f185cbe800 Exception <a 'java/lang/NoSuchMethodError'{0x000000070b9fc988}: 'java.lang.Object java.lang.invoke.Invokers$Holder.linkToTargetMethod(java.lang.Object, int, int, java.lang.Object)'> (0x000000070b9fc988) 
thrown [s\src\hotspot\share\interpreter\linkResolver.cpp, line 771]
Event: 4.798 Thread 0x000001f185cbe800 Implicit null exception at 0x000001f193159bad to 0x000001f193159dfc
Event: 5.013 Thread 0x000001f185cbe800 Implicit null exception at 0x000001f193007800 to 0x000001f193008bec
Event: 5.091 Thread 0x000001f185cbe800 Exception <a 'java/lang/NoSuchMethodError'{0x000000070b057898}: 'java.lang.Object java.lang.invoke.DirectMethodHandle$Holder.newInvokeSpecial(java.lang.Object, java.lang.Object, java.lang.Object, java.lang.Object, int, java.lang.Object, java.lang.Object, java.lang.Object)'> (0x000000070b057898) 
thrown [s\src\hotspot\share\interpreter\linkResolver.cpp, line 771]
Event: 5.092 Thread 0x000001f185cbe800 Exception <a 'java/lang/NoSuchMethodError'{0x000000070b06ac88}: 'java.lang.Object java.lang.invoke.DirectMethodHandle$Holder.newInvokeSpecial(java.lang.Object, java.lang.Object, java.lang.Object, java.lang.Object, int, java.lang.Object)'> (0x000000070b06ac88) 
thrown [s\src\hotspot\share\interpreter\linkResolver.cpp, line 771]
Event: 5.092 Thread 0x000001f185cbe800 Exception <a 'java/lang/NoSuchMethodError'{0x000000070b06f2a0}: 'java.lang.Object java.lang.invoke.DirectMethodHandle$Holder.invokeSpecial(java.lang.Object, java.lang.Object, java.lang.Object, java.lang.Object, java.lang.Object, int, java.lang.Object)'> (0x000000070b06f2a0) 
thrown [s\src\hotspot\share\interpreter\linkResolver.cpp, line 771]
Event: 5.092 Thread 0x000001f185cbe800 Exception <a 'java/lang/NoSuchMethodError'{0x000000070b073120}: 'java.lang.Object java.lang.invoke.Invokers$Holder.linkToTargetMethod(java.lang.Object, java.lang.Object, java.lang.Object, int, java.lang.Object, java.lang.Object)'> (0x000000070b073120) 
thrown [s\src\hotspot\share\interpreter\linkResolver.cpp, line 771]
Event: 5.092 Thread 0x000001f185cbe800 Exception <a 'java/lang/NoSuchMethodError'{0x000000070b076c90}: 'java.lang.Object java.lang.invoke.DirectMethodHandle$Holder.invokeStatic(java.lang.Object, java.lang.Object, java.lang.Object, java.lang.Object, int, java.lang.Object)'> (0x000000070b076c90) 
thrown [s\src\hotspot\share\interpreter\linkResolver.cpp, line 771]
Event: 5.195 Thread 0x000001f185cbe800 Exception <a 'java/lang/NoSuchMethodError'{0x000000070a6330c8}: 'java.lang.Object java.lang.invoke.DirectMethodHandle$Holder.newInvokeSpecial(java.lang.Object, int, java.lang.Object, int)'> (0x000000070a6330c8) 
thrown [s\src\hotspot\share\interpreter\linkResolver.cpp, line 771]

VM Operations (20 events):
Event: 5.206 Executing VM operation: HandshakeAllThreads
Event: 5.206 Executing VM operation: HandshakeAllThreads done
Event: 5.207 Executing VM operation: HandshakeAllThreads
Event: 5.207 Executing VM operation: HandshakeAllThreads done
Event: 5.222 Executing VM operation: HandshakeAllThreads
Event: 5.222 Executing VM operation: HandshakeAllThreads done
Event: 5.242 Executing VM operation: HandshakeAllThreads
Event: 5.242 Executing VM operation: HandshakeAllThreads done
Event: 5.261 Executing VM operation: ICBufferFull
Event: 5.261 Executing VM operation: ICBufferFull done
Event: 5.267 Executing VM operation: G1CollectForAllocation
Event: 5.275 Executing VM operation: G1CollectForAllocation done
Event: 5.343 Executing VM operation: HandshakeAllThreads
Event: 5.343 Executing VM operation: HandshakeAllThreads done
Event: 5.345 Executing VM operation: ICBufferFull
Event: 5.345 Executing VM operation: ICBufferFull done
Event: 5.347 Executing VM operation: G1Concurrent
Event: 5.351 Executing VM operation: G1Concurrent done
Event: 5.369 Executing VM operation: HandshakeAllThreads
Event: 5.369 Executing VM operation: HandshakeAllThreads done

Events (20 events):
Event: 5.260 Thread 0x000001f1a6863080 flushing nmethod 0x000001f18cf96c10
Event: 5.260 Thread 0x000001f1a6863080 flushing nmethod 0x000001f18cf97310
Event: 5.260 Thread 0x000001f1a6863080 flushing nmethod 0x000001f18cf97990
Event: 5.260 Thread 0x000001f1a6863080 flushing nmethod 0x000001f18cf98010
Event: 5.260 Thread 0x000001f1a6863080 flushing nmethod 0x000001f18cf98d90
Event: 5.260 Thread 0x000001f1a6863080 flushing nmethod 0x000001f18cf9dd90
Event: 5.260 Thread 0x000001f1a6863080 flushing nmethod 0x000001f18cfa1390
Event: 5.260 Thread 0x000001f1a6863080 flushing nmethod 0x000001f18cfab510
Event: 5.260 Thread 0x000001f1a6863080 flushing nmethod 0x000001f18cfec590
Event: 5.260 Thread 0x000001f1a6863080 flushing nmethod 0x000001f18cfed790
Event: 5.260 Thread 0x000001f1a6863080 flushing nmethod 0x000001f18cff4210
Event: 5.260 Thread 0x000001f1a6863080 flushing nmethod 0x000001f18cff5590
Event: 5.260 Thread 0x000001f1a6863080 flushing nmethod 0x000001f18cff8690
Event: 5.261 Thread 0x000001f1a6863080 flushing nmethod 0x000001f18d0bf910
Event: 5.261 Thread 0x000001f1a6863080 flushing nmethod 0x000001f18d0c0310
Event: 5.261 Thread 0x000001f1a6863080 flushing nmethod 0x000001f18d0c0f90
Event: 5.261 Thread 0x000001f1a6863080 flushing nmethod 0x000001f18d0c2710
Event: 5.261 Thread 0x000001f1a6863080 flushing nmethod 0x000001f18d14e090
Event: 5.341 loading class java/util/regex/Pattern$StartS
Event: 5.341 loading class java/util/regex/Pattern$StartS done


Dynamic libraries:
0x00007ff6c4110000 - 0x00007ff6c411a000 	C:\Program Files\Android\Android Studio\jbr\bin\java.exe
0x00007ff9ed7e0000 - 0x00007ff9ed9ce000 	C:\Windows\SYSTEM32\ntdll.dll
0x00007ff9eaeb0000 - 0x00007ff9eaf63000 	C:\Windows\System32\KERNEL32.DLL
0x00007ff9ea630000 - 0x00007ff9ea8cd000 	C:\Windows\System32\KERNELBASE.dll
0x00007ff9ea220000 - 0x00007ff9ea31a000 	C:\Windows\System32\ucrtbase.dll
0x00007ff9c2740000 - 0x00007ff9c2757000 	C:\Program Files\Android\Android Studio\jbr\bin\jli.dll
0x00007ff9de8f0000 - 0x00007ff9de90b000 	C:\Program Files\Android\Android Studio\jbr\bin\VCRUNTIME140.dll
0x00007ff9eb3d0000 - 0x00007ff9eb567000 	C:\Windows\System32\USER32.dll
0x00007ff9ea320000 - 0x00007ff9ea340000 	C:\Windows\System32\win32u.dll
0x00007ff9d1040000 - 0x00007ff9d12b9000 	C:\Windows\WinSxS\amd64_microsoft.windows.common-controls_6595b64144ccf1df_6.0.17763.5696_none_de7663245346b1ca\COMCTL32.dll
0x00007ff9ed6e0000 - 0x00007ff9ed709000 	C:\Windows\System32\GDI32.dll
0x00007ff9ed240000 - 0x00007ff9ed2de000 	C:\Windows\System32\msvcrt.dll
0x00007ff9ea070000 - 0x00007ff9ea21a000 	C:\Windows\System32\gdi32full.dll
0x00007ff9ea9d0000 - 0x00007ff9eacfb000 	C:\Windows\System32\combase.dll
0x00007ff9ea540000 - 0x00007ff9ea5e0000 	C:\Windows\System32\msvcp_win.dll
0x00007ff9ed2e0000 - 0x00007ff9ed3f8000 	C:\Windows\System32\RPCRT4.dll
0x00007ff9e9f80000 - 0x00007ff9ea002000 	C:\Windows\System32\bcryptPrimitives.dll
0x00007ff9ed160000 - 0x00007ff9ed18e000 	C:\Windows\System32\IMM32.DLL
0x00007ff9e57c0000 - 0x00007ff9e57cc000 	C:\Program Files\Android\Android Studio\jbr\bin\vcruntime140_1.dll
0x00007ff9de860000 - 0x00007ff9de8ed000 	C:\Program Files\Android\Android Studio\jbr\bin\msvcp140.dll
0x00007ff9a8980000 - 0x00007ff9a9600000 	C:\Program Files\Android\Android Studio\jbr\bin\server\jvm.dll
0x00007ff9ead00000 - 0x00007ff9eada8000 	C:\Windows\System32\ADVAPI32.dll
0x00007ff9eb320000 - 0x00007ff9eb3c2000 	C:\Windows\System32\sechost.dll
0x00007ff9ea8f0000 - 0x00007ff9ea916000 	C:\Windows\System32\bcrypt.dll
0x00007ff9e5f80000 - 0x00007ff9e5fa4000 	C:\Windows\SYSTEM32\WINMM.dll
0x00007ff9d58c0000 - 0x00007ff9d58c9000 	C:\Windows\SYSTEM32\WSOCK32.dll
0x00007ff9e3bb0000 - 0x00007ff9e3bba000 	C:\Windows\SYSTEM32\VERSION.dll
0x00007ff9ed710000 - 0x00007ff9ed77d000 	C:\Windows\System32\WS2_32.dll
0x00007ff9e5d60000 - 0x00007ff9e5d8d000 	C:\Windows\SYSTEM32\winmmbase.dll
0x00007ff9ea5e0000 - 0x00007ff9ea62a000 	C:\Windows\System32\cfgmgr32.dll
0x00007ff9e97e0000 - 0x00007ff9e97f1000 	C:\Windows\System32\kernel.appcore.dll
0x00007ff9e55d0000 - 0x00007ff9e55da000 	C:\Program Files\Android\Android Studio\jbr\bin\jimage.dll
0x00007ff9d5150000 - 0x00007ff9d533d000 	C:\Windows\SYSTEM32\DBGHELP.DLL
0x00007ff9d4270000 - 0x00007ff9d429a000 	C:\Windows\SYSTEM32\dbgcore.DLL
0x00007ff9dfd20000 - 0x00007ff9dfd45000 	C:\Program Files\Android\Android Studio\jbr\bin\java.dll
0x00007ff9e4550000 - 0x00007ff9e4568000 	C:\Program Files\Android\Android Studio\jbr\bin\zip.dll
0x00007ff9ebb30000 - 0x00007ff9ed028000 	C:\Windows\System32\SHELL32.dll
0x00007ff9ed030000 - 0x00007ff9ed0d7000 	C:\Windows\System32\shcore.dll
0x00007ff9e9830000 - 0x00007ff9e9f77000 	C:\Windows\System32\windows.storage.dll
0x00007ff9e9800000 - 0x00007ff9e9823000 	C:\Windows\System32\profapi.dll
0x00007ff9e9780000 - 0x00007ff9e97dd000 	C:\Windows\System32\powrprof.dll
0x00007ff9eb2c0000 - 0x00007ff9eb312000 	C:\Windows\System32\shlwapi.dll
0x00007ff9ea8d0000 - 0x00007ff9ea8eb000 	C:\Windows\System32\cryptsp.dll
0x00007ff9e0220000 - 0x00007ff9e0239000 	C:\Program Files\Android\Android Studio\jbr\bin\net.dll
0x00007ff9e5000000 - 0x00007ff9e50fd000 	C:\Windows\SYSTEM32\WINHTTP.dll
0x00007ff9e8fb0000 - 0x00007ff9e9017000 	C:\Windows\system32\mswsock.dll
0x00007ff9dc8b0000 - 0x00007ff9dc8c6000 	C:\Program Files\Android\Android Studio\jbr\bin\nio.dll
0x00007ff9e3800000 - 0x00007ff9e3810000 	C:\Program Files\Android\Android Studio\jbr\bin\verify.dll

dbghelp: loaded successfully - version: 4.0.5 - missing functions: none
symbol engine: initialized successfully - sym options: 0x614 - pdb path: .;C:\Program Files\Android\Android Studio\jbr\bin;C:\Windows\SYSTEM32;C:\Windows\WinSxS\amd64_microsoft.windows.common-controls_6595b64144ccf1df_6.0.17763.5696_none_de7663245346b1ca;C:\Program Files\Android\Android Studio\jbr\bin\server

VM Arguments:
java_command: org.jetbrains.kotlin.cli.jvm.K2JVMCompiler @C:\User\pr111rybakov\AndroidStudioProjects\UmnuiDomikYoYoYo\app\build\20241123_7633222878821569052.compiler.options
java_class_path (initial): C:\User\pr111rybakov\.gradle\caches\modules-2\files-2.1\org.jetbrains.kotlin\kotlin-compiler-embeddable\2.0.21\79346ed53db48b18312a472602eb5c057070c54d\kotlin-compiler-embeddable-2.0.21.jar;C:\User\pr111rybakov\.gradle\caches\modules-2\files-2.1\org.jetbrains.kotlin\kotlin-stdlib\2.0.21\618b539767b4899b4660a83006e052b63f1db551\kotlin-stdlib-2.0.21.jar;C:\User\pr111rybakov\.gradle\caches\modules-2\files-2.1\org.jetbrains.kotlin\kotlin-script-runtime\2.0.21\c9b044380ad41f89aa89aa896c2d32a8c0b2129d\kotlin-script-runtime-2.0.21.jar;C:\User\pr111rybakov\.gradle\caches\modules-2\files-2.1\org.jetbrains.kotlin\kotlin-reflect\1.6.10\1cbe9c92c12a94eea200d23c2bbaedaf3daf5132\kotlin-reflect-1.6.10.jar;C:\User\pr111rybakov\.gradle\caches\modules-2\files-2.1\org.jetbrains.kotlin\kotlin-daemon-embeddable\2.0.21\c9e933b23287de9b5a17e2116b4657bb91aea72c\kotlin-daemon-embeddable-2.0.21.jar;C:\User\pr111rybakov\.gradle\caches\modules-2\files-2.1\org.jetbrains.intellij.deps\trove4j\1.0.20200330\3afb14d5f9ceb459d724e907a21145e8ff394f02\trove4j-1.0.20200330.jar;C:\User\pr111rybakov\.gradle\caches\modules-2\files-2.1\org.jetbrains.kotlinx\kotlinx-coroutines-core-jvm\1.6.4\2c997cd1c0ef33f3e751d3831929aeff1390cb30\kotlinx-coroutines-core-jvm-1.6.4.jar;C:\User\pr111rybakov\.gradle\caches\modules-2\files-2.1\org.jetbrains\annotations\13.0\919f0dfe192fb4e063e7dacadee7f8bb9a2672a9\annotations-13.0.jar
Launcher Type: SUN_STANDARD

[Global flags]
     intx CICompilerCount                          = 4                                         {product} {ergonomic}
     uint ConcGCThreads                            = 2                                         {product} {ergonomic}
     uint G1ConcRefinementThreads                  = 8                                         {product} {ergonomic}
   size_t G1HeapRegionSize                         = 2097152                                   {product} {ergonomic}
    uintx GCDrainStackTargetSize                   = 64                                        {product} {ergonomic}
   size_t InitialHeapSize                          = 268435456                                 {product} {ergonomic}
   size_t MarkStackSize                            = 4194304                                   {product} {ergonomic}
   size_t MaxHeapSize                              = 4273995776                                {product} {ergonomic}
   size_t MaxNewSize                               = 2562719744                                {product} {ergonomic}
   size_t MinHeapDeltaBytes                        = 2097152                                   {product} {ergonomic}
   size_t MinHeapSize                              = 8388608                                   {product} {ergonomic}
    uintx NonNMethodCodeHeapSize                   = 5839372                                {pd product} {ergonomic}
    uintx NonProfiledCodeHeapSize                  = 122909434                              {pd product} {ergonomic}
    uintx ProfiledCodeHeapSize                     = 122909434                              {pd product} {ergonomic}
    uintx ReservedCodeCacheSize                    = 251658240                              {pd product} {ergonomic}
     bool SegmentedCodeCache                       = true                                      {product} {ergonomic}
   size_t SoftMaxHeapSize                          = 4273995776                             {manageable} {ergonomic}
     bool UseCompressedClassPointers               = true                           {product lp64_product} {ergonomic}
     bool UseCompressedOops                        = true                           {product lp64_product} {ergonomic}
     bool UseG1GC                                  = true                                      {product} {ergonomic}
     bool UseLargePagesIndividualAllocation        = false                                  {pd product} {ergonomic}

Logging:
Log output configuration:
 #0: stdout all=warning uptime,level,tags
 #1: stderr all=off uptime,level,tags

Environment Variables:
JAVA_HOME=C:\Program Files\Android\Jdk\microsoft_dist_openjdk_1.8.0.25
PATH=C:\Program Files\Python312\Scripts\;C:\Program Files\Python312\;C:\Program Files\Python311\Scripts\;C:\Program Files\Python311\;C:\Program Files (x86)\Python38\Scripts\;C:\Program Files (x86)\Python38\;C:\Program Files\Microsoft MPI\Bin\;C:\Program Files (x86)\Common Files\Oracle\Java\javapath;C:\Windows\system32;C:\Windows;C:\Windows\System32\Wbem;C:\Windows\System32\WindowsPowerShell\v1.0\;C:\Windows\System32\OpenSSH\;C:\Program Files (x86)\Microsoft SQL Server\150\DTS\Binn\;C:\Program Files\dotnet\;C:\Program Files\Microsoft SQL Server\130\Tools\Binn\;C:\Program Files (x86)\Microsoft SQL Server\140\Tools\Binn\;C:\Program Files\Microsoft SQL Server\140\Tools\Binn\;C:\Program Files (x86)\Microsoft SQL Server\140\DTS\Binn\;C:\Program Files\Microsoft SQL Server\140\DTS\Binn\;C:\Program Files\Microsoft SQL Server\Client SDK\ODBC\130\Tools\Binn\;C:\Program Files\Microsoft SQL Server\Client SDK\ODBC\170\Tools\Binn\;C:\Program Files (x86)\IncrediBuild;C:\Program Files (x86)\NVIDIA Corporation\PhysX\Common;C:\Program Files\Git\cmd;C:\Program Files\Azure Data Studio\bin;C:\Program Files\Microsoft VS Code\bin;C:\Program Files (x86)\Kaspersky Lab\KES.12.2.0\;C:\User\pr111rybakov\AppData\Local\Microsoft\WindowsApps;
USERNAME=pr111rybakov
OS=Windows_NT
PROCESSOR_IDENTIFIER=Intel64 Family 6 Model 158 Stepping 13, GenuineIntel
TMP=C:\User\pr111rybakov\AppData\Local\Temp
TEMP=C:\User\pr111rybakov\AppData\Local\Temp


JNI global refs:
JNI global refs: 12, weak refs: 21

JNI global refs memory usage: 843, weak refs: 841

OOME stack traces (most recent first):
Classloader memory used:
Loader jdk.internal.loader.ClassLoaders$AppClassLoader                                 : 7843K
Loader bootstrap                                                                       : 1312K
Loader java.net.URLClassLoader                                                         : 141K
Loader jdk.internal.reflect.DelegatingClassLoader                                      : 2131B


---------------  S Y S T E M  ---------------

OS:
 Windows 10 , 64 bit Build 17763 (10.0.17763.4974)
OS uptime: 0 days 3:33 hours

CPU: total 8 (initial active 8) (8 cores per cpu, 1 threads per core) family 6 model 158 stepping 13 microcode 0xde, cx8, cmov, fxsr, mmx, 3dnowpref, sse, sse2, sse3, ssse3, sse4.1, sse4.2, popcnt, lzcnt, tsc, tscinvbit, avx, avx2, aes, erms, clmul, bmi1, bmi2, adx, fma, vzeroupper, clflush, clflushopt

Memory: 4k page, system-wide physical 16303M (2946M free)
TotalPageFile size 16303M (AvailPageFile size 5M)
current process WorkingSet (physical memory assigned to process): 421M, peak: 430M
current process commit charge ("private bytes"): 638M, peak: 638M

vm_info: OpenJDK 64-Bit Server VM (17.0.7+0-b2043.56-10550314) for windows-amd64 JRE (17.0.7+0-b2043.56-10550314), built on Jul 24 2023 18:27:45 by "androidbuild" with MS VC++ 16.10 / 16.11 (VS2019)

END.
