#
# There is insufficient memory for the Java Runtime Environment to continue.
# Native memory allocation (malloc) failed to allocate 1061616 bytes for Chunk::new
# Possible reasons:
#   The system is out of physical RAM or swap space
#   The process is running with CompressedOops enabled, and the Java Heap may be blocking the growth of the native heap
# Possible solutions:
#   Reduce memory load on the system
#   Increase physical memory or swap space
#   Check if swap backing store is full
#   Decrease Java heap size (-Xmx/-Xms)
#   Decrease number of Java threads
#   Decrease Java thread stack sizes (-Xss)
#   Set larger code cache with -XX:ReservedCodeCacheSize=
#   JVM is running with Zero Based Compressed Oops mode in which the Java heap is
#     placed in the first 32GB address space. The Java Heap base address is the
#     maximum limit for the native heap growth. Please use -XX:HeapBaseMinAddress
#     to set the Java Heap base and to place the Java Heap above 32GB virtual address.
# This output file may be truncated or incomplete.
#
#  Out of Memory Error (arena.cpp:189), pid=12176, tid=13748
#
# JRE version: OpenJDK Runtime Environment (17.0.7) (build 17.0.7+0-b2043.56-10550314)
# Java VM: OpenJDK 64-Bit Server VM (17.0.7+0-b2043.56-10550314, mixed mode, tiered, compressed oops, compressed class ptrs, g1 gc, windows-amd64)
# No core dump will be written. Minidumps are not enabled by default on client versions of Windows
#

---------------  S U M M A R Y ------------

Command Line: org.jetbrains.kotlin.cli.jvm.K2JVMCompiler @C:\User\pr111rybakov\AndroidStudioProjects\UmnuiDomikYoYoYo\app\build\20241122_5894499912545882170.compiler.options

Host: Intel(R) Core(TM) i7-9700 CPU @ 3.00GHz, 8 cores, 15G,  Windows 10 , 64 bit Build 17763 (10.0.17763.4974)
Time: Fri Nov 22 14:20:31 2024 ќмское стандартное врем€ elapsed time: 3.526365 seconds (0d 0h 0m 3s)

---------------  T H R E A D  ---------------

Current thread (0x000002d4b7208250):  JavaThread "C2 CompilerThread2" daemon [_thread_in_native, id=13748, stack(0x000000e63b100000,0x000000e63b200000)]


Current CompileTask:
C2:   3526 6276       4       org.jetbrains.org.objectweb.asm.ClassReader::readMethod (1061 bytes)

Stack: [0x000000e63b100000,0x000000e63b200000]
Native frames: (J=compiled Java code, j=interpreted, Vv=VM code, C=native code)
V  [jvm.dll+0x683bfa]
V  [jvm.dll+0x8430a4]
V  [jvm.dll+0x8449be]
V  [jvm.dll+0x845023]
V  [jvm.dll+0x24ad2f]
V  [jvm.dll+0xac25c]
V  [jvm.dll+0xac82c]
V  [jvm.dll+0x2b218f]
V  [jvm.dll+0x58c2f7]
V  [jvm.dll+0x225a12]
V  [jvm.dll+0x225def]
V  [jvm.dll+0x21f0b5]
V  [jvm.dll+0x21c56b]
V  [jvm.dll+0x1a605d]
V  [jvm.dll+0x22c148]
V  [jvm.dll+0x22a209]
V  [jvm.dll+0x7f858c]
V  [jvm.dll+0x7f2aea]
V  [jvm.dll+0x682a35]
C  [ucrtbase.dll+0x2268a]
C  [KERNEL32.DLL+0x17ac4]
C  [ntdll.dll+0x5a4e1]


---------------  P R O C E S S  ---------------

Threads class SMR info:
_java_thread_list=0x000002d4b8a8f520, length=14, elements={
0x000002d4920aa1d0, 0x000002d4b0c1e630, 0x000002d4b0c200b0, 0x000002d4b0c25f90,
0x000002d4b0c53a80, 0x000002d4b0c55100, 0x000002d4b0c58590, 0x000002d4b0c59df0,
0x000002d4b0c71550, 0x000002d4b0c72a10, 0x000002d4b0dd1470, 0x000002d4b0dde010,
0x000002d4b5a23100, 0x000002d4b7208250
}

Java Threads: ( => current thread )
  0x000002d4920aa1d0 JavaThread "main" [_thread_in_Java, id=13932, stack(0x000000e639600000,0x000000e639700000)]
  0x000002d4b0c1e630 JavaThread "Reference Handler" daemon [_thread_blocked, id=13316, stack(0x000000e639d00000,0x000000e639e00000)]
  0x000002d4b0c200b0 JavaThread "Finalizer" daemon [_thread_blocked, id=9248, stack(0x000000e639e00000,0x000000e639f00000)]
  0x000002d4b0c25f90 JavaThread "Signal Dispatcher" daemon [_thread_blocked, id=1036, stack(0x000000e639f00000,0x000000e63a000000)]
  0x000002d4b0c53a80 JavaThread "Attach Listener" daemon [_thread_blocked, id=13824, stack(0x000000e63a000000,0x000000e63a100000)]
  0x000002d4b0c55100 JavaThread "Service Thread" daemon [_thread_blocked, id=12328, stack(0x000000e63a100000,0x000000e63a200000)]
  0x000002d4b0c58590 JavaThread "Monitor Deflation Thread" daemon [_thread_blocked, id=10600, stack(0x000000e63a200000,0x000000e63a300000)]
  0x000002d4b0c59df0 JavaThread "C2 CompilerThread0" daemon [_thread_blocked, id=7116, stack(0x000000e63a300000,0x000000e63a400000)]
  0x000002d4b0c71550 JavaThread "C1 CompilerThread0" daemon [_thread_blocked, id=1880, stack(0x000000e63a400000,0x000000e63a500000)]
  0x000002d4b0c72a10 JavaThread "Sweeper thread" daemon [_thread_blocked, id=800, stack(0x000000e63a500000,0x000000e63a600000)]
  0x000002d4b0dd1470 JavaThread "Notification Thread" daemon [_thread_blocked, id=13472, stack(0x000000e63a600000,0x000000e63a700000)]
  0x000002d4b0dde010 JavaThread "Common-Cleaner" daemon [_thread_blocked, id=8908, stack(0x000000e63a800000,0x000000e63a900000)]
  0x000002d4b5a23100 JavaThread "C2 CompilerThread1" daemon [_thread_blocked, id=11796, stack(0x000000e63b000000,0x000000e63b100000)]
=>0x000002d4b7208250 JavaThread "C2 CompilerThread2" daemon [_thread_in_native, id=13748, stack(0x000000e63b100000,0x000000e63b200000)]

Other Threads:
  0x000002d4b0bf7620 VMThread "VM Thread" [stack: 0x000000e639c00000,0x000000e639d00000] [id=2388]
  0x000002d4b0dd1d50 WatcherThread [stack: 0x000000e63a700000,0x000000e63a800000] [id=1844]
  0x000002d492113320 GCTaskThread "GC Thread#0" [stack: 0x000000e639700000,0x000000e639800000] [id=1868]
  0x000002d4b557aca0 GCTaskThread "GC Thread#1" [stack: 0x000000e63a900000,0x000000e63aa00000] [id=1044]
  0x000002d4b557af50 GCTaskThread "GC Thread#2" [stack: 0x000000e63aa00000,0x000000e63ab00000] [id=12980]
  0x000002d4b557b810 GCTaskThread "GC Thread#3" [stack: 0x000000e63ab00000,0x000000e63ac00000] [id=1312]
  0x000002d4b557bac0 GCTaskThread "GC Thread#4" [stack: 0x000000e63ac00000,0x000000e63ad00000] [id=10828]
  0x000002d4b554ef50 GCTaskThread "GC Thread#5" [stack: 0x000000e63ad00000,0x000000e63ae00000] [id=9376]
  0x000002d4b58bc880 GCTaskThread "GC Thread#6" [stack: 0x000000e63ae00000,0x000000e63af00000] [id=13296]
  0x000002d4b58bc5d0 GCTaskThread "GC Thread#7" [stack: 0x000000e63b200000,0x000000e63b300000] [id=2652]
  0x000002d492125040 ConcurrentGCThread "G1 Main Marker" [stack: 0x000000e639800000,0x000000e639900000] [id=10436]
  0x000002d492125960 ConcurrentGCThread "G1 Conc#0" [stack: 0x000000e639900000,0x000000e639a00000] [id=9828]
  0x000002d4b58bdb50 ConcurrentGCThread "G1 Conc#1" [stack: 0x000000e63af00000,0x000000e63b000000] [id=9392]
  0x000002d4b091a520 ConcurrentGCThread "G1 Refine#0" [stack: 0x000000e639a00000,0x000000e639b00000] [id=14248]
  0x000002d4b6646290 ConcurrentGCThread "G1 Refine#1" [stack: 0x000000e63b300000,0x000000e63b400000] [id=11656]
  0x000002d4b6646e10 ConcurrentGCThread "G1 Refine#2" [stack: 0x000000e63b400000,0x000000e63b500000] [id=2344]
  0x000002d4b091ad50 ConcurrentGCThread "G1 Service" [stack: 0x000000e639b00000,0x000000e639c00000] [id=3844]

Threads with active compile tasks:
C2 CompilerThread2     3533 6276       4       org.jetbrains.org.objectweb.asm.ClassReader::readMethod (1061 bytes)

VM state: not at safepoint (normal execution)

VM Mutex/Monitor currently owned by a thread: None

Heap address: 0x0000000701400000, size: 4076 MB, Compressed Oops mode: Zero based, Oop shift amount: 3

CDS archive(s) not mapped
Compressed class space mapped at: 0x0000000800000000-0x0000000840000000, reserved size: 1073741824
Narrow klass base: 0x0000000800000000, Narrow klass shift: 0, Narrow klass range: 0x40000000

GC Precious Log:
 CPUs: 8 total, 8 available
 Memory: 16303M
 Large Page Support: Disabled
 NUMA Support: Disabled
 Compressed Oops: Enabled (Zero based)
 Heap Region Size: 2M
 Heap Min Capacity: 8M
 Heap Initial Capacity: 256M
 Heap Max Capacity: 4076M
 Pre-touch: Disabled
 Parallel Workers: 8
 Concurrent Workers: 2
 Concurrent Refinement Workers: 8
 Periodic GC: Disabled

Heap:
 garbage-first heap   total 163840K, used 78925K [0x0000000701400000, 0x0000000800000000)
  region size 2048K, 17 young (34816K), 1 survivors (2048K)
 Metaspace       used 54861K, committed 55104K, reserved 1114112K
  class space    used 6413K, committed 6528K, reserved 1048576K

Heap Regions: E=young(eden), S=young(survivor), O=old, HS=humongous(starts), HC=humongous(continues), CS=collection set, F=free, OA=open archive, CA=closed archive, TAMS=top-at-mark-start (previous, next)
|   0|0x0000000701400000, 0x0000000701600000, 0x0000000701600000|100%|HS|  |TAMS 0x0000000701600000, 0x0000000701400000| Complete 
|   1|0x0000000701600000, 0x0000000701800000, 0x0000000701800000|100%|HC|  |TAMS 0x0000000701800000, 0x0000000701600000| Complete 
|   2|0x0000000701800000, 0x0000000701a00000, 0x0000000701a00000|100%| O|  |TAMS 0x0000000701a00000, 0x0000000701800000| Untracked 
|   3|0x0000000701a00000, 0x0000000701bd7800, 0x0000000701c00000| 92%| O|  |TAMS 0x0000000701bd7800, 0x0000000701a00000| Untracked 
|   4|0x0000000701c00000, 0x0000000701e00000, 0x0000000701e00000|100%| O|  |TAMS 0x0000000701e00000, 0x0000000701c00000| Untracked 
|   5|0x0000000701e00000, 0x0000000702000000, 0x0000000702000000|100%| O|  |TAMS 0x0000000702000000, 0x0000000701e00000| Untracked 
|   6|0x0000000702000000, 0x0000000702200000, 0x0000000702200000|100%| O|  |TAMS 0x0000000702200000, 0x0000000702000000| Untracked 
|   7|0x0000000702200000, 0x0000000702400000, 0x0000000702400000|100%| O|  |TAMS 0x0000000702400000, 0x0000000702200000| Untracked 
|   8|0x0000000702400000, 0x0000000702600000, 0x0000000702600000|100%| O|  |TAMS 0x0000000702600000, 0x0000000702400000| Untracked 
|   9|0x0000000702600000, 0x0000000702800000, 0x0000000702800000|100%| O|  |TAMS 0x0000000702800000, 0x0000000702600000| Untracked 
|  10|0x0000000702800000, 0x0000000702a00000, 0x0000000702a00000|100%| O|  |TAMS 0x0000000702a00000, 0x0000000702800000| Untracked 
|  11|0x0000000702a00000, 0x0000000702c00000, 0x0000000702c00000|100%| O|  |TAMS 0x0000000702c00000, 0x0000000702a00000| Untracked 
|  12|0x0000000702c00000, 0x0000000702e00000, 0x0000000702e00000|100%| O|  |TAMS 0x0000000702e00000, 0x0000000702c00000| Untracked 
|  13|0x0000000702e00000, 0x0000000703000000, 0x0000000703000000|100%| O|  |TAMS 0x0000000703000000, 0x0000000702e00000| Untracked 
|  14|0x0000000703000000, 0x0000000703200000, 0x0000000703200000|100%| O|  |TAMS 0x0000000703200000, 0x0000000703000000| Untracked 
|  15|0x0000000703200000, 0x0000000703400000, 0x0000000703400000|100%| O|  |TAMS 0x0000000703400000, 0x0000000703200000| Untracked 
|  16|0x0000000703400000, 0x0000000703600000, 0x0000000703600000|100%| O|  |TAMS 0x0000000703600000, 0x0000000703400000| Untracked 
|  17|0x0000000703600000, 0x0000000703800000, 0x0000000703800000|100%| O|  |TAMS 0x0000000703800000, 0x0000000703600000| Untracked 
|  18|0x0000000703800000, 0x0000000703a00000, 0x0000000703a00000|100%| O|  |TAMS 0x0000000703a00000, 0x0000000703800000| Untracked 
|  19|0x0000000703a00000, 0x0000000703c00000, 0x0000000703c00000|100%| O|  |TAMS 0x0000000703c00000, 0x0000000703a00000| Untracked 
|  20|0x0000000703c00000, 0x0000000703e00000, 0x0000000703e00000|100%| O|  |TAMS 0x0000000703e00000, 0x0000000703c00000| Untracked 
|  21|0x0000000703e00000, 0x0000000704000000, 0x0000000704000000|100%| O|  |TAMS 0x0000000703ee1800, 0x0000000703e00000| Untracked 
|  22|0x0000000704000000, 0x000000070413bc00, 0x0000000704200000| 61%| O|  |TAMS 0x0000000704000000, 0x0000000704000000| Untracked 
|  23|0x0000000704200000, 0x0000000704200000, 0x0000000704400000|  0%| F|  |TAMS 0x0000000704200000, 0x0000000704200000| Untracked 
|  24|0x0000000704400000, 0x0000000704400000, 0x0000000704600000|  0%| F|  |TAMS 0x0000000704400000, 0x0000000704400000| Untracked 
|  25|0x0000000704600000, 0x0000000704600000, 0x0000000704800000|  0%| F|  |TAMS 0x0000000704600000, 0x0000000704600000| Untracked 
|  26|0x0000000704800000, 0x0000000704800000, 0x0000000704a00000|  0%| F|  |TAMS 0x0000000704800000, 0x0000000704800000| Untracked 
|  27|0x0000000704a00000, 0x0000000704a00000, 0x0000000704c00000|  0%| F|  |TAMS 0x0000000704a00000, 0x0000000704a00000| Untracked 
|  28|0x0000000704c00000, 0x0000000704c00000, 0x0000000704e00000|  0%| F|  |TAMS 0x0000000704c00000, 0x0000000704c00000| Untracked 
|  29|0x0000000704e00000, 0x0000000704e00000, 0x0000000705000000|  0%| F|  |TAMS 0x0000000704e00000, 0x0000000704e00000| Untracked 
|  30|0x0000000705000000, 0x0000000705000000, 0x0000000705200000|  0%| F|  |TAMS 0x0000000705000000, 0x0000000705000000| Untracked 
|  31|0x0000000705200000, 0x0000000705400000, 0x0000000705400000|100%| S|CS|TAMS 0x0000000705200000, 0x0000000705200000| Complete 
|  32|0x0000000705400000, 0x0000000705400000, 0x0000000705600000|  0%| F|  |TAMS 0x0000000705400000, 0x0000000705400000| Untracked 
|  33|0x0000000705600000, 0x0000000705600000, 0x0000000705800000|  0%| F|  |TAMS 0x0000000705600000, 0x0000000705600000| Untracked 
|  34|0x0000000705800000, 0x0000000705800000, 0x0000000705a00000|  0%| F|  |TAMS 0x0000000705800000, 0x0000000705800000| Untracked 
|  35|0x0000000705a00000, 0x0000000705a00000, 0x0000000705c00000|  0%| F|  |TAMS 0x0000000705a00000, 0x0000000705a00000| Untracked 
|  36|0x0000000705c00000, 0x0000000705c00000, 0x0000000705e00000|  0%| F|  |TAMS 0x0000000705c00000, 0x0000000705c00000| Untracked 
|  37|0x0000000705e00000, 0x0000000705e00000, 0x0000000706000000|  0%| F|  |TAMS 0x0000000705e00000, 0x0000000705e00000| Untracked 
|  38|0x0000000706000000, 0x0000000706000000, 0x0000000706200000|  0%| F|  |TAMS 0x0000000706000000, 0x0000000706000000| Untracked 
|  39|0x0000000706200000, 0x0000000706200000, 0x0000000706400000|  0%| F|  |TAMS 0x0000000706200000, 0x0000000706200000| Untracked 
|  40|0x0000000706400000, 0x0000000706400000, 0x0000000706600000|  0%| F|  |TAMS 0x0000000706400000, 0x0000000706400000| Untracked 
|  41|0x0000000706600000, 0x0000000706600000, 0x0000000706800000|  0%| F|  |TAMS 0x0000000706600000, 0x0000000706600000| Untracked 
|  42|0x0000000706800000, 0x0000000706800000, 0x0000000706a00000|  0%| F|  |TAMS 0x0000000706800000, 0x0000000706800000| Untracked 
|  43|0x0000000706a00000, 0x0000000706a00000, 0x0000000706c00000|  0%| F|  |TAMS 0x0000000706a00000, 0x0000000706a00000| Untracked 
|  44|0x0000000706c00000, 0x0000000706c00000, 0x0000000706e00000|  0%| F|  |TAMS 0x0000000706c00000, 0x0000000706c00000| Untracked 
|  45|0x0000000706e00000, 0x0000000706e00000, 0x0000000707000000|  0%| F|  |TAMS 0x0000000706e00000, 0x0000000706e00000| Untracked 
|  46|0x0000000707000000, 0x0000000707000000, 0x0000000707200000|  0%| F|  |TAMS 0x0000000707000000, 0x0000000707000000| Untracked 
|  47|0x0000000707200000, 0x0000000707200000, 0x0000000707400000|  0%| F|  |TAMS 0x0000000707200000, 0x0000000707200000| Untracked 
|  48|0x0000000707400000, 0x0000000707400000, 0x0000000707600000|  0%| F|  |TAMS 0x0000000707400000, 0x0000000707400000| Untracked 
|  49|0x0000000707600000, 0x0000000707600000, 0x0000000707800000|  0%| F|  |TAMS 0x0000000707600000, 0x0000000707600000| Untracked 
|  50|0x0000000707800000, 0x0000000707800000, 0x0000000707a00000|  0%| F|  |TAMS 0x0000000707800000, 0x0000000707800000| Untracked 
|  51|0x0000000707a00000, 0x0000000707a00000, 0x0000000707c00000|  0%| F|  |TAMS 0x0000000707a00000, 0x0000000707a00000| Untracked 
|  52|0x0000000707c00000, 0x0000000707c00000, 0x0000000707e00000|  0%| F|  |TAMS 0x0000000707c00000, 0x0000000707c00000| Untracked 
|  53|0x0000000707e00000, 0x0000000707e00000, 0x0000000708000000|  0%| F|  |TAMS 0x0000000707e00000, 0x0000000707e00000| Untracked 
|  54|0x0000000708000000, 0x0000000708000000, 0x0000000708200000|  0%| F|  |TAMS 0x0000000708000000, 0x0000000708000000| Untracked 
|  55|0x0000000708200000, 0x0000000708200000, 0x0000000708400000|  0%| F|  |TAMS 0x0000000708200000, 0x0000000708200000| Untracked 
|  56|0x0000000708400000, 0x0000000708400000, 0x0000000708600000|  0%| F|  |TAMS 0x0000000708400000, 0x0000000708400000| Untracked 
|  57|0x0000000708600000, 0x0000000708600000, 0x0000000708800000|  0%| F|  |TAMS 0x0000000708600000, 0x0000000708600000| Untracked 
|  58|0x0000000708800000, 0x0000000708800000, 0x0000000708a00000|  0%| F|  |TAMS 0x0000000708800000, 0x0000000708800000| Untracked 
|  59|0x0000000708a00000, 0x0000000708a00000, 0x0000000708c00000|  0%| F|  |TAMS 0x0000000708a00000, 0x0000000708a00000| Untracked 
|  60|0x0000000708c00000, 0x0000000708c00000, 0x0000000708e00000|  0%| F|  |TAMS 0x0000000708c00000, 0x0000000708c00000| Untracked 
|  61|0x0000000708e00000, 0x0000000708e00000, 0x0000000709000000|  0%| F|  |TAMS 0x0000000708e00000, 0x0000000708e00000| Untracked 
|  62|0x0000000709000000, 0x0000000709000000, 0x0000000709200000|  0%| F|  |TAMS 0x0000000709000000, 0x0000000709000000| Untracked 
|  63|0x0000000709200000, 0x0000000709200000, 0x0000000709400000|  0%| F|  |TAMS 0x0000000709200000, 0x0000000709200000| Untracked 
|  64|0x0000000709400000, 0x0000000709500800, 0x0000000709600000| 50%| E|  |TAMS 0x0000000709400000, 0x0000000709400000| Complete 
|  65|0x0000000709600000, 0x0000000709800000, 0x0000000709800000|100%| E|CS|TAMS 0x0000000709600000, 0x0000000709600000| Complete 
|  66|0x0000000709800000, 0x0000000709a00000, 0x0000000709a00000|100%| E|CS|TAMS 0x0000000709800000, 0x0000000709800000| Complete 
|  67|0x0000000709a00000, 0x0000000709c00000, 0x0000000709c00000|100%| E|CS|TAMS 0x0000000709a00000, 0x0000000709a00000| Complete 
|  68|0x0000000709c00000, 0x0000000709e00000, 0x0000000709e00000|100%| E|CS|TAMS 0x0000000709c00000, 0x0000000709c00000| Complete 
|  69|0x0000000709e00000, 0x000000070a000000, 0x000000070a000000|100%| E|CS|TAMS 0x0000000709e00000, 0x0000000709e00000| Complete 
|  70|0x000000070a000000, 0x000000070a200000, 0x000000070a200000|100%| E|CS|TAMS 0x000000070a000000, 0x000000070a000000| Complete 
|  71|0x000000070a200000, 0x000000070a400000, 0x000000070a400000|100%| E|CS|TAMS 0x000000070a200000, 0x000000070a200000| Complete 
|  72|0x000000070a400000, 0x000000070a600000, 0x000000070a600000|100%| E|CS|TAMS 0x000000070a400000, 0x000000070a400000| Complete 
|  73|0x000000070a600000, 0x000000070a800000, 0x000000070a800000|100%| E|CS|TAMS 0x000000070a600000, 0x000000070a600000| Complete 
|  74|0x000000070a800000, 0x000000070aa00000, 0x000000070aa00000|100%| E|CS|TAMS 0x000000070a800000, 0x000000070a800000| Complete 
|  75|0x000000070aa00000, 0x000000070ac00000, 0x000000070ac00000|100%| E|CS|TAMS 0x000000070aa00000, 0x000000070aa00000| Complete 
|  76|0x000000070ac00000, 0x000000070ae00000, 0x000000070ae00000|100%| E|CS|TAMS 0x000000070ac00000, 0x000000070ac00000| Complete 
|  77|0x000000070ae00000, 0x000000070b000000, 0x000000070b000000|100%| E|CS|TAMS 0x000000070ae00000, 0x000000070ae00000| Complete 
|  78|0x000000070b000000, 0x000000070b200000, 0x000000070b200000|100%| E|CS|TAMS 0x000000070b000000, 0x000000070b000000| Complete 
| 127|0x0000000711200000, 0x0000000711400000, 0x0000000711400000|100%| E|CS|TAMS 0x0000000711200000, 0x0000000711200000| Complete 

Card table byte_map: [0x000002d4a50a0000,0x000002d4a58a0000] _byte_map_base: 0x000002d4a1896000

Marking Bits (Prev, Next): (CMBitMap*) 0x000002d492114850, (CMBitMap*) 0x000002d492114890
 Prev Bits: [0x000002d4a60a0000, 0x000002d4aa050000)
 Next Bits: [0x000002d4aa050000, 0x000002d4ae000000)

Polling page: 0x000002d490010000

Metaspace:

Usage:
  Non-class:     47.31 MB used.
      Class:      6.26 MB used.
       Both:     53.58 MB used.

Virtual space:
  Non-class space:       64.00 MB reserved,      47.44 MB ( 74%) committed,  1 nodes.
      Class space:        1.00 GB reserved,       6.38 MB ( <1%) committed,  1 nodes.
             Both:        1.06 GB reserved,      53.81 MB (  5%) committed. 

Chunk freelists:
   Non-Class:  256.00 KB
       Class:  9.52 MB
        Both:  9.77 MB

MaxMetaspaceSize: unlimited
CompressedClassSpaceSize: 1.00 GB
Initial GC threshold: 21.00 MB
Current GC threshold: 87.44 MB
CDS: off
MetaspaceReclaimPolicy: balanced
 - commit_granule_bytes: 65536.
 - commit_granule_words: 8192.
 - virtual_space_node_default_size: 8388608.
 - enlarge_chunks_in_place: 1.
 - new_chunks_are_fully_committed: 0.
 - uncommit_free_chunks: 1.
 - use_allocation_guard: 0.
 - handle_deallocations: 1.


Internal statistics:

num_allocs_failed_limit: 6.
num_arena_births: 266.
num_arena_deaths: 0.
num_vsnodes_births: 2.
num_vsnodes_deaths: 0.
num_space_committed: 859.
num_space_uncommitted: 0.
num_chunks_returned_to_freelist: 6.
num_chunks_taken_from_freelist: 1969.
num_chunk_merges: 6.
num_chunk_splits: 1579.
num_chunks_enlarged: 1406.
num_inconsistent_stats: 0.

CodeHeap 'non-profiled nmethods': size=120000Kb used=2905Kb max_used=3021Kb free=117094Kb
 bounds [0x000002d49d040000, 0x000002d49d340000, 0x000002d4a4570000]
CodeHeap 'profiled nmethods': size=120000Kb used=13474Kb max_used=13474Kb free=106525Kb
 bounds [0x000002d495570000, 0x000002d4962a0000, 0x000002d49caa0000]
CodeHeap 'non-nmethods': size=5760Kb used=1328Kb max_used=1423Kb free=4431Kb
 bounds [0x000002d49caa0000, 0x000002d49cd10000, 0x000002d49d040000]
 total_blobs=6152 nmethods=5505 adapters=556
 compilation: disabled (not enough contiguous free space left)
              stopped_count=1, restarted_count=0
 full_count=1

Compilation events (20 events):
Event: 3.474 Thread 0x000002d4b0c71550 nmethod 6251 0x000002d4958a7990 code [0x000002d4958a7b80, 0x000002d4958a80b8]
Event: 3.474 Thread 0x000002d4b0c71550 6269       1       org.jetbrains.kotlin.fir.declarations.synthetic.FirSyntheticProperty::getStatus (5 bytes)
Event: 3.474 Thread 0x000002d4b0c71550 nmethod 6269 0x000002d49d1b3810 code [0x000002d49d1b39a0, 0x000002d49d1b3a78]
Event: 3.474 Thread 0x000002d4b0c71550 6270       1       org.jetbrains.kotlin.fir.declarations.synthetic.FirSyntheticProperty::getGetter (5 bytes)
Event: 3.474 Thread 0x000002d4b0c71550 nmethod 6270 0x000002d49d1b3510 code [0x000002d49d1b36a0, 0x000002d49d1b3778]
Event: 3.475 Thread 0x000002d4b0c59df0 6271       4       org.jetbrains.kotlin.name.ClassId$Companion::topLevel (34 bytes)
Event: 3.475 Thread 0x000002d4b0c71550 6272       3       org.jetbrains.kotlin.load.kotlin.FileBasedKotlinClass$4$2::<init> (38 bytes)
Event: 3.475 Thread 0x000002d4b0c71550 nmethod 6272 0x000002d4957d4990 code [0x000002d4957d4b40, 0x000002d4957d4dc8]
Event: 3.475 Thread 0x000002d4b0c71550 6273       3       org.jetbrains.kotlin.load.kotlin.FileBasedKotlinClass$4$2::visitAnnotation (27 bytes)
Event: 3.476 Thread 0x000002d4b7208250 6276       4       org.jetbrains.org.objectweb.asm.ClassReader::readMethod (1061 bytes)
Event: 3.476 Thread 0x000002d4b0c71550 nmethod 6273 0x000002d495a39a10 code [0x000002d495a39bc0, 0x000002d495a39db8]
Event: 3.476 Thread 0x000002d4b0c71550 6274       3       org.jetbrains.kotlin.load.kotlin.FileBasedKotlinClass$4$2::visitParameterAnnotation (87 bytes)
Event: 3.476 Thread 0x000002d4b0c71550 nmethod 6274 0x000002d495c73b90 code [0x000002d495c73d80, 0x000002d495c74218]
Event: 3.476 Thread 0x000002d4b0c71550 6275       3       org.jetbrains.kotlin.fir.java.deserialization.JvmBinaryAnnotationDeserializerKt$loadMemberAnnotations$1$AnnotationVisitorForMethod::visitParameterAnnotation (93 bytes)
Event: 3.476 Thread 0x000002d4b5a23100 6279       4       kotlin.text.StringsKt__AppendableKt::appendElement (102 bytes)
Event: 3.476 Thread 0x000002d4b0c71550 nmethod 6275 0x000002d49629af90 code [0x000002d49629b2a0, 0x000002d49629c358]
Event: 3.476 Thread 0x000002d4b0c71550 6280       3       org.jetbrains.kotlin.fir.declarations.DeprecationUtilsKt::extractDeprecationAnnotationInfoPerUseSite (1240 bytes)
Event: 3.481 Thread 0x000002d4b0c71550 

Event: 3.482 Thread 0x000002d4b0c59df0 

Event: 3.486 Thread 0x000002d4b5a23100 


GC Heap History (20 events):
Event: 1.119 GC heap before
{Heap before GC invocations=5 (full 0):
 garbage-first heap   total 45056K, used 28544K [0x0000000701400000, 0x0000000800000000)
  region size 2048K, 7 young (14336K), 1 survivors (2048K)
 Metaspace       used 31145K, committed 31360K, reserved 1114112K
  class space    used 3919K, committed 4032K, reserved 1048576K
}
Event: 1.122 GC heap after
{Heap after GC invocations=6 (full 0):
 garbage-first heap   total 45056K, used 17220K [0x0000000701400000, 0x0000000800000000)
  region size 2048K, 1 young (2048K), 1 survivors (2048K)
 Metaspace       used 31145K, committed 31360K, reserved 1114112K
  class space    used 3919K, committed 4032K, reserved 1048576K
}
Event: 1.252 GC heap before
{Heap before GC invocations=6 (full 0):
 garbage-first heap   total 45056K, used 27460K [0x0000000701400000, 0x0000000800000000)
  region size 2048K, 7 young (14336K), 1 survivors (2048K)
 Metaspace       used 33564K, committed 33792K, reserved 1114112K
  class space    used 4192K, committed 4288K, reserved 1048576K
}
Event: 1.255 GC heap after
{Heap after GC invocations=7 (full 0):
 garbage-first heap   total 45056K, used 18357K [0x0000000701400000, 0x0000000800000000)
  region size 2048K, 1 young (2048K), 1 survivors (2048K)
 Metaspace       used 33564K, committed 33792K, reserved 1114112K
  class space    used 4192K, committed 4288K, reserved 1048576K
}
Event: 1.336 GC heap before
{Heap before GC invocations=7 (full 0):
 garbage-first heap   total 45056K, used 28597K [0x0000000701400000, 0x0000000800000000)
  region size 2048K, 7 young (14336K), 1 survivors (2048K)
 Metaspace       used 35748K, committed 35968K, reserved 1114112K
  class space    used 4416K, committed 4544K, reserved 1048576K
}
Event: 1.339 GC heap after
{Heap after GC invocations=8 (full 0):
 garbage-first heap   total 153600K, used 18621K [0x0000000701400000, 0x0000000800000000)
  region size 2048K, 1 young (2048K), 1 survivors (2048K)
 Metaspace       used 35748K, committed 35968K, reserved 1114112K
  class space    used 4416K, committed 4544K, reserved 1048576K
}
Event: 1.892 GC heap before
{Heap before GC invocations=9 (full 0):
 garbage-first heap   total 75776K, used 61629K [0x0000000701400000, 0x0000000800000000)
  region size 2048K, 22 young (45056K), 1 survivors (2048K)
 Metaspace       used 45412K, committed 45632K, reserved 1114112K
  class space    used 5418K, committed 5504K, reserved 1048576K
}
Event: 1.896 GC heap after
{Heap after GC invocations=10 (full 0):
 garbage-first heap   total 75776K, used 22428K [0x0000000701400000, 0x0000000800000000)
  region size 2048K, 3 young (6144K), 3 survivors (6144K)
 Metaspace       used 45412K, committed 45632K, reserved 1114112K
  class space    used 5418K, committed 5504K, reserved 1048576K
}
Event: 1.919 GC heap before
{Heap before GC invocations=10 (full 0):
 garbage-first heap   total 75776K, used 24476K [0x0000000701400000, 0x0000000800000000)
  region size 2048K, 4 young (8192K), 3 survivors (6144K)
 Metaspace       used 45784K, committed 46080K, reserved 1114112K
  class space    used 5458K, committed 5568K, reserved 1048576K
}
Event: 1.925 GC heap after
{Heap after GC invocations=11 (full 0):
 garbage-first heap   total 75776K, used 22279K [0x0000000701400000, 0x0000000800000000)
  region size 2048K, 1 young (2048K), 1 survivors (2048K)
 Metaspace       used 45784K, committed 46080K, reserved 1114112K
  class space    used 5458K, committed 5568K, reserved 1048576K
}
Event: 2.227 GC heap before
{Heap before GC invocations=11 (full 0):
 garbage-first heap   total 75776K, used 52999K [0x0000000701400000, 0x0000000800000000)
  region size 2048K, 16 young (32768K), 1 survivors (2048K)
 Metaspace       used 48344K, committed 48640K, reserved 1114112K
  class space    used 5706K, committed 5824K, reserved 1048576K
}
Event: 2.239 GC heap after
{Heap after GC invocations=12 (full 0):
 garbage-first heap   total 75776K, used 30504K [0x0000000701400000, 0x0000000800000000)
  region size 2048K, 2 young (4096K), 2 survivors (4096K)
 Metaspace       used 48344K, committed 48640K, reserved 1114112K
  class space    used 5706K, committed 5824K, reserved 1048576K
}
Event: 2.401 GC heap before
{Heap before GC invocations=12 (full 0):
 garbage-first heap   total 75776K, used 53032K [0x0000000701400000, 0x0000000800000000)
  region size 2048K, 13 young (26624K), 2 survivors (4096K)
 Metaspace       used 49203K, committed 49408K, reserved 1114112K
  class space    used 5803K, committed 5888K, reserved 1048576K
}
Event: 2.414 GC heap after
{Heap after GC invocations=13 (full 0):
 garbage-first heap   total 75776K, used 38235K [0x0000000701400000, 0x0000000800000000)
  region size 2048K, 2 young (4096K), 2 survivors (4096K)
 Metaspace       used 49203K, committed 49408K, reserved 1114112K
  class space    used 5803K, committed 5888K, reserved 1048576K
}
Event: 2.572 GC heap before
{Heap before GC invocations=13 (full 0):
 garbage-first heap   total 75776K, used 54619K [0x0000000701400000, 0x0000000800000000)
  region size 2048K, 10 young (20480K), 2 survivors (4096K)
 Metaspace       used 50868K, committed 51136K, reserved 1114112K
  class space    used 5967K, committed 6080K, reserved 1048576K
}
Event: 2.580 GC heap after
{Heap after GC invocations=14 (full 0):
 garbage-first heap   total 75776K, used 42846K [0x0000000701400000, 0x0000000800000000)
  region size 2048K, 2 young (4096K), 2 survivors (4096K)
 Metaspace       used 50868K, committed 51136K, reserved 1114112K
  class space    used 5967K, committed 6080K, reserved 1048576K
}
Event: 2.711 GC heap before
{Heap before GC invocations=15 (full 0):
 garbage-first heap   total 81920K, used 55134K [0x0000000701400000, 0x0000000800000000)
  region size 2048K, 8 young (16384K), 2 survivors (4096K)
 Metaspace       used 51599K, committed 51840K, reserved 1114112K
  class space    used 6068K, committed 6208K, reserved 1048576K
}
Event: 2.718 GC heap after
{Heap after GC invocations=16 (full 0):
 garbage-first heap   total 81920K, used 45796K [0x0000000701400000, 0x0000000800000000)
  region size 2048K, 1 young (2048K), 1 survivors (2048K)
 Metaspace       used 51599K, committed 51840K, reserved 1114112K
  class space    used 6068K, committed 6208K, reserved 1048576K
}
Event: 2.983 GC heap before
{Heap before GC invocations=16 (full 0):
 garbage-first heap   total 81920K, used 60132K [0x0000000701400000, 0x0000000800000000)
  region size 2048K, 8 young (16384K), 1 survivors (2048K)
 Metaspace       used 53448K, committed 53696K, reserved 1114112K
  class space    used 6308K, committed 6400K, reserved 1048576K
}
Event: 2.990 GC heap after
{Heap after GC invocations=17 (full 0):
 garbage-first heap   total 163840K, used 48205K [0x0000000701400000, 0x0000000800000000)
  region size 2048K, 1 young (2048K), 1 survivors (2048K)
 Metaspace       used 53448K, committed 53696K, reserved 1114112K
  class space    used 6308K, committed 6400K, reserved 1048576K
}

Dll operation events (2 events):
Event: 0.006 Loaded shared library C:\Program Files\Android\Android Studio\jbr\bin\java.dll
Event: 0.718 Loaded shared library C:\Program Files\Android\Android Studio\jbr\bin\verify.dll

Deoptimization events (20 events):
Event: 3.497 Thread 0x000002d4920aa1d0 DEOPT PACKING pc=0x000002d49d1ca1b4 sp=0x000000e6396f93c0
Event: 3.497 Thread 0x000002d4920aa1d0 DEOPT UNPACKING pc=0x000002d49caf69a3 sp=0x000000e6396f92d0 mode 2
Event: 3.497 Thread 0x000002d4920aa1d0 Uncommon trap: trap_request=0xffffff45 fr.pc=0x000002d49d176034 relative=0x0000000000000214
Event: 3.497 Thread 0x000002d4920aa1d0 Uncommon trap: reason=unstable_if action=reinterpret pc=0x000002d49d176034 method=java.lang.StringUTF16.compress([CII)[B @ 13 c2
Event: 3.497 Thread 0x000002d4920aa1d0 DEOPT PACKING pc=0x000002d49d176034 sp=0x000000e6396f91b0
Event: 3.497 Thread 0x000002d4920aa1d0 DEOPT UNPACKING pc=0x000002d49caf69a3 sp=0x000000e6396f9138 mode 2
Event: 3.497 Thread 0x000002d4920aa1d0 Uncommon trap: trap_request=0xffffff45 fr.pc=0x000002d49d1ac108 relative=0x00000000000005c8
Event: 3.497 Thread 0x000002d4920aa1d0 Uncommon trap: reason=unstable_if action=reinterpret pc=0x000002d49d1ac108 method=org.jetbrains.org.objectweb.asm.ClassReader.readUtf(II[C)Ljava/lang/String; @ 69 c2
Event: 3.497 Thread 0x000002d4920aa1d0 DEOPT PACKING pc=0x000002d49d1ac108 sp=0x000000e6396f9300
Event: 3.497 Thread 0x000002d4920aa1d0 DEOPT UNPACKING pc=0x000002d49caf69a3 sp=0x000000e6396f92c0 mode 2
Event: 3.497 Thread 0x000002d4920aa1d0 Uncommon trap: trap_request=0xffffff45 fr.pc=0x000002d49d0a01e0 relative=0x0000000000000360
Event: 3.497 Thread 0x000002d4920aa1d0 Uncommon trap: reason=unstable_if action=reinterpret pc=0x000002d49d0a01e0 method=java.lang.StringUTF16.compress([CI[BII)I @ 20 c2
Event: 3.497 Thread 0x000002d4920aa1d0 DEOPT PACKING pc=0x000002d49d0a01e0 sp=0x000000e6396f90e0
Event: 3.497 Thread 0x000002d4920aa1d0 DEOPT UNPACKING pc=0x000002d49caf69a3 sp=0x000000e6396f9088 mode 2
Event: 3.512 Thread 0x000002d4920aa1d0 Uncommon trap: trap_request=0xffffffc6 fr.pc=0x000002d49d2e3a10 relative=0x0000000000000b70
Event: 3.512 Thread 0x000002d4920aa1d0 Uncommon trap: reason=bimorphic_or_optimized_type_check action=maybe_recompile pc=0x000002d49d2e3a10 method=kotlin.jvm.internal.CollectionToArray.toArray(Ljava/util/Collection;)[Ljava/lang/Object; @ 28 c2
Event: 3.512 Thread 0x000002d4920aa1d0 DEOPT PACKING pc=0x000002d49d2e3a10 sp=0x000000e6396fa570
Event: 3.512 Thread 0x000002d4920aa1d0 DEOPT UNPACKING pc=0x000002d49caf69a3 sp=0x000000e6396fa518 mode 2
Event: 3.513 Thread 0x000002d4920aa1d0 DEOPT PACKING pc=0x000002d49624ce4c sp=0x000000e6396fa8c0
Event: 3.513 Thread 0x000002d4920aa1d0 DEOPT UNPACKING pc=0x000002d49caf7143 sp=0x000000e6396f9ec8 mode 0

Classes unloaded (0 events):
No events

Classes redefined (0 events):
No events

Internal exceptions (20 events):
Event: 2.515 Thread 0x000002d4920aa1d0 Exception <a 'java/lang/NoSuchMethodError'{0x00000007054a27c0}: 'java.lang.Object java.lang.invoke.DirectMethodHandle$Holder.invokeStatic(java.lang.Object, java.lang.Object, java.lang.Object, java.lang.Object, int)'> (0x00000007054a27c0) 
thrown [s\src\hotspot\share\interpreter\linkResolver.cpp, line 771]
Event: 2.516 Thread 0x000002d4920aa1d0 Exception <a 'java/lang/NoSuchMethodError'{0x00000007054abdd8}: 'java.lang.Object java.lang.invoke.DirectMethodHandle$Holder.newInvokeSpecial(java.lang.Object, java.lang.Object, java.lang.Object, java.lang.Object, int)'> (0x00000007054abdd8) 
thrown [s\src\hotspot\share\interpreter\linkResolver.cpp, line 771]
Event: 2.516 Thread 0x000002d4920aa1d0 Exception <a 'java/lang/NoSuchMethodError'{0x00000007054b3a50}: 'java.lang.Object java.lang.invoke.Invokers$Holder.linkToTargetMethod(java.lang.Object, java.lang.Object, java.lang.Object, int, java.lang.Object)'> (0x00000007054b3a50) 
thrown [s\src\hotspot\share\interpreter\linkResolver.cpp, line 771]
Event: 2.523 Thread 0x000002d4920aa1d0 Exception <a 'java/lang/NoSuchMethodError'{0x0000000705516e70}: 'java.lang.Object java.lang.invoke.DirectMethodHandle$Holder.newInvokeSpecial(java.lang.Object, java.lang.Object, java.lang.Object, java.lang.Object, int, java.lang.Object, java.lang.Object)'> (0x0000000705516e70) 
thrown [s\src\hotspot\share\interpreter\linkResolver.cpp, line 771]
Event: 2.523 Thread 0x000002d4920aa1d0 Exception <a 'java/lang/NoSuchMethodError'{0x0000000705520468}: 'java.lang.Object java.lang.invoke.Invokers$Holder.linkToTargetMethod(java.lang.Object, java.lang.Object, java.lang.Object, int, java.lang.Object, java.lang.Object, java.lang.Object)'> (0x0000000705520468) 
thrown [s\src\hotspot\share\interpreter\linkResolver.cpp, line 771]
Event: 2.710 Thread 0x000002d4920aa1d0 Exception <a 'java/lang/NoSuchMethodError'{0x0000000705de4f70}: 'java.lang.Object java.lang.invoke.DirectMethodHandle$Holder.invokeSpecial(java.lang.Object, java.lang.Object, int, java.lang.Object, java.lang.Object)'> (0x0000000705de4f70) 
thrown [s\src\hotspot\share\interpreter\linkResolver.cpp, line 771]
Event: 2.721 Thread 0x000002d4920aa1d0 Exception <a 'java/lang/NoSuchMethodError'{0x00000007112270b8}: 'java.lang.Object java.lang.invoke.DirectMethodHandle$Holder.invokeStatic(java.lang.Object, int, java.lang.Object, java.lang.Object)'> (0x00000007112270b8) 
thrown [s\src\hotspot\share\interpreter\linkResolver.cpp, line 771]
Event: 2.722 Thread 0x000002d4920aa1d0 Exception <a 'java/lang/NoSuchMethodError'{0x000000071122f018}: 'java.lang.Object java.lang.invoke.DirectMethodHandle$Holder.newInvokeSpecial(java.lang.Object, int, java.lang.Object)'> (0x000000071122f018) 
thrown [s\src\hotspot\share\interpreter\linkResolver.cpp, line 771]
Event: 2.804 Thread 0x000002d4920aa1d0 Exception <a 'java/lang/NoSuchMethodError'{0x0000000705f3b100}: 'java.lang.Object java.lang.invoke.DirectMethodHandle$Holder.invokeStatic(java.lang.Object, java.lang.Object, java.lang.Object, int, java.lang.Object, java.lang.Object)'> (0x0000000705f3b100) 
thrown [s\src\hotspot\share\interpreter\linkResolver.cpp, line 771]
Event: 2.805 Thread 0x000002d4920aa1d0 Exception <a 'java/lang/NoSuchMethodError'{0x0000000705f44138}: 'java.lang.Object java.lang.invoke.DirectMethodHandle$Holder.newInvokeSpecial(java.lang.Object, java.lang.Object, java.lang.Object, int)'> (0x0000000705f44138) 
thrown [s\src\hotspot\share\interpreter\linkResolver.cpp, line 771]
Event: 2.805 Thread 0x000002d4920aa1d0 Exception <a 'java/lang/NoSuchMethodError'{0x0000000705f486e8}: 'java.lang.Object java.lang.invoke.DirectMethodHandle$Holder.invokeSpecial(java.lang.Object, java.lang.Object, java.lang.Object, java.lang.Object, int)'> (0x0000000705f486e8) 
thrown [s\src\hotspot\share\interpreter\linkResolver.cpp, line 771]
Event: 2.805 Thread 0x000002d4920aa1d0 Exception <a 'java/lang/NoSuchMethodError'{0x0000000705f4c5e8}: 'java.lang.Object java.lang.invoke.Invokers$Holder.linkToTargetMethod(java.lang.Object, java.lang.Object, int, java.lang.Object)'> (0x0000000705f4c5e8) 
thrown [s\src\hotspot\share\interpreter\linkResolver.cpp, line 771]
Event: 2.817 Thread 0x000002d4920aa1d0 Exception <a 'java/lang/NoSuchMethodError'{0x0000000705c0dc80}: 'java.lang.Object java.lang.invoke.DirectMethodHandle$Holder.invokeStatic(java.lang.Object, int, java.lang.Object)'> (0x0000000705c0dc80) 
thrown [s\src\hotspot\share\interpreter\linkResolver.cpp, line 771]
Event: 2.940 Thread 0x000002d4920aa1d0 Exception <a 'java/lang/NoSuchMethodError'{0x0000000705469640}: 'java.lang.Object java.lang.invoke.DirectMethodHandle$Holder.newInvokeSpecial(java.lang.Object, java.lang.Object, java.lang.Object, java.lang.Object, java.lang.Object, java.lang.Object, java.lang.Object, java.lang.Object, java.lang.Object)'> (0x0000000705469640) 
thrown [s\src\hotspot\share\interpreter\linkResolver.cpp, line 771]
Event: 2.940 Thread 0x000002d4920aa1d0 Exception <a 'java/lang/NoSuchMethodError'{0x000000070546ef00}: 'java.lang.Object java.lang.invoke.DirectMethodHandle$Holder.invokeSpecial(java.lang.Object, java.lang.Object, java.lang.Object, java.lang.Object, java.lang.Object, java.lang.Object, java.lang.Object, java.lang.Object, java.lang.Object, java.lang.Object)'> (0x000000070546ef00) 
thrown [s\src\hotspot\share\interpreter\linkResolver.cpp, line 771]
Event: 2.941 Thread 0x000002d4920aa1d0 Exception <a 'java/lang/NoSuchMethodError'{0x0000000705473770}: 'java.lang.Object java.lang.invoke.Invokers$Holder.linkToTargetMethod(java.lang.Object, java.lang.Object, java.lang.Object, java.lang.Object, java.lang.Object, java.lang.Object, java.lang.Object, java.lang.Object, java.lang.Object)'> (0x0000000705473770) 
thrown [s\src\hotspot\share\interpreter\linkResolver.cpp, line 771]
Event: 3.330 Thread 0x000002d4920aa1d0 Exception <a 'java/lang/NoSuchMethodError'{0x000000070a1222b0}: 'java.lang.Object java.lang.invoke.DirectMethodHandle$Holder.newInvokeSpecial(java.lang.Object, java.lang.Object, java.lang.Object, java.lang.Object, java.lang.Object, int)'> (0x000000070a1222b0) 
thrown [s\src\hotspot\share\interpreter\linkResolver.cpp, line 771]
Event: 3.330 Thread 0x000002d4920aa1d0 Exception <a 'java/lang/NoSuchMethodError'{0x000000070a12a3f8}: 'java.lang.Object java.lang.invoke.Invokers$Holder.linkToTargetMethod(java.lang.Object, java.lang.Object, java.lang.Object, java.lang.Object, int, java.lang.Object)'> (0x000000070a12a3f8) 
thrown [s\src\hotspot\share\interpreter\linkResolver.cpp, line 771]
Event: 3.399 Thread 0x000002d4920aa1d0 Exception <a 'java/lang/NoSuchMethodError'{0x0000000709c02ee8}: 'java.lang.Object java.lang.invoke.DirectMethodHandle$Holder.newInvokeSpecial(java.lang.Object, int, java.lang.Object, java.lang.Object, java.lang.Object)'> (0x0000000709c02ee8) 
thrown [s\src\hotspot\share\interpreter\linkResolver.cpp, line 771]
Event: 3.399 Thread 0x000002d4920aa1d0 Exception <a 'java/lang/NoSuchMethodError'{0x0000000709c0ad10}: 'java.lang.Object java.lang.invoke.Invokers$Holder.linkToTargetMethod(int, java.lang.Object, java.lang.Object, java.lang.Object, java.lang.Object)'> (0x0000000709c0ad10) 
thrown [s\src\hotspot\share\interpreter\linkResolver.cpp, line 771]

VM Operations (20 events):
Event: 3.208 Executing VM operation: ICBufferFull
Event: 3.209 Executing VM operation: ICBufferFull done
Event: 3.213 Executing VM operation: HandshakeAllThreads
Event: 3.213 Executing VM operation: HandshakeAllThreads done
Event: 3.225 Executing VM operation: HandshakeAllThreads
Event: 3.225 Executing VM operation: HandshakeAllThreads done
Event: 3.248 Executing VM operation: HandshakeAllThreads
Event: 3.248 Executing VM operation: HandshakeAllThreads done
Event: 3.312 Executing VM operation: ICBufferFull
Event: 3.312 Executing VM operation: ICBufferFull done
Event: 3.396 Executing VM operation: ICBufferFull
Event: 3.396 Executing VM operation: ICBufferFull done
Event: 3.498 Executing VM operation: ICBufferFull
Event: 3.498 Executing VM operation: ICBufferFull done
Event: 3.501 Executing VM operation: HandshakeAllThreads
Event: 3.501 Executing VM operation: HandshakeAllThreads done
Event: 3.513 Executing VM operation: HandshakeAllThreads
Event: 3.513 Executing VM operation: HandshakeAllThreads done
Event: 3.515 Executing VM operation: HandshakeAllThreads
Event: 3.515 Executing VM operation: HandshakeAllThreads done

Events (20 events):
Event: 3.230 Thread 0x000002d4b0c72a10 flushing nmethod 0x000002d495e23190
Event: 3.230 Thread 0x000002d4b0c72a10 flushing nmethod 0x000002d495e38a90
Event: 3.230 Thread 0x000002d4b0c72a10 flushing nmethod 0x000002d495e76c10
Event: 3.230 Thread 0x000002d4b0c72a10 flushing nmethod 0x000002d495e7d810
Event: 3.230 Thread 0x000002d4b0c72a10 flushing nmethod 0x000002d495ef4b90
Event: 3.230 Thread 0x000002d4b0c72a10 flushing nmethod 0x000002d495ef6310
Event: 3.230 Thread 0x000002d4b0c72a10 flushing nmethod 0x000002d495efb410
Event: 3.230 Thread 0x000002d4b0c72a10 flushing nmethod 0x000002d495efbd10
Event: 3.230 Thread 0x000002d4b0c72a10 flushing nmethod 0x000002d495f32010
Event: 3.230 Thread 0x000002d4b0c72a10 flushing nmethod 0x000002d495f3a410
Event: 3.230 Thread 0x000002d4b0c72a10 flushing nmethod 0x000002d495f49510
Event: 3.230 Thread 0x000002d4b0c72a10 flushing nmethod 0x000002d495f4b290
Event: 3.230 Thread 0x000002d4b0c72a10 flushing nmethod 0x000002d495f7ad90
Event: 3.231 Thread 0x000002d4b0c72a10 flushing nmethod 0x000002d495fdd210
Event: 3.231 Thread 0x000002d4b0c72a10 flushing nmethod 0x000002d496041f10
Event: 3.231 Thread 0x000002d4b0c72a10 flushing nmethod 0x000002d496047f90
Event: 3.231 Thread 0x000002d4b0c72a10 flushing nmethod 0x000002d4960f6b90
Event: 3.231 Thread 0x000002d4b0c72a10 flushing nmethod 0x000002d49612ef90
Event: 3.231 Thread 0x000002d4b0c72a10 flushing nmethod 0x000002d496161190
Event: 3.231 Thread 0x000002d4b0c72a10 flushing nmethod 0x000002d49619ae10


Dynamic libraries:
0x00007ff6d3c50000 - 0x00007ff6d3c5a000 	C:\Program Files\Android\Android Studio\jbr\bin\java.exe
0x00007ffa32710000 - 0x00007ffa328fe000 	C:\Windows\SYSTEM32\ntdll.dll
0x00007ffa31510000 - 0x00007ffa315c3000 	C:\Windows\System32\KERNEL32.DLL
0x00007ffa2ea90000 - 0x00007ffa2ed2d000 	C:\Windows\System32\KERNELBASE.dll
0x00007ffa2e930000 - 0x00007ffa2ea2a000 	C:\Windows\System32\ucrtbase.dll
0x00007ff9fc3a0000 - 0x00007ff9fc3bb000 	C:\Program Files\Android\Android Studio\jbr\bin\VCRUNTIME140.dll
0x00007ffa25850000 - 0x00007ffa25867000 	C:\Program Files\Android\Android Studio\jbr\bin\jli.dll
0x00007ffa31780000 - 0x00007ffa31917000 	C:\Windows\System32\USER32.dll
0x00007ffa2e760000 - 0x00007ffa2e780000 	C:\Windows\System32\win32u.dll
0x00007ffa19920000 - 0x00007ffa19b99000 	C:\Windows\WinSxS\amd64_microsoft.windows.common-controls_6595b64144ccf1df_6.0.17763.5696_none_de7663245346b1ca\COMCTL32.dll
0x00007ffa31d10000 - 0x00007ffa31d39000 	C:\Windows\System32\GDI32.dll
0x00007ffa31470000 - 0x00007ffa3150e000 	C:\Windows\System32\msvcrt.dll
0x00007ffa2e780000 - 0x00007ffa2e92a000 	C:\Windows\System32\gdi32full.dll
0x00007ffa30e00000 - 0x00007ffa3112b000 	C:\Windows\System32\combase.dll
0x00007ffa2efb0000 - 0x00007ffa2f050000 	C:\Windows\System32\msvcp_win.dll
0x00007ffa31e80000 - 0x00007ffa31f98000 	C:\Windows\System32\RPCRT4.dll
0x00007ffa2f850000 - 0x00007ffa2f8d2000 	C:\Windows\System32\bcryptPrimitives.dll
0x00007ffa312b0000 - 0x00007ffa312de000 	C:\Windows\System32\IMM32.DLL
0x00007ffa1d220000 - 0x00007ffa1d22c000 	C:\Program Files\Android\Android Studio\jbr\bin\vcruntime140_1.dll
0x00007ff9d72f0000 - 0x00007ff9d737d000 	C:\Program Files\Android\Android Studio\jbr\bin\msvcp140.dll
0x00007ff9ee460000 - 0x00007ff9ef0e0000 	C:\Program Files\Android\Android Studio\jbr\bin\server\jvm.dll
0x00007ffa319f0000 - 0x00007ffa31a98000 	C:\Windows\System32\ADVAPI32.dll
0x00007ffa31130000 - 0x00007ffa311d2000 	C:\Windows\System32\sechost.dll
0x00007ffa2ed30000 - 0x00007ffa2ed56000 	C:\Windows\System32\bcrypt.dll
0x00007ffa19e50000 - 0x00007ffa19e59000 	C:\Windows\SYSTEM32\WSOCK32.dll
0x00007ffa2b4f0000 - 0x00007ffa2b514000 	C:\Windows\SYSTEM32\WINMM.dll
0x00007ffa28c50000 - 0x00007ffa28c5a000 	C:\Windows\SYSTEM32\VERSION.dll
0x00007ffa31920000 - 0x00007ffa3198d000 	C:\Windows\System32\WS2_32.dll
0x00007ffa2b460000 - 0x00007ffa2b48d000 	C:\Windows\SYSTEM32\WINMMBASE.dll
0x00007ffa2ed60000 - 0x00007ffa2edaa000 	C:\Windows\System32\cfgmgr32.dll
0x00007ffa2e6e0000 - 0x00007ffa2e6f1000 	C:\Windows\System32\kernel.appcore.dll
0x00007ffa2bee0000 - 0x00007ffa2beea000 	C:\Program Files\Android\Android Studio\jbr\bin\jimage.dll
0x00007ffa18da0000 - 0x00007ffa18f8d000 	C:\Windows\SYSTEM32\DBGHELP.DLL
0x00007ffa18870000 - 0x00007ffa1889a000 	C:\Windows\SYSTEM32\dbgcore.DLL
0x00007ffa29b10000 - 0x00007ffa29b35000 	C:\Program Files\Android\Android Studio\jbr\bin\java.dll
0x00007ffa27230000 - 0x00007ffa27248000 	C:\Program Files\Android\Android Studio\jbr\bin\zip.dll
0x00007ffa2f900000 - 0x00007ffa30df8000 	C:\Windows\System32\SHELL32.dll
0x00007ffa32600000 - 0x00007ffa326a7000 	C:\Windows\System32\shcore.dll
0x00007ffa2f100000 - 0x00007ffa2f847000 	C:\Windows\System32\windows.storage.dll
0x00007ffa2e6b0000 - 0x00007ffa2e6d3000 	C:\Windows\System32\profapi.dll
0x00007ffa2e700000 - 0x00007ffa2e75d000 	C:\Windows\System32\powrprof.dll
0x00007ffa31b40000 - 0x00007ffa31b92000 	C:\Windows\System32\shlwapi.dll
0x00007ffa2f8e0000 - 0x00007ffa2f8fb000 	C:\Windows\System32\cryptsp.dll
0x00007ffa25b40000 - 0x00007ffa25b59000 	C:\Program Files\Android\Android Studio\jbr\bin\net.dll
0x00007ffa29dc0000 - 0x00007ffa29ebd000 	C:\Windows\SYSTEM32\WINHTTP.dll
0x00007ffa2dee0000 - 0x00007ffa2df47000 	C:\Windows\system32\mswsock.dll
0x00007ffa25990000 - 0x00007ffa259a6000 	C:\Program Files\Android\Android Studio\jbr\bin\nio.dll
0x00007ffa27220000 - 0x00007ffa27230000 	C:\Program Files\Android\Android Studio\jbr\bin\verify.dll

dbghelp: loaded successfully - version: 4.0.5 - missing functions: none
symbol engine: initialized successfully - sym options: 0x614 - pdb path: .;C:\Program Files\Android\Android Studio\jbr\bin;C:\Windows\SYSTEM32;C:\Windows\WinSxS\amd64_microsoft.windows.common-controls_6595b64144ccf1df_6.0.17763.5696_none_de7663245346b1ca;C:\Program Files\Android\Android Studio\jbr\bin\server

VM Arguments:
java_command: org.jetbrains.kotlin.cli.jvm.K2JVMCompiler @C:\User\pr111rybakov\AndroidStudioProjects\UmnuiDomikYoYoYo\app\build\20241122_5894499912545882170.compiler.options
java_class_path (initial): C:\User\pr111rybakov\.gradle\caches\modules-2\files-2.1\org.jetbrains.kotlin\kotlin-compiler-embeddable\2.0.21\79346ed53db48b18312a472602eb5c057070c54d\kotlin-compiler-embeddable-2.0.21.jar;C:\User\pr111rybakov\.gradle\caches\modules-2\files-2.1\org.jetbrains.kotlin\kotlin-stdlib\2.0.21\618b539767b4899b4660a83006e052b63f1db551\kotlin-stdlib-2.0.21.jar;C:\User\pr111rybakov\.gradle\caches\modules-2\files-2.1\org.jetbrains.kotlin\kotlin-script-runtime\2.0.21\c9b044380ad41f89aa89aa896c2d32a8c0b2129d\kotlin-script-runtime-2.0.21.jar;C:\User\pr111rybakov\.gradle\caches\modules-2\files-2.1\org.jetbrains.kotlin\kotlin-reflect\1.6.10\1cbe9c92c12a94eea200d23c2bbaedaf3daf5132\kotlin-reflect-1.6.10.jar;C:\User\pr111rybakov\.gradle\caches\modules-2\files-2.1\org.jetbrains.kotlin\kotlin-daemon-embeddable\2.0.21\c9e933b23287de9b5a17e2116b4657bb91aea72c\kotlin-daemon-embeddable-2.0.21.jar;C:\User\pr111rybakov\.gradle\caches\modules-2\files-2.1\org.jetbrains.intellij.deps\trove4j\1.0.20200330\3afb14d5f9ceb459d724e907a21145e8ff394f02\trove4j-1.0.20200330.jar;C:\User\pr111rybakov\.gradle\caches\modules-2\files-2.1\org.jetbrains.kotlinx\kotlinx-coroutines-core-jvm\1.6.4\2c997cd1c0ef33f3e751d3831929aeff1390cb30\kotlinx-coroutines-core-jvm-1.6.4.jar;C:\User\pr111rybakov\.gradle\caches\modules-2\files-2.1\org.jetbrains\annotations\13.0\919f0dfe192fb4e063e7dacadee7f8bb9a2672a9\annotations-13.0.jar
Launcher Type: SUN_STANDARD

[Global flags]
     intx CICompilerCount                          = 4                                         {product} {ergonomic}
     uint ConcGCThreads                            = 2                                         {product} {ergonomic}
     uint G1ConcRefinementThreads                  = 8                                         {product} {ergonomic}
   size_t G1HeapRegionSize                         = 2097152                                   {product} {ergonomic}
    uintx GCDrainStackTargetSize                   = 64                                        {product} {ergonomic}
   size_t InitialHeapSize                          = 268435456                                 {product} {ergonomic}
   size_t MarkStackSize                            = 4194304                                   {product} {ergonomic}
   size_t MaxHeapSize                              = 4273995776                                {product} {ergonomic}
   size_t MaxNewSize                               = 2562719744                                {product} {ergonomic}
   size_t MinHeapDeltaBytes                        = 2097152                                   {product} {ergonomic}
   size_t MinHeapSize                              = 8388608                                   {product} {ergonomic}
    uintx NonNMethodCodeHeapSize                   = 5839372                                {pd product} {ergonomic}
    uintx NonProfiledCodeHeapSize                  = 122909434                              {pd product} {ergonomic}
    uintx ProfiledCodeHeapSize                     = 122909434                              {pd product} {ergonomic}
    uintx ReservedCodeCacheSize                    = 251658240                              {pd product} {ergonomic}
     bool SegmentedCodeCache                       = true                                      {product} {ergonomic}
   size_t SoftMaxHeapSize                          = 4273995776                             {manageable} {ergonomic}
     bool UseCompressedClassPointers               = true                           {product lp64_product} {ergonomic}
     bool UseCompressedOops                        = true                           {product lp64_product} {ergonomic}
     bool UseG1GC                                  = true                                      {product} {ergonomic}
     bool UseLargePagesIndividualAllocation        = false                                  {pd product} {ergonomic}

Logging:
Log output configuration:
 #0: stdout all=warning uptime,level,tags
 #1: stderr all=off uptime,level,tags

Environment Variables:
JAVA_HOME=C:\Program Files\Android\Jdk\microsoft_dist_openjdk_1.8.0.25
PATH=C:\Program Files\Python312\Scripts\;C:\Program Files\Python312\;C:\Program Files\Python311\Scripts\;C:\Program Files\Python311\;C:\Program Files (x86)\Python38\Scripts\;C:\Program Files (x86)\Python38\;C:\Program Files\Microsoft MPI\Bin\;C:\Program Files (x86)\Common Files\Oracle\Java\javapath;C:\Windows\system32;C:\Windows;C:\Windows\System32\Wbem;C:\Windows\System32\WindowsPowerShell\v1.0\;C:\Windows\System32\OpenSSH\;C:\Program Files (x86)\Microsoft SQL Server\150\DTS\Binn\;C:\Program Files\dotnet\;C:\Program Files\Microsoft SQL Server\130\Tools\Binn\;C:\Program Files (x86)\Microsoft SQL Server\140\Tools\Binn\;C:\Program Files\Microsoft SQL Server\140\Tools\Binn\;C:\Program Files (x86)\Microsoft SQL Server\140\DTS\Binn\;C:\Program Files\Microsoft SQL Server\140\DTS\Binn\;C:\Program Files\Microsoft SQL Server\Client SDK\ODBC\130\Tools\Binn\;C:\Program Files\Microsoft SQL Server\Client SDK\ODBC\170\Tools\Binn\;C:\Program Files (x86)\IncrediBuild;C:\Program Files (x86)\NVIDIA Corporation\PhysX\Common;C:\Program Files\Git\cmd;C:\Program Files\Azure Data Studio\bin;C:\Program Files\Microsoft VS Code\bin;C:\Program Files (x86)\Kaspersky Lab\KES.12.2.0\;C:\User\pr111rybakov\AppData\Local\Microsoft\WindowsApps;
USERNAME=pr111rybakov
OS=Windows_NT
PROCESSOR_IDENTIFIER=Intel64 Family 6 Model 158 Stepping 13, GenuineIntel
TMP=C:\User\pr111rybakov\AppData\Local\Temp
TEMP=C:\User\pr111rybakov\AppData\Local\Temp


JNI global refs:
JNI global refs: 10, weak refs: 0

JNI global refs memory usage: 843, weak refs: 209

OOME stack traces (most recent first):
Classloader memory used:
Loader jdk.internal.loader.ClassLoaders$AppClassLoader                                 : 5549K
Loader bootstrap                                                                       : 1263K
Loader java.net.URLClassLoader                                                         : 43584B
Loader jdk.internal.reflect.DelegatingClassLoader                                      : 2131B


---------------  S Y S T E M  ---------------

OS:
 Windows 10 , 64 bit Build 17763 (10.0.17763.4974)
OS uptime: 0 days 6:38 hours

CPU: total 8 (initial active 8) (8 cores per cpu, 1 threads per core) family 6 model 158 stepping 13 microcode 0xde, cx8, cmov, fxsr, mmx, 3dnowpref, sse, sse2, sse3, ssse3, sse4.1, sse4.2, popcnt, lzcnt, tsc, tscinvbit, avx, avx2, aes, erms, clmul, bmi1, bmi2, adx, fma, vzeroupper, clflush, clflushopt

Memory: 4k page, system-wide physical 16303M (2457M free)
TotalPageFile size 16303M (AvailPageFile size 6M)
current process WorkingSet (physical memory assigned to process): 284M, peak: 284M
current process commit charge ("private bytes"): 370M, peak: 375M

vm_info: OpenJDK 64-Bit Server VM (17.0.7+0-b2043.56-10550314) for windows-amd64 JRE (17.0.7+0-b2043.56-10550314), built on Jul 24 2023 18:27:45 by "androidbuild" with MS VC++ 16.10 / 16.11 (VS2019)

END.
