#
# There is insufficient memory for the Java Runtime Environment to continue.
# Native memory allocation (malloc) failed to allocate 1933936 bytes for Chunk::new
# Possible reasons:
#   The system is out of physical RAM or swap space
#   The process is running with CompressedOops enabled, and the Java Heap may be blocking the growth of the native heap
# Possible solutions:
#   Reduce memory load on the system
#   Increase physical memory or swap space
#   Check if swap backing store is full
#   Decrease Java heap size (-Xmx/-Xms)
#   Decrease number of Java threads
#   Decrease Java thread stack sizes (-Xss)
#   Set larger code cache with -XX:ReservedCodeCacheSize=
#   JVM is running with Zero Based Compressed Oops mode in which the Java heap is
#     placed in the first 32GB address space. The Java Heap base address is the
#     maximum limit for the native heap growth. Please use -XX:HeapBaseMinAddress
#     to set the Java Heap base and to place the Java Heap above 32GB virtual address.
# This output file may be truncated or incomplete.
#
#  Out of Memory Error (arena.cpp:189), pid=12548, tid=14968
#
# JRE version: OpenJDK Runtime Environment (17.0.7) (build 17.0.7+0-b2043.56-10550314)
# Java VM: OpenJDK 64-Bit Server VM (17.0.7+0-b2043.56-10550314, mixed mode, tiered, compressed oops, compressed class ptrs, g1 gc, windows-amd64)
# No core dump will be written. Minidumps are not enabled by default on client versions of Windows
#

---------------  S U M M A R Y ------------

Command Line: org.jetbrains.kotlin.cli.jvm.K2JVMCompiler @C:\User\pr111rybakov\AndroidStudioProjects\UmnuiDomikYoYoYo\app\build\20241123_13469183503333422482.compiler.options

Host: Intel(R) Core(TM) i7-9700 CPU @ 3.00GHz, 8 cores, 15G,  Windows 10 , 64 bit Build 17763 (10.0.17763.4974)
Time: Sat Nov 23 11:38:59 2024 ќмское стандартное врем€ elapsed time: 5.631800 seconds (0d 0h 0m 5s)

---------------  T H R E A D  ---------------

Current thread (0x000002367ed52120):  JavaThread "C2 CompilerThread0" daemon [_thread_in_native, id=14968, stack(0x0000009ab2600000,0x0000009ab2700000)]


Current CompileTask:
C2:   5631 11273       4       org.jetbrains.kotlin.ir.visitors.IrElementVisitor$DefaultImpls::visitSimpleFunction (18 bytes)

Stack: [0x0000009ab2600000,0x0000009ab2700000]
Native frames: (J=compiled Java code, j=interpreted, Vv=VM code, C=native code)
V  [jvm.dll+0x683bfa]
V  [jvm.dll+0x8430a4]
V  [jvm.dll+0x8449be]
V  [jvm.dll+0x845023]
V  [jvm.dll+0x24ad2f]
V  [jvm.dll+0xac25c]
V  [jvm.dll+0xac82c]
V  [jvm.dll+0x36a132]
V  [jvm.dll+0x334821]
V  [jvm.dll+0x333cca]
V  [jvm.dll+0x21d251]
V  [jvm.dll+0x21c671]
V  [jvm.dll+0x1a605d]
V  [jvm.dll+0x22c148]
V  [jvm.dll+0x22a209]
V  [jvm.dll+0x7f858c]
V  [jvm.dll+0x7f2aea]
V  [jvm.dll+0x682a35]
C  [ucrtbase.dll+0x2268a]
C  [KERNEL32.DLL+0x17ac4]
C  [ntdll.dll+0x5a4e1]


---------------  P R O C E S S  ---------------

Threads class SMR info:
_java_thread_list=0x0000023604288c30, length=14, elements={
0x000002365e11ddd0, 0x000002367ed23270, 0x000002367ed24410, 0x000002367ed5a0c0,
0x000002367ed5abe0, 0x000002367ed5b4a0, 0x000002367ed51110, 0x000002367ed52120,
0x000002367ed52e40, 0x000002367ed54750, 0x000002367eec9ec0, 0x000002367eee8030,
0x000002367ef45270, 0x00000236042b09f0
}

Java Threads: ( => current thread )
  0x000002365e11ddd0 JavaThread "main" [_thread_in_vm, id=14592, stack(0x0000009ab1900000,0x0000009ab1a00000)]
  0x000002367ed23270 JavaThread "Reference Handler" daemon [_thread_blocked, id=12768, stack(0x0000009ab2000000,0x0000009ab2100000)]
  0x000002367ed24410 JavaThread "Finalizer" daemon [_thread_blocked, id=10888, stack(0x0000009ab2100000,0x0000009ab2200000)]
  0x000002367ed5a0c0 JavaThread "Signal Dispatcher" daemon [_thread_blocked, id=10812, stack(0x0000009ab2200000,0x0000009ab2300000)]
  0x000002367ed5abe0 JavaThread "Attach Listener" daemon [_thread_blocked, id=5004, stack(0x0000009ab2300000,0x0000009ab2400000)]
  0x000002367ed5b4a0 JavaThread "Service Thread" daemon [_thread_blocked, id=2212, stack(0x0000009ab2400000,0x0000009ab2500000)]
  0x000002367ed51110 JavaThread "Monitor Deflation Thread" daemon [_thread_blocked, id=2172, stack(0x0000009ab2500000,0x0000009ab2600000)]
=>0x000002367ed52120 JavaThread "C2 CompilerThread0" daemon [_thread_in_native, id=14968, stack(0x0000009ab2600000,0x0000009ab2700000)]
  0x000002367ed52e40 JavaThread "C1 CompilerThread0" daemon [_thread_in_native, id=13392, stack(0x0000009ab2700000,0x0000009ab2800000)]
  0x000002367ed54750 JavaThread "Sweeper thread" daemon [_thread_blocked, id=7400, stack(0x0000009ab2800000,0x0000009ab2900000)]
  0x000002367eec9ec0 JavaThread "Notification Thread" daemon [_thread_blocked, id=10276, stack(0x0000009ab2900000,0x0000009ab2a00000)]
  0x000002367eee8030 JavaThread "Common-Cleaner" daemon [_thread_blocked, id=8328, stack(0x0000009ab2b00000,0x0000009ab2c00000)]
  0x000002367ef45270 JavaThread "C2 CompilerThread1" daemon [_thread_in_native, id=14164, stack(0x0000009ab2c00000,0x0000009ab2d00000)]
  0x00000236042b09f0 JavaThread "C2 CompilerThread2" daemon [_thread_in_native, id=12624, stack(0x0000009ab3400000,0x0000009ab3500000)]

Other Threads:
  0x000002367ecd6cf0 VMThread "VM Thread" [stack: 0x0000009ab1f00000,0x0000009ab2000000] [id=13872]
  0x000002366021d430 WatcherThread [stack: 0x0000009ab2a00000,0x0000009ab2b00000] [id=7064]
  0x0000023660203da0 GCTaskThread "GC Thread#0" [stack: 0x0000009ab1a00000,0x0000009ab1b00000] [id=12424]
  0x000002367f5c6750 GCTaskThread "GC Thread#1" [stack: 0x0000009ab2d00000,0x0000009ab2e00000] [id=14340]
  0x000002367f5c6a00 GCTaskThread "GC Thread#2" [stack: 0x0000009ab2e00000,0x0000009ab2f00000] [id=11564]
  0x000002367f5c6cb0 GCTaskThread "GC Thread#3" [stack: 0x0000009ab2f00000,0x0000009ab3000000] [id=8500]
  0x000002367f592f70 GCTaskThread "GC Thread#4" [stack: 0x0000009ab3000000,0x0000009ab3100000] [id=1952]
  0x000002367f593220 GCTaskThread "GC Thread#5" [stack: 0x0000009ab3100000,0x0000009ab3200000] [id=15304]
  0x000002367f9222f0 GCTaskThread "GC Thread#6" [stack: 0x0000009ab3200000,0x0000009ab3300000] [id=11648]
  0x000002367f922b00 GCTaskThread "GC Thread#7" [stack: 0x0000009ab3500000,0x0000009ab3600000] [id=1300]
  0x0000023660215ac0 ConcurrentGCThread "G1 Main Marker" [stack: 0x0000009ab1b00000,0x0000009ab1c00000] [id=12856]
  0x00000236602163e0 ConcurrentGCThread "G1 Conc#0" [stack: 0x0000009ab1c00000,0x0000009ab1d00000] [id=14728]
  0x000002367f922db0 ConcurrentGCThread "G1 Conc#1" [stack: 0x0000009ab3300000,0x0000009ab3400000] [id=10788]
  0x000002366024ecd0 ConcurrentGCThread "G1 Refine#0" [stack: 0x0000009ab1d00000,0x0000009ab1e00000] [id=2828]
  0x00000236051f2460 ConcurrentGCThread "G1 Refine#1" [stack: 0x0000009ab3600000,0x0000009ab3700000] [id=12032]
  0x00000236051f2740 ConcurrentGCThread "G1 Refine#2" [stack: 0x0000009ab3700000,0x0000009ab3800000] [id=5012]
  0x00000236074d2020 ConcurrentGCThread "G1 Refine#3" [stack: 0x0000009ab3800000,0x0000009ab3900000] [id=9448]
  0x00000236074d0ee0 ConcurrentGCThread "G1 Refine#4" [stack: 0x0000009ab3900000,0x0000009ab3a00000] [id=5388]
  0x000002367ea127c0 ConcurrentGCThread "G1 Service" [stack: 0x0000009ab1e00000,0x0000009ab1f00000] [id=10356]

Threads with active compile tasks:
C2 CompilerThread0     5638 11273       4       org.jetbrains.kotlin.ir.visitors.IrElementVisitor$DefaultImpls::visitSimpleFunction (18 bytes)
C2 CompilerThread1     5638 11577       4       jdk.internal.org.objectweb.asm.ClassReader::<init> (371 bytes)
C2 CompilerThread2     5638 11509       4       org.jetbrains.kotlin.ir.util.DeepCopyTypeRemapper::remapType (352 bytes)

VM state: not at safepoint (normal execution)

VM Mutex/Monitor currently owned by a thread: None

Heap address: 0x0000000701400000, size: 4076 MB, Compressed Oops mode: Zero based, Oop shift amount: 3

CDS archive(s) not mapped
Compressed class space mapped at: 0x0000000800000000-0x0000000840000000, reserved size: 1073741824
Narrow klass base: 0x0000000800000000, Narrow klass shift: 0, Narrow klass range: 0x40000000

GC Precious Log:
 CPUs: 8 total, 8 available
 Memory: 16303M
 Large Page Support: Disabled
 NUMA Support: Disabled
 Compressed Oops: Enabled (Zero based)
 Heap Region Size: 2M
 Heap Min Capacity: 8M
 Heap Initial Capacity: 256M
 Heap Max Capacity: 4076M
 Pre-touch: Disabled
 Parallel Workers: 8
 Concurrent Workers: 2
 Concurrent Refinement Workers: 8
 Periodic GC: Disabled

Heap:
 garbage-first heap   total 380928K, used 165046K [0x0000000701400000, 0x0000000800000000)
  region size 2048K, 37 young (75776K), 4 survivors (8192K)
 Metaspace       used 77175K, committed 77568K, reserved 1179648K
  class space    used 8327K, committed 8512K, reserved 1048576K

Heap Regions: E=young(eden), S=young(survivor), O=old, HS=humongous(starts), HC=humongous(continues), CS=collection set, F=free, OA=open archive, CA=closed archive, TAMS=top-at-mark-start (previous, next)
|   0|0x0000000701400000, 0x0000000701600000, 0x0000000701600000|100%|HS|  |TAMS 0x0000000701600000, 0x0000000701400000| Complete 
|   1|0x0000000701600000, 0x0000000701800000, 0x0000000701800000|100%|HC|  |TAMS 0x0000000701800000, 0x0000000701600000| Complete 
|   2|0x0000000701800000, 0x0000000701a00000, 0x0000000701a00000|100%| O|  |TAMS 0x0000000701a00000, 0x0000000701800000| Untracked 
|   3|0x0000000701a00000, 0x0000000701bdbc00, 0x0000000701c00000| 92%| O|  |TAMS 0x0000000701bdbc00, 0x0000000701a00000| Untracked 
|   4|0x0000000701c00000, 0x0000000701e00000, 0x0000000701e00000|100%| O|  |TAMS 0x0000000701e00000, 0x0000000701c00000| Untracked 
|   5|0x0000000701e00000, 0x0000000702000000, 0x0000000702000000|100%| O|  |TAMS 0x0000000702000000, 0x0000000701e00000| Untracked 
|   6|0x0000000702000000, 0x0000000702200000, 0x0000000702200000|100%| O|  |TAMS 0x0000000702200000, 0x0000000702000000| Untracked 
|   7|0x0000000702200000, 0x0000000702400000, 0x0000000702400000|100%| O|  |TAMS 0x0000000702400000, 0x0000000702200000| Untracked 
|   8|0x0000000702400000, 0x0000000702600000, 0x0000000702600000|100%| O|  |TAMS 0x0000000702600000, 0x0000000702400000| Untracked 
|   9|0x0000000702600000, 0x0000000702800000, 0x0000000702800000|100%| O|  |TAMS 0x0000000702800000, 0x0000000702600000| Untracked 
|  10|0x0000000702800000, 0x0000000702a00000, 0x0000000702a00000|100%| O|  |TAMS 0x0000000702a00000, 0x0000000702800000| Untracked 
|  11|0x0000000702a00000, 0x0000000702c00000, 0x0000000702c00000|100%| O|  |TAMS 0x0000000702c00000, 0x0000000702a00000| Untracked 
|  12|0x0000000702c00000, 0x0000000702e00000, 0x0000000702e00000|100%| O|  |TAMS 0x0000000702e00000, 0x0000000702c00000| Untracked 
|  13|0x0000000702e00000, 0x0000000703000000, 0x0000000703000000|100%| O|  |TAMS 0x0000000703000000, 0x0000000702e00000| Untracked 
|  14|0x0000000703000000, 0x0000000703200000, 0x0000000703200000|100%| O|  |TAMS 0x0000000703200000, 0x0000000703000000| Untracked 
|  15|0x0000000703200000, 0x0000000703400000, 0x0000000703400000|100%| O|  |TAMS 0x0000000703400000, 0x0000000703200000| Untracked 
|  16|0x0000000703400000, 0x0000000703600000, 0x0000000703600000|100%| O|  |TAMS 0x0000000703600000, 0x0000000703400000| Untracked 
|  17|0x0000000703600000, 0x0000000703800000, 0x0000000703800000|100%| O|  |TAMS 0x0000000703800000, 0x0000000703600000| Untracked 
|  18|0x0000000703800000, 0x0000000703a00000, 0x0000000703a00000|100%| O|  |TAMS 0x0000000703a00000, 0x0000000703800000| Untracked 
|  19|0x0000000703a00000, 0x0000000703c00000, 0x0000000703c00000|100%| O|  |TAMS 0x0000000703c00000, 0x0000000703a00000| Untracked 
|  20|0x0000000703c00000, 0x0000000703e00000, 0x0000000703e00000|100%| O|  |TAMS 0x0000000703e00000, 0x0000000703c00000| Untracked 
|  21|0x0000000703e00000, 0x0000000704000000, 0x0000000704000000|100%| O|  |TAMS 0x0000000704000000, 0x0000000703e00000| Untracked 
|  22|0x0000000704000000, 0x0000000704200000, 0x0000000704200000|100%| O|  |TAMS 0x0000000704200000, 0x0000000704000000| Untracked 
|  23|0x0000000704200000, 0x0000000704400000, 0x0000000704400000|100%| O|  |TAMS 0x0000000704400000, 0x0000000704200000| Untracked 
|  24|0x0000000704400000, 0x0000000704600000, 0x0000000704600000|100%| O|  |TAMS 0x0000000704600000, 0x0000000704400000| Untracked 
|  25|0x0000000704600000, 0x0000000704800000, 0x0000000704800000|100%| O|  |TAMS 0x0000000704800000, 0x0000000704600000| Untracked 
|  26|0x0000000704800000, 0x0000000704a00000, 0x0000000704a00000|100%| O|  |TAMS 0x0000000704a00000, 0x0000000704800000| Untracked 
|  27|0x0000000704a00000, 0x0000000704c00000, 0x0000000704c00000|100%| O|  |TAMS 0x0000000704a00000, 0x0000000704a00000| Untracked 
|  28|0x0000000704c00000, 0x0000000704e00000, 0x0000000704e00000|100%| O|  |TAMS 0x0000000704e00000, 0x0000000704c00000| Untracked 
|  29|0x0000000704e00000, 0x0000000705000000, 0x0000000705000000|100%| O|  |TAMS 0x0000000705000000, 0x0000000704e00000| Untracked 
|  30|0x0000000705000000, 0x0000000705200000, 0x0000000705200000|100%| O|  |TAMS 0x0000000705200000, 0x0000000705000000| Untracked 
|  31|0x0000000705200000, 0x0000000705400000, 0x0000000705400000|100%| O|  |TAMS 0x0000000705200000, 0x0000000705200000| Untracked 
|  32|0x0000000705400000, 0x0000000705600000, 0x0000000705600000|100%| O|  |TAMS 0x0000000705400000, 0x0000000705400000| Untracked 
|  33|0x0000000705600000, 0x0000000705800000, 0x0000000705800000|100%| O|  |TAMS 0x0000000705600000, 0x0000000705600000| Untracked 
|  34|0x0000000705800000, 0x0000000705a00000, 0x0000000705a00000|100%| O|  |TAMS 0x0000000705800000, 0x0000000705800000| Untracked 
|  35|0x0000000705a00000, 0x0000000705c00000, 0x0000000705c00000|100%| O|  |TAMS 0x0000000705a00000, 0x0000000705a00000| Untracked 
|  36|0x0000000705c00000, 0x0000000705e00000, 0x0000000705e00000|100%| O|  |TAMS 0x0000000705c00000, 0x0000000705c00000| Untracked 
|  37|0x0000000705e00000, 0x0000000706000000, 0x0000000706000000|100%| O|  |TAMS 0x0000000705e00000, 0x0000000705e00000| Untracked 
|  38|0x0000000706000000, 0x0000000706200000, 0x0000000706200000|100%| O|  |TAMS 0x0000000706000000, 0x0000000706000000| Untracked 
|  39|0x0000000706200000, 0x0000000706400000, 0x0000000706400000|100%| O|  |TAMS 0x0000000706200000, 0x0000000706200000| Untracked 
|  40|0x0000000706400000, 0x0000000706600000, 0x0000000706600000|100%| O|  |TAMS 0x0000000706400000, 0x0000000706400000| Untracked 
|  41|0x0000000706600000, 0x0000000706800000, 0x0000000706800000|100%| O|  |TAMS 0x0000000706600000, 0x0000000706600000| Untracked 
|  42|0x0000000706800000, 0x0000000706a00000, 0x0000000706a00000|100%| O|  |TAMS 0x0000000706800000, 0x0000000706800000| Untracked 
|  43|0x0000000706a00000, 0x0000000706c00000, 0x0000000706c00000|100%| O|  |TAMS 0x0000000706a00000, 0x0000000706a00000| Untracked 
|  44|0x0000000706c00000, 0x0000000706d51e00, 0x0000000706e00000| 65%| O|  |TAMS 0x0000000706c00000, 0x0000000706c00000| Untracked 
|  45|0x0000000706e00000, 0x0000000706e00000, 0x0000000707000000|  0%| F|  |TAMS 0x0000000706e00000, 0x0000000706e00000| Untracked 
|  46|0x0000000707000000, 0x0000000707000000, 0x0000000707200000|  0%| F|  |TAMS 0x0000000707000000, 0x0000000707000000| Untracked 
|  47|0x0000000707200000, 0x0000000707200000, 0x0000000707400000|  0%| F|  |TAMS 0x0000000707200000, 0x0000000707200000| Untracked 
|  48|0x0000000707400000, 0x0000000707400000, 0x0000000707600000|  0%| F|  |TAMS 0x0000000707400000, 0x0000000707400000| Untracked 
|  49|0x0000000707600000, 0x0000000707600000, 0x0000000707800000|  0%| F|  |TAMS 0x0000000707600000, 0x0000000707600000| Untracked 
|  50|0x0000000707800000, 0x0000000707800000, 0x0000000707a00000|  0%| F|  |TAMS 0x0000000707800000, 0x0000000707800000| Untracked 
|  51|0x0000000707a00000, 0x0000000707a00000, 0x0000000707c00000|  0%| F|  |TAMS 0x0000000707a00000, 0x0000000707a00000| Untracked 
|  52|0x0000000707c00000, 0x0000000707c00000, 0x0000000707e00000|  0%| F|  |TAMS 0x0000000707c00000, 0x0000000707c00000| Untracked 
|  53|0x0000000707e00000, 0x0000000707e00000, 0x0000000708000000|  0%| F|  |TAMS 0x0000000707e00000, 0x0000000707e00000| Untracked 
|  54|0x0000000708000000, 0x0000000708000000, 0x0000000708200000|  0%| F|  |TAMS 0x0000000708000000, 0x0000000708000000| Untracked 
|  55|0x0000000708200000, 0x0000000708200000, 0x0000000708400000|  0%| F|  |TAMS 0x0000000708200000, 0x0000000708200000| Untracked 
|  56|0x0000000708400000, 0x0000000708400000, 0x0000000708600000|  0%| F|  |TAMS 0x0000000708400000, 0x0000000708400000| Untracked 
|  57|0x0000000708600000, 0x0000000708600000, 0x0000000708800000|  0%| F|  |TAMS 0x0000000708600000, 0x0000000708600000| Untracked 
|  58|0x0000000708800000, 0x0000000708800000, 0x0000000708a00000|  0%| F|  |TAMS 0x0000000708800000, 0x0000000708800000| Untracked 
|  59|0x0000000708a00000, 0x0000000708a00000, 0x0000000708c00000|  0%| F|  |TAMS 0x0000000708a00000, 0x0000000708a00000| Untracked 
|  60|0x0000000708c00000, 0x0000000708c00000, 0x0000000708e00000|  0%| F|  |TAMS 0x0000000708c00000, 0x0000000708c00000| Untracked 
|  61|0x0000000708e00000, 0x0000000709000000, 0x0000000709000000|100%| S|CS|TAMS 0x0000000708e00000, 0x0000000708e00000| Complete 
|  62|0x0000000709000000, 0x0000000709000000, 0x0000000709200000|  0%| F|  |TAMS 0x0000000709000000, 0x0000000709000000| Untracked 
|  63|0x0000000709200000, 0x0000000709200000, 0x0000000709400000|  0%| F|  |TAMS 0x0000000709200000, 0x0000000709200000| Untracked 
|  64|0x0000000709400000, 0x0000000709400000, 0x0000000709600000|  0%| F|  |TAMS 0x0000000709400000, 0x0000000709400000| Untracked 
|  65|0x0000000709600000, 0x0000000709600000, 0x0000000709800000|  0%| F|  |TAMS 0x0000000709600000, 0x0000000709600000| Untracked 
|  66|0x0000000709800000, 0x0000000709a00000, 0x0000000709a00000|100%| S|CS|TAMS 0x0000000709800000, 0x0000000709800000| Complete 
|  67|0x0000000709a00000, 0x0000000709c00000, 0x0000000709c00000|100%| S|CS|TAMS 0x0000000709a00000, 0x0000000709a00000| Complete 
|  68|0x0000000709c00000, 0x0000000709e00000, 0x0000000709e00000|100%| S|CS|TAMS 0x0000000709c00000, 0x0000000709c00000| Complete 
|  69|0x0000000709e00000, 0x0000000709e00000, 0x000000070a000000|  0%| F|  |TAMS 0x0000000709e00000, 0x0000000709e00000| Untracked 
|  70|0x000000070a000000, 0x000000070a000000, 0x000000070a200000|  0%| F|  |TAMS 0x000000070a000000, 0x000000070a000000| Untracked 
|  71|0x000000070a200000, 0x000000070a200000, 0x000000070a400000|  0%| F|  |TAMS 0x000000070a200000, 0x000000070a200000| Untracked 
|  72|0x000000070a400000, 0x000000070a400000, 0x000000070a600000|  0%| F|  |TAMS 0x000000070a400000, 0x000000070a400000| Untracked 
|  73|0x000000070a600000, 0x000000070a600000, 0x000000070a800000|  0%| F|  |TAMS 0x000000070a600000, 0x000000070a600000| Untracked 
|  74|0x000000070a800000, 0x000000070a800000, 0x000000070aa00000|  0%| F|  |TAMS 0x000000070a800000, 0x000000070a800000| Untracked 
|  75|0x000000070aa00000, 0x000000070aa00000, 0x000000070ac00000|  0%| F|  |TAMS 0x000000070aa00000, 0x000000070aa00000| Untracked 
|  76|0x000000070ac00000, 0x000000070ac00000, 0x000000070ae00000|  0%| F|  |TAMS 0x000000070ac00000, 0x000000070ac00000| Untracked 
|  77|0x000000070ae00000, 0x000000070ae00000, 0x000000070b000000|  0%| F|  |TAMS 0x000000070ae00000, 0x000000070ae00000| Untracked 
|  78|0x000000070b000000, 0x000000070b000000, 0x000000070b200000|  0%| F|  |TAMS 0x000000070b000000, 0x000000070b000000| Untracked 
|  79|0x000000070b200000, 0x000000070b200000, 0x000000070b400000|  0%| F|  |TAMS 0x000000070b200000, 0x000000070b200000| Untracked 
|  80|0x000000070b400000, 0x000000070b400000, 0x000000070b600000|  0%| F|  |TAMS 0x000000070b400000, 0x000000070b400000| Untracked 
|  81|0x000000070b600000, 0x000000070b600000, 0x000000070b800000|  0%| F|  |TAMS 0x000000070b600000, 0x000000070b600000| Untracked 
|  82|0x000000070b800000, 0x000000070b800000, 0x000000070ba00000|  0%| F|  |TAMS 0x000000070b800000, 0x000000070b800000| Untracked 
|  83|0x000000070ba00000, 0x000000070ba00000, 0x000000070bc00000|  0%| F|  |TAMS 0x000000070ba00000, 0x000000070ba00000| Untracked 
|  84|0x000000070bc00000, 0x000000070bc00000, 0x000000070be00000|  0%| F|  |TAMS 0x000000070bc00000, 0x000000070bc00000| Untracked 
|  85|0x000000070be00000, 0x000000070be00000, 0x000000070c000000|  0%| F|  |TAMS 0x000000070be00000, 0x000000070be00000| Untracked 
|  86|0x000000070c000000, 0x000000070c000000, 0x000000070c200000|  0%| F|  |TAMS 0x000000070c000000, 0x000000070c000000| Untracked 
|  87|0x000000070c200000, 0x000000070c200000, 0x000000070c400000|  0%| F|  |TAMS 0x000000070c200000, 0x000000070c200000| Untracked 
|  88|0x000000070c400000, 0x000000070c400000, 0x000000070c600000|  0%| F|  |TAMS 0x000000070c400000, 0x000000070c400000| Untracked 
|  89|0x000000070c600000, 0x000000070c600000, 0x000000070c800000|  0%| F|  |TAMS 0x000000070c600000, 0x000000070c600000| Untracked 
|  90|0x000000070c800000, 0x000000070c800000, 0x000000070ca00000|  0%| F|  |TAMS 0x000000070c800000, 0x000000070c800000| Untracked 
|  91|0x000000070ca00000, 0x000000070ca00000, 0x000000070cc00000|  0%| F|  |TAMS 0x000000070ca00000, 0x000000070ca00000| Untracked 
|  92|0x000000070cc00000, 0x000000070cc00000, 0x000000070ce00000|  0%| F|  |TAMS 0x000000070cc00000, 0x000000070cc00000| Untracked 
|  93|0x000000070ce00000, 0x000000070ce00000, 0x000000070d000000|  0%| F|  |TAMS 0x000000070ce00000, 0x000000070ce00000| Untracked 
|  94|0x000000070d000000, 0x000000070d000000, 0x000000070d200000|  0%| F|  |TAMS 0x000000070d000000, 0x000000070d000000| Untracked 
|  95|0x000000070d200000, 0x000000070d200000, 0x000000070d400000|  0%| F|  |TAMS 0x000000070d200000, 0x000000070d200000| Untracked 
|  96|0x000000070d400000, 0x000000070d400000, 0x000000070d600000|  0%| F|  |TAMS 0x000000070d400000, 0x000000070d400000| Untracked 
|  97|0x000000070d600000, 0x000000070d600000, 0x000000070d800000|  0%| F|  |TAMS 0x000000070d600000, 0x000000070d600000| Untracked 
|  98|0x000000070d800000, 0x000000070d800000, 0x000000070da00000|  0%| F|  |TAMS 0x000000070d800000, 0x000000070d800000| Untracked 
|  99|0x000000070da00000, 0x000000070da00000, 0x000000070dc00000|  0%| F|  |TAMS 0x000000070da00000, 0x000000070da00000| Untracked 
| 100|0x000000070dc00000, 0x000000070dc00000, 0x000000070de00000|  0%| F|  |TAMS 0x000000070dc00000, 0x000000070dc00000| Untracked 
| 101|0x000000070de00000, 0x000000070de00000, 0x000000070e000000|  0%| F|  |TAMS 0x000000070de00000, 0x000000070de00000| Untracked 
| 102|0x000000070e000000, 0x000000070e000000, 0x000000070e200000|  0%| F|  |TAMS 0x000000070e000000, 0x000000070e000000| Untracked 
| 103|0x000000070e200000, 0x000000070e200000, 0x000000070e400000|  0%| F|  |TAMS 0x000000070e200000, 0x000000070e200000| Untracked 
| 104|0x000000070e400000, 0x000000070e400000, 0x000000070e600000|  0%| F|  |TAMS 0x000000070e400000, 0x000000070e400000| Untracked 
| 105|0x000000070e600000, 0x000000070e600000, 0x000000070e800000|  0%| F|  |TAMS 0x000000070e600000, 0x000000070e600000| Untracked 
| 106|0x000000070e800000, 0x000000070e800000, 0x000000070ea00000|  0%| F|  |TAMS 0x000000070e800000, 0x000000070e800000| Untracked 
| 107|0x000000070ea00000, 0x000000070ea00000, 0x000000070ec00000|  0%| F|  |TAMS 0x000000070ea00000, 0x000000070ea00000| Untracked 
| 108|0x000000070ec00000, 0x000000070ec00000, 0x000000070ee00000|  0%| F|  |TAMS 0x000000070ec00000, 0x000000070ec00000| Untracked 
| 109|0x000000070ee00000, 0x000000070ee00000, 0x000000070f000000|  0%| F|  |TAMS 0x000000070ee00000, 0x000000070ee00000| Untracked 
| 110|0x000000070f000000, 0x000000070f000000, 0x000000070f200000|  0%| F|  |TAMS 0x000000070f000000, 0x000000070f000000| Untracked 
| 111|0x000000070f200000, 0x000000070f200000, 0x000000070f400000|  0%| F|  |TAMS 0x000000070f200000, 0x000000070f200000| Untracked 
| 112|0x000000070f400000, 0x000000070f400000, 0x000000070f600000|  0%| F|  |TAMS 0x000000070f400000, 0x000000070f400000| Untracked 
| 113|0x000000070f600000, 0x000000070f600000, 0x000000070f800000|  0%| F|  |TAMS 0x000000070f600000, 0x000000070f600000| Untracked 
| 114|0x000000070f800000, 0x000000070f800000, 0x000000070fa00000|  0%| F|  |TAMS 0x000000070f800000, 0x000000070f800000| Untracked 
| 115|0x000000070fa00000, 0x000000070fa00000, 0x000000070fc00000|  0%| F|  |TAMS 0x000000070fa00000, 0x000000070fa00000| Untracked 
| 116|0x000000070fc00000, 0x000000070fc00000, 0x000000070fe00000|  0%| F|  |TAMS 0x000000070fc00000, 0x000000070fc00000| Untracked 
| 117|0x000000070fe00000, 0x000000070fe00000, 0x0000000710000000|  0%| F|  |TAMS 0x000000070fe00000, 0x000000070fe00000| Untracked 
| 118|0x0000000710000000, 0x0000000710000000, 0x0000000710200000|  0%| F|  |TAMS 0x0000000710000000, 0x0000000710000000| Untracked 
| 119|0x0000000710200000, 0x0000000710200000, 0x0000000710400000|  0%| F|  |TAMS 0x0000000710200000, 0x0000000710200000| Untracked 
| 120|0x0000000710400000, 0x0000000710400000, 0x0000000710600000|  0%| F|  |TAMS 0x0000000710400000, 0x0000000710400000| Untracked 
| 121|0x0000000710600000, 0x0000000710600000, 0x0000000710800000|  0%| F|  |TAMS 0x0000000710600000, 0x0000000710600000| Untracked 
| 122|0x0000000710800000, 0x0000000710800000, 0x0000000710a00000|  0%| F|  |TAMS 0x0000000710800000, 0x0000000710800000| Untracked 
| 123|0x0000000710a00000, 0x0000000710a00000, 0x0000000710c00000|  0%| F|  |TAMS 0x0000000710a00000, 0x0000000710a00000| Untracked 
| 124|0x0000000710c00000, 0x0000000710c00000, 0x0000000710e00000|  0%| F|  |TAMS 0x0000000710c00000, 0x0000000710c00000| Untracked 
| 125|0x0000000710e00000, 0x0000000710e00000, 0x0000000711000000|  0%| F|  |TAMS 0x0000000710e00000, 0x0000000710e00000| Untracked 
| 126|0x0000000711000000, 0x0000000711000000, 0x0000000711200000|  0%| F|  |TAMS 0x0000000711000000, 0x0000000711000000| Untracked 
| 127|0x0000000711200000, 0x0000000711200000, 0x0000000711400000|  0%| F|  |TAMS 0x0000000711200000, 0x0000000711200000| Untracked 
| 128|0x0000000711400000, 0x0000000711400000, 0x0000000711600000|  0%| F|  |TAMS 0x0000000711400000, 0x0000000711400000| Untracked 
| 129|0x0000000711600000, 0x0000000711600000, 0x0000000711800000|  0%| F|  |TAMS 0x0000000711600000, 0x0000000711600000| Untracked 
| 130|0x0000000711800000, 0x0000000711800000, 0x0000000711a00000|  0%| F|  |TAMS 0x0000000711800000, 0x0000000711800000| Untracked 
| 131|0x0000000711a00000, 0x0000000711a00000, 0x0000000711c00000|  0%| F|  |TAMS 0x0000000711a00000, 0x0000000711a00000| Untracked 
| 132|0x0000000711c00000, 0x0000000711c00000, 0x0000000711e00000|  0%| F|  |TAMS 0x0000000711c00000, 0x0000000711c00000| Untracked 
| 133|0x0000000711e00000, 0x0000000711e00000, 0x0000000712000000|  0%| F|  |TAMS 0x0000000711e00000, 0x0000000711e00000| Untracked 
| 134|0x0000000712000000, 0x0000000712000000, 0x0000000712200000|  0%| F|  |TAMS 0x0000000712000000, 0x0000000712000000| Untracked 
| 135|0x0000000712200000, 0x0000000712200000, 0x0000000712400000|  0%| F|  |TAMS 0x0000000712200000, 0x0000000712200000| Untracked 
| 136|0x0000000712400000, 0x0000000712400000, 0x0000000712600000|  0%| F|  |TAMS 0x0000000712400000, 0x0000000712400000| Untracked 
| 137|0x0000000712600000, 0x0000000712600000, 0x0000000712800000|  0%| F|  |TAMS 0x0000000712600000, 0x0000000712600000| Untracked 
| 138|0x0000000712800000, 0x0000000712800000, 0x0000000712a00000|  0%| F|  |TAMS 0x0000000712800000, 0x0000000712800000| Untracked 
| 139|0x0000000712a00000, 0x0000000712a00000, 0x0000000712c00000|  0%| F|  |TAMS 0x0000000712a00000, 0x0000000712a00000| Untracked 
| 140|0x0000000712c00000, 0x0000000712c00000, 0x0000000712e00000|  0%| F|  |TAMS 0x0000000712c00000, 0x0000000712c00000| Untracked 
| 141|0x0000000712e00000, 0x0000000712e00000, 0x0000000713000000|  0%| F|  |TAMS 0x0000000712e00000, 0x0000000712e00000| Untracked 
| 142|0x0000000713000000, 0x0000000713000000, 0x0000000713200000|  0%| F|  |TAMS 0x0000000713000000, 0x0000000713000000| Untracked 
| 143|0x0000000713200000, 0x0000000713200000, 0x0000000713400000|  0%| F|  |TAMS 0x0000000713200000, 0x0000000713200000| Untracked 
| 144|0x0000000713400000, 0x0000000713400000, 0x0000000713600000|  0%| F|  |TAMS 0x0000000713400000, 0x0000000713400000| Untracked 
| 145|0x0000000713600000, 0x0000000713600000, 0x0000000713800000|  0%| F|  |TAMS 0x0000000713600000, 0x0000000713600000| Untracked 
| 146|0x0000000713800000, 0x0000000713800000, 0x0000000713a00000|  0%| F|  |TAMS 0x0000000713800000, 0x0000000713800000| Untracked 
| 147|0x0000000713a00000, 0x0000000713a00000, 0x0000000713c00000|  0%| F|  |TAMS 0x0000000713a00000, 0x0000000713a00000| Untracked 
| 148|0x0000000713c00000, 0x0000000713c00000, 0x0000000713e00000|  0%| F|  |TAMS 0x0000000713c00000, 0x0000000713c00000| Untracked 
| 149|0x0000000713e00000, 0x0000000713e00000, 0x0000000714000000|  0%| F|  |TAMS 0x0000000713e00000, 0x0000000713e00000| Untracked 
| 150|0x0000000714000000, 0x0000000714000000, 0x0000000714200000|  0%| F|  |TAMS 0x0000000714000000, 0x0000000714000000| Untracked 
| 151|0x0000000714200000, 0x0000000714200000, 0x0000000714400000|  0%| F|  |TAMS 0x0000000714200000, 0x0000000714200000| Untracked 
| 152|0x0000000714400000, 0x0000000714400000, 0x0000000714600000|  0%| F|  |TAMS 0x0000000714400000, 0x0000000714400000| Untracked 
| 153|0x0000000714600000, 0x0000000714700800, 0x0000000714800000| 50%| E|  |TAMS 0x0000000714600000, 0x0000000714600000| Complete 
| 154|0x0000000714800000, 0x0000000714a00000, 0x0000000714a00000|100%| E|CS|TAMS 0x0000000714800000, 0x0000000714800000| Complete 
| 155|0x0000000714a00000, 0x0000000714c00000, 0x0000000714c00000|100%| E|CS|TAMS 0x0000000714a00000, 0x0000000714a00000| Complete 
| 156|0x0000000714c00000, 0x0000000714e00000, 0x0000000714e00000|100%| E|CS|TAMS 0x0000000714c00000, 0x0000000714c00000| Complete 
| 157|0x0000000714e00000, 0x0000000715000000, 0x0000000715000000|100%| E|CS|TAMS 0x0000000714e00000, 0x0000000714e00000| Complete 
| 158|0x0000000715000000, 0x0000000715200000, 0x0000000715200000|100%| E|CS|TAMS 0x0000000715000000, 0x0000000715000000| Complete 
| 159|0x0000000715200000, 0x0000000715400000, 0x0000000715400000|100%| E|CS|TAMS 0x0000000715200000, 0x0000000715200000| Complete 
| 160|0x0000000715400000, 0x0000000715600000, 0x0000000715600000|100%| E|CS|TAMS 0x0000000715400000, 0x0000000715400000| Complete 
| 161|0x0000000715600000, 0x0000000715800000, 0x0000000715800000|100%| E|CS|TAMS 0x0000000715600000, 0x0000000715600000| Complete 
| 162|0x0000000715800000, 0x0000000715a00000, 0x0000000715a00000|100%| E|CS|TAMS 0x0000000715800000, 0x0000000715800000| Complete 
| 163|0x0000000715a00000, 0x0000000715c00000, 0x0000000715c00000|100%| E|CS|TAMS 0x0000000715a00000, 0x0000000715a00000| Complete 
| 164|0x0000000715c00000, 0x0000000715e00000, 0x0000000715e00000|100%| E|CS|TAMS 0x0000000715c00000, 0x0000000715c00000| Complete 
| 165|0x0000000715e00000, 0x0000000716000000, 0x0000000716000000|100%| E|CS|TAMS 0x0000000715e00000, 0x0000000715e00000| Complete 
| 166|0x0000000716000000, 0x0000000716200000, 0x0000000716200000|100%| E|CS|TAMS 0x0000000716000000, 0x0000000716000000| Complete 
| 167|0x0000000716200000, 0x0000000716400000, 0x0000000716400000|100%| E|CS|TAMS 0x0000000716200000, 0x0000000716200000| Complete 
| 168|0x0000000716400000, 0x0000000716600000, 0x0000000716600000|100%| E|CS|TAMS 0x0000000716400000, 0x0000000716400000| Complete 
| 169|0x0000000716600000, 0x0000000716800000, 0x0000000716800000|100%| E|CS|TAMS 0x0000000716600000, 0x0000000716600000| Complete 
| 170|0x0000000716800000, 0x0000000716a00000, 0x0000000716a00000|100%| E|CS|TAMS 0x0000000716800000, 0x0000000716800000| Complete 
| 171|0x0000000716a00000, 0x0000000716c00000, 0x0000000716c00000|100%| E|CS|TAMS 0x0000000716a00000, 0x0000000716a00000| Complete 
| 172|0x0000000716c00000, 0x0000000716e00000, 0x0000000716e00000|100%| E|CS|TAMS 0x0000000716c00000, 0x0000000716c00000| Complete 
| 173|0x0000000716e00000, 0x0000000717000000, 0x0000000717000000|100%| E|CS|TAMS 0x0000000716e00000, 0x0000000716e00000| Complete 
| 174|0x0000000717000000, 0x0000000717200000, 0x0000000717200000|100%| E|CS|TAMS 0x0000000717000000, 0x0000000717000000| Complete 
| 175|0x0000000717200000, 0x0000000717400000, 0x0000000717400000|100%| E|CS|TAMS 0x0000000717200000, 0x0000000717200000| Complete 
| 176|0x0000000717400000, 0x0000000717600000, 0x0000000717600000|100%| E|CS|TAMS 0x0000000717400000, 0x0000000717400000| Complete 
| 177|0x0000000717600000, 0x0000000717800000, 0x0000000717800000|100%| E|CS|TAMS 0x0000000717600000, 0x0000000717600000| Complete 
| 178|0x0000000717800000, 0x0000000717a00000, 0x0000000717a00000|100%| E|CS|TAMS 0x0000000717800000, 0x0000000717800000| Complete 
| 179|0x0000000717a00000, 0x0000000717c00000, 0x0000000717c00000|100%| E|CS|TAMS 0x0000000717a00000, 0x0000000717a00000| Complete 
| 180|0x0000000717c00000, 0x0000000717e00000, 0x0000000717e00000|100%| E|CS|TAMS 0x0000000717c00000, 0x0000000717c00000| Complete 
| 181|0x0000000717e00000, 0x0000000718000000, 0x0000000718000000|100%| E|CS|TAMS 0x0000000717e00000, 0x0000000717e00000| Complete 
| 182|0x0000000718000000, 0x0000000718200000, 0x0000000718200000|100%| E|CS|TAMS 0x0000000718000000, 0x0000000718000000| Complete 
| 183|0x0000000718200000, 0x0000000718400000, 0x0000000718400000|100%| E|CS|TAMS 0x0000000718200000, 0x0000000718200000| Complete 
| 184|0x0000000718400000, 0x0000000718600000, 0x0000000718600000|100%| E|CS|TAMS 0x0000000718400000, 0x0000000718400000| Complete 
| 185|0x0000000718600000, 0x0000000718800000, 0x0000000718800000|100%| E|CS|TAMS 0x0000000718600000, 0x0000000718600000| Complete 

Card table byte_map: [0x0000023673190000,0x0000023673990000] _byte_map_base: 0x000002366f986000

Marking Bits (Prev, Next): (CMBitMap*) 0x0000023660205310, (CMBitMap*) 0x00000236602052d0
 Prev Bits: [0x0000023678140000, 0x000002367c0f0000)
 Next Bits: [0x0000023674190000, 0x0000023678140000)

Polling page: 0x000002365e160000

Metaspace:

Usage:
  Non-class:     67.27 MB used.
      Class:      8.14 MB used.
       Both:     75.41 MB used.

Virtual space:
  Non-class space:      128.00 MB reserved,      67.44 MB ( 53%) committed,  2 nodes.
      Class space:        1.00 GB reserved,       8.31 MB ( <1%) committed,  1 nodes.
             Both:        1.13 GB reserved,      75.75 MB (  7%) committed. 

Chunk freelists:
   Non-Class:  12.56 MB
       Class:  7.64 MB
        Both:  20.20 MB

MaxMetaspaceSize: unlimited
CompressedClassSpaceSize: 1.00 GB
Initial GC threshold: 21.00 MB
Current GC threshold: 98.44 MB
CDS: off
MetaspaceReclaimPolicy: balanced
 - commit_granule_bytes: 65536.
 - commit_granule_words: 8192.
 - virtual_space_node_default_size: 8388608.
 - enlarge_chunks_in_place: 1.
 - new_chunks_are_fully_committed: 0.
 - uncommit_free_chunks: 1.
 - use_allocation_guard: 0.
 - handle_deallocations: 1.


Internal statistics:

num_allocs_failed_limit: 9.
num_arena_births: 362.
num_arena_deaths: 0.
num_vsnodes_births: 3.
num_vsnodes_deaths: 0.
num_space_committed: 1211.
num_space_uncommitted: 0.
num_chunks_returned_to_freelist: 9.
num_chunks_taken_from_freelist: 2837.
num_chunk_merges: 9.
num_chunk_splits: 2331.
num_chunks_enlarged: 2088.
num_inconsistent_stats: 0.

CodeHeap 'non-profiled nmethods': size=120000Kb used=5761Kb max_used=5963Kb free=114238Kb
 bounds [0x000002366b130000, 0x000002366b710000, 0x0000023672660000]
CodeHeap 'profiled nmethods': size=120000Kb used=33277Kb max_used=33376Kb free=86722Kb
 bounds [0x0000023663660000, 0x0000023665710000, 0x000002366ab90000]
CodeHeap 'non-nmethods': size=5760Kb used=1432Kb max_used=1529Kb free=4327Kb
 bounds [0x000002366ab90000, 0x000002366ae00000, 0x000002366b130000]
 total_blobs=10656 nmethods=9896 adapters=669
 compilation: enabled
              stopped_count=0, restarted_count=0
 full_count=0

Compilation events (20 events):
Event: 5.627 Thread 0x000002367ed52e40 nmethod 11563 0x0000023664451990 code [0x0000023664451ca0, 0x0000023664452c48]
Event: 5.627 Thread 0x000002367ed52e40 11564       1       org.jetbrains.kotlin.ir.expressions.impl.IrCallImpl::getSuperQualifierSymbol (5 bytes)
Event: 5.627 Thread 0x000002367ed52e40 nmethod 11564 0x000002366b5eb410 code [0x000002366b5eb5a0, 0x000002366b5eb678]
Event: 5.627 Thread 0x000002367ed52e40 11569       3       org.jetbrains.kotlin.backend.jvm.lower.TailCallOptimizationLowering$lower$1::visitDeclaration (10 bytes)
Event: 5.627 Thread 0x000002367ed52e40 nmethod 11569 0x0000023664450b90 code [0x0000023664450dc0, 0x0000023664451688]
Event: 5.627 Thread 0x000002367ed52e40 11570       3       org.jetbrains.kotlin.backend.jvm.lower.TailCallOptimizationLowering$lower$1::visitDeclaration (7 bytes)
Event: 5.627 Thread 0x000002367ed52e40 nmethod 11570 0x000002366444ff90 code [0x00000236644501c0, 0x00000236644508e8]
Event: 5.627 Thread 0x000002367ed52e40 11558       3       org.jetbrains.kotlin.ir.util.IrUtilsKt::hasInterfaceParent (51 bytes)
Event: 5.628 Thread 0x000002367ed52e40 nmethod 11558 0x000002366444dd10 code [0x000002366444e0c0, 0x000002366444f828]
Event: 5.628 Thread 0x000002367ed52e40 11571       3       org.jetbrains.kotlin.backend.jvm.lower.TailCallOptimizationLowering$lower$1::visitValueParameter (10 bytes)
Event: 5.628 Thread 0x000002367ed52e40 nmethod 11571 0x000002366444ca90 code [0x000002366444cd00, 0x000002366444d8f8]
Event: 5.628 Thread 0x000002367ed52e40 11572       3       org.jetbrains.kotlin.backend.jvm.lower.TailCallOptimizationLowering$lower$1::visitValueParameter (7 bytes)
Event: 5.629 Thread 0x000002367ed52e40 nmethod 11572 0x000002366444b610 code [0x000002366444b8c0, 0x000002366444c5e8]
Event: 5.629 Thread 0x000002367ed52e40 11574       3       org.jetbrains.kotlin.backend.jvm.lower.AddContinuationLowering$addContinuationObjectAndContinuationParameterToSuspendFunctions$1$$Lambda$1160/0x000000080084fdb0::invoke (12 bytes)
Event: 5.629 Thread 0x000002367ed52e40 nmethod 11574 0x000002366548cb10 code [0x000002366548ccc0, 0x000002366548cf08]
Event: 5.629 Thread 0x000002367ed52e40 11555       3       org.jetbrains.kotlin.backend.jvm.lower.InheritedDefaultMethodsOnClassesLoweringKt::findInterfaceImplementation (279 bytes)
Event: 5.630 Thread 0x000002367ed52e40 nmethod 11555 0x0000023664445090 code [0x00000236644458a0, 0x000002366444a288]
Event: 5.630 Thread 0x000002367ed52e40 11573       1       org.jetbrains.kotlin.ir.declarations.impl.IrFunctionImpl::isSuspend (5 bytes)
Event: 5.630 Thread 0x000002367ed52e40 nmethod 11573 0x000002366b5eb110 code [0x000002366b5eb2a0, 0x000002366b5eb378]
Event: 5.630 Thread 0x000002367ed52e40 11575       3       org.jetbrains.kotlin.backend.jvm.lower.AddContinuationLowering$addContinuationParameterToSuspendCalls$1::visitFunction (36 bytes)

GC Heap History (20 events):
Event: 2.035 GC heap before
{Heap before GC invocations=12 (full 0):
 garbage-first heap   total 75776K, used 52641K [0x0000000701400000, 0x0000000800000000)
  region size 2048K, 13 young (26624K), 2 survivors (4096K)
 Metaspace       used 49171K, committed 49408K, reserved 1114112K
  class space    used 5804K, committed 5888K, reserved 1048576K
}
Event: 2.046 GC heap after
{Heap after GC invocations=13 (full 0):
 garbage-first heap   total 137216K, used 37505K [0x0000000701400000, 0x0000000800000000)
  region size 2048K, 2 young (4096K), 2 survivors (4096K)
 Metaspace       used 49171K, committed 49408K, reserved 1114112K
  class space    used 5804K, committed 5888K, reserved 1048576K
}
Event: 2.492 GC heap before
{Heap before GC invocations=13 (full 0):
 garbage-first heap   total 137216K, used 88705K [0x0000000701400000, 0x0000000800000000)
  region size 2048K, 27 young (55296K), 2 survivors (4096K)
 Metaspace       used 53713K, committed 54016K, reserved 1114112K
  class space    used 6321K, committed 6464K, reserved 1048576K
}
Event: 2.502 GC heap after
{Heap after GC invocations=14 (full 0):
 garbage-first heap   total 137216K, used 48463K [0x0000000701400000, 0x0000000800000000)
  region size 2048K, 4 young (8192K), 4 survivors (8192K)
 Metaspace       used 53713K, committed 54016K, reserved 1114112K
  class space    used 6321K, committed 6464K, reserved 1048576K
}
Event: 3.012 GC heap before
{Heap before GC invocations=14 (full 0):
 garbage-first heap   total 137216K, used 91471K [0x0000000701400000, 0x0000000800000000)
  region size 2048K, 25 young (51200K), 4 survivors (8192K)
 Metaspace       used 55438K, committed 55744K, reserved 1114112K
  class space    used 6444K, committed 6592K, reserved 1048576K
}
Event: 3.023 GC heap after
{Heap after GC invocations=15 (full 0):
 garbage-first heap   total 137216K, used 55568K [0x0000000701400000, 0x0000000800000000)
  region size 2048K, 4 young (8192K), 4 survivors (8192K)
 Metaspace       used 55438K, committed 55744K, reserved 1114112K
  class space    used 6444K, committed 6592K, reserved 1048576K
}
Event: 3.336 GC heap before
{Heap before GC invocations=15 (full 0):
 garbage-first heap   total 137216K, used 96528K [0x0000000701400000, 0x0000000800000000)
  region size 2048K, 24 young (49152K), 4 survivors (8192K)
 Metaspace       used 57599K, committed 57856K, reserved 1114112K
  class space    used 6607K, committed 6720K, reserved 1048576K
}
Event: 3.346 GC heap after
{Heap after GC invocations=16 (full 0):
 garbage-first heap   total 137216K, used 62811K [0x0000000701400000, 0x0000000800000000)
  region size 2048K, 3 young (6144K), 3 survivors (6144K)
 Metaspace       used 57599K, committed 57856K, reserved 1114112K
  class space    used 6607K, committed 6720K, reserved 1048576K
}
Event: 3.802 GC heap before
{Heap before GC invocations=16 (full 0):
 garbage-first heap   total 137216K, used 99675K [0x0000000701400000, 0x0000000800000000)
  region size 2048K, 21 young (43008K), 3 survivors (6144K)
 Metaspace       used 60068K, committed 60352K, reserved 1114112K
  class space    used 6795K, committed 6912K, reserved 1048576K
}
Event: 3.811 GC heap after
{Heap after GC invocations=17 (full 0):
 garbage-first heap   total 190464K, used 69108K [0x0000000701400000, 0x0000000800000000)
  region size 2048K, 3 young (6144K), 3 survivors (6144K)
 Metaspace       used 60068K, committed 60352K, reserved 1114112K
  class space    used 6795K, committed 6912K, reserved 1048576K
}
Event: 3.873 GC heap before
{Heap before GC invocations=17 (full 0):
 garbage-first heap   total 190464K, used 81396K [0x0000000701400000, 0x0000000800000000)
  region size 2048K, 10 young (20480K), 3 survivors (6144K)
 Metaspace       used 60187K, committed 60416K, reserved 1114112K
  class space    used 6795K, committed 6912K, reserved 1048576K
}
Event: 3.881 GC heap after
{Heap after GC invocations=18 (full 0):
 garbage-first heap   total 190464K, used 72852K [0x0000000701400000, 0x0000000800000000)
  region size 2048K, 5 young (10240K), 5 survivors (10240K)
 Metaspace       used 60187K, committed 60416K, reserved 1114112K
  class space    used 6795K, committed 6912K, reserved 1048576K
}
Event: 4.230 GC heap before
{Heap before GC invocations=19 (full 0):
 garbage-first heap   total 190464K, used 130196K [0x0000000701400000, 0x0000000800000000)
  region size 2048K, 33 young (67584K), 5 survivors (10240K)
 Metaspace       used 62798K, committed 63168K, reserved 1114112K
  class space    used 7054K, committed 7232K, reserved 1048576K
}
Event: 4.242 GC heap after
{Heap after GC invocations=20 (full 0):
 garbage-first heap   total 190464K, used 81314K [0x0000000701400000, 0x0000000800000000)
  region size 2048K, 5 young (10240K), 5 survivors (10240K)
 Metaspace       used 62798K, committed 63168K, reserved 1114112K
  class space    used 7054K, committed 7232K, reserved 1048576K
}
Event: 4.259 GC heap before
{Heap before GC invocations=20 (full 0):
 garbage-first heap   total 190464K, used 81314K [0x0000000701400000, 0x0000000800000000)
  region size 2048K, 6 young (12288K), 5 survivors (10240K)
 Metaspace       used 63276K, committed 63552K, reserved 1114112K
  class space    used 7096K, committed 7232K, reserved 1048576K
}
Event: 4.267 GC heap after
{Heap after GC invocations=21 (full 0):
 garbage-first heap   total 190464K, used 82868K [0x0000000701400000, 0x0000000800000000)
  region size 2048K, 1 young (2048K), 1 survivors (2048K)
 Metaspace       used 63276K, committed 63552K, reserved 1114112K
  class space    used 7096K, committed 7232K, reserved 1048576K
}
Event: 4.789 GC heap before
{Heap before GC invocations=21 (full 0):
 garbage-first heap   total 190464K, used 136116K [0x0000000701400000, 0x0000000800000000)
  region size 2048K, 27 young (55296K), 1 survivors (2048K)
 Metaspace       used 67654K, committed 67968K, reserved 1114112K
  class space    used 7478K, committed 7616K, reserved 1048576K
}
Event: 4.798 GC heap after
{Heap after GC invocations=22 (full 0):
 garbage-first heap   total 190464K, used 90965K [0x0000000701400000, 0x0000000800000000)
  region size 2048K, 4 young (8192K), 4 survivors (8192K)
 Metaspace       used 67654K, committed 67968K, reserved 1114112K
  class space    used 7478K, committed 7616K, reserved 1048576K
}
Event: 5.032 GC heap before
{Heap before GC invocations=22 (full 0):
 garbage-first heap   total 190464K, used 140117K [0x0000000701400000, 0x0000000800000000)
  region size 2048K, 28 young (57344K), 4 survivors (8192K)
 Metaspace       used 69135K, committed 69504K, reserved 1114112K
  class space    used 7551K, committed 7744K, reserved 1048576K
}
Event: 5.043 GC heap after
{Heap after GC invocations=23 (full 0):
 garbage-first heap   total 380928K, used 99510K [0x0000000701400000, 0x0000000800000000)
  region size 2048K, 4 young (8192K), 4 survivors (8192K)
 Metaspace       used 69135K, committed 69504K, reserved 1114112K
  class space    used 7551K, committed 7744K, reserved 1048576K
}

Dll operation events (2 events):
Event: 0.003 Loaded shared library C:\Program Files\Android\Android Studio\jbr\bin\java.dll
Event: 0.684 Loaded shared library C:\Program Files\Android\Android Studio\jbr\bin\verify.dll

Deoptimization events (20 events):
Event: 5.626 Thread 0x000002365e11ddd0 Uncommon trap: trap_request=0xffffffc6 fr.pc=0x000002366b3e7128 relative=0x00000000000002e8
Event: 5.626 Thread 0x000002365e11ddd0 Uncommon trap: reason=bimorphic_or_optimized_type_check action=maybe_recompile pc=0x000002366b3e7128 method=org.jetbrains.kotlin.ir.visitors.IrElementTransformer$DefaultImpls.visitValueParameter(Lorg/jetbrains/kotlin/ir/visitors/IrElementTransformer;Lorg/
Event: 5.626 Thread 0x000002365e11ddd0 DEOPT PACKING pc=0x000002366b3e7128 sp=0x0000009ab19fd340
Event: 5.626 Thread 0x000002365e11ddd0 DEOPT UNPACKING pc=0x000002366abe69a3 sp=0x0000009ab19fd300 mode 2
Event: 5.626 Thread 0x000002365e11ddd0 Uncommon trap: trap_request=0xffffffc6 fr.pc=0x000002366b3e7128 relative=0x00000000000002e8
Event: 5.626 Thread 0x000002365e11ddd0 Uncommon trap: reason=bimorphic_or_optimized_type_check action=maybe_recompile pc=0x000002366b3e7128 method=org.jetbrains.kotlin.ir.visitors.IrElementTransformer$DefaultImpls.visitValueParameter(Lorg/jetbrains/kotlin/ir/visitors/IrElementTransformer;Lorg/
Event: 5.626 Thread 0x000002365e11ddd0 DEOPT PACKING pc=0x000002366b3e7128 sp=0x0000009ab19fd340
Event: 5.626 Thread 0x000002365e11ddd0 DEOPT UNPACKING pc=0x000002366abe69a3 sp=0x0000009ab19fd300 mode 2
Event: 5.626 Thread 0x000002365e11ddd0 Uncommon trap: trap_request=0xffffffc6 fr.pc=0x000002366b3e7128 relative=0x00000000000002e8
Event: 5.626 Thread 0x000002365e11ddd0 Uncommon trap: reason=bimorphic_or_optimized_type_check action=maybe_recompile pc=0x000002366b3e7128 method=org.jetbrains.kotlin.ir.visitors.IrElementTransformer$DefaultImpls.visitValueParameter(Lorg/jetbrains/kotlin/ir/visitors/IrElementTransformer;Lorg/
Event: 5.626 Thread 0x000002365e11ddd0 DEOPT PACKING pc=0x000002366b3e7128 sp=0x0000009ab19fd340
Event: 5.626 Thread 0x000002365e11ddd0 DEOPT UNPACKING pc=0x000002366abe69a3 sp=0x0000009ab19fd300 mode 2
Event: 5.630 Thread 0x000002365e11ddd0 Uncommon trap: trap_request=0xffffffde fr.pc=0x000002366b6ba754 relative=0x0000000000001194
Event: 5.630 Thread 0x000002365e11ddd0 Uncommon trap: reason=class_check action=maybe_recompile pc=0x000002366b6ba754 method=org.jetbrains.kotlin.ir.util.DeepCopyIrTreeWithSymbols.visitConstructorCall(Lorg/jetbrains/kotlin/ir/expressions/IrConstructorCall;)Lorg/jetbrains/kotlin/ir/expressions/
Event: 5.630 Thread 0x000002365e11ddd0 DEOPT PACKING pc=0x000002366b6ba754 sp=0x0000009ab19fb2e0
Event: 5.630 Thread 0x000002365e11ddd0 DEOPT UNPACKING pc=0x000002366abe69a3 sp=0x0000009ab19fb118 mode 2
Event: 5.630 Thread 0x000002365e11ddd0 Uncommon trap: trap_request=0xffffffde fr.pc=0x000002366b66ee7c relative=0x00000000000013dc
Event: 5.630 Thread 0x000002365e11ddd0 Uncommon trap: reason=class_check action=maybe_recompile pc=0x000002366b66ee7c method=org.jetbrains.kotlin.ir.util.DeepCopyIrTreeWithSymbols.visitConstructorCall(Lorg/jetbrains/kotlin/ir/expressions/IrConstructorCall;)Lorg/jetbrains/kotlin/ir/expressions/
Event: 5.630 Thread 0x000002365e11ddd0 DEOPT PACKING pc=0x000002366b66ee7c sp=0x0000009ab19fad10
Event: 5.630 Thread 0x000002365e11ddd0 DEOPT UNPACKING pc=0x000002366abe69a3 sp=0x0000009ab19fabd0 mode 2

Classes unloaded (0 events):
No events

Classes redefined (0 events):
No events

Internal exceptions (20 events):
Event: 3.768 Thread 0x000002365e11ddd0 Exception <a 'java/lang/NoSuchMethodError'{0x0000000707d67c00}: 'java.lang.Object java.lang.invoke.DirectMethodHandle$Holder.newInvokeSpecial(java.lang.Object, java.lang.Object, java.lang.Object, java.lang.Object, java.lang.Object, java.lang.Object, int)'> (0x0000000707d67c00) 
thrown [s\src\hotspot\share\interpreter\linkResolver.cpp, line 771]
Event: 4.195 Thread 0x000002365e11ddd0 Implicit null exception at 0x000002366b27bef5 to 0x000002366b27c678
Event: 4.197 Thread 0x000002365e11ddd0 Implicit null exception at 0x000002366b262c72 to 0x000002366b263404
Event: 4.217 Thread 0x000002365e11ddd0 Exception <a 'java/lang/NoSuchMethodError'{0x0000000708c70eb0}: 'java.lang.Object java.lang.invoke.DirectMethodHandle$Holder.invokeStatic(java.lang.Object, java.lang.Object, int)'> (0x0000000708c70eb0) 
thrown [s\src\hotspot\share\interpreter\linkResolver.cpp, line 771]
Event: 4.393 Thread 0x000002365e11ddd0 Exception <a 'java/lang/NoSuchMethodError'{0x000000070c09fe50}: 'java.lang.Object java.lang.invoke.DirectMethodHandle$Holder.invokeStatic(java.lang.Object, java.lang.Object, int, int)'> (0x000000070c09fe50) 
thrown [s\src\hotspot\share\interpreter\linkResolver.cpp, line 771]
Event: 4.393 Thread 0x000002365e11ddd0 Exception <a 'java/lang/NoSuchMethodError'{0x000000070c0a7770}: 'java.lang.Object java.lang.invoke.DirectMethodHandle$Holder.newInvokeSpecial(java.lang.Object, java.lang.Object, int, int)'> (0x000000070c0a7770) 
thrown [s\src\hotspot\share\interpreter\linkResolver.cpp, line 771]
Event: 4.394 Thread 0x000002365e11ddd0 Exception <a 'java/lang/NoSuchMethodError'{0x000000070c0abee8}: 'java.lang.Object java.lang.invoke.DirectMethodHandle$Holder.invokeSpecial(java.lang.Object, java.lang.Object, java.lang.Object, int, int)'> (0x000000070c0abee8) 
thrown [s\src\hotspot\share\interpreter\linkResolver.cpp, line 771]
Event: 4.394 Thread 0x000002365e11ddd0 Exception <a 'java/lang/NoSuchMethodError'{0x000000070c0affc0}: 'java.lang.Object java.lang.invoke.Invokers$Holder.linkToTargetMethod(java.lang.Object, int, int, java.lang.Object)'> (0x000000070c0affc0) 
thrown [s\src\hotspot\share\interpreter\linkResolver.cpp, line 771]
Event: 4.888 Thread 0x000002365e11ddd0 Implicit null exception at 0x000002366b645a2d to 0x000002366b645c7c
Event: 5.100 Thread 0x000002365e11ddd0 Implicit null exception at 0x000002366b50e580 to 0x000002366b50f96c
Event: 5.179 Thread 0x000002365e11ddd0 Exception <a 'java/lang/NoSuchMethodError'{0x00000007172b8778}: 'java.lang.Object java.lang.invoke.DirectMethodHandle$Holder.newInvokeSpecial(java.lang.Object, java.lang.Object, java.lang.Object, java.lang.Object, int, java.lang.Object, java.lang.Object, java.lang.Object)'> (0x00000007172b8778) 
thrown [s\src\hotspot\share\interpreter\linkResolver.cpp, line 771]
Event: 5.179 Thread 0x000002365e11ddd0 Exception <a 'java/lang/NoSuchMethodError'{0x00000007172cb498}: 'java.lang.Object java.lang.invoke.DirectMethodHandle$Holder.newInvokeSpecial(java.lang.Object, java.lang.Object, java.lang.Object, java.lang.Object, int, java.lang.Object)'> (0x00000007172cb498) 
thrown [s\src\hotspot\share\interpreter\linkResolver.cpp, line 771]
Event: 5.179 Thread 0x000002365e11ddd0 Exception <a 'java/lang/NoSuchMethodError'{0x00000007172cfa68}: 'java.lang.Object java.lang.invoke.DirectMethodHandle$Holder.invokeSpecial(java.lang.Object, java.lang.Object, java.lang.Object, java.lang.Object, java.lang.Object, int, java.lang.Object)'> (0x00000007172cfa68) 
thrown [s\src\hotspot\share\interpreter\linkResolver.cpp, line 771]
Event: 5.180 Thread 0x000002365e11ddd0 Exception <a 'java/lang/NoSuchMethodError'{0x00000007172d38a0}: 'java.lang.Object java.lang.invoke.Invokers$Holder.linkToTargetMethod(java.lang.Object, java.lang.Object, java.lang.Object, int, java.lang.Object, java.lang.Object)'> (0x00000007172d38a0) 
thrown [s\src\hotspot\share\interpreter\linkResolver.cpp, line 771]
Event: 5.180 Thread 0x000002365e11ddd0 Exception <a 'java/lang/NoSuchMethodError'{0x00000007172d7410}: 'java.lang.Object java.lang.invoke.DirectMethodHandle$Holder.invokeStatic(java.lang.Object, java.lang.Object, java.lang.Object, java.lang.Object, int, java.lang.Object)'> (0x00000007172d7410) 
thrown [s\src\hotspot\share\interpreter\linkResolver.cpp, line 771]
Event: 5.281 Thread 0x000002365e11ddd0 Exception <a 'java/lang/NoSuchMethodError'{0x000000071688f9b0}: 'java.lang.Object java.lang.invoke.DirectMethodHandle$Holder.newInvokeSpecial(java.lang.Object, int, java.lang.Object, int)'> (0x000000071688f9b0) 
thrown [s\src\hotspot\share\interpreter\linkResolver.cpp, line 771]
Event: 5.446 Thread 0x000002365e11ddd0 Exception <a 'java/lang/NoSuchMethodError'{0x0000000715cf5910}: 'java.lang.Object java.lang.invoke.DirectMethodHandle$Holder.newInvokeSpecial(java.lang.Object, java.lang.Object, java.lang.Object, int, int, java.lang.Object)'> (0x0000000715cf5910) 
thrown [s\src\hotspot\share\interpreter\linkResolver.cpp, line 771]
Event: 5.609 Thread 0x000002365e11ddd0 Exception <a 'java/lang/NoSuchMethodError'{0x0000000714bd9b08}: 'java.lang.Object java.lang.invoke.DirectMethodHandle$Holder.newInvokeSpecial(java.lang.Object, java.lang.Object, int, java.lang.Object)'> (0x0000000714bd9b08) 
thrown [s\src\hotspot\share\interpreter\linkResolver.cpp, line 771]
Event: 5.609 Thread 0x000002365e11ddd0 Exception <a 'java/lang/NoSuchMethodError'{0x0000000714bddde0}: 'java.lang.Object java.lang.invoke.DirectMethodHandle$Holder.invokeSpecial(java.lang.Object, java.lang.Object, java.lang.Object, int, java.lang.Object)'> (0x0000000714bddde0) 
thrown [s\src\hotspot\share\interpreter\linkResolver.cpp, line 771]
Event: 5.610 Thread 0x000002365e11ddd0 Exception <a 'java/lang/NoSuchMethodError'{0x0000000714be1a18}: 'java.lang.Object java.lang.invoke.Invokers$Holder.linkToTargetMethod(java.lang.Object, int, java.lang.Object, java.lang.Object)'> (0x0000000714be1a18) 
thrown [s\src\hotspot\share\interpreter\linkResolver.cpp, line 771]

VM Operations (20 events):
Event: 5.399 Executing VM operation: HandshakeAllThreads
Event: 5.399 Executing VM operation: HandshakeAllThreads done
Event: 5.406 Executing VM operation: HandshakeAllThreads
Event: 5.406 Executing VM operation: HandshakeAllThreads done
Event: 5.407 Executing VM operation: ICBufferFull
Event: 5.407 Executing VM operation: ICBufferFull done
Event: 5.426 Executing VM operation: HandshakeAllThreads
Event: 5.426 Executing VM operation: HandshakeAllThreads done
Event: 5.435 Executing VM operation: HandshakeAllThreads
Event: 5.435 Executing VM operation: HandshakeAllThreads done
Event: 5.474 Executing VM operation: HandshakeAllThreads
Event: 5.474 Executing VM operation: HandshakeAllThreads done
Event: 5.512 Executing VM operation: HandshakeAllThreads
Event: 5.512 Executing VM operation: HandshakeAllThreads done
Event: 5.516 Executing VM operation: ICBufferFull
Event: 5.516 Executing VM operation: ICBufferFull done
Event: 5.593 Executing VM operation: HandshakeAllThreads
Event: 5.593 Executing VM operation: HandshakeAllThreads done
Event: 5.620 Executing VM operation: ICBufferFull
Event: 5.620 Executing VM operation: ICBufferFull done

Events (20 events):
Event: 5.415 Thread 0x000002367ed54750 flushing nmethod 0x00000236654c5410
Event: 5.415 Thread 0x000002367ed54750 flushing nmethod 0x00000236654cb510
Event: 5.415 Thread 0x000002367ed54750 flushing nmethod 0x00000236654cc090
Event: 5.415 Thread 0x000002367ed54750 flushing nmethod 0x000002366550ca10
Event: 5.415 Thread 0x000002367ed54750 flushing nmethod 0x000002366550f810
Event: 5.415 Thread 0x000002367ed54750 flushing nmethod 0x0000023665510a10
Event: 5.415 Thread 0x000002367ed54750 flushing nmethod 0x0000023665513590
Event: 5.415 Thread 0x000002367ed54750 flushing nmethod 0x000002366551d290
Event: 5.415 Thread 0x000002367ed54750 flushing nmethod 0x0000023665523890
Event: 5.415 Thread 0x000002367ed54750 flushing nmethod 0x0000023665530890
Event: 5.415 Thread 0x000002367ed54750 flushing nmethod 0x0000023665530f10
Event: 5.415 Thread 0x000002367ed54750 flushing nmethod 0x0000023665541d10
Event: 5.415 Thread 0x000002367ed54750 flushing nmethod 0x000002366559a490
Event: 5.415 Thread 0x000002367ed54750 flushing nmethod 0x00000236655a6c10
Event: 5.415 Thread 0x000002367ed54750 flushing nmethod 0x00000236655bd690
Event: 5.415 Thread 0x000002367ed54750 flushing nmethod 0x00000236655be990
Event: 5.415 Thread 0x000002367ed54750 flushing nmethod 0x00000236655c1a90
Event: 5.415 Thread 0x000002367ed54750 flushing nmethod 0x00000236655c3010
Event: 5.415 Thread 0x000002367ed54750 flushing nmethod 0x00000236655c5f10
Event: 5.415 Thread 0x000002367ed54750 flushing nmethod 0x0000023665642390


Dynamic libraries:
0x00007ff6c4110000 - 0x00007ff6c411a000 	C:\Program Files\Android\Android Studio\jbr\bin\java.exe
0x00007ff9ed7e0000 - 0x00007ff9ed9ce000 	C:\Windows\SYSTEM32\ntdll.dll
0x00007ff9eaeb0000 - 0x00007ff9eaf63000 	C:\Windows\System32\KERNEL32.DLL
0x00007ff9ea630000 - 0x00007ff9ea8cd000 	C:\Windows\System32\KERNELBASE.dll
0x00007ff9ea220000 - 0x00007ff9ea31a000 	C:\Windows\System32\ucrtbase.dll
0x00007ff9de8f0000 - 0x00007ff9de90b000 	C:\Program Files\Android\Android Studio\jbr\bin\VCRUNTIME140.dll
0x00007ff9c2740000 - 0x00007ff9c2757000 	C:\Program Files\Android\Android Studio\jbr\bin\jli.dll
0x00007ff9eb3d0000 - 0x00007ff9eb567000 	C:\Windows\System32\USER32.dll
0x00007ff9ea320000 - 0x00007ff9ea340000 	C:\Windows\System32\win32u.dll
0x00007ff9d1040000 - 0x00007ff9d12b9000 	C:\Windows\WinSxS\amd64_microsoft.windows.common-controls_6595b64144ccf1df_6.0.17763.5696_none_de7663245346b1ca\COMCTL32.dll
0x00007ff9ed6e0000 - 0x00007ff9ed709000 	C:\Windows\System32\GDI32.dll
0x00007ff9ea070000 - 0x00007ff9ea21a000 	C:\Windows\System32\gdi32full.dll
0x00007ff9ed240000 - 0x00007ff9ed2de000 	C:\Windows\System32\msvcrt.dll
0x00007ff9ea540000 - 0x00007ff9ea5e0000 	C:\Windows\System32\msvcp_win.dll
0x00007ff9ea9d0000 - 0x00007ff9eacfb000 	C:\Windows\System32\combase.dll
0x00007ff9ed2e0000 - 0x00007ff9ed3f8000 	C:\Windows\System32\RPCRT4.dll
0x00007ff9e9f80000 - 0x00007ff9ea002000 	C:\Windows\System32\bcryptPrimitives.dll
0x00007ff9ed160000 - 0x00007ff9ed18e000 	C:\Windows\System32\IMM32.DLL
0x00007ff9e57c0000 - 0x00007ff9e57cc000 	C:\Program Files\Android\Android Studio\jbr\bin\vcruntime140_1.dll
0x00007ff9de860000 - 0x00007ff9de8ed000 	C:\Program Files\Android\Android Studio\jbr\bin\msvcp140.dll
0x00007ff9a8980000 - 0x00007ff9a9600000 	C:\Program Files\Android\Android Studio\jbr\bin\server\jvm.dll
0x00007ff9ead00000 - 0x00007ff9eada8000 	C:\Windows\System32\ADVAPI32.dll
0x00007ff9eb320000 - 0x00007ff9eb3c2000 	C:\Windows\System32\sechost.dll
0x00007ff9ea8f0000 - 0x00007ff9ea916000 	C:\Windows\System32\bcrypt.dll
0x00007ff9d58c0000 - 0x00007ff9d58c9000 	C:\Windows\SYSTEM32\WSOCK32.dll
0x00007ff9e3bb0000 - 0x00007ff9e3bba000 	C:\Windows\SYSTEM32\VERSION.dll
0x00007ff9ed710000 - 0x00007ff9ed77d000 	C:\Windows\System32\WS2_32.dll
0x00007ff9e5f80000 - 0x00007ff9e5fa4000 	C:\Windows\SYSTEM32\WINMM.dll
0x00007ff9e5d60000 - 0x00007ff9e5d8d000 	C:\Windows\SYSTEM32\WINMMBASE.dll
0x00007ff9ea5e0000 - 0x00007ff9ea62a000 	C:\Windows\System32\cfgmgr32.dll
0x00007ff9e97e0000 - 0x00007ff9e97f1000 	C:\Windows\System32\kernel.appcore.dll
0x00007ff9e55d0000 - 0x00007ff9e55da000 	C:\Program Files\Android\Android Studio\jbr\bin\jimage.dll
0x00007ff9d5150000 - 0x00007ff9d533d000 	C:\Windows\SYSTEM32\DBGHELP.DLL
0x00007ff9d4270000 - 0x00007ff9d429a000 	C:\Windows\SYSTEM32\dbgcore.DLL
0x00007ff9dfd20000 - 0x00007ff9dfd45000 	C:\Program Files\Android\Android Studio\jbr\bin\java.dll
0x00007ff9e4550000 - 0x00007ff9e4568000 	C:\Program Files\Android\Android Studio\jbr\bin\zip.dll
0x00007ff9ebb30000 - 0x00007ff9ed028000 	C:\Windows\System32\SHELL32.dll
0x00007ff9ed030000 - 0x00007ff9ed0d7000 	C:\Windows\System32\shcore.dll
0x00007ff9e9830000 - 0x00007ff9e9f77000 	C:\Windows\System32\windows.storage.dll
0x00007ff9e9800000 - 0x00007ff9e9823000 	C:\Windows\System32\profapi.dll
0x00007ff9e9780000 - 0x00007ff9e97dd000 	C:\Windows\System32\powrprof.dll
0x00007ff9eb2c0000 - 0x00007ff9eb312000 	C:\Windows\System32\shlwapi.dll
0x00007ff9ea8d0000 - 0x00007ff9ea8eb000 	C:\Windows\System32\cryptsp.dll
0x00007ff9e0220000 - 0x00007ff9e0239000 	C:\Program Files\Android\Android Studio\jbr\bin\net.dll
0x00007ff9e5000000 - 0x00007ff9e50fd000 	C:\Windows\SYSTEM32\WINHTTP.dll
0x00007ff9e8fb0000 - 0x00007ff9e9017000 	C:\Windows\system32\mswsock.dll
0x00007ff9dc8b0000 - 0x00007ff9dc8c6000 	C:\Program Files\Android\Android Studio\jbr\bin\nio.dll
0x00007ff9e3800000 - 0x00007ff9e3810000 	C:\Program Files\Android\Android Studio\jbr\bin\verify.dll

dbghelp: loaded successfully - version: 4.0.5 - missing functions: none
symbol engine: initialized successfully - sym options: 0x614 - pdb path: .;C:\Program Files\Android\Android Studio\jbr\bin;C:\Windows\SYSTEM32;C:\Windows\WinSxS\amd64_microsoft.windows.common-controls_6595b64144ccf1df_6.0.17763.5696_none_de7663245346b1ca;C:\Program Files\Android\Android Studio\jbr\bin\server

VM Arguments:
java_command: org.jetbrains.kotlin.cli.jvm.K2JVMCompiler @C:\User\pr111rybakov\AndroidStudioProjects\UmnuiDomikYoYoYo\app\build\20241123_13469183503333422482.compiler.options
java_class_path (initial): C:\User\pr111rybakov\.gradle\caches\modules-2\files-2.1\org.jetbrains.kotlin\kotlin-compiler-embeddable\2.0.21\79346ed53db48b18312a472602eb5c057070c54d\kotlin-compiler-embeddable-2.0.21.jar;C:\User\pr111rybakov\.gradle\caches\modules-2\files-2.1\org.jetbrains.kotlin\kotlin-stdlib\2.0.21\618b539767b4899b4660a83006e052b63f1db551\kotlin-stdlib-2.0.21.jar;C:\User\pr111rybakov\.gradle\caches\modules-2\files-2.1\org.jetbrains.kotlin\kotlin-script-runtime\2.0.21\c9b044380ad41f89aa89aa896c2d32a8c0b2129d\kotlin-script-runtime-2.0.21.jar;C:\User\pr111rybakov\.gradle\caches\modules-2\files-2.1\org.jetbrains.kotlin\kotlin-reflect\1.6.10\1cbe9c92c12a94eea200d23c2bbaedaf3daf5132\kotlin-reflect-1.6.10.jar;C:\User\pr111rybakov\.gradle\caches\modules-2\files-2.1\org.jetbrains.kotlin\kotlin-daemon-embeddable\2.0.21\c9e933b23287de9b5a17e2116b4657bb91aea72c\kotlin-daemon-embeddable-2.0.21.jar;C:\User\pr111rybakov\.gradle\caches\modules-2\files-2.1\org.jetbrains.intellij.deps\trove4j\1.0.20200330\3afb14d5f9ceb459d724e907a21145e8ff394f02\trove4j-1.0.20200330.jar;C:\User\pr111rybakov\.gradle\caches\modules-2\files-2.1\org.jetbrains.kotlinx\kotlinx-coroutines-core-jvm\1.6.4\2c997cd1c0ef33f3e751d3831929aeff1390cb30\kotlinx-coroutines-core-jvm-1.6.4.jar;C:\User\pr111rybakov\.gradle\caches\modules-2\files-2.1\org.jetbrains\annotations\13.0\919f0dfe192fb4e063e7dacadee7f8bb9a2672a9\annotations-13.0.jar
Launcher Type: SUN_STANDARD

[Global flags]
     intx CICompilerCount                          = 4                                         {product} {ergonomic}
     uint ConcGCThreads                            = 2                                         {product} {ergonomic}
     uint G1ConcRefinementThreads                  = 8                                         {product} {ergonomic}
   size_t G1HeapRegionSize                         = 2097152                                   {product} {ergonomic}
    uintx GCDrainStackTargetSize                   = 64                                        {product} {ergonomic}
   size_t InitialHeapSize                          = 268435456                                 {product} {ergonomic}
   size_t MarkStackSize                            = 4194304                                   {product} {ergonomic}
   size_t MaxHeapSize                              = 4273995776                                {product} {ergonomic}
   size_t MaxNewSize                               = 2562719744                                {product} {ergonomic}
   size_t MinHeapDeltaBytes                        = 2097152                                   {product} {ergonomic}
   size_t MinHeapSize                              = 8388608                                   {product} {ergonomic}
    uintx NonNMethodCodeHeapSize                   = 5839372                                {pd product} {ergonomic}
    uintx NonProfiledCodeHeapSize                  = 122909434                              {pd product} {ergonomic}
    uintx ProfiledCodeHeapSize                     = 122909434                              {pd product} {ergonomic}
    uintx ReservedCodeCacheSize                    = 251658240                              {pd product} {ergonomic}
     bool SegmentedCodeCache                       = true                                      {product} {ergonomic}
   size_t SoftMaxHeapSize                          = 4273995776                             {manageable} {ergonomic}
     bool UseCompressedClassPointers               = true                           {product lp64_product} {ergonomic}
     bool UseCompressedOops                        = true                           {product lp64_product} {ergonomic}
     bool UseG1GC                                  = true                                      {product} {ergonomic}
     bool UseLargePagesIndividualAllocation        = false                                  {pd product} {ergonomic}

Logging:
Log output configuration:
 #0: stdout all=warning uptime,level,tags
 #1: stderr all=off uptime,level,tags

Environment Variables:
JAVA_HOME=C:\Program Files\Android\Jdk\microsoft_dist_openjdk_1.8.0.25
PATH=C:\Program Files\Python312\Scripts\;C:\Program Files\Python312\;C:\Program Files\Python311\Scripts\;C:\Program Files\Python311\;C:\Program Files (x86)\Python38\Scripts\;C:\Program Files (x86)\Python38\;C:\Program Files\Microsoft MPI\Bin\;C:\Program Files (x86)\Common Files\Oracle\Java\javapath;C:\Windows\system32;C:\Windows;C:\Windows\System32\Wbem;C:\Windows\System32\WindowsPowerShell\v1.0\;C:\Windows\System32\OpenSSH\;C:\Program Files (x86)\Microsoft SQL Server\150\DTS\Binn\;C:\Program Files\dotnet\;C:\Program Files\Microsoft SQL Server\130\Tools\Binn\;C:\Program Files (x86)\Microsoft SQL Server\140\Tools\Binn\;C:\Program Files\Microsoft SQL Server\140\Tools\Binn\;C:\Program Files (x86)\Microsoft SQL Server\140\DTS\Binn\;C:\Program Files\Microsoft SQL Server\140\DTS\Binn\;C:\Program Files\Microsoft SQL Server\Client SDK\ODBC\130\Tools\Binn\;C:\Program Files\Microsoft SQL Server\Client SDK\ODBC\170\Tools\Binn\;C:\Program Files (x86)\IncrediBuild;C:\Program Files (x86)\NVIDIA Corporation\PhysX\Common;C:\Program Files\Git\cmd;C:\Program Files\Azure Data Studio\bin;C:\Program Files\Microsoft VS Code\bin;C:\Program Files (x86)\Kaspersky Lab\KES.12.2.0\;C:\User\pr111rybakov\AppData\Local\Microsoft\WindowsApps;
USERNAME=pr111rybakov
OS=Windows_NT
PROCESSOR_IDENTIFIER=Intel64 Family 6 Model 158 Stepping 13, GenuineIntel
TMP=C:\User\pr111rybakov\AppData\Local\Temp
TEMP=C:\User\pr111rybakov\AppData\Local\Temp


JNI global refs:
JNI global refs: 13, weak refs: 0

JNI global refs memory usage: 843, weak refs: 841

OOME stack traces (most recent first):
Classloader memory used:
Loader jdk.internal.loader.ClassLoaders$AppClassLoader                                 : 8200K
Loader bootstrap                                                                       : 1315K
Loader java.net.URLClassLoader                                                         : 141K
Loader jdk.internal.reflect.DelegatingClassLoader                                      : 2131B


---------------  S Y S T E M  ---------------

OS:
 Windows 10 , 64 bit Build 17763 (10.0.17763.4974)
OS uptime: 0 days 3:42 hours

CPU: total 8 (initial active 8) (8 cores per cpu, 1 threads per core) family 6 model 158 stepping 13 microcode 0xde, cx8, cmov, fxsr, mmx, 3dnowpref, sse, sse2, sse3, ssse3, sse4.1, sse4.2, popcnt, lzcnt, tsc, tscinvbit, avx, avx2, aes, erms, clmul, bmi1, bmi2, adx, fma, vzeroupper, clflush, clflushopt

Memory: 4k page, system-wide physical 16303M (2879M free)
TotalPageFile size 16303M (AvailPageFile size 7M)
current process WorkingSet (physical memory assigned to process): 481M, peak: 481M
current process commit charge ("private bytes"): 642M, peak: 645M

vm_info: OpenJDK 64-Bit Server VM (17.0.7+0-b2043.56-10550314) for windows-amd64 JRE (17.0.7+0-b2043.56-10550314), built on Jul 24 2023 18:27:45 by "androidbuild" with MS VC++ 16.10 / 16.11 (VS2019)

END.
