#
# There is insufficient memory for the Java Runtime Environment to continue.
# Native memory allocation (malloc) failed to allocate 2219376 bytes for Chunk::new
# Possible reasons:
#   The system is out of physical RAM or swap space
#   The process is running with CompressedOops enabled, and the Java Heap may be blocking the growth of the native heap
# Possible solutions:
#   Reduce memory load on the system
#   Increase physical memory or swap space
#   Check if swap backing store is full
#   Decrease Java heap size (-Xmx/-Xms)
#   Decrease number of Java threads
#   Decrease Java thread stack sizes (-Xss)
#   Set larger code cache with -XX:ReservedCodeCacheSize=
#   JVM is running with Unscaled Compressed Oops mode in which the Java heap is
#     placed in the first 4GB address space. The Java Heap base address is the
#     maximum limit for the native heap growth. Please use -XX:HeapBaseMinAddress
#     to set the Java Heap base and to place the Java Heap above 4GB virtual address.
# This output file may be truncated or incomplete.
#
#  Out of Memory Error (arena.cpp:189), pid=14120, tid=9316
#
# JRE version: OpenJDK Runtime Environment (17.0.7) (build 17.0.7+0-b2043.56-10550314)
# Java VM: OpenJDK 64-Bit Server VM (17.0.7+0-b2043.56-10550314, mixed mode, tiered, compressed oops, compressed class ptrs, g1 gc, windows-amd64)
# No core dump will be written. Minidumps are not enabled by default on client versions of Windows
#

---------------  S U M M A R Y ------------

Command Line: --add-opens=java.base/java.util=ALL-UNNAMED --add-opens=java.base/java.lang=ALL-UNNAMED --add-opens=java.base/java.lang.invoke=ALL-UNNAMED --add-opens=java.prefs/java.util.prefs=ALL-UNNAMED --add-opens=java.base/java.nio.charset=ALL-UNNAMED --add-opens=java.base/java.net=ALL-UNNAMED --add-opens=java.base/java.util.concurrent.atomic=ALL-UNNAMED -Xmx2048m -Dfile.encoding=UTF-8 -Duser.country=RU -Duser.language=ru -Duser.variant -javaagent:C:\User\pr111rybakov\.gradle\wrapper\dists\gradle-8.2-bin\bbg7u40eoinfdyxsxr3z4i7ta\gradle-8.2\lib\agents\gradle-instrumentation-agent-8.2.jar org.gradle.launcher.daemon.bootstrap.GradleDaemon 8.2

Host: Intel(R) Core(TM) i7-9700 CPU @ 3.00GHz, 8 cores, 15G,  Windows 10 , 64 bit Build 17763 (10.0.17763.4974)
Time: Wed Nov 13 16:39:45 2024 ќмское стандартное врем€ elapsed time: 91.850540 seconds (0d 0h 1m 31s)

---------------  T H R E A D  ---------------

Current thread (0x0000027adcb93360):  JavaThread "C2 CompilerThread2" daemon [_thread_in_native, id=9316, stack(0x000000bc37400000,0x000000bc37500000)]


Current CompileTask:
C2:  91850 12184   !   4       org.gradle.internal.service.DefaultServiceRegistry$ManagedObjectServiceProvider::getInstance (47 bytes)

Stack: [0x000000bc37400000,0x000000bc37500000]
Native frames: (J=compiled Java code, j=interpreted, Vv=VM code, C=native code)
V  [jvm.dll+0x683bfa]
V  [jvm.dll+0x8430a4]
V  [jvm.dll+0x8449be]
V  [jvm.dll+0x845023]
V  [jvm.dll+0x24ad2f]
V  [jvm.dll+0xac25c]
V  [jvm.dll+0xac82c]
V  [jvm.dll+0x36a187]
V  [jvm.dll+0x334821]
V  [jvm.dll+0x333cca]
V  [jvm.dll+0x21d251]
V  [jvm.dll+0x21c671]
V  [jvm.dll+0x1a605d]
V  [jvm.dll+0x22c148]
V  [jvm.dll+0x22a209]
V  [jvm.dll+0x7f858c]
V  [jvm.dll+0x7f2aea]
V  [jvm.dll+0x682a35]
C  [ucrtbase.dll+0x2268a]
C  [KERNEL32.DLL+0x17ac4]
C  [ntdll.dll+0x5a4e1]


---------------  P R O C E S S  ---------------

Threads class SMR info:
_java_thread_list=0x0000027adf7206c0, length=54, elements={
0x0000027ab9f27580, 0x0000027ad3ca0b70, 0x0000027ad3ca29f0, 0x0000027ad3ecc9a0,
0x0000027ad3ecd6b0, 0x0000027ad3ca63f0, 0x0000027ad3ece060, 0x0000027ad3ec15f0,
0x0000027ad3ec3f00, 0x0000027ad3ec5110, 0x0000027ad404c820, 0x0000027ad41a11b0,
0x0000027ad98d6f10, 0x0000027ad98d5230, 0x0000027ad98d7d80, 0x0000027ad98d60a0,
0x0000027ada5da570, 0x0000027ada5d83c0, 0x0000027ada5de8d0, 0x0000027ada5d9230,
0x0000027ada5dbd80, 0x0000027ada5de400, 0x0000027ada5d7a20, 0x0000027ada5d8d60,
0x0000027ada5da0a0, 0x0000027ada5dc250, 0x0000027ada5dc720, 0x0000027ada5d7550,
0x0000027add594df0, 0x0000027add596ad0, 0x0000027add596130, 0x0000027adb6438b0,
0x0000027adf7a00a0, 0x0000027adf79d080, 0x0000027adf79a530, 0x0000027adf79aa00,
0x0000027adf79e3c0, 0x0000027adf79ed60, 0x0000027adf7a18b0, 0x0000027adec63090,
0x0000027adcb93360, 0x0000027adf79c6e0, 0x0000027adf7a0570, 0x0000027adf7a0f10,
0x0000027adf79e890, 0x0000027adf79bd40, 0x0000027adf7a13e0, 0x0000027adf79aed0,
0x0000027adf79a060, 0x0000027adf79d550, 0x0000027adf79cbb0, 0x0000027adf79b3a0,
0x0000027adf79b870, 0x0000027adf79c210
}

Java Threads: ( => current thread )
  0x0000027ab9f27580 JavaThread "main" [_thread_blocked, id=4732, stack(0x000000bc35200000,0x000000bc35300000)]
  0x0000027ad3ca0b70 JavaThread "Reference Handler" daemon [_thread_blocked, id=1940, stack(0x000000bc35900000,0x000000bc35a00000)]
  0x0000027ad3ca29f0 JavaThread "Finalizer" daemon [_thread_blocked, id=13944, stack(0x000000bc35a00000,0x000000bc35b00000)]
  0x0000027ad3ecc9a0 JavaThread "Signal Dispatcher" daemon [_thread_blocked, id=11440, stack(0x000000bc35b00000,0x000000bc35c00000)]
  0x0000027ad3ecd6b0 JavaThread "Attach Listener" daemon [_thread_blocked, id=10896, stack(0x000000bc35c00000,0x000000bc35d00000)]
  0x0000027ad3ca63f0 JavaThread "Service Thread" daemon [_thread_blocked, id=8040, stack(0x000000bc35d00000,0x000000bc35e00000)]
  0x0000027ad3ece060 JavaThread "Monitor Deflation Thread" daemon [_thread_blocked, id=13632, stack(0x000000bc35e00000,0x000000bc35f00000)]
  0x0000027ad3ec15f0 JavaThread "C2 CompilerThread0" daemon [_thread_in_native, id=12916, stack(0x000000bc35f00000,0x000000bc36000000)]
  0x0000027ad3ec3f00 JavaThread "C1 CompilerThread0" daemon [_thread_in_native, id=12168, stack(0x000000bc36000000,0x000000bc36100000)]
  0x0000027ad3ec5110 JavaThread "Sweeper thread" daemon [_thread_blocked, id=7088, stack(0x000000bc36100000,0x000000bc36200000)]
  0x0000027ad404c820 JavaThread "Common-Cleaner" daemon [_thread_blocked, id=1832, stack(0x000000bc36200000,0x000000bc36300000)]
  0x0000027ad41a11b0 JavaThread "Notification Thread" daemon [_thread_blocked, id=3348, stack(0x000000bc36300000,0x000000bc36400000)]
  0x0000027ad98d6f10 JavaThread "Daemon health stats" [_thread_blocked, id=14188, stack(0x000000bc36c00000,0x000000bc36d00000)]
  0x0000027ad98d5230 JavaThread "Incoming local TCP Connector on port 63488" [_thread_in_native, id=2100, stack(0x000000bc36d00000,0x000000bc36e00000)]
  0x0000027ad98d7d80 JavaThread "Daemon periodic checks" [_thread_blocked, id=12136, stack(0x000000bc36e00000,0x000000bc36f00000)]
  0x0000027ad98d60a0 JavaThread "Cache worker for journal cache (C:\User\pr111rybakov\.gradle\caches\journal-1)" [_thread_blocked, id=5432, stack(0x000000bc37900000,0x000000bc37a00000)]
  0x0000027ada5da570 JavaThread "File lock request listener" [_thread_in_native, id=3836, stack(0x000000bc37a00000,0x000000bc37b00000)]
  0x0000027ada5d83c0 JavaThread "Cache worker for file hash cache (C:\User\pr111rybakov\.gradle\caches\8.2\fileHashes)" [_thread_blocked, id=10040, stack(0x000000bc37b00000,0x000000bc37c00000)]
  0x0000027ada5de8d0 JavaThread "File watcher server" daemon [_thread_in_native, id=8044, stack(0x000000bc37c00000,0x000000bc37d00000)]
  0x0000027ada5d9230 JavaThread "File watcher consumer" daemon [_thread_blocked, id=6760, stack(0x000000bc37d00000,0x000000bc37e00000)]
  0x0000027ada5dbd80 JavaThread "Cache worker for file content cache (C:\User\pr111rybakov\.gradle\caches\8.2\fileContent)" [_thread_blocked, id=5260, stack(0x000000bc37f00000,0x000000bc38000000)]
  0x0000027ada5de400 JavaThread "Cache worker for execution history cache (C:\User\pr111rybakov\.gradle\caches\8.2\executionHistory)" [_thread_blocked, id=11756, stack(0x000000bc38200000,0x000000bc38300000)]
  0x0000027ada5d7a20 JavaThread "jar transforms" [_thread_in_Java, id=2212, stack(0x000000bc38300000,0x000000bc38400000)]
  0x0000027ada5d8d60 JavaThread "jar transforms Thread 2" [_thread_in_Java, id=2312, stack(0x000000bc38400000,0x000000bc38500000)]
  0x0000027ada5da0a0 JavaThread "Cache worker for kotlin-dsl (C:\User\pr111rybakov\.gradle\caches\8.2\kotlin-dsl)" [_thread_blocked, id=5600, stack(0x000000bc38600000,0x000000bc38700000)]
  0x0000027ada5dc250 JavaThread "jar transforms Thread 3" [_thread_blocked, id=14156, stack(0x000000bc38700000,0x000000bc38800000)]
  0x0000027ada5dc720 JavaThread "jar transforms Thread 4" [_thread_in_native, id=4044, stack(0x000000bc38800000,0x000000bc38900000)]
  0x0000027ada5d7550 JavaThread "jar transforms Thread 5" [_thread_in_native, id=9276, stack(0x000000bc38900000,0x000000bc38a00000)]
  0x0000027add594df0 JavaThread "jar transforms Thread 6" [_thread_in_native, id=8652, stack(0x000000bc38a00000,0x000000bc38b00000)]
  0x0000027add596ad0 JavaThread "jar transforms Thread 7" [_thread_in_native, id=3332, stack(0x000000bc38d00000,0x000000bc38e00000)]
  0x0000027add596130 JavaThread "jar transforms Thread 8" [_thread_in_native, id=6184, stack(0x000000bc38e00000,0x000000bc38f00000)]
  0x0000027adb6438b0 JavaThread "Memory manager" [_thread_blocked, id=2900, stack(0x000000bc39900000,0x000000bc39a00000)]
  0x0000027adf7a00a0 JavaThread "Daemon Thread 2" [_thread_blocked, id=13360, stack(0x000000bc34f00000,0x000000bc35000000)]
  0x0000027adf79d080 JavaThread "Handler for socket connection from /127.0.0.1:63488 to /127.0.0.1:63572" [_thread_in_native, id=5360, stack(0x000000bc35000000,0x000000bc35100000)]
  0x0000027adf79a530 JavaThread "Cancel handler" [_thread_blocked, id=14240, stack(0x000000bc36600000,0x000000bc36700000)]
  0x0000027adf79aa00 JavaThread "Daemon worker Thread 2" [_thread_blocked, id=5168, stack(0x000000bc36f00000,0x000000bc37000000)]
  0x0000027adf79e3c0 JavaThread "Asynchronous log dispatcher for DefaultDaemonConnection: socket connection from /127.0.0.1:63488 to /127.0.0.1:63572" [_thread_blocked, id=6128, stack(0x000000bc37000000,0x000000bc37100000)]
  0x0000027adf79ed60 JavaThread "Stdin handler" [_thread_blocked, id=4984, stack(0x000000bc37100000,0x000000bc37200000)]
  0x0000027adf7a18b0 JavaThread "Daemon client event forwarder" [_thread_blocked, id=12568, stack(0x000000bc37200000,0x000000bc37300000)]
  0x0000027adec63090 JavaThread "C2 CompilerThread1" daemon [_thread_in_vm, id=13696, stack(0x000000bc37300000,0x000000bc37400000)]
=>0x0000027adcb93360 JavaThread "C2 CompilerThread2" daemon [_thread_in_native, id=9316, stack(0x000000bc37400000,0x000000bc37500000)]
  0x0000027adf79c6e0 JavaThread "Cache worker for checksums cache (C:\User\pr111rybakov\AndroidStudioProjects\UmnuiDomikYoYoYo\.gradle\8.2\checksums)" [_thread_blocked, id=4476, stack(0x000000bc37500000,0x000000bc37600000)]
  0x0000027adf7a0570 JavaThread "Cache worker for cache directory md-rule (C:\User\pr111rybakov\.gradle\caches\8.2\md-rule)" [_thread_blocked, id=12652, stack(0x000000bc37e00000,0x000000bc37f00000)]
  0x0000027adf7a0f10 JavaThread "Cache worker for file hash cache (C:\User\pr111rybakov\AndroidStudioProjects\UmnuiDomikYoYoYo\.gradle\8.2\fileHashes)" [_thread_blocked, id=4036, stack(0x000000bc38000000,0x000000bc38100000)]
  0x0000027adf79e890 JavaThread "Cache worker for cache directory md-supplier (C:\User\pr111rybakov\.gradle\caches\8.2\md-supplier)" [_thread_blocked, id=13752, stack(0x000000bc38100000,0x000000bc38200000)]
  0x0000027adf79bd40 JavaThread "Cache worker for dependencies-accessors (C:\User\pr111rybakov\AndroidStudioProjects\UmnuiDomikYoYoYo\.gradle\8.2\dependencies-accessors)" [_thread_blocked, id=13700, stack(0x000000bc38500000,0x000000bc38600000)]
  0x0000027adf7a13e0 JavaThread "Cache worker for Build Output Cleanup Cache (C:\User\pr111rybakov\AndroidStudioProjects\UmnuiDomikYoYoYo\.gradle\buildOutputCleanup)" [_thread_blocked, id=12444, stack(0x000000bc38b00000,0x000000bc38c00000)]
  0x0000027adf79aed0 JavaThread "Unconstrained build operations" [_thread_blocked, id=6080, stack(0x000000bc38c00000,0x000000bc38d00000)]
  0x0000027adf79a060 JavaThread "Unconstrained build operations Thread 2" [_thread_blocked, id=13556, stack(0x000000bc38f00000,0x000000bc39000000)]
  0x0000027adf79d550 JavaThread "Unconstrained build operations Thread 3" [_thread_blocked, id=11336, stack(0x000000bc39000000,0x000000bc39100000)]
  0x0000027adf79cbb0 JavaThread "Unconstrained build operations Thread 4" [_thread_blocked, id=568, stack(0x000000bc39100000,0x000000bc39200000)]
  0x0000027adf79b3a0 JavaThread "Unconstrained build operations Thread 5" [_thread_blocked, id=13916, stack(0x000000bc39200000,0x000000bc39300000)]
  0x0000027adf79b870 JavaThread "Unconstrained build operations Thread 6" [_thread_blocked, id=12504, stack(0x000000bc39300000,0x000000bc39400000)]
  0x0000027adf79c210 JavaThread "Unconstrained build operations Thread 7" [_thread_blocked, id=5508, stack(0x000000bc39400000,0x000000bc39500000)]

Other Threads:
  0x0000027ad3e60a10 VMThread "VM Thread" [stack: 0x000000bc35800000,0x000000bc35900000] [id=4504]
  0x0000027ab9faf6a0 WatcherThread [stack: 0x000000bc36400000,0x000000bc36500000] [id=12232]
  0x0000027ab9f826b0 GCTaskThread "GC Thread#0" [stack: 0x000000bc35300000,0x000000bc35400000] [id=9432]
  0x0000027ad93577a0 GCTaskThread "GC Thread#1" [stack: 0x000000bc36700000,0x000000bc36800000] [id=8280]
  0x0000027ad9357a50 GCTaskThread "GC Thread#2" [stack: 0x000000bc36800000,0x000000bc36900000] [id=8616]
  0x0000027ad9357d00 GCTaskThread "GC Thread#3" [stack: 0x000000bc36900000,0x000000bc36a00000] [id=3672]
  0x0000027ad930b3f0 GCTaskThread "GC Thread#4" [stack: 0x000000bc36a00000,0x000000bc36b00000] [id=8876]
  0x0000027ad930ba70 GCTaskThread "GC Thread#5" [stack: 0x000000bc36b00000,0x000000bc36c00000] [id=8352]
  0x0000027ada5e5660 GCTaskThread "GC Thread#6" [stack: 0x000000bc37600000,0x000000bc37700000] [id=6484]
  0x0000027ad916e9d0 GCTaskThread "GC Thread#7" [stack: 0x000000bc37700000,0x000000bc37800000] [id=10452]
  0x0000027ab9f935f0 ConcurrentGCThread "G1 Main Marker" [stack: 0x000000bc35400000,0x000000bc35500000] [id=6140]
  0x0000027ab9f94000 ConcurrentGCThread "G1 Conc#0" [stack: 0x000000bc35500000,0x000000bc35600000] [id=10360]
  0x0000027ada603040 ConcurrentGCThread "G1 Conc#1" [stack: 0x000000bc37800000,0x000000bc37900000] [id=7468]
  0x0000027ab9fde8f0 ConcurrentGCThread "G1 Refine#0" [stack: 0x000000bc35600000,0x000000bc35700000] [id=9496]
  0x0000027ade506ab0 ConcurrentGCThread "G1 Refine#1" [stack: 0x000000bc39600000,0x000000bc39700000] [id=3692]
  0x0000027ade509010 ConcurrentGCThread "G1 Refine#2" [stack: 0x000000bc39700000,0x000000bc39800000] [id=12584]
  0x0000027adc928760 ConcurrentGCThread "G1 Refine#3" [stack: 0x000000bc3b200000,0x000000bc3b300000] [id=5136]
  0x0000027adc927060 ConcurrentGCThread "G1 Refine#4" [stack: 0x000000bc3b300000,0x000000bc3b400000] [id=5376]
  0x0000027ad3b853f0 ConcurrentGCThread "G1 Service" [stack: 0x000000bc35700000,0x000000bc35800000] [id=8292]

Threads with active compile tasks:
C2 CompilerThread0    91860 12183       4       org.gradle.internal.service.DefaultServiceRegistry$SingletonService::get (5 bytes)
C1 CompilerThread0    91860 12431       3       org.gradle.internal.classpath.DefaultCachedClasspathTransformer$$Lambda$408/0x00000001004e20b8::call (16 bytes)
C2 CompilerThread1    91860 12419       4       org.gradle.cache.internal.btree.FreeListBlockStore::read (12 bytes)
C2 CompilerThread2    91860 12184   !   4       org.gradle.internal.service.DefaultServiceRegistry$ManagedObjectServiceProvider::getInstance (47 bytes)

VM state: not at safepoint (normal execution)

VM Mutex/Monitor currently owned by a thread: None

Heap address: 0x0000000080000000, size: 2048 MB, Compressed Oops mode: 32-bit

CDS archive(s) not mapped
Compressed class space mapped at: 0x0000000100000000-0x0000000140000000, reserved size: 1073741824
Narrow klass base: 0x0000000000000000, Narrow klass shift: 3, Narrow klass range: 0x140000000

GC Precious Log:
 CPUs: 8 total, 8 available
 Memory: 16303M
 Large Page Support: Disabled
 NUMA Support: Disabled
 Compressed Oops: Enabled (32-bit)
 Heap Region Size: 1M
 Heap Min Capacity: 8M
 Heap Initial Capacity: 256M
 Heap Max Capacity: 2G
 Pre-touch: Disabled
 Parallel Workers: 8
 Concurrent Workers: 2
 Concurrent Refinement Workers: 8
 Periodic GC: Disabled

Heap:
 garbage-first heap   total 256000K, used 171723K [0x0000000080000000, 0x0000000100000000)
  region size 1024K, 68 young (69632K), 8 survivors (8192K)
 Metaspace       used 100779K, committed 101440K, reserved 1179648K
  class space    used 13937K, committed 14272K, reserved 1048576K

Heap Regions: E=young(eden), S=young(survivor), O=old, HS=humongous(starts), HC=humongous(continues), CS=collection set, F=free, OA=open archive, CA=closed archive, TAMS=top-at-mark-start (previous, next)
|   0|0x0000000080000000, 0x0000000080100000, 0x0000000080100000|100%|HS|  |TAMS 0x0000000080100000, 0x0000000080000000| Complete 
|   1|0x0000000080100000, 0x0000000080200000, 0x0000000080200000|100%|HC|  |TAMS 0x0000000080200000, 0x0000000080100000| Complete 
|   2|0x0000000080200000, 0x0000000080300000, 0x0000000080300000|100%|HC|  |TAMS 0x0000000080300000, 0x0000000080200000| Complete 
|   3|0x0000000080300000, 0x0000000080400000, 0x0000000080400000|100%|HC|  |TAMS 0x0000000080400000, 0x0000000080300000| Complete 
|   4|0x0000000080400000, 0x0000000080500000, 0x0000000080500000|100%| O|  |TAMS 0x0000000080500000, 0x0000000080400000| Untracked 
|   5|0x0000000080500000, 0x0000000080600000, 0x0000000080600000|100%| O|  |TAMS 0x0000000080600000, 0x0000000080500000| Untracked 
|   6|0x0000000080600000, 0x0000000080700000, 0x0000000080700000|100%| O|  |TAMS 0x0000000080700000, 0x0000000080600000| Untracked 
|   7|0x0000000080700000, 0x0000000080800000, 0x0000000080800000|100%| O|  |TAMS 0x0000000080800000, 0x0000000080700000| Untracked 
|   8|0x0000000080800000, 0x0000000080900000, 0x0000000080900000|100%| O|  |TAMS 0x0000000080900000, 0x0000000080800000| Untracked 
|   9|0x0000000080900000, 0x0000000080a00000, 0x0000000080a00000|100%| O|  |TAMS 0x0000000080a00000, 0x0000000080900000| Untracked 
|  10|0x0000000080a00000, 0x0000000080b00000, 0x0000000080b00000|100%| O|  |TAMS 0x0000000080b00000, 0x0000000080a00000| Untracked 
|  11|0x0000000080b00000, 0x0000000080c00000, 0x0000000080c00000|100%| O|  |TAMS 0x0000000080c00000, 0x0000000080b00000| Untracked 
|  12|0x0000000080c00000, 0x0000000080d00000, 0x0000000080d00000|100%| O|  |TAMS 0x0000000080d00000, 0x0000000080c00000| Untracked 
|  13|0x0000000080d00000, 0x0000000080e00000, 0x0000000080e00000|100%| O|  |TAMS 0x0000000080e00000, 0x0000000080d00000| Untracked 
|  14|0x0000000080e00000, 0x0000000080f00000, 0x0000000080f00000|100%| O|  |TAMS 0x0000000080f00000, 0x0000000080e00000| Untracked 
|  15|0x0000000080f00000, 0x0000000081000000, 0x0000000081000000|100%| O|  |TAMS 0x0000000081000000, 0x0000000080f00000| Untracked 
|  16|0x0000000081000000, 0x0000000081100000, 0x0000000081100000|100%| O|  |TAMS 0x0000000081100000, 0x0000000081000000| Untracked 
|  17|0x0000000081100000, 0x0000000081200000, 0x0000000081200000|100%| O|  |TAMS 0x0000000081200000, 0x0000000081100000| Untracked 
|  18|0x0000000081200000, 0x0000000081300000, 0x0000000081300000|100%| O|  |TAMS 0x0000000081300000, 0x0000000081200000| Untracked 
|  19|0x0000000081300000, 0x0000000081400000, 0x0000000081400000|100%| O|  |TAMS 0x0000000081400000, 0x0000000081300000| Untracked 
|  20|0x0000000081400000, 0x0000000081500000, 0x0000000081500000|100%| O|  |TAMS 0x0000000081500000, 0x0000000081400000| Untracked 
|  21|0x0000000081500000, 0x0000000081600000, 0x0000000081600000|100%| O|  |TAMS 0x0000000081600000, 0x0000000081500000| Untracked 
|  22|0x0000000081600000, 0x0000000081700000, 0x0000000081700000|100%| O|  |TAMS 0x0000000081700000, 0x0000000081600000| Untracked 
|  23|0x0000000081700000, 0x0000000081800000, 0x0000000081800000|100%| O|  |TAMS 0x0000000081800000, 0x0000000081700000| Untracked 
|  24|0x0000000081800000, 0x0000000081900000, 0x0000000081900000|100%| O|  |TAMS 0x0000000081900000, 0x0000000081800000| Untracked 
|  25|0x0000000081900000, 0x0000000081a00000, 0x0000000081a00000|100%| O|  |TAMS 0x0000000081a00000, 0x0000000081900000| Untracked 
|  26|0x0000000081a00000, 0x0000000081b00000, 0x0000000081b00000|100%| O|  |TAMS 0x0000000081b00000, 0x0000000081a00000| Untracked 
|  27|0x0000000081b00000, 0x0000000081c00000, 0x0000000081c00000|100%| O|  |TAMS 0x0000000081c00000, 0x0000000081b00000| Untracked 
|  28|0x0000000081c00000, 0x0000000081d00000, 0x0000000081d00000|100%| O|  |TAMS 0x0000000081d00000, 0x0000000081c00000| Untracked 
|  29|0x0000000081d00000, 0x0000000081e00000, 0x0000000081e00000|100%| O|  |TAMS 0x0000000081e00000, 0x0000000081d00000| Untracked 
|  30|0x0000000081e00000, 0x0000000081f00000, 0x0000000081f00000|100%| O|  |TAMS 0x0000000081f00000, 0x0000000081e00000| Untracked 
|  31|0x0000000081f00000, 0x0000000082000000, 0x0000000082000000|100%| O|  |TAMS 0x0000000082000000, 0x0000000081f00000| Untracked 
|  32|0x0000000082000000, 0x0000000082100000, 0x0000000082100000|100%|HS|  |TAMS 0x0000000082100000, 0x0000000082000000| Complete 
|  33|0x0000000082100000, 0x0000000082200000, 0x0000000082200000|100%|HS|  |TAMS 0x0000000082200000, 0x0000000082100000| Complete 
|  34|0x0000000082200000, 0x0000000082300000, 0x0000000082300000|100%|HS|  |TAMS 0x0000000082300000, 0x0000000082200000| Complete 
|  35|0x0000000082300000, 0x0000000082400000, 0x0000000082400000|100%|HC|  |TAMS 0x0000000082400000, 0x0000000082300000| Complete 
|  36|0x0000000082400000, 0x0000000082500000, 0x0000000082500000|100%|HS|  |TAMS 0x0000000082500000, 0x0000000082400000| Complete 
|  37|0x0000000082500000, 0x0000000082600000, 0x0000000082600000|100%|HC|  |TAMS 0x0000000082600000, 0x0000000082500000| Complete 
|  38|0x0000000082600000, 0x0000000082700000, 0x0000000082700000|100%|HS|  |TAMS 0x0000000082700000, 0x0000000082600000| Complete 
|  39|0x0000000082700000, 0x0000000082800000, 0x0000000082800000|100%|HS|  |TAMS 0x0000000082800000, 0x0000000082700000| Complete 
|  40|0x0000000082800000, 0x0000000082900000, 0x0000000082900000|100%|HC|  |TAMS 0x0000000082900000, 0x0000000082800000| Complete 
|  41|0x0000000082900000, 0x0000000082a00000, 0x0000000082a00000|100%|HC|  |TAMS 0x0000000082a00000, 0x0000000082900000| Complete 
|  42|0x0000000082a00000, 0x0000000082b00000, 0x0000000082b00000|100%|HC|  |TAMS 0x0000000082b00000, 0x0000000082a00000| Complete 
|  43|0x0000000082b00000, 0x0000000082c00000, 0x0000000082c00000|100%| O|  |TAMS 0x0000000082c00000, 0x0000000082b00000| Untracked 
|  44|0x0000000082c00000, 0x0000000082d00000, 0x0000000082d00000|100%|HS|  |TAMS 0x0000000082d00000, 0x0000000082c00000| Complete 
|  45|0x0000000082d00000, 0x0000000082e00000, 0x0000000082e00000|100%|HS|  |TAMS 0x0000000082e00000, 0x0000000082d00000| Complete 
|  46|0x0000000082e00000, 0x0000000082f00000, 0x0000000082f00000|100%| O|  |TAMS 0x0000000082f00000, 0x0000000082e00000| Untracked 
|  47|0x0000000082f00000, 0x0000000083000000, 0x0000000083000000|100%| O|  |TAMS 0x0000000083000000, 0x0000000082f00000| Untracked 
|  48|0x0000000083000000, 0x0000000083100000, 0x0000000083100000|100%| O|  |TAMS 0x0000000083100000, 0x0000000083000000| Untracked 
|  49|0x0000000083100000, 0x0000000083200000, 0x0000000083200000|100%| O|  |TAMS 0x0000000083200000, 0x0000000083100000| Untracked 
|  50|0x0000000083200000, 0x0000000083300000, 0x0000000083300000|100%| O|  |TAMS 0x0000000083300000, 0x0000000083200000| Untracked 
|  51|0x0000000083300000, 0x0000000083400000, 0x0000000083400000|100%| O|  |TAMS 0x0000000083400000, 0x0000000083300000| Untracked 
|  52|0x0000000083400000, 0x0000000083500000, 0x0000000083500000|100%| O|  |TAMS 0x0000000083500000, 0x0000000083400000| Untracked 
|  53|0x0000000083500000, 0x0000000083600000, 0x0000000083600000|100%| O|  |TAMS 0x0000000083600000, 0x0000000083500000| Untracked 
|  54|0x0000000083600000, 0x0000000083700000, 0x0000000083700000|100%| O|  |TAMS 0x0000000083700000, 0x0000000083600000| Untracked 
|  55|0x0000000083700000, 0x0000000083800000, 0x0000000083800000|100%| O|  |TAMS 0x0000000083700000, 0x0000000083700000| Untracked 
|  56|0x0000000083800000, 0x0000000083900000, 0x0000000083900000|100%| O|  |TAMS 0x0000000083800000, 0x0000000083800000| Untracked 
|  57|0x0000000083900000, 0x0000000083a00000, 0x0000000083a00000|100%| O|  |TAMS 0x0000000083a00000, 0x0000000083900000| Untracked 
|  58|0x0000000083a00000, 0x0000000083b00000, 0x0000000083b00000|100%| O|  |TAMS 0x0000000083a00000, 0x0000000083a00000| Untracked 
|  59|0x0000000083b00000, 0x0000000083c00000, 0x0000000083c00000|100%| O|  |TAMS 0x0000000083b00000, 0x0000000083b00000| Untracked 
|  60|0x0000000083c00000, 0x0000000083d00000, 0x0000000083d00000|100%| O|  |TAMS 0x0000000083c00000, 0x0000000083c00000| Untracked 
|  61|0x0000000083d00000, 0x0000000083d91c00, 0x0000000083e00000| 56%| O|  |TAMS 0x0000000083d00000, 0x0000000083d00000| Untracked 
|  62|0x0000000083e00000, 0x0000000083f00000, 0x0000000083f00000|100%| O|  |TAMS 0x0000000083e92c00, 0x0000000083e00000| Untracked 
|  63|0x0000000083f00000, 0x0000000084000000, 0x0000000084000000|100%| O|  |TAMS 0x0000000084000000, 0x0000000083f00000| Untracked 
|  64|0x0000000084000000, 0x0000000084100000, 0x0000000084100000|100%| O|  |TAMS 0x0000000084100000, 0x0000000084000000| Untracked 
|  65|0x0000000084100000, 0x0000000084200000, 0x0000000084200000|100%|HS|  |TAMS 0x0000000084100000, 0x0000000084100000| Complete 
|  66|0x0000000084200000, 0x0000000084300000, 0x0000000084300000|100%|HC|  |TAMS 0x0000000084200000, 0x0000000084200000| Complete 
|  67|0x0000000084300000, 0x0000000084400000, 0x0000000084400000|100%|HC|  |TAMS 0x0000000084300000, 0x0000000084300000| Complete 
|  68|0x0000000084400000, 0x0000000084500000, 0x0000000084500000|100%|HC|  |TAMS 0x0000000084400000, 0x0000000084400000| Complete 
|  69|0x0000000084500000, 0x0000000084600000, 0x0000000084600000|100%| O|  |TAMS 0x0000000084500000, 0x0000000084500000| Untracked 
|  70|0x0000000084600000, 0x0000000084700000, 0x0000000084700000|100%| O|  |TAMS 0x0000000084600000, 0x0000000084600000| Untracked 
|  71|0x0000000084700000, 0x0000000084800000, 0x0000000084800000|100%| O|  |TAMS 0x0000000084700000, 0x0000000084700000| Untracked 
|  72|0x0000000084800000, 0x0000000084900000, 0x0000000084900000|100%| O|  |TAMS 0x0000000084800000, 0x0000000084800000| Untracked 
|  73|0x0000000084900000, 0x0000000084a00000, 0x0000000084a00000|100%| O|  |TAMS 0x0000000084900000, 0x0000000084900000| Untracked 
|  74|0x0000000084a00000, 0x0000000084b00000, 0x0000000084b00000|100%| O|  |TAMS 0x0000000084a00000, 0x0000000084a00000| Untracked 
|  75|0x0000000084b00000, 0x0000000084c00000, 0x0000000084c00000|100%| O|  |TAMS 0x0000000084b00000, 0x0000000084b00000| Untracked 
|  76|0x0000000084c00000, 0x0000000084d00000, 0x0000000084d00000|100%| O|  |TAMS 0x0000000084c00000, 0x0000000084c00000| Untracked 
|  77|0x0000000084d00000, 0x0000000084e00000, 0x0000000084e00000|100%| O|  |TAMS 0x0000000084d00000, 0x0000000084d00000| Untracked 
|  78|0x0000000084e00000, 0x0000000084f00000, 0x0000000084f00000|100%| O|  |TAMS 0x0000000084e00000, 0x0000000084e00000| Untracked 
|  79|0x0000000084f00000, 0x0000000085000000, 0x0000000085000000|100%| O|  |TAMS 0x0000000084f00000, 0x0000000084f00000| Untracked 
|  80|0x0000000085000000, 0x0000000085100000, 0x0000000085100000|100%| O|  |TAMS 0x0000000085000000, 0x0000000085000000| Untracked 
|  81|0x0000000085100000, 0x0000000085200000, 0x0000000085200000|100%| O|  |TAMS 0x0000000085100000, 0x0000000085100000| Untracked 
|  82|0x0000000085200000, 0x0000000085300000, 0x0000000085300000|100%| O|  |TAMS 0x0000000085200000, 0x0000000085200000| Untracked 
|  83|0x0000000085300000, 0x0000000085400000, 0x0000000085400000|100%| O|  |TAMS 0x0000000085300000, 0x0000000085300000| Untracked 
|  84|0x0000000085400000, 0x0000000085500000, 0x0000000085500000|100%| O|  |TAMS 0x0000000085400000, 0x0000000085400000| Untracked 
|  85|0x0000000085500000, 0x0000000085600000, 0x0000000085600000|100%| O|  |TAMS 0x0000000085500000, 0x0000000085500000| Untracked 
|  86|0x0000000085600000, 0x0000000085700000, 0x0000000085700000|100%| O|  |TAMS 0x0000000085600000, 0x0000000085600000| Untracked 
|  87|0x0000000085700000, 0x0000000085800000, 0x0000000085800000|100%| O|  |TAMS 0x0000000085700000, 0x0000000085700000| Untracked 
|  88|0x0000000085800000, 0x0000000085900000, 0x0000000085900000|100%| O|  |TAMS 0x0000000085800000, 0x0000000085800000| Untracked 
|  89|0x0000000085900000, 0x0000000085a00000, 0x0000000085a00000|100%| O|  |TAMS 0x0000000085900000, 0x0000000085900000| Untracked 
|  90|0x0000000085a00000, 0x0000000085b00000, 0x0000000085b00000|100%| O|  |TAMS 0x0000000085a00000, 0x0000000085a00000| Untracked 
|  91|0x0000000085b00000, 0x0000000085c00000, 0x0000000085c00000|100%| O|  |TAMS 0x0000000085b00000, 0x0000000085b00000| Untracked 
|  92|0x0000000085c00000, 0x0000000085d00000, 0x0000000085d00000|100%| O|  |TAMS 0x0000000085c00000, 0x0000000085c00000| Untracked 
|  93|0x0000000085d00000, 0x0000000085e00000, 0x0000000085e00000|100%| O|  |TAMS 0x0000000085d00000, 0x0000000085d00000| Untracked 
|  94|0x0000000085e00000, 0x0000000085f00000, 0x0000000085f00000|100%| O|  |TAMS 0x0000000085e00000, 0x0000000085e00000| Untracked 
|  95|0x0000000085f00000, 0x0000000086000000, 0x0000000086000000|100%| O|  |TAMS 0x0000000085f00000, 0x0000000085f00000| Untracked 
|  96|0x0000000086000000, 0x0000000086100000, 0x0000000086100000|100%| O|  |TAMS 0x0000000086000000, 0x0000000086000000| Untracked 
|  97|0x0000000086100000, 0x0000000086200000, 0x0000000086200000|100%| O|  |TAMS 0x0000000086100000, 0x0000000086100000| Untracked 
|  98|0x0000000086200000, 0x0000000086300000, 0x0000000086300000|100%| O|  |TAMS 0x0000000086200000, 0x0000000086200000| Untracked 
|  99|0x0000000086300000, 0x0000000086400000, 0x0000000086400000|100%| O|  |TAMS 0x0000000086300000, 0x0000000086300000| Untracked 
| 100|0x0000000086400000, 0x0000000086500000, 0x0000000086500000|100%| O|  |TAMS 0x0000000086400000, 0x0000000086400000| Untracked 
| 101|0x0000000086500000, 0x0000000086600000, 0x0000000086600000|100%| O|  |TAMS 0x0000000086500000, 0x0000000086500000| Untracked 
| 102|0x0000000086600000, 0x0000000086660600, 0x0000000086700000| 37%| O|  |TAMS 0x0000000086600000, 0x0000000086600000| Untracked 
| 103|0x0000000086700000, 0x0000000086700000, 0x0000000086800000|  0%| F|  |TAMS 0x0000000086700000, 0x0000000086700000| Untracked 
| 104|0x0000000086800000, 0x0000000086800000, 0x0000000086900000|  0%| F|  |TAMS 0x0000000086800000, 0x0000000086800000| Untracked 
| 105|0x0000000086900000, 0x0000000086900000, 0x0000000086a00000|  0%| F|  |TAMS 0x0000000086900000, 0x0000000086900000| Untracked 
| 106|0x0000000086a00000, 0x0000000086a00000, 0x0000000086b00000|  0%| F|  |TAMS 0x0000000086a00000, 0x0000000086a00000| Untracked 
| 107|0x0000000086b00000, 0x0000000086b00000, 0x0000000086c00000|  0%| F|  |TAMS 0x0000000086b00000, 0x0000000086b00000| Untracked 
| 108|0x0000000086c00000, 0x0000000086c00000, 0x0000000086d00000|  0%| F|  |TAMS 0x0000000086c00000, 0x0000000086c00000| Untracked 
| 109|0x0000000086d00000, 0x0000000086d00000, 0x0000000086e00000|  0%| F|  |TAMS 0x0000000086d00000, 0x0000000086d00000| Untracked 
| 110|0x0000000086e00000, 0x0000000086e00000, 0x0000000086f00000|  0%| F|  |TAMS 0x0000000086e00000, 0x0000000086e00000| Untracked 
| 111|0x0000000086f00000, 0x0000000086f00000, 0x0000000087000000|  0%| F|  |TAMS 0x0000000086f00000, 0x0000000086f00000| Untracked 
| 112|0x0000000087000000, 0x0000000087000000, 0x0000000087100000|  0%| F|  |TAMS 0x0000000087000000, 0x0000000087000000| Untracked 
| 113|0x0000000087100000, 0x0000000087100000, 0x0000000087200000|  0%| F|  |TAMS 0x0000000087100000, 0x0000000087100000| Untracked 
| 114|0x0000000087200000, 0x0000000087200000, 0x0000000087300000|  0%| F|  |TAMS 0x0000000087200000, 0x0000000087200000| Untracked 
| 115|0x0000000087300000, 0x0000000087300000, 0x0000000087400000|  0%| F|  |TAMS 0x0000000087300000, 0x0000000087300000| Untracked 
| 116|0x0000000087400000, 0x0000000087400000, 0x0000000087500000|  0%| F|  |TAMS 0x0000000087400000, 0x0000000087400000| Untracked 
| 117|0x0000000087500000, 0x0000000087500000, 0x0000000087600000|  0%| F|  |TAMS 0x0000000087500000, 0x0000000087500000| Untracked 
| 118|0x0000000087600000, 0x0000000087600000, 0x0000000087700000|  0%| F|  |TAMS 0x0000000087600000, 0x0000000087600000| Untracked 
| 119|0x0000000087700000, 0x0000000087700000, 0x0000000087800000|  0%| F|  |TAMS 0x0000000087700000, 0x0000000087700000| Untracked 
| 120|0x0000000087800000, 0x0000000087800000, 0x0000000087900000|  0%| F|  |TAMS 0x0000000087800000, 0x0000000087800000| Untracked 
| 121|0x0000000087900000, 0x0000000087900000, 0x0000000087a00000|  0%| F|  |TAMS 0x0000000087900000, 0x0000000087900000| Untracked 
| 122|0x0000000087a00000, 0x0000000087a00000, 0x0000000087b00000|  0%| F|  |TAMS 0x0000000087a00000, 0x0000000087a00000| Untracked 
| 123|0x0000000087b00000, 0x0000000087b00000, 0x0000000087c00000|  0%| F|  |TAMS 0x0000000087b00000, 0x0000000087b00000| Untracked 
| 124|0x0000000087c00000, 0x0000000087c00000, 0x0000000087d00000|  0%| F|  |TAMS 0x0000000087c00000, 0x0000000087c00000| Untracked 
| 125|0x0000000087d00000, 0x0000000087d00000, 0x0000000087e00000|  0%| F|  |TAMS 0x0000000087d00000, 0x0000000087d00000| Untracked 
| 126|0x0000000087e00000, 0x0000000087e00000, 0x0000000087f00000|  0%| F|  |TAMS 0x0000000087e00000, 0x0000000087e00000| Untracked 
| 127|0x0000000087f00000, 0x0000000087f00000, 0x0000000088000000|  0%| F|  |TAMS 0x0000000087f00000, 0x0000000087f00000| Untracked 
| 128|0x0000000088000000, 0x0000000088000000, 0x0000000088100000|  0%| F|  |TAMS 0x0000000088000000, 0x0000000088000000| Untracked 
| 129|0x0000000088100000, 0x0000000088100000, 0x0000000088200000|  0%| F|  |TAMS 0x0000000088100000, 0x0000000088100000| Untracked 
| 130|0x0000000088200000, 0x0000000088200000, 0x0000000088300000|  0%| F|  |TAMS 0x0000000088200000, 0x0000000088200000| Untracked 
| 131|0x0000000088300000, 0x0000000088300000, 0x0000000088400000|  0%| F|  |TAMS 0x0000000088300000, 0x0000000088300000| Untracked 
| 132|0x0000000088400000, 0x0000000088400000, 0x0000000088500000|  0%| F|  |TAMS 0x0000000088400000, 0x0000000088400000| Untracked 
| 133|0x0000000088500000, 0x0000000088500000, 0x0000000088600000|  0%| F|  |TAMS 0x0000000088500000, 0x0000000088500000| Untracked 
| 134|0x0000000088600000, 0x0000000088600000, 0x0000000088700000|  0%| F|  |TAMS 0x0000000088600000, 0x0000000088600000| Untracked 
| 135|0x0000000088700000, 0x0000000088700000, 0x0000000088800000|  0%| F|  |TAMS 0x0000000088700000, 0x0000000088700000| Untracked 
| 136|0x0000000088800000, 0x0000000088800000, 0x0000000088900000|  0%| F|  |TAMS 0x0000000088800000, 0x0000000088800000| Untracked 
| 137|0x0000000088900000, 0x0000000088900000, 0x0000000088a00000|  0%| F|  |TAMS 0x0000000088900000, 0x0000000088900000| Untracked 
| 138|0x0000000088a00000, 0x0000000088a00000, 0x0000000088b00000|  0%| F|  |TAMS 0x0000000088a00000, 0x0000000088a00000| Untracked 
| 139|0x0000000088b00000, 0x0000000088b00000, 0x0000000088c00000|  0%| F|  |TAMS 0x0000000088b00000, 0x0000000088b00000| Untracked 
| 140|0x0000000088c00000, 0x0000000088c00000, 0x0000000088d00000|  0%| F|  |TAMS 0x0000000088c00000, 0x0000000088c00000| Untracked 
| 141|0x0000000088d00000, 0x0000000088d00000, 0x0000000088e00000|  0%| F|  |TAMS 0x0000000088d00000, 0x0000000088d00000| Untracked 
| 142|0x0000000088e00000, 0x0000000088e00000, 0x0000000088f00000|  0%| F|  |TAMS 0x0000000088e00000, 0x0000000088e00000| Untracked 
| 143|0x0000000088f00000, 0x0000000088f00000, 0x0000000089000000|  0%| F|  |TAMS 0x0000000088f00000, 0x0000000088f00000| Untracked 
| 144|0x0000000089000000, 0x0000000089000000, 0x0000000089100000|  0%| F|  |TAMS 0x0000000089000000, 0x0000000089000000| Untracked 
| 145|0x0000000089100000, 0x00000000891c0c80, 0x0000000089200000| 75%| S|CS|TAMS 0x0000000089100000, 0x0000000089100000| Complete 
| 146|0x0000000089200000, 0x0000000089300000, 0x0000000089300000|100%| S|CS|TAMS 0x0000000089200000, 0x0000000089200000| Complete 
| 147|0x0000000089300000, 0x0000000089400000, 0x0000000089400000|100%| S|CS|TAMS 0x0000000089300000, 0x0000000089300000| Complete 
| 148|0x0000000089400000, 0x0000000089500000, 0x0000000089500000|100%| S|CS|TAMS 0x0000000089400000, 0x0000000089400000| Complete 
| 149|0x0000000089500000, 0x0000000089600000, 0x0000000089600000|100%| S|CS|TAMS 0x0000000089500000, 0x0000000089500000| Complete 
| 150|0x0000000089600000, 0x0000000089700000, 0x0000000089700000|100%| S|CS|TAMS 0x0000000089600000, 0x0000000089600000| Complete 
| 151|0x0000000089700000, 0x0000000089800000, 0x0000000089800000|100%| S|CS|TAMS 0x0000000089700000, 0x0000000089700000| Complete 
| 152|0x0000000089800000, 0x0000000089900000, 0x0000000089900000|100%| S|CS|TAMS 0x0000000089800000, 0x0000000089800000| Complete 
| 153|0x0000000089900000, 0x0000000089900000, 0x0000000089a00000|  0%| F|  |TAMS 0x0000000089900000, 0x0000000089900000| Untracked 
| 154|0x0000000089a00000, 0x0000000089a00000, 0x0000000089b00000|  0%| F|  |TAMS 0x0000000089a00000, 0x0000000089a00000| Untracked 
| 155|0x0000000089b00000, 0x0000000089b00000, 0x0000000089c00000|  0%| F|  |TAMS 0x0000000089b00000, 0x0000000089b00000| Untracked 
| 156|0x0000000089c00000, 0x0000000089c00000, 0x0000000089d00000|  0%| F|  |TAMS 0x0000000089c00000, 0x0000000089c00000| Untracked 
| 157|0x0000000089d00000, 0x0000000089d00000, 0x0000000089e00000|  0%| F|  |TAMS 0x0000000089d00000, 0x0000000089d00000| Untracked 
| 158|0x0000000089e00000, 0x0000000089e00000, 0x0000000089f00000|  0%| F|  |TAMS 0x0000000089e00000, 0x0000000089e00000| Untracked 
| 159|0x0000000089f00000, 0x0000000089f00000, 0x000000008a000000|  0%| F|  |TAMS 0x0000000089f00000, 0x0000000089f00000| Untracked 
| 160|0x000000008a000000, 0x000000008a000000, 0x000000008a100000|  0%| F|  |TAMS 0x000000008a000000, 0x000000008a000000| Untracked 
| 161|0x000000008a100000, 0x000000008a100000, 0x000000008a200000|  0%| F|  |TAMS 0x000000008a100000, 0x000000008a100000| Untracked 
| 162|0x000000008a200000, 0x000000008a200000, 0x000000008a300000|  0%| F|  |TAMS 0x000000008a200000, 0x000000008a200000| Untracked 
| 163|0x000000008a300000, 0x000000008a300000, 0x000000008a400000|  0%| F|  |TAMS 0x000000008a300000, 0x000000008a300000| Untracked 
| 164|0x000000008a400000, 0x000000008a400000, 0x000000008a500000|  0%| F|  |TAMS 0x000000008a400000, 0x000000008a400000| Untracked 
| 165|0x000000008a500000, 0x000000008a500000, 0x000000008a600000|  0%| F|  |TAMS 0x000000008a500000, 0x000000008a500000| Untracked 
| 166|0x000000008a600000, 0x000000008a600000, 0x000000008a700000|  0%| F|  |TAMS 0x000000008a600000, 0x000000008a600000| Untracked 
| 167|0x000000008a700000, 0x000000008a700000, 0x000000008a800000|  0%| F|  |TAMS 0x000000008a700000, 0x000000008a700000| Untracked 
| 168|0x000000008a800000, 0x000000008a800000, 0x000000008a900000|  0%| F|  |TAMS 0x000000008a800000, 0x000000008a800000| Untracked 
| 169|0x000000008a900000, 0x000000008a900000, 0x000000008aa00000|  0%| F|  |TAMS 0x000000008a900000, 0x000000008a900000| Untracked 
| 170|0x000000008aa00000, 0x000000008aa00000, 0x000000008ab00000|  0%| F|  |TAMS 0x000000008aa00000, 0x000000008aa00000| Untracked 
| 171|0x000000008ab00000, 0x000000008ab00000, 0x000000008ac00000|  0%| F|  |TAMS 0x000000008ab00000, 0x000000008ab00000| Untracked 
| 172|0x000000008ac00000, 0x000000008ac00000, 0x000000008ad00000|  0%| F|  |TAMS 0x000000008ac00000, 0x000000008ac00000| Untracked 
| 173|0x000000008ad00000, 0x000000008ad00000, 0x000000008ae00000|  0%| F|  |TAMS 0x000000008ad00000, 0x000000008ad00000| Untracked 
| 174|0x000000008ae00000, 0x000000008ae00000, 0x000000008af00000|  0%| F|  |TAMS 0x000000008ae00000, 0x000000008ae00000| Untracked 
| 175|0x000000008af00000, 0x000000008af00000, 0x000000008b000000|  0%| F|  |TAMS 0x000000008af00000, 0x000000008af00000| Untracked 
| 176|0x000000008b000000, 0x000000008b000000, 0x000000008b100000|  0%| F|  |TAMS 0x000000008b000000, 0x000000008b000000| Untracked 
| 177|0x000000008b100000, 0x000000008b100000, 0x000000008b200000|  0%| F|  |TAMS 0x000000008b100000, 0x000000008b100000| Untracked 
| 178|0x000000008b200000, 0x000000008b200000, 0x000000008b300000|  0%| F|  |TAMS 0x000000008b200000, 0x000000008b200000| Untracked 
| 179|0x000000008b300000, 0x000000008b300000, 0x000000008b400000|  0%| F|  |TAMS 0x000000008b300000, 0x000000008b300000| Untracked 
| 180|0x000000008b400000, 0x000000008b400000, 0x000000008b500000|  0%| F|  |TAMS 0x000000008b400000, 0x000000008b400000| Untracked 
| 181|0x000000008b500000, 0x000000008b500000, 0x000000008b600000|  0%| F|  |TAMS 0x000000008b500000, 0x000000008b500000| Untracked 
| 182|0x000000008b600000, 0x000000008b600000, 0x000000008b700000|  0%| F|  |TAMS 0x000000008b600000, 0x000000008b600000| Untracked 
| 183|0x000000008b700000, 0x000000008b700000, 0x000000008b800000|  0%| F|  |TAMS 0x000000008b700000, 0x000000008b700000| Untracked 
| 184|0x000000008b800000, 0x000000008b800000, 0x000000008b900000|  0%| F|  |TAMS 0x000000008b800000, 0x000000008b800000| Untracked 
| 185|0x000000008b900000, 0x000000008b900000, 0x000000008ba00000|  0%| F|  |TAMS 0x000000008b900000, 0x000000008b900000| Untracked 
| 186|0x000000008ba00000, 0x000000008ba00000, 0x000000008bb00000|  0%| F|  |TAMS 0x000000008ba00000, 0x000000008ba00000| Untracked 
| 187|0x000000008bb00000, 0x000000008bb00000, 0x000000008bc00000|  0%| F|  |TAMS 0x000000008bb00000, 0x000000008bb00000| Untracked 
| 188|0x000000008bc00000, 0x000000008bc5ac60, 0x000000008bd00000| 35%| E|  |TAMS 0x000000008bc00000, 0x000000008bc00000| Complete 
| 189|0x000000008bd00000, 0x000000008be00000, 0x000000008be00000|100%| E|CS|TAMS 0x000000008bd00000, 0x000000008bd00000| Complete 
| 190|0x000000008be00000, 0x000000008bf00000, 0x000000008bf00000|100%| E|CS|TAMS 0x000000008be00000, 0x000000008be00000| Complete 
| 191|0x000000008bf00000, 0x000000008c000000, 0x000000008c000000|100%| E|CS|TAMS 0x000000008bf00000, 0x000000008bf00000| Complete 
| 192|0x000000008c000000, 0x000000008c100000, 0x000000008c100000|100%| E|CS|TAMS 0x000000008c000000, 0x000000008c000000| Complete 
| 193|0x000000008c100000, 0x000000008c200000, 0x000000008c200000|100%| E|CS|TAMS 0x000000008c100000, 0x000000008c100000| Complete 
| 194|0x000000008c200000, 0x000000008c300000, 0x000000008c300000|100%| E|CS|TAMS 0x000000008c200000, 0x000000008c200000| Complete 
| 195|0x000000008c300000, 0x000000008c400000, 0x000000008c400000|100%| E|CS|TAMS 0x000000008c300000, 0x000000008c300000| Complete 
| 196|0x000000008c400000, 0x000000008c500000, 0x000000008c500000|100%| E|CS|TAMS 0x000000008c400000, 0x000000008c400000| Complete 
| 197|0x000000008c500000, 0x000000008c600000, 0x000000008c600000|100%| E|CS|TAMS 0x000000008c500000, 0x000000008c500000| Complete 
| 198|0x000000008c600000, 0x000000008c700000, 0x000000008c700000|100%| E|CS|TAMS 0x000000008c600000, 0x000000008c600000| Complete 
| 199|0x000000008c700000, 0x000000008c800000, 0x000000008c800000|100%| E|CS|TAMS 0x000000008c700000, 0x000000008c700000| Complete 
| 200|0x000000008c800000, 0x000000008c900000, 0x000000008c900000|100%| E|CS|TAMS 0x000000008c800000, 0x000000008c800000| Complete 
| 201|0x000000008c900000, 0x000000008ca00000, 0x000000008ca00000|100%| E|  |TAMS 0x000000008c900000, 0x000000008c900000| Complete 
| 202|0x000000008ca00000, 0x000000008cb00000, 0x000000008cb00000|100%| E|CS|TAMS 0x000000008ca00000, 0x000000008ca00000| Complete 
| 203|0x000000008cb00000, 0x000000008cc00000, 0x000000008cc00000|100%| E|CS|TAMS 0x000000008cb00000, 0x000000008cb00000| Complete 
| 204|0x000000008cc00000, 0x000000008cd00000, 0x000000008cd00000|100%| E|CS|TAMS 0x000000008cc00000, 0x000000008cc00000| Complete 
| 205|0x000000008cd00000, 0x000000008ce00000, 0x000000008ce00000|100%| E|CS|TAMS 0x000000008cd00000, 0x000000008cd00000| Complete 
| 206|0x000000008ce00000, 0x000000008cf00000, 0x000000008cf00000|100%| E|CS|TAMS 0x000000008ce00000, 0x000000008ce00000| Complete 
| 207|0x000000008cf00000, 0x000000008d000000, 0x000000008d000000|100%| E|CS|TAMS 0x000000008cf00000, 0x000000008cf00000| Complete 
| 208|0x000000008d000000, 0x000000008d100000, 0x000000008d100000|100%| E|CS|TAMS 0x000000008d000000, 0x000000008d000000| Complete 
| 209|0x000000008d100000, 0x000000008d200000, 0x000000008d200000|100%| E|CS|TAMS 0x000000008d100000, 0x000000008d100000| Complete 
| 210|0x000000008d200000, 0x000000008d300000, 0x000000008d300000|100%| E|CS|TAMS 0x000000008d200000, 0x000000008d200000| Complete 
| 211|0x000000008d300000, 0x000000008d400000, 0x000000008d400000|100%| E|CS|TAMS 0x000000008d300000, 0x000000008d300000| Complete 
| 212|0x000000008d400000, 0x000000008d500000, 0x000000008d500000|100%| E|CS|TAMS 0x000000008d400000, 0x000000008d400000| Complete 
| 213|0x000000008d500000, 0x000000008d600000, 0x000000008d600000|100%| E|CS|TAMS 0x000000008d500000, 0x000000008d500000| Complete 
| 214|0x000000008d600000, 0x000000008d700000, 0x000000008d700000|100%| E|CS|TAMS 0x000000008d600000, 0x000000008d600000| Complete 
| 215|0x000000008d700000, 0x000000008d800000, 0x000000008d800000|100%| E|CS|TAMS 0x000000008d700000, 0x000000008d700000| Complete 
| 216|0x000000008d800000, 0x000000008d900000, 0x000000008d900000|100%| E|CS|TAMS 0x000000008d800000, 0x000000008d800000| Complete 
| 217|0x000000008d900000, 0x000000008da00000, 0x000000008da00000|100%| E|CS|TAMS 0x000000008d900000, 0x000000008d900000| Complete 
| 218|0x000000008da00000, 0x000000008db00000, 0x000000008db00000|100%| E|CS|TAMS 0x000000008da00000, 0x000000008da00000| Complete 
| 219|0x000000008db00000, 0x000000008dc00000, 0x000000008dc00000|100%| E|CS|TAMS 0x000000008db00000, 0x000000008db00000| Complete 
| 220|0x000000008dc00000, 0x000000008dd00000, 0x000000008dd00000|100%| E|CS|TAMS 0x000000008dc00000, 0x000000008dc00000| Complete 
| 221|0x000000008dd00000, 0x000000008de00000, 0x000000008de00000|100%| E|CS|TAMS 0x000000008dd00000, 0x000000008dd00000| Complete 
| 222|0x000000008de00000, 0x000000008df00000, 0x000000008df00000|100%| E|CS|TAMS 0x000000008de00000, 0x000000008de00000| Complete 
| 223|0x000000008df00000, 0x000000008e000000, 0x000000008e000000|100%| E|CS|TAMS 0x000000008df00000, 0x000000008df00000| Complete 
| 224|0x000000008e000000, 0x000000008e100000, 0x000000008e100000|100%| E|CS|TAMS 0x000000008e000000, 0x000000008e000000| Complete 
| 225|0x000000008e100000, 0x000000008e200000, 0x000000008e200000|100%| E|CS|TAMS 0x000000008e100000, 0x000000008e100000| Complete 
| 226|0x000000008e200000, 0x000000008e300000, 0x000000008e300000|100%| E|CS|TAMS 0x000000008e200000, 0x000000008e200000| Complete 
| 227|0x000000008e300000, 0x000000008e400000, 0x000000008e400000|100%| E|CS|TAMS 0x000000008e300000, 0x000000008e300000| Complete 
| 228|0x000000008e400000, 0x000000008e500000, 0x000000008e500000|100%| E|CS|TAMS 0x000000008e400000, 0x000000008e400000| Complete 
| 229|0x000000008e500000, 0x000000008e600000, 0x000000008e600000|100%| E|CS|TAMS 0x000000008e500000, 0x000000008e500000| Complete 
| 230|0x000000008e600000, 0x000000008e700000, 0x000000008e700000|100%| E|CS|TAMS 0x000000008e600000, 0x000000008e600000| Complete 
| 231|0x000000008e700000, 0x000000008e800000, 0x000000008e800000|100%| E|CS|TAMS 0x000000008e700000, 0x000000008e700000| Complete 
| 232|0x000000008e800000, 0x000000008e900000, 0x000000008e900000|100%| E|CS|TAMS 0x000000008e800000, 0x000000008e800000| Complete 
| 233|0x000000008e900000, 0x000000008ea00000, 0x000000008ea00000|100%| E|CS|TAMS 0x000000008e900000, 0x000000008e900000| Complete 
| 234|0x000000008ea00000, 0x000000008eb00000, 0x000000008eb00000|100%| E|CS|TAMS 0x000000008ea00000, 0x000000008ea00000| Complete 
| 235|0x000000008eb00000, 0x000000008ec00000, 0x000000008ec00000|100%| E|CS|TAMS 0x000000008eb00000, 0x000000008eb00000| Complete 
| 236|0x000000008ec00000, 0x000000008ed00000, 0x000000008ed00000|100%| E|CS|TAMS 0x000000008ec00000, 0x000000008ec00000| Complete 
| 237|0x000000008ed00000, 0x000000008ee00000, 0x000000008ee00000|100%| E|CS|TAMS 0x000000008ed00000, 0x000000008ed00000| Complete 
| 238|0x000000008ee00000, 0x000000008ef00000, 0x000000008ef00000|100%| E|CS|TAMS 0x000000008ee00000, 0x000000008ee00000| Complete 
| 239|0x000000008ef00000, 0x000000008f000000, 0x000000008f000000|100%| E|CS|TAMS 0x000000008ef00000, 0x000000008ef00000| Complete 
| 240|0x000000008f000000, 0x000000008f100000, 0x000000008f100000|100%| E|CS|TAMS 0x000000008f000000, 0x000000008f000000| Complete 
| 241|0x000000008f100000, 0x000000008f200000, 0x000000008f200000|100%| E|CS|TAMS 0x000000008f100000, 0x000000008f100000| Complete 
| 242|0x000000008f200000, 0x000000008f300000, 0x000000008f300000|100%| E|CS|TAMS 0x000000008f200000, 0x000000008f200000| Complete 
| 243|0x000000008f300000, 0x000000008f400000, 0x000000008f400000|100%| E|CS|TAMS 0x000000008f300000, 0x000000008f300000| Complete 
| 244|0x000000008f400000, 0x000000008f500000, 0x000000008f500000|100%| E|CS|TAMS 0x000000008f400000, 0x000000008f400000| Complete 
| 245|0x000000008f500000, 0x000000008f600000, 0x000000008f600000|100%| E|CS|TAMS 0x000000008f500000, 0x000000008f500000| Complete 
| 246|0x000000008f600000, 0x000000008f700000, 0x000000008f700000|100%| E|CS|TAMS 0x000000008f600000, 0x000000008f600000| Complete 
| 247|0x000000008f700000, 0x000000008f800000, 0x000000008f800000|100%| E|CS|TAMS 0x000000008f700000, 0x000000008f700000| Complete 
| 248|0x000000008f800000, 0x000000008f900000, 0x000000008f900000|100%| E|CS|TAMS 0x000000008f800000, 0x000000008f800000| Complete 
| 255|0x000000008ff00000, 0x0000000090000000, 0x0000000090000000|100%| E|CS|TAMS 0x000000008ff00000, 0x000000008ff00000| Complete 

Card table byte_map: [0x0000027accb30000,0x0000027accf30000] _byte_map_base: 0x0000027acc730000

Marking Bits (Prev, Next): (CMBitMap*) 0x0000027ab9f82d00, (CMBitMap*) 0x0000027ab9f82cc0
 Prev Bits: [0x0000027acf330000, 0x0000027ad1330000)
 Next Bits: [0x0000027acd330000, 0x0000027acf330000)

Polling page: 0x0000027ab80b0000

Metaspace:

Usage:
  Non-class:     84.82 MB used.
      Class:     13.61 MB used.
       Both:     98.43 MB used.

Virtual space:
  Non-class space:      128.00 MB reserved,      85.13 MB ( 67%) committed,  2 nodes.
      Class space:        1.00 GB reserved,      13.94 MB (  1%) committed,  1 nodes.
             Both:        1.13 GB reserved,      99.06 MB (  9%) committed. 

Chunk freelists:
   Non-Class:  10.69 MB
       Class:  2.03 MB
        Both:  12.72 MB

MaxMetaspaceSize: unlimited
CompressedClassSpaceSize: 1.00 GB
Initial GC threshold: 21.00 MB
Current GC threshold: 115.88 MB
CDS: off
MetaspaceReclaimPolicy: balanced
 - commit_granule_bytes: 65536.
 - commit_granule_words: 8192.
 - virtual_space_node_default_size: 8388608.
 - enlarge_chunks_in_place: 1.
 - new_chunks_are_fully_committed: 0.
 - uncommit_free_chunks: 1.
 - use_allocation_guard: 0.
 - handle_deallocations: 1.


Internal statistics:

num_allocs_failed_limit: 12.
num_arena_births: 1134.
num_arena_deaths: 0.
num_vsnodes_births: 3.
num_vsnodes_deaths: 0.
num_space_committed: 1585.
num_space_uncommitted: 0.
num_chunks_returned_to_freelist: 12.
num_chunks_taken_from_freelist: 4983.
num_chunk_merges: 6.
num_chunk_splits: 3251.
num_chunks_enlarged: 2125.
num_inconsistent_stats: 0.

CodeHeap 'non-profiled nmethods': size=120000Kb used=6799Kb max_used=6799Kb free=113200Kb
 bounds [0x0000027ac4ec0000, 0x0000027ac5570000, 0x0000027acc3f0000]
CodeHeap 'profiled nmethods': size=120000Kb used=21328Kb max_used=21328Kb free=98671Kb
 bounds [0x0000027abd3f0000, 0x0000027abe8d0000, 0x0000027ac4920000]
CodeHeap 'non-nmethods': size=5760Kb used=2393Kb max_used=2487Kb free=3366Kb
 bounds [0x0000027ac4920000, 0x0000027ac4bb0000, 0x0000027ac4ec0000]
 total_blobs=11818 nmethods=10890 adapters=838
 compilation: enabled
              stopped_count=0, restarted_count=0
 full_count=0

Compilation events (20 events):
Event: 91.845 Thread 0x0000027ad3ec3f00 nmethod 12391 0x0000027abe89c490 code [0x0000027abe89c6e0, 0x0000027abe89d038]
Event: 91.845 Thread 0x0000027ad3ec3f00 12392       3       org.gradle.internal.resolve.resolver.DefaultArtifactSelector::toResolvedVariant (136 bytes)
Event: 91.845 Thread 0x0000027ad3ec3f00 nmethod 12392 0x0000027abe89d310 code [0x0000027abe89d620, 0x0000027abe89e828]
Event: 91.845 Thread 0x0000027ad3ec3f00 12393       3       org.gradle.internal.resolve.resolver.DefaultArtifactSelector$$Lambda$783/0x0000000100739ed0::<init> (15 bytes)
Event: 91.846 Thread 0x0000027ad3ec3f00 nmethod 12393 0x0000027abe89ef90 code [0x0000027abe89f140, 0x0000027abe89f358]
Event: 91.846 Thread 0x0000027ad3ec3f00 12396       3       org.gradle.api.internal.artifacts.DefaultResolvableArtifact::<init> (87 bytes)
Event: 91.846 Thread 0x0000027ad3ec3f00 nmethod 12396 0x0000027abe89f410 code [0x0000027abe89f620, 0x0000027abe89fe88]
Event: 91.846 Thread 0x0000027ad3ec3f00 12389       3       org.gradle.api.internal.artifacts.ivyservice.resolveengine.result.StreamingResolutionResultBuilder$$Lambda$778/0x0000000100738e10::write (17 bytes)
Event: 91.846 Thread 0x0000027ad3ec3f00 nmethod 12389 0x0000027abe8a0090 code [0x0000027abe8a0240, 0x0000027abe8a03a8]
Event: 91.846 Thread 0x0000027ad3ec3f00 12397       3       java.nio.file.Path::resolve (21 bytes)
Event: 91.846 Thread 0x0000027ad3ec3f00 nmethod 12397 0x0000027abe8a0490 code [0x0000027abe8a0660, 0x0000027abe8a0a48]
Event: 91.847 Thread 0x0000027ad3ec3f00 12399       3       com.esotericsoftware.kryo.io.Output::writeByte (36 bytes)
Event: 91.847 Thread 0x0000027ad3ec3f00 nmethod 12399 0x0000027abe8a0b90 code [0x0000027abe8a0d40, 0x0000027abe8a0f28]
Event: 91.849 Thread 0x0000027ad3ec3f00 12400       3       org.gradle.internal.component.external.model.DefaultModuleComponentIdentifier::toString (5 bytes)
Event: 91.849 Thread 0x0000027ad3ec3f00 nmethod 12400 0x0000027abe8a1010 code [0x0000027abe8a11a0, 0x0000027abe8a1348]
Event: 91.849 Thread 0x0000027ad3ec3f00 12401       3       org.gradle.internal.model.CalculatedValueContainerFactory$SupplierBackedCalculator::calculateValue (10 bytes)
Event: 91.849 Thread 0x0000027ad3ec3f00 nmethod 12401 0x0000027abe8a1410 code [0x0000027abe8a15c0, 0x0000027abe8a1788]
Event: 91.849 Thread 0x0000027ad3ec3f00 12402       3       org.gradle.api.internal.artifacts.ivyservice.ivyresolve.RepositoryChainArtifactResolver$$Lambda$827/0x0000000100748400::get (20 bytes)
Event: 91.849 Thread 0x0000027ad3ec3f00 nmethod 12402 0x0000027abe8a1890 code [0x0000027abe8a1a60, 0x0000027abe8a1d98]
Event: 91.849 Thread 0x0000027ad3ec3f00 12404       3       org.gradle.tooling.internal.provider.runner.PluginApplicationTracker::started (152 bytes)

GC Heap History (20 events):
Event: 3.478 GC heap before
{Heap before GC invocations=14 (full 0):
 garbage-first heap   total 128000K, used 109535K [0x0000000080000000, 0x0000000100000000)
  region size 1024K, 62 young (63488K), 4 survivors (4096K)
 Metaspace       used 56619K, committed 57152K, reserved 1114112K
  class space    used 7635K, committed 7872K, reserved 1048576K
}
Event: 3.481 GC heap after
{Heap after GC invocations=15 (full 0):
 garbage-first heap   total 128000K, used 59654K [0x0000000080000000, 0x0000000100000000)
  region size 1024K, 8 young (8192K), 8 survivors (8192K)
 Metaspace       used 56619K, committed 57152K, reserved 1114112K
  class space    used 7635K, committed 7872K, reserved 1048576K
}
Event: 3.664 GC heap before
{Heap before GC invocations=15 (full 0):
 garbage-first heap   total 128000K, used 91398K [0x0000000080000000, 0x0000000100000000)
  region size 1024K, 40 young (40960K), 8 survivors (8192K)
 Metaspace       used 59951K, committed 60416K, reserved 1114112K
  class space    used 8027K, committed 8256K, reserved 1048576K
}
Event: 3.667 GC heap after
{Heap after GC invocations=16 (full 0):
 garbage-first heap   total 128000K, used 60112K [0x0000000080000000, 0x0000000100000000)
  region size 1024K, 1 young (1024K), 1 survivors (1024K)
 Metaspace       used 59951K, committed 60416K, reserved 1114112K
  class space    used 8027K, committed 8256K, reserved 1048576K
}
Event: 3.982 GC heap before
{Heap before GC invocations=17 (full 0):
 garbage-first heap   total 128000K, used 95952K [0x0000000080000000, 0x0000000100000000)
  region size 1024K, 37 young (37888K), 1 survivors (1024K)
 Metaspace       used 65264K, committed 65920K, reserved 1114112K
  class space    used 8759K, committed 9088K, reserved 1048576K
}
Event: 3.984 GC heap after
{Heap after GC invocations=18 (full 0):
 garbage-first heap   total 128000K, used 62735K [0x0000000080000000, 0x0000000100000000)
  region size 1024K, 4 young (4096K), 4 survivors (4096K)
 Metaspace       used 65264K, committed 65920K, reserved 1114112K
  class space    used 8759K, committed 9088K, reserved 1048576K
}
Event: 4.180 GC heap before
{Heap before GC invocations=19 (full 0):
 garbage-first heap   total 128000K, used 107791K [0x0000000080000000, 0x0000000100000000)
  region size 1024K, 42 young (43008K), 4 survivors (4096K)
 Metaspace       used 67399K, committed 67968K, reserved 1114112K
  class space    used 9051K, committed 9344K, reserved 1048576K
}
Event: 4.183 GC heap after
{Heap after GC invocations=20 (full 0):
 garbage-first heap   total 128000K, used 66123K [0x0000000080000000, 0x0000000100000000)
  region size 1024K, 6 young (6144K), 6 survivors (6144K)
 Metaspace       used 67399K, committed 67968K, reserved 1114112K
  class space    used 9051K, committed 9344K, reserved 1048576K
}
Event: 4.396 GC heap before
{Heap before GC invocations=20 (full 0):
 garbage-first heap   total 128000K, used 101963K [0x0000000080000000, 0x0000000100000000)
  region size 1024K, 41 young (41984K), 6 survivors (6144K)
 Metaspace       used 70312K, committed 70848K, reserved 1114112K
  class space    used 9457K, committed 9728K, reserved 1048576K
}
Event: 4.399 GC heap after
{Heap after GC invocations=21 (full 0):
 garbage-first heap   total 256000K, used 68167K [0x0000000080000000, 0x0000000100000000)
  region size 1024K, 2 young (2048K), 2 survivors (2048K)
 Metaspace       used 70312K, committed 70848K, reserved 1114112K
  class space    used 9457K, committed 9728K, reserved 1048576K
}
Event: 5.063 GC heap before
{Heap before GC invocations=22 (full 0):
 garbage-first heap   total 256000K, used 179783K [0x0000000080000000, 0x0000000100000000)
  region size 1024K, 107 young (109568K), 2 survivors (2048K)
 Metaspace       used 78694K, committed 79296K, reserved 1179648K
  class space    used 10601K, committed 10880K, reserved 1048576K
}
Event: 5.067 GC heap after
{Heap after GC invocations=23 (full 0):
 garbage-first heap   total 256000K, used 78407K [0x0000000080000000, 0x0000000100000000)
  region size 1024K, 8 young (8192K), 8 survivors (8192K)
 Metaspace       used 78694K, committed 79296K, reserved 1179648K
  class space    used 10601K, committed 10880K, reserved 1048576K
}
Event: 5.745 GC heap before
{Heap before GC invocations=23 (full 0):
 garbage-first heap   total 256000K, used 195143K [0x0000000080000000, 0x0000000100000000)
  region size 1024K, 121 young (123904K), 8 survivors (8192K)
 Metaspace       used 87393K, committed 88064K, reserved 1179648K
  class space    used 12035K, committed 12352K, reserved 1048576K
}
Event: 5.750 GC heap after
{Heap after GC invocations=24 (full 0):
 garbage-first heap   total 256000K, used 83995K [0x0000000080000000, 0x0000000100000000)
  region size 1024K, 14 young (14336K), 14 survivors (14336K)
 Metaspace       used 87393K, committed 88064K, reserved 1179648K
  class space    used 12035K, committed 12352K, reserved 1048576K
}
Event: 6.456 GC heap before
{Heap before GC invocations=24 (full 0):
 garbage-first heap   total 256000K, used 199707K [0x0000000080000000, 0x0000000100000000)
  region size 1024K, 127 young (130048K), 14 survivors (14336K)
 Metaspace       used 96101K, committed 96832K, reserved 1179648K
  class space    used 13282K, committed 13632K, reserved 1048576K
}
Event: 6.464 GC heap after
{Heap after GC invocations=25 (full 0):
 garbage-first heap   total 256000K, used 92373K [0x0000000080000000, 0x0000000100000000)
  region size 1024K, 14 young (14336K), 14 survivors (14336K)
 Metaspace       used 96101K, committed 96832K, reserved 1179648K
  class space    used 13282K, committed 13632K, reserved 1048576K
}
Event: 6.940 GC heap before
{Heap before GC invocations=25 (full 0):
 garbage-first heap   total 256000K, used 200917K [0x0000000080000000, 0x0000000100000000)
  region size 1024K, 121 young (123904K), 14 survivors (14336K)
 Metaspace       used 98472K, committed 99136K, reserved 1179648K
  class space    used 13708K, committed 14016K, reserved 1048576K
}
Event: 6.949 GC heap after
{Heap after GC invocations=26 (full 0):
 garbage-first heap   total 256000K, used 103683K [0x0000000080000000, 0x0000000100000000)
  region size 1024K, 16 young (16384K), 16 survivors (16384K)
 Metaspace       used 98472K, committed 99136K, reserved 1179648K
  class space    used 13708K, committed 14016K, reserved 1048576K
}
Event: 7.304 GC heap before
{Heap before GC invocations=26 (full 0):
 garbage-first heap   total 256000K, used 201987K [0x0000000080000000, 0x0000000100000000)
  region size 1024K, 113 young (115712K), 16 survivors (16384K)
 Metaspace       used 99400K, committed 100032K, reserved 1179648K
  class space    used 13768K, committed 14080K, reserved 1048576K
}
Event: 7.312 GC heap after
{Heap after GC invocations=27 (full 0):
 garbage-first heap   total 256000K, used 112331K [0x0000000080000000, 0x0000000100000000)
  region size 1024K, 8 young (8192K), 8 survivors (8192K)
 Metaspace       used 99400K, committed 100032K, reserved 1179648K
  class space    used 13768K, committed 14080K, reserved 1048576K
}

Dll operation events (3 events):
Event: 0.004 Loaded shared library C:\Program Files\Android\Android Studio\jbr\bin\java.dll
Event: 0.081 Loaded shared library C:\Program Files\Android\Android Studio\jbr\bin\zip.dll
Event: 0.213 Loaded shared library C:\Program Files\Android\Android Studio\jbr\bin\verify.dll

Deoptimization events (20 events):
Event: 91.734 Thread 0x0000027adf79aa00 Uncommon trap: trap_request=0xffffff45 fr.pc=0x0000027ac5526fb8 relative=0x0000000000000c98
Event: 91.734 Thread 0x0000027adf79aa00 Uncommon trap: reason=unstable_if action=reinterpret pc=0x0000027ac5526fb8 method=org.gradle.internal.file.FileHierarchySet$Node.isChildOfOrThis(Ljava/lang/String;I)Z @ 7 c2
Event: 91.734 Thread 0x0000027adf79aa00 DEOPT PACKING pc=0x0000027ac5526fb8 sp=0x000000bc36ffc070
Event: 91.734 Thread 0x0000027adf79aa00 DEOPT UNPACKING pc=0x0000027ac49769a3 sp=0x000000bc36ffbf40 mode 2
Event: 91.734 Thread 0x0000027adf79aa00 Uncommon trap: trap_request=0xffffffc6 fr.pc=0x0000027ac514f4d8 relative=0x00000000000007f8
Event: 91.734 Thread 0x0000027adf79aa00 Uncommon trap: reason=bimorphic_or_optimized_type_check action=maybe_recompile pc=0x0000027ac514f4d8 method=java.util.stream.MatchOps$MatchOp.evaluateSequential(Ljava/util/stream/PipelineHelper;Ljava/util/Spliterator;)Ljava/lang/Boolean; @ 14 c2
Event: 91.734 Thread 0x0000027adf79aa00 DEOPT PACKING pc=0x0000027ac514f4d8 sp=0x000000bc36ffbc20
Event: 91.734 Thread 0x0000027adf79aa00 DEOPT UNPACKING pc=0x0000027ac49769a3 sp=0x000000bc36ffbb58 mode 2
Event: 91.749 Thread 0x0000027adf79aa00 Uncommon trap: trap_request=0xffffff45 fr.pc=0x0000027ac5391d98 relative=0x0000000000000078
Event: 91.749 Thread 0x0000027adf79aa00 Uncommon trap: reason=unstable_if action=reinterpret pc=0x0000027ac5391d98 method=com.google.common.math.IntMath.log2(ILjava/math/RoundingMode;)I @ 15 c2
Event: 91.749 Thread 0x0000027adf79aa00 DEOPT PACKING pc=0x0000027ac5391d98 sp=0x000000bc36ff9260
Event: 91.749 Thread 0x0000027adf79aa00 DEOPT UNPACKING pc=0x0000027ac49769a3 sp=0x000000bc36ff91e8 mode 2
Event: 91.749 Thread 0x0000027adf79aa00 Uncommon trap: trap_request=0xffffff45 fr.pc=0x0000027ac5431b60 relative=0x0000000000000780
Event: 91.749 Thread 0x0000027adf79aa00 Uncommon trap: reason=unstable_if action=reinterpret pc=0x0000027ac5431b60 method=org.gradle.tooling.internal.provider.runner.PluginApplicationTracker.started(Lorg/gradle/internal/operations/BuildOperationDescriptor;Lorg/gradle/internal/operations/Operati
Event: 91.750 Thread 0x0000027adf79aa00 DEOPT PACKING pc=0x0000027ac5431b60 sp=0x000000bc36ffae40
Event: 91.750 Thread 0x0000027adf79aa00 DEOPT UNPACKING pc=0x0000027ac49769a3 sp=0x000000bc36ffade0 mode 2
Event: 91.768 Thread 0x0000027adf79aa00 Uncommon trap: trap_request=0xffffff45 fr.pc=0x0000027ac54975f8 relative=0x0000000000000bb8
Event: 91.768 Thread 0x0000027adf79aa00 Uncommon trap: reason=unstable_if action=reinterpret pc=0x0000027ac54975f8 method=com.google.common.cache.LocalCache$Segment.drainReferenceQueues()V @ 21 c2
Event: 91.768 Thread 0x0000027adf79aa00 DEOPT PACKING pc=0x0000027ac54975f8 sp=0x000000bc36ffb0b0
Event: 91.768 Thread 0x0000027adf79aa00 DEOPT UNPACKING pc=0x0000027ac49769a3 sp=0x000000bc36ffb030 mode 2

Classes unloaded (0 events):
No events

Classes redefined (0 events):
No events

Internal exceptions (20 events):
Event: 7.022 Thread 0x0000027adb642a40 Exception <a 'java/lang/NoSuchMethodError'{0x000000008e9697b8}: static Ljava/lang/Object;.<clinit>()V> (0x000000008e9697b8) 
thrown [s\src\hotspot\share\prims\jni.cpp, line 1108]
Event: 7.022 Thread 0x0000027adb642a40 Exception <a 'java/lang/NoSuchMethodError'{0x000000008e980888}: static Lcom/android/build/api/artifact/ArtifactKind;.<clinit>()V> (0x000000008e980888) 
thrown [s\src\hotspot\share\prims\jni.cpp, line 1108]
Event: 7.022 Thread 0x0000027adb642a40 Exception <a 'java/lang/NoSuchMethodError'{0x000000008e981a48}: static Lcom/android/build/api/artifact/ArtifactKind;.<clinit>()V> (0x000000008e981a48) 
thrown [s\src\hotspot\share\prims\jni.cpp, line 1108]
Event: 7.122 Thread 0x0000027adb642a40 Exception <a 'java/lang/NoSuchMethodError'{0x000000008cf8efc0}: 'int java.lang.invoke.DirectMethodHandle$Holder.invokeSpecial(java.lang.Object, java.lang.Object, java.lang.Object, java.lang.Object, java.lang.Object)'> (0x000000008cf8efc0) 
thrown [s\src\hotspot\share\interpreter\linkResolver.cpp, line 771]
Event: 7.190 Thread 0x0000027adb642a40 Exception <a 'sun/nio/fs/WindowsException'{0x000000008bf40fa0}> (0x000000008bf40fa0) 
thrown [s\src\hotspot\share\prims\jni.cpp, line 517]
Event: 7.190 Thread 0x0000027adb642a40 Exception <a 'sun/nio/fs/WindowsException'{0x000000008bf430e8}> (0x000000008bf430e8) 
thrown [s\src\hotspot\share\prims\jni.cpp, line 517]
Event: 7.191 Thread 0x0000027adb642a40 Exception <a 'sun/nio/fs/WindowsException'{0x000000008bf44f70}> (0x000000008bf44f70) 
thrown [s\src\hotspot\share\prims\jni.cpp, line 517]
Event: 7.195 Thread 0x0000027adb6450c0 Exception <a 'sun/nio/fs/WindowsException'{0x000000008bf69d30}> (0x000000008bf69d30) 
thrown [s\src\hotspot\share\prims\jni.cpp, line 517]
Event: 7.334 Thread 0x0000027adb63f080 Exception <a 'sun/nio/fs/WindowsException'{0x000000008f6172f8}> (0x000000008f6172f8) 
thrown [s\src\hotspot\share\prims\jni.cpp, line 517]
Event: 7.349 Thread 0x0000027adb63f550 Exception <a 'sun/nio/fs/WindowsException'{0x000000008f563660}> (0x000000008f563660) 
thrown [s\src\hotspot\share\prims\jni.cpp, line 517]
Event: 7.399 Thread 0x0000027ad98d8720 Exception <a 'java/lang/NoSuchMethodError'{0x000000008eabe0b8}: static Lorg/jetbrains/kotlin/gradle/plugin/statistics/MetricContainer;.<clinit>()V> (0x000000008eabe0b8) 
thrown [s\src\hotspot\share\prims\jni.cpp, line 1108]
Event: 7.415 Thread 0x0000027ad98d8720 Exception <a 'sun/nio/fs/WindowsException'{0x000000008e872670}> (0x000000008e872670) 
thrown [s\src\hotspot\share\prims\jni.cpp, line 517]
Event: 7.415 Thread 0x0000027ad98d8720 Exception <a 'sun/nio/fs/WindowsException'{0x000000008e872a90}> (0x000000008e872a90) 
thrown [s\src\hotspot\share\prims\jni.cpp, line 517]
Event: 7.416 Thread 0x0000027ad98d8720 Exception <a 'sun/nio/fs/WindowsException'{0x000000008e88aea8}> (0x000000008e88aea8) 
thrown [s\src\hotspot\share\prims\jni.cpp, line 517]
Event: 7.439 Thread 0x0000027ad98d8720 Exception <a 'java/lang/NoSuchMethodError'{0x000000008e501058}: 'void java.lang.invoke.DirectMethodHandle$Holder.invokeSpecial(java.lang.Object, java.lang.Object, int)'> (0x000000008e501058) 
thrown [s\src\hotspot\share\interpreter\linkResolver.cpp, line 771]
Event: 91.696 Thread 0x0000027ada5d9230 Implicit null exception at 0x0000027ac517ed60 to 0x0000027ac517eecc
Event: 91.752 Thread 0x0000027adf79aa00 Exception <a 'sun/nio/fs/WindowsException'{0x000000008d9eed80}> (0x000000008d9eed80) 
thrown [s\src\hotspot\share\prims\jni.cpp, line 517]
Event: 91.752 Thread 0x0000027adf79aa00 Exception <a 'sun/nio/fs/WindowsException'{0x000000008d9f0338}> (0x000000008d9f0338) 
thrown [s\src\hotspot\share\prims\jni.cpp, line 517]
Event: 91.752 Thread 0x0000027adf79aa00 Exception <a 'sun/nio/fs/WindowsException'{0x000000008d9f18f0}> (0x000000008d9f18f0) 
thrown [s\src\hotspot\share\prims\jni.cpp, line 517]
Event: 91.753 Thread 0x0000027adf79aa00 Exception <a 'sun/nio/fs/WindowsException'{0x000000008d9f2ea8}> (0x000000008d9f2ea8) 
thrown [s\src\hotspot\share\prims\jni.cpp, line 517]

VM Operations (20 events):
Event: 39.862 Executing VM operation: Cleanup
Event: 39.862 Executing VM operation: Cleanup done
Event: 40.862 Executing VM operation: Cleanup
Event: 40.863 Executing VM operation: Cleanup done
Event: 41.863 Executing VM operation: Cleanup
Event: 41.863 Executing VM operation: Cleanup done
Event: 54.871 Executing VM operation: Cleanup
Event: 54.871 Executing VM operation: Cleanup done
Event: 60.873 Executing VM operation: Cleanup
Event: 60.873 Executing VM operation: Cleanup done
Event: 67.878 Executing VM operation: Cleanup
Event: 67.878 Executing VM operation: Cleanup done
Event: 70.879 Executing VM operation: Cleanup
Event: 70.879 Executing VM operation: Cleanup done
Event: 80.884 Executing VM operation: Cleanup
Event: 80.884 Executing VM operation: Cleanup done
Event: 90.889 Executing VM operation: Cleanup
Event: 90.889 Executing VM operation: Cleanup done
Event: 91.838 Executing VM operation: ICBufferFull
Event: 91.838 Executing VM operation: ICBufferFull done

Events (20 events):
Event: 91.728 loading class jdk/internal/math/FormattedFloatingDecimal$1 done
Event: 91.728 loading class jdk/internal/math/FormattedFloatingDecimal$2
Event: 91.728 loading class jdk/internal/math/FormattedFloatingDecimal$2 done
Event: 91.728 Thread 0x0000027adf79ed60 Thread added: 0x0000027adf79ed60
Event: 91.729 Thread 0x0000027adf7a18b0 Thread added: 0x0000027adf7a18b0
Event: 91.733 Thread 0x0000027adec63090 Thread added: 0x0000027adec63090
Event: 91.741 Thread 0x0000027adcb93360 Thread added: 0x0000027adcb93360
Event: 91.743 Thread 0x0000027adf79c6e0 Thread added: 0x0000027adf79c6e0
Event: 91.744 Thread 0x0000027adf7a0570 Thread added: 0x0000027adf7a0570
Event: 91.746 Thread 0x0000027adf7a0f10 Thread added: 0x0000027adf7a0f10
Event: 91.748 Thread 0x0000027adf79e890 Thread added: 0x0000027adf79e890
Event: 91.769 Thread 0x0000027adf79bd40 Thread added: 0x0000027adf79bd40
Event: 91.784 Thread 0x0000027adf7a13e0 Thread added: 0x0000027adf7a13e0
Event: 91.845 Thread 0x0000027adf79aed0 Thread added: 0x0000027adf79aed0
Event: 91.845 Thread 0x0000027adf79a060 Thread added: 0x0000027adf79a060
Event: 91.845 Thread 0x0000027adf79d550 Thread added: 0x0000027adf79d550
Event: 91.845 Thread 0x0000027adf79cbb0 Thread added: 0x0000027adf79cbb0
Event: 91.845 Thread 0x0000027adf79b3a0 Thread added: 0x0000027adf79b3a0
Event: 91.845 Thread 0x0000027adf79b870 Thread added: 0x0000027adf79b870
Event: 91.845 Thread 0x0000027adf79c210 Thread added: 0x0000027adf79c210


Dynamic libraries:
0x00007ff6d4e70000 - 0x00007ff6d4e7a000 	C:\Program Files\Android\Android Studio\jbr\bin\java.exe
0x00007ffced9c0000 - 0x00007ffcedbae000 	C:\Windows\SYSTEM32\ntdll.dll
0x00007ffceb530000 - 0x00007ffceb5e3000 	C:\Windows\System32\KERNEL32.DLL
0x00007ffcea160000 - 0x00007ffcea3fd000 	C:\Windows\System32\KERNELBASE.dll
0x00007ffceaa60000 - 0x00007ffceab5a000 	C:\Windows\System32\ucrtbase.dll
0x00007ffcbe1a0000 - 0x00007ffcbe1bb000 	C:\Program Files\Android\Android Studio\jbr\bin\VCRUNTIME140.dll
0x00007ffcbbf20000 - 0x00007ffcbbf37000 	C:\Program Files\Android\Android Studio\jbr\bin\jli.dll
0x00007ffceb390000 - 0x00007ffceb527000 	C:\Windows\System32\USER32.dll
0x00007ffcea400000 - 0x00007ffcea420000 	C:\Windows\System32\win32u.dll
0x00007ffcca320000 - 0x00007ffcca599000 	C:\Windows\WinSxS\amd64_microsoft.windows.common-controls_6595b64144ccf1df_6.0.17763.5696_none_de7663245346b1ca\COMCTL32.dll
0x00007ffcead90000 - 0x00007ffceadb9000 	C:\Windows\System32\GDI32.dll
0x00007ffced300000 - 0x00007ffced39e000 	C:\Windows\System32\msvcrt.dll
0x00007ffcea520000 - 0x00007ffcea6ca000 	C:\Windows\System32\gdi32full.dll
0x00007ffceae20000 - 0x00007ffceb14b000 	C:\Windows\System32\combase.dll
0x00007ffcea420000 - 0x00007ffcea4c0000 	C:\Windows\System32\msvcp_win.dll
0x00007ffced110000 - 0x00007ffced228000 	C:\Windows\System32\RPCRT4.dll
0x00007ffcea9a0000 - 0x00007ffceaa22000 	C:\Windows\System32\bcryptPrimitives.dll
0x00007ffced0e0000 - 0x00007ffced10e000 	C:\Windows\System32\IMM32.DLL
0x00007ffcbd610000 - 0x00007ffcbd61c000 	C:\Program Files\Android\Android Studio\jbr\bin\vcruntime140_1.dll
0x00007ffc8efb0000 - 0x00007ffc8f03d000 	C:\Program Files\Android\Android Studio\jbr\bin\msvcp140.dll
0x00007ffca7db0000 - 0x00007ffca8a30000 	C:\Program Files\Android\Android Studio\jbr\bin\server\jvm.dll
0x00007ffceb2e0000 - 0x00007ffceb388000 	C:\Windows\System32\ADVAPI32.dll
0x00007ffcecd50000 - 0x00007ffcecdf2000 	C:\Windows\System32\sechost.dll
0x00007ffceaa30000 - 0x00007ffceaa56000 	C:\Windows\System32\bcrypt.dll
0x00007ffcd5600000 - 0x00007ffcd5609000 	C:\Windows\SYSTEM32\WSOCK32.dll
0x00007ffce7660000 - 0x00007ffce7684000 	C:\Windows\SYSTEM32\WINMM.dll
0x00007ffce4440000 - 0x00007ffce444a000 	C:\Windows\SYSTEM32\VERSION.dll
0x00007ffcecba0000 - 0x00007ffcecc0d000 	C:\Windows\System32\WS2_32.dll
0x00007ffce7620000 - 0x00007ffce764d000 	C:\Windows\SYSTEM32\winmmbase.dll
0x00007ffceab60000 - 0x00007ffceabaa000 	C:\Windows\System32\cfgmgr32.dll
0x00007ffce9940000 - 0x00007ffce9951000 	C:\Windows\System32\kernel.appcore.dll
0x00007ffce4f80000 - 0x00007ffce4f8a000 	C:\Program Files\Android\Android Studio\jbr\bin\jimage.dll
0x00007ffcd57e0000 - 0x00007ffcd59cd000 	C:\Windows\SYSTEM32\DBGHELP.DLL
0x00007ffcd4f70000 - 0x00007ffcd4f9a000 	C:\Windows\SYSTEM32\dbgcore.DLL
0x00007ffce5d10000 - 0x00007ffce5d1e000 	C:\Program Files\Android\Android Studio\jbr\bin\instrument.dll
0x00007ffca7d80000 - 0x00007ffca7da5000 	C:\Program Files\Android\Android Studio\jbr\bin\java.dll
0x00007ffcd6130000 - 0x00007ffcd6148000 	C:\Program Files\Android\Android Studio\jbr\bin\zip.dll
0x00007ffceb6a0000 - 0x00007ffcecb98000 	C:\Windows\System32\SHELL32.dll
0x00007ffceb5f0000 - 0x00007ffceb697000 	C:\Windows\System32\shcore.dll
0x00007ffce9a10000 - 0x00007ffcea157000 	C:\Windows\System32\windows.storage.dll
0x00007ffce99e0000 - 0x00007ffce9a03000 	C:\Windows\System32\profapi.dll
0x00007ffce9960000 - 0x00007ffce99bd000 	C:\Windows\System32\powrprof.dll
0x00007ffced070000 - 0x00007ffced0c2000 	C:\Windows\System32\shlwapi.dll
0x00007ffcea980000 - 0x00007ffcea99b000 	C:\Windows\System32\cryptsp.dll
0x00007ffcbe030000 - 0x00007ffcbe049000 	C:\Program Files\Android\Android Studio\jbr\bin\net.dll
0x00007ffce53d0000 - 0x00007ffce54cd000 	C:\Windows\SYSTEM32\WINHTTP.dll
0x00007ffce9190000 - 0x00007ffce91f7000 	C:\Windows\system32\mswsock.dll
0x00007ffcbd650000 - 0x00007ffcbd666000 	C:\Program Files\Android\Android Studio\jbr\bin\nio.dll
0x00007ffcbf8f0000 - 0x00007ffcbf900000 	C:\Program Files\Android\Android Studio\jbr\bin\verify.dll
0x00007ffce5e10000 - 0x00007ffce5e37000 	C:\User\pr111rybakov\.gradle\native\68d5fa5c4cc2d200863cafc0d521ce42e7d3e7ee720ec0a83991735586a16f82\windows-amd64\native-platform.dll
0x00007ffcd6f60000 - 0x00007ffcd70a4000 	C:\User\pr111rybakov\.gradle\native\e376f236ea51e6404a007f0833ffe2c6e607c4080706a723a18a27aeea778392\windows-amd64\native-platform-file-events.dll
0x00007ffcbe190000 - 0x00007ffcbe199000 	C:\Program Files\Android\Android Studio\jbr\bin\management.dll
0x00007ffcd18c0000 - 0x00007ffcd18cb000 	C:\Program Files\Android\Android Studio\jbr\bin\management_ext.dll
0x00007ffced0d0000 - 0x00007ffced0d8000 	C:\Windows\System32\PSAPI.DLL
0x00007ffce8d00000 - 0x00007ffce8d33000 	C:\Windows\system32\rsaenh.dll
0x00007ffce9840000 - 0x00007ffce9869000 	C:\Windows\SYSTEM32\USERENV.dll
0x00007ffce9360000 - 0x00007ffce936c000 	C:\Windows\SYSTEM32\CRYPTBASE.dll
0x00007ffce8e90000 - 0x00007ffce8ecd000 	C:\Windows\SYSTEM32\IPHLPAPI.DLL
0x00007ffced060000 - 0x00007ffced068000 	C:\Windows\System32\NSI.dll
0x00007ffce4fb0000 - 0x00007ffce4fc6000 	C:\Windows\SYSTEM32\dhcpcsvc6.DLL
0x00007ffce4f60000 - 0x00007ffce4f7c000 	C:\Windows\SYSTEM32\dhcpcsvc.DLL
0x00007ffce8ed0000 - 0x00007ffce8f96000 	C:\Windows\SYSTEM32\DNSAPI.dll
0x00007ffce79e0000 - 0x00007ffce79e7000 	C:\Windows\system32\wshunix.dll
0x00007ffcda250000 - 0x00007ffcda266000 	C:\Windows\system32\napinsp.dll
0x00007ffcda230000 - 0x00007ffcda24a000 	C:\Windows\system32\pnrpnsp.dll
0x00007ffcda270000 - 0x00007ffcda27e000 	C:\Windows\System32\winrnr.dll
0x00007ffce41c0000 - 0x00007ffce41db000 	C:\Windows\system32\NLAapi.dll
0x00007ffcda280000 - 0x00007ffcda295000 	C:\Windows\system32\wshbth.dll
0x00007ffce2380000 - 0x00007ffce238a000 	C:\Windows\System32\rasadhlp.dll
0x00007ffce5ad0000 - 0x00007ffce5b49000 	C:\Windows\System32\fwpuclnt.dll

dbghelp: loaded successfully - version: 4.0.5 - missing functions: none
symbol engine: initialized successfully - sym options: 0x614 - pdb path: .;C:\Program Files\Android\Android Studio\jbr\bin;C:\Windows\SYSTEM32;C:\Windows\WinSxS\amd64_microsoft.windows.common-controls_6595b64144ccf1df_6.0.17763.5696_none_de7663245346b1ca;C:\Program Files\Android\Android Studio\jbr\bin\server;C:\User\pr111rybakov\.gradle\native\68d5fa5c4cc2d200863cafc0d521ce42e7d3e7ee720ec0a83991735586a16f82\windows-amd64;C:\User\pr111rybakov\.gradle\native\e376f236ea51e6404a007f0833ffe2c6e607c4080706a723a18a27aeea778392\windows-amd64

VM Arguments:
jvm_args: --add-opens=java.base/java.util=ALL-UNNAMED --add-opens=java.base/java.lang=ALL-UNNAMED --add-opens=java.base/java.lang.invoke=ALL-UNNAMED --add-opens=java.prefs/java.util.prefs=ALL-UNNAMED --add-opens=java.base/java.nio.charset=ALL-UNNAMED --add-opens=java.base/java.net=ALL-UNNAMED --add-opens=java.base/java.util.concurrent.atomic=ALL-UNNAMED -Xmx2048m -Dfile.encoding=UTF-8 -Duser.country=RU -Duser.language=ru -Duser.variant -javaagent:C:\User\pr111rybakov\.gradle\wrapper\dists\gradle-8.2-bin\bbg7u40eoinfdyxsxr3z4i7ta\gradle-8.2\lib\agents\gradle-instrumentation-agent-8.2.jar 
java_command: org.gradle.launcher.daemon.bootstrap.GradleDaemon 8.2
java_class_path (initial): C:\User\pr111rybakov\.gradle\wrapper\dists\gradle-8.2-bin\bbg7u40eoinfdyxsxr3z4i7ta\gradle-8.2\lib\gradle-launcher-8.2.jar
Launcher Type: SUN_STANDARD

[Global flags]
     intx CICompilerCount                          = 4                                         {product} {ergonomic}
     uint ConcGCThreads                            = 2                                         {product} {ergonomic}
     uint G1ConcRefinementThreads                  = 8                                         {product} {ergonomic}
   size_t G1HeapRegionSize                         = 1048576                                   {product} {ergonomic}
    uintx GCDrainStackTargetSize                   = 64                                        {product} {ergonomic}
   size_t InitialHeapSize                          = 268435456                                 {product} {ergonomic}
   size_t MarkStackSize                            = 4194304                                   {product} {ergonomic}
   size_t MaxHeapSize                              = 2147483648                                {product} {command line}
   size_t MaxNewSize                               = 1287651328                                {product} {ergonomic}
   size_t MinHeapDeltaBytes                        = 1048576                                   {product} {ergonomic}
   size_t MinHeapSize                              = 8388608                                   {product} {ergonomic}
    uintx NonNMethodCodeHeapSize                   = 5839372                                {pd product} {ergonomic}
    uintx NonProfiledCodeHeapSize                  = 122909434                              {pd product} {ergonomic}
    uintx ProfiledCodeHeapSize                     = 122909434                              {pd product} {ergonomic}
    uintx ReservedCodeCacheSize                    = 251658240                              {pd product} {ergonomic}
     bool SegmentedCodeCache                       = true                                      {product} {ergonomic}
   size_t SoftMaxHeapSize                          = 2147483648                             {manageable} {ergonomic}
     bool UseCompressedClassPointers               = true                           {product lp64_product} {ergonomic}
     bool UseCompressedOops                        = true                           {product lp64_product} {ergonomic}
     bool UseG1GC                                  = true                                      {product} {ergonomic}
     bool UseLargePagesIndividualAllocation        = false                                  {pd product} {ergonomic}

Logging:
Log output configuration:
 #0: stdout all=warning uptime,level,tags
 #1: stderr all=off uptime,level,tags

Environment Variables:
JAVA_HOME=C:\Program Files\Android\Jdk\microsoft_dist_openjdk_1.8.0.25
PATH=C:\Program Files\Python312\Scripts\;C:\Program Files\Python312\;C:\Program Files\Python311\Scripts\;C:\Program Files\Python311\;C:\Program Files (x86)\Python38\Scripts\;C:\Program Files (x86)\Python38\;C:\Program Files\Microsoft MPI\Bin\;C:\Program Files (x86)\Common Files\Oracle\Java\javapath;C:\Windows\system32;C:\Windows;C:\Windows\System32\Wbem;C:\Windows\System32\WindowsPowerShell\v1.0\;C:\Windows\System32\OpenSSH\;C:\Program Files (x86)\Microsoft SQL Server\150\DTS\Binn\;C:\Program Files\dotnet\;C:\Program Files\Microsoft SQL Server\130\Tools\Binn\;C:\Program Files (x86)\Microsoft SQL Server\140\Tools\Binn\;C:\Program Files\Microsoft SQL Server\140\Tools\Binn\;C:\Program Files (x86)\Microsoft SQL Server\140\DTS\Binn\;C:\Program Files\Microsoft SQL Server\140\DTS\Binn\;C:\Program Files\Microsoft SQL Server\Client SDK\ODBC\130\Tools\Binn\;C:\Program Files\Microsoft SQL Server\Client SDK\ODBC\170\Tools\Binn\;C:\Program Files (x86)\IncrediBuild;C:\Program Files (x86)\NVIDIA Corporation\PhysX\Common;C:\Program Files\Git\cmd;C:\Program Files\Azure Data Studio\bin;C:\Program Files\Microsoft VS Code\bin;C:\Program Files (x86)\Kaspersky Lab\KES.12.2.0\;C:\User\pr111rybakov\AppData\Local\Microsoft\WindowsApps;
USERNAME=pr111rybakov
OS=Windows_NT
PROCESSOR_IDENTIFIER=Intel64 Family 6 Model 158 Stepping 13, GenuineIntel
TMP=C:\User\pr111rybakov\AppData\Local\Temp
TEMP=C:\User\pr111rybakov\AppData\Local\Temp


JNI global refs:
JNI global refs: 31, weak refs: 12

JNI global refs memory usage: 843, weak refs: 841

OOME stack traces (most recent first):
Classloader memory used:
Loader org.gradle.internal.classloader.VisitableURLClassLoader                         : 4793K
Loader org.gradle.internal.classloader.VisitableURLClassLoader$InstrumentingVisitableURLClassLoader: 3267K
Loader bootstrap                                                                       : 3068K
Loader org.gradle.initialization.MixInLegacyTypesClassLoader                           : 1282K
Loader jdk.internal.reflect.DelegatingClassLoader                                      : 92275B
Loader jdk.internal.loader.ClassLoaders$PlatformClassLoader                            : 67583B
Loader jdk.internal.loader.ClassLoaders$AppClassLoader                                 : 28080B
Loader org.gradle.groovy.scripts.internal.DefaultScriptCompilationHandler$ScriptClassLoader: 3067B
Loader org.codehaus.groovy.runtime.callsite.CallSiteClassLoader                        : 802B
Loader sun.reflect.misc.MethodUtil                                                     : 373B


[error occurred during error reporting (Classloader stats), id 0xe0000001, Out of Memory Error (s\src\hotspot\share\memory\arena.cpp:78)]


---------------  S Y S T E M  ---------------

OS:
 Windows 10 , 64 bit Build 17763 (10.0.17763.4974)
OS uptime: 0 days 0:50 hours

CPU: total 8 (initial active 8) (8 cores per cpu, 1 threads per core) family 6 model 158 stepping 13 microcode 0xde, cx8, cmov, fxsr, mmx, 3dnowpref, sse, sse2, sse3, ssse3, sse4.1, sse4.2, popcnt, lzcnt, tsc, tscinvbit, avx, avx2, aes, erms, clmul, bmi1, bmi2, adx, fma, vzeroupper, clflush, clflushopt

Memory: 4k page, system-wide physical 16303M (2413M free)
TotalPageFile size 16303M (AvailPageFile size 5M)
current process WorkingSet (physical memory assigned to process): 524M, peak: 543M
current process commit charge ("private bytes"): 562M, peak: 581M

vm_info: OpenJDK 64-Bit Server VM (17.0.7+0-b2043.56-10550314) for windows-amd64 JRE (17.0.7+0-b2043.56-10550314), built on Jul 24 2023 18:27:45 by "androidbuild" with MS VC++ 16.10 / 16.11 (VS2019)

END.
