#
# There is insufficient memory for the Java Runtime Environment to continue.
# Native memory allocation (mmap) failed to map 56623104 bytes for G1 virtual space
# Possible reasons:
#   The system is out of physical RAM or swap space
#   The process is running with CompressedOops enabled, and the Java Heap may be blocking the growth of the native heap
# Possible solutions:
#   Reduce memory load on the system
#   Increase physical memory or swap space
#   Check if swap backing store is full
#   Decrease Java heap size (-Xmx/-Xms)
#   Decrease number of Java threads
#   Decrease Java thread stack sizes (-Xss)
#   Set larger code cache with -XX:ReservedCodeCacheSize=
#   JVM is running with Zero Based Compressed Oops mode in which the Java heap is
#     placed in the first 32GB address space. The Java Heap base address is the
#     maximum limit for the native heap growth. Please use -XX:HeapBaseMinAddress
#     to set the Java Heap base and to place the Java Heap above 32GB virtual address.
# This output file may be truncated or incomplete.
#
#  Out of Memory Error (os_windows.cpp:3771), pid=1284, tid=3820
#
# JRE version: OpenJDK Runtime Environment (17.0.7) (build 17.0.7+0-b2043.56-10550314)
# Java VM: OpenJDK 64-Bit Server VM (17.0.7+0-b2043.56-10550314, mixed mode, tiered, compressed oops, compressed class ptrs, g1 gc, windows-amd64)
# No core dump will be written. Minidumps are not enabled by default on client versions of Windows
#

---------------  S U M M A R Y ------------

Command Line: org.jetbrains.kotlin.cli.jvm.K2JVMCompiler @C:\User\pr111rybakov\AndroidStudioProjects\UmnuiDomikYoYoYo\app\build\20241123_1256878118578492383.compiler.options

Host: Intel(R) Core(TM) i7-9700 CPU @ 3.00GHz, 8 cores, 15G,  Windows 10 , 64 bit Build 17763 (10.0.17763.4974)
Time: Sat Nov 23 11:35:05 2024 ќмское стандартное врем€ elapsed time: 5.382844 seconds (0d 0h 0m 5s)

---------------  T H R E A D  ---------------

Current thread (0x000001c42faae5e0):  VMThread "VM Thread" [stack: 0x000000a712b00000,0x000000a712c00000] [id=3820]

Stack: [0x000000a712b00000,0x000000a712c00000]
Native frames: (J=compiled Java code, j=interpreted, Vv=VM code, C=native code)
V  [jvm.dll+0x683bfa]
V  [jvm.dll+0x8430a4]
V  [jvm.dll+0x8449be]
V  [jvm.dll+0x845023]
V  [jvm.dll+0x24ad2f]
V  [jvm.dll+0x680ac9]
V  [jvm.dll+0x67519a]
V  [jvm.dll+0x30b3cb]
V  [jvm.dll+0x312876]
V  [jvm.dll+0x36221e]
V  [jvm.dll+0x36244f]
V  [jvm.dll+0x2e14a8]
V  [jvm.dll+0x2df684]
V  [jvm.dll+0x2dec8c]
V  [jvm.dll+0x32382b]
V  [jvm.dll+0x8496eb]
V  [jvm.dll+0x84a424]
V  [jvm.dll+0x84a93d]
V  [jvm.dll+0x84ad14]
V  [jvm.dll+0x84ade0]
V  [jvm.dll+0x7f2aea]
V  [jvm.dll+0x682a35]
C  [ucrtbase.dll+0x2268a]
C  [KERNEL32.DLL+0x17ac4]
C  [ntdll.dll+0x5a4e1]

VM_Operation (0x000000a7125fcae0): G1CollectForAllocation, mode: safepoint, requested by thread 0x000001c40f0de790


---------------  P R O C E S S  ---------------

Threads class SMR info:
_java_thread_list=0x000001c434e37e40, length=14, elements={
0x000001c40f0de790, 0x000001c42fc09350, 0x000001c42fc0a0d0, 0x000001c42fc5a570,
0x000001c42fc5b030, 0x000001c42fc89520, 0x000001c42fc89de0, 0x000001c42fc8aa80,
0x000001c42fc8b430, 0x000001c42fca1830, 0x000001c42fdfbb60, 0x000001c42fe00440,
0x000001c42fe12a30, 0x000001c434b0f170
}

Java Threads: ( => current thread )
  0x000001c40f0de790 JavaThread "main" [_thread_blocked, id=5240, stack(0x000000a712500000,0x000000a712600000)]
  0x000001c42fc09350 JavaThread "Reference Handler" daemon [_thread_blocked, id=14268, stack(0x000000a712c00000,0x000000a712d00000)]
  0x000001c42fc0a0d0 JavaThread "Finalizer" daemon [_thread_blocked, id=720, stack(0x000000a712d00000,0x000000a712e00000)]
  0x000001c42fc5a570 JavaThread "Signal Dispatcher" daemon [_thread_blocked, id=3124, stack(0x000000a712e00000,0x000000a712f00000)]
  0x000001c42fc5b030 JavaThread "Attach Listener" daemon [_thread_blocked, id=10752, stack(0x000000a712f00000,0x000000a713000000)]
  0x000001c42fc89520 JavaThread "Service Thread" daemon [_thread_blocked, id=13164, stack(0x000000a713000000,0x000000a713100000)]
  0x000001c42fc89de0 JavaThread "Monitor Deflation Thread" daemon [_thread_blocked, id=14708, stack(0x000000a713100000,0x000000a713200000)]
  0x000001c42fc8aa80 JavaThread "C2 CompilerThread0" daemon [_thread_blocked, id=11064, stack(0x000000a713200000,0x000000a713300000)]
  0x000001c42fc8b430 JavaThread "C1 CompilerThread0" daemon [_thread_blocked, id=12516, stack(0x000000a713300000,0x000000a713400000)]
  0x000001c42fca1830 JavaThread "Sweeper thread" daemon [_thread_blocked, id=11080, stack(0x000000a713400000,0x000000a713500000)]
  0x000001c42fdfbb60 JavaThread "Notification Thread" daemon [_thread_blocked, id=3968, stack(0x000000a713500000,0x000000a713600000)]
  0x000001c42fe00440 JavaThread "Common-Cleaner" daemon [_thread_blocked, id=11928, stack(0x000000a713700000,0x000000a713800000)]
  0x000001c42fe12a30 JavaThread "C2 CompilerThread1" daemon [_thread_in_native, id=12132, stack(0x000000a713800000,0x000000a713900000)]
  0x000001c434b0f170 JavaThread "C2 CompilerThread2" daemon [_thread_in_native, id=8344, stack(0x000000a714000000,0x000000a714100000)]

Other Threads:
=>0x000001c42faae5e0 VMThread "VM Thread" [stack: 0x000000a712b00000,0x000000a712c00000] [id=3820]
  0x000001c411155ec0 WatcherThread [stack: 0x000000a713600000,0x000000a713700000] [id=1348]
  0x000001c411134600 GCTaskThread "GC Thread#0" [stack: 0x000000a712600000,0x000000a712700000] [id=7856]
  0x000001c434597c70 GCTaskThread "GC Thread#1" [stack: 0x000000a713900000,0x000000a713a00000] [id=14288]
  0x000001c434597f20 GCTaskThread "GC Thread#2" [stack: 0x000000a713a00000,0x000000a713b00000] [id=5808]
  0x000001c4345981d0 GCTaskThread "GC Thread#3" [stack: 0x000000a713b00000,0x000000a713c00000] [id=12968]
  0x000001c43457ff30 GCTaskThread "GC Thread#4" [stack: 0x000000a713c00000,0x000000a713d00000] [id=14640]
  0x000001c4345845f0 GCTaskThread "GC Thread#5" [stack: 0x000000a713d00000,0x000000a713e00000] [id=12728]
  0x000001c434abec10 GCTaskThread "GC Thread#6" [stack: 0x000000a713e00000,0x000000a713f00000] [id=14116]
  0x000001c434abf980 GCTaskThread "GC Thread#7" [stack: 0x000000a714100000,0x000000a714200000] [id=13252]
  0x000001c411146320 ConcurrentGCThread "G1 Main Marker" [stack: 0x000000a712700000,0x000000a712800000] [id=14272]
  0x000001c411146c40 ConcurrentGCThread "G1 Conc#0" [stack: 0x000000a712800000,0x000000a712900000] [id=13400]
  0x000001c434abeec0 ConcurrentGCThread "G1 Conc#1" [stack: 0x000000a713f00000,0x000000a714000000] [id=10948]
  0x000001c42f9551a0 ConcurrentGCThread "G1 Refine#0" [stack: 0x000000a712900000,0x000000a712a00000] [id=10780]
  0x000001c43695fb20 ConcurrentGCThread "G1 Refine#1" [stack: 0x000000a714200000,0x000000a714300000] [id=14836]
  0x000001c436961500 ConcurrentGCThread "G1 Refine#2" [stack: 0x000000a714300000,0x000000a714400000] [id=11148]
  0x000001c4369617e0 ConcurrentGCThread "G1 Refine#3" [stack: 0x000000a714400000,0x000000a714500000] [id=15296]
  0x000001c4369603c0 ConcurrentGCThread "G1 Refine#4" [stack: 0x000000a714500000,0x000000a714600000] [id=10004]
  0x000001c437ee7720 ConcurrentGCThread "G1 Refine#5" [stack: 0x000000a714600000,0x000000a714700000] [id=1420]
  0x000001c42f9559d0 ConcurrentGCThread "G1 Service" [stack: 0x000000a712a00000,0x000000a712b00000] [id=12440]

Threads with active compile tasks:
C2 CompilerThread0     5390 10777       4       sun.invoke.util.VerifyAccess::isSamePackage (37 bytes)
C1 CompilerThread0     5390 10841       3       kotlin.LazyKt__LazyJVMKt::lazy (102 bytes)
C2 CompilerThread1     5390 10509       4       org.jetbrains.kotlin.ir.interpreter.transformer.IrConstTypeAnnotationTransformer::transformType (11 bytes)
C2 CompilerThread2     5390 10482       4       org.jetbrains.kotlin.ir.interpreter.transformer.IrConstTypeAnnotationTransformer::transformType (221 bytes)

VM state: at safepoint (normal execution)

VM Mutex/Monitor currently owned by a thread:  ([mutex/lock_event])
[0x000001c40f0dbb40] Threads_lock - owner thread: 0x000001c42faae5e0
[0x000001c40f0da4c0] Heap_lock - owner thread: 0x000001c40f0de790

Heap address: 0x0000000701400000, size: 4076 MB, Compressed Oops mode: Zero based, Oop shift amount: 3

CDS archive(s) not mapped
Compressed class space mapped at: 0x0000000800000000-0x0000000840000000, reserved size: 1073741824
Narrow klass base: 0x0000000800000000, Narrow klass shift: 0, Narrow klass range: 0x40000000

GC Precious Log:
 CPUs: 8 total, 8 available
 Memory: 16303M
 Large Page Support: Disabled
 NUMA Support: Disabled
 Compressed Oops: Enabled (Zero based)
 Heap Region Size: 2M
 Heap Min Capacity: 8M
 Heap Initial Capacity: 256M
 Heap Max Capacity: 4076M
 Pre-touch: Disabled
 Parallel Workers: 8
 Concurrent Workers: 2
 Concurrent Refinement Workers: 8
 Periodic GC: Disabled

Heap:
 garbage-first heap   total 184320K, used 103147K [0x0000000701400000, 0x0000000800000000)
  region size 2048K, 2 young (4096K), 2 survivors (4096K)
 Metaspace       used 72735K, committed 73088K, reserved 1114112K
  class space    used 7919K, committed 8064K, reserved 1048576K

Heap Regions: E=young(eden), S=young(survivor), O=old, HS=humongous(starts), HC=humongous(continues), CS=collection set, F=free, OA=open archive, CA=closed archive, TAMS=top-at-mark-start (previous, next)
|   0|0x0000000701400000, 0x0000000701600000, 0x0000000701600000|100%|HS|  |TAMS 0x0000000701600000, 0x0000000701600000| Complete 
|   1|0x0000000701600000, 0x0000000701800000, 0x0000000701800000|100%|HC|  |TAMS 0x0000000701800000, 0x0000000701800000| Complete 
|   2|0x0000000701800000, 0x0000000701a00000, 0x0000000701a00000|100%| O|  |TAMS 0x0000000701a00000, 0x0000000701a00000| Untracked 
|   3|0x0000000701a00000, 0x0000000701bdbc00, 0x0000000701c00000| 92%| O|  |TAMS 0x0000000701bdbc00, 0x0000000701bdbc00| Untracked 
|   4|0x0000000701c00000, 0x0000000701e00000, 0x0000000701e00000|100%| O|  |TAMS 0x0000000701e00000, 0x0000000701e00000| Untracked 
|   5|0x0000000701e00000, 0x0000000702000000, 0x0000000702000000|100%| O|  |TAMS 0x0000000702000000, 0x0000000702000000| Untracked 
|   6|0x0000000702000000, 0x0000000702200000, 0x0000000702200000|100%| O|  |TAMS 0x0000000702200000, 0x0000000702200000| Untracked 
|   7|0x0000000702200000, 0x0000000702400000, 0x0000000702400000|100%| O|  |TAMS 0x0000000702400000, 0x0000000702400000| Untracked 
|   8|0x0000000702400000, 0x0000000702600000, 0x0000000702600000|100%| O|  |TAMS 0x0000000702600000, 0x0000000702600000| Untracked 
|   9|0x0000000702600000, 0x0000000702800000, 0x0000000702800000|100%| O|  |TAMS 0x0000000702800000, 0x0000000702800000| Untracked 
|  10|0x0000000702800000, 0x0000000702a00000, 0x0000000702a00000|100%| O|  |TAMS 0x0000000702a00000, 0x0000000702a00000| Untracked 
|  11|0x0000000702a00000, 0x0000000702c00000, 0x0000000702c00000|100%| O|  |TAMS 0x0000000702c00000, 0x0000000702c00000| Untracked 
|  12|0x0000000702c00000, 0x0000000702e00000, 0x0000000702e00000|100%| O|  |TAMS 0x0000000702e00000, 0x0000000702e00000| Untracked 
|  13|0x0000000702e00000, 0x0000000703000000, 0x0000000703000000|100%| O|  |TAMS 0x0000000703000000, 0x0000000703000000| Untracked 
|  14|0x0000000703000000, 0x0000000703200000, 0x0000000703200000|100%| O|  |TAMS 0x0000000703200000, 0x0000000703200000| Untracked 
|  15|0x0000000703200000, 0x0000000703400000, 0x0000000703400000|100%| O|  |TAMS 0x0000000703400000, 0x0000000703400000| Untracked 
|  16|0x0000000703400000, 0x0000000703600000, 0x0000000703600000|100%| O|  |TAMS 0x0000000703600000, 0x0000000703600000| Untracked 
|  17|0x0000000703600000, 0x0000000703800000, 0x0000000703800000|100%| O|  |TAMS 0x0000000703800000, 0x0000000703800000| Untracked 
|  18|0x0000000703800000, 0x0000000703a00000, 0x0000000703a00000|100%| O|  |TAMS 0x0000000703a00000, 0x0000000703a00000| Untracked 
|  19|0x0000000703a00000, 0x0000000703c00000, 0x0000000703c00000|100%| O|  |TAMS 0x0000000703c00000, 0x0000000703c00000| Untracked 
|  20|0x0000000703c00000, 0x0000000703e00000, 0x0000000703e00000|100%| O|  |TAMS 0x0000000703e00000, 0x0000000703e00000| Untracked 
|  21|0x0000000703e00000, 0x0000000704000000, 0x0000000704000000|100%| O|  |TAMS 0x0000000704000000, 0x0000000704000000| Untracked 
|  22|0x0000000704000000, 0x0000000704200000, 0x0000000704200000|100%| O|  |TAMS 0x0000000704200000, 0x0000000704200000| Untracked 
|  23|0x0000000704200000, 0x0000000704400000, 0x0000000704400000|100%| O|  |TAMS 0x0000000704400000, 0x0000000704400000| Untracked 
|  24|0x0000000704400000, 0x0000000704600000, 0x0000000704600000|100%| O|  |TAMS 0x0000000704600000, 0x0000000704600000| Untracked 
|  25|0x0000000704600000, 0x0000000704800000, 0x0000000704800000|100%| O|  |TAMS 0x0000000704800000, 0x0000000704800000| Untracked 
|  26|0x0000000704800000, 0x0000000704a00000, 0x0000000704a00000|100%| O|  |TAMS 0x0000000704a00000, 0x0000000704a00000| Untracked 
|  27|0x0000000704a00000, 0x0000000704c00000, 0x0000000704c00000|100%| O|  |TAMS 0x0000000704c00000, 0x0000000704c00000| Untracked 
|  28|0x0000000704c00000, 0x0000000704e00000, 0x0000000704e00000|100%| O|  |TAMS 0x0000000704e00000, 0x0000000704e00000| Untracked 
|  29|0x0000000704e00000, 0x0000000705000000, 0x0000000705000000|100%| O|  |TAMS 0x0000000705000000, 0x0000000705000000| Untracked 
|  30|0x0000000705000000, 0x0000000705200000, 0x0000000705200000|100%| O|  |TAMS 0x00000007050dca00, 0x0000000705200000| Untracked 
|  31|0x0000000705200000, 0x0000000705400000, 0x0000000705400000|100%| O|  |TAMS 0x0000000705200000, 0x0000000705400000| Untracked 
|  32|0x0000000705400000, 0x0000000705600000, 0x0000000705600000|100%| O|  |TAMS 0x0000000705400000, 0x0000000705600000| Untracked 
|  33|0x0000000705600000, 0x0000000705800000, 0x0000000705800000|100%| O|  |TAMS 0x0000000705600000, 0x0000000705800000| Untracked 
|  34|0x0000000705800000, 0x0000000705a00000, 0x0000000705a00000|100%| O|  |TAMS 0x0000000705800000, 0x0000000705a00000| Untracked 
|  35|0x0000000705a00000, 0x0000000705c00000, 0x0000000705c00000|100%| O|  |TAMS 0x0000000705a00000, 0x0000000705c00000| Untracked 
|  36|0x0000000705c00000, 0x0000000705e00000, 0x0000000705e00000|100%| O|  |TAMS 0x0000000705c00000, 0x0000000705e00000| Untracked 
|  37|0x0000000705e00000, 0x0000000706000000, 0x0000000706000000|100%| O|  |TAMS 0x0000000705e00000, 0x0000000706000000| Untracked 
|  38|0x0000000706000000, 0x0000000706200000, 0x0000000706200000|100%| O|  |TAMS 0x0000000706000000, 0x0000000706200000| Untracked 
|  39|0x0000000706200000, 0x0000000706400000, 0x0000000706400000|100%| O|  |TAMS 0x0000000706200000, 0x0000000706400000| Untracked 
|  40|0x0000000706400000, 0x0000000706600000, 0x0000000706600000|100%| O|  |TAMS 0x0000000706400000, 0x0000000706600000| Untracked 
|  41|0x0000000706600000, 0x0000000706800000, 0x0000000706800000|100%| O|  |TAMS 0x0000000706600000, 0x0000000706800000| Untracked 
|  42|0x0000000706800000, 0x0000000706a00000, 0x0000000706a00000|100%| O|  |TAMS 0x0000000706800000, 0x0000000706a00000| Untracked 
|  43|0x0000000706a00000, 0x0000000706c00000, 0x0000000706c00000|100%| O|  |TAMS 0x0000000706a00000, 0x0000000706c00000| Untracked 
|  44|0x0000000706c00000, 0x0000000706e00000, 0x0000000706e00000|100%| O|  |TAMS 0x0000000706c00000, 0x0000000706d59400| Untracked 
|  45|0x0000000706e00000, 0x0000000707000000, 0x0000000707000000|100%| O|  |TAMS 0x0000000706e00000, 0x0000000706e00000| Untracked 
|  46|0x0000000707000000, 0x0000000707200000, 0x0000000707200000|100%| O|  |TAMS 0x0000000707000000, 0x0000000707000000| Untracked 
|  47|0x0000000707200000, 0x0000000707400000, 0x0000000707400000|100%| O|  |TAMS 0x0000000707200000, 0x0000000707200000| Untracked 
|  48|0x0000000707400000, 0x0000000707600000, 0x0000000707600000|100%| O|  |TAMS 0x0000000707400000, 0x0000000707400000| Untracked 
|  49|0x0000000707600000, 0x000000070767b000, 0x0000000707800000| 24%| O|  |TAMS 0x0000000707600000, 0x0000000707600000| Untracked 
|  50|0x0000000707800000, 0x0000000707800000, 0x0000000707a00000|  0%| F|  |TAMS 0x0000000707800000, 0x0000000707800000| Untracked 
|  51|0x0000000707a00000, 0x0000000707a00000, 0x0000000707c00000|  0%| F|  |TAMS 0x0000000707a00000, 0x0000000707a00000| Untracked 
|  52|0x0000000707c00000, 0x0000000707c00000, 0x0000000707e00000|  0%| F|  |TAMS 0x0000000707c00000, 0x0000000707c00000| Untracked 
|  53|0x0000000707e00000, 0x0000000707e00000, 0x0000000708000000|  0%| F|  |TAMS 0x0000000707e00000, 0x0000000707e00000| Untracked 
|  54|0x0000000708000000, 0x0000000708000000, 0x0000000708200000|  0%| F|  |TAMS 0x0000000708000000, 0x0000000708000000| Untracked 
|  55|0x0000000708200000, 0x0000000708200000, 0x0000000708400000|  0%| F|  |TAMS 0x0000000708200000, 0x0000000708200000| Untracked 
|  56|0x0000000708400000, 0x0000000708400000, 0x0000000708600000|  0%| F|  |TAMS 0x0000000708400000, 0x0000000708400000| Untracked 
|  57|0x0000000708600000, 0x0000000708600000, 0x0000000708800000|  0%| F|  |TAMS 0x0000000708600000, 0x0000000708600000| Untracked 
|  58|0x0000000708800000, 0x0000000708800000, 0x0000000708a00000|  0%| F|  |TAMS 0x0000000708800000, 0x0000000708800000| Untracked 
|  59|0x0000000708a00000, 0x0000000708a00000, 0x0000000708c00000|  0%| F|  |TAMS 0x0000000708a00000, 0x0000000708a00000| Untracked 
|  60|0x0000000708c00000, 0x0000000708c00000, 0x0000000708e00000|  0%| F|  |TAMS 0x0000000708c00000, 0x0000000708c00000| Untracked 
|  61|0x0000000708e00000, 0x0000000708e00000, 0x0000000709000000|  0%| F|  |TAMS 0x0000000708e00000, 0x0000000708e00000| Untracked 
|  62|0x0000000709000000, 0x0000000709000000, 0x0000000709200000|  0%| F|  |TAMS 0x0000000709000000, 0x0000000709000000| Untracked 
|  63|0x0000000709200000, 0x0000000709200000, 0x0000000709400000|  0%| F|  |TAMS 0x0000000709200000, 0x0000000709200000| Untracked 
|  64|0x0000000709400000, 0x0000000709400000, 0x0000000709600000|  0%| F|  |TAMS 0x0000000709400000, 0x0000000709400000| Untracked 
|  65|0x0000000709600000, 0x0000000709600000, 0x0000000709800000|  0%| F|  |TAMS 0x0000000709600000, 0x0000000709600000| Untracked 
|  66|0x0000000709800000, 0x0000000709800000, 0x0000000709a00000|  0%| F|  |TAMS 0x0000000709800000, 0x0000000709800000| Untracked 
|  67|0x0000000709a00000, 0x0000000709a64038, 0x0000000709c00000| 19%| S|CS|TAMS 0x0000000709a00000, 0x0000000709a00000| Complete 
|  68|0x0000000709c00000, 0x0000000709e00000, 0x0000000709e00000|100%| S|CS|TAMS 0x0000000709c00000, 0x0000000709c00000| Complete 
|  69|0x0000000709e00000, 0x0000000709e00000, 0x000000070a000000|  0%| F|  |TAMS 0x0000000709e00000, 0x0000000709e00000| Untracked 
|  70|0x000000070a000000, 0x000000070a000000, 0x000000070a200000|  0%| F|  |TAMS 0x000000070a000000, 0x000000070a000000| Untracked 
|  71|0x000000070a200000, 0x000000070a200000, 0x000000070a400000|  0%| F|  |TAMS 0x000000070a200000, 0x000000070a200000| Untracked 
|  72|0x000000070a400000, 0x000000070a400000, 0x000000070a600000|  0%| F|  |TAMS 0x000000070a400000, 0x000000070a400000| Untracked 
|  73|0x000000070a600000, 0x000000070a600000, 0x000000070a800000|  0%| F|  |TAMS 0x000000070a600000, 0x000000070a600000| Untracked 
|  74|0x000000070a800000, 0x000000070a800000, 0x000000070aa00000|  0%| F|  |TAMS 0x000000070a800000, 0x000000070a800000| Untracked 
|  75|0x000000070aa00000, 0x000000070aa00000, 0x000000070ac00000|  0%| F|  |TAMS 0x000000070aa00000, 0x000000070aa00000| Untracked 
|  76|0x000000070ac00000, 0x000000070ac00000, 0x000000070ae00000|  0%| F|  |TAMS 0x000000070ac00000, 0x000000070ac00000| Untracked 
|  77|0x000000070ae00000, 0x000000070ae00000, 0x000000070b000000|  0%| F|  |TAMS 0x000000070ae00000, 0x000000070ae00000| Untracked 
|  78|0x000000070b000000, 0x000000070b000000, 0x000000070b200000|  0%| F|  |TAMS 0x000000070b000000, 0x000000070b000000| Untracked 
|  79|0x000000070b200000, 0x000000070b200000, 0x000000070b400000|  0%| F|  |TAMS 0x000000070b200000, 0x000000070b200000| Untracked 
|  80|0x000000070b400000, 0x000000070b400000, 0x000000070b600000|  0%| F|  |TAMS 0x000000070b400000, 0x000000070b400000| Untracked 
|  81|0x000000070b600000, 0x000000070b600000, 0x000000070b800000|  0%| F|  |TAMS 0x000000070b600000, 0x000000070b600000| Untracked 
|  82|0x000000070b800000, 0x000000070b800000, 0x000000070ba00000|  0%| F|  |TAMS 0x000000070b800000, 0x000000070b800000| Untracked 
|  83|0x000000070ba00000, 0x000000070ba00000, 0x000000070bc00000|  0%| F|  |TAMS 0x000000070ba00000, 0x000000070ba00000| Untracked 
|  84|0x000000070bc00000, 0x000000070bc00000, 0x000000070be00000|  0%| F|  |TAMS 0x000000070bc00000, 0x000000070bc00000| Untracked 
|  85|0x000000070be00000, 0x000000070be00000, 0x000000070c000000|  0%| F|  |TAMS 0x000000070be00000, 0x000000070be00000| Untracked 
|  86|0x000000070c000000, 0x000000070c000000, 0x000000070c200000|  0%| F|  |TAMS 0x000000070c000000, 0x000000070c000000| Untracked 
|  87|0x000000070c200000, 0x000000070c200000, 0x000000070c400000|  0%| F|  |TAMS 0x000000070c200000, 0x000000070c200000| Untracked 
|  88|0x000000070c400000, 0x000000070c400000, 0x000000070c600000|  0%| F|  |TAMS 0x000000070c400000, 0x000000070c400000| Untracked 
| 127|0x0000000711200000, 0x0000000711200000, 0x0000000711400000|  0%| F|  |TAMS 0x0000000711200000, 0x0000000711200000| Untracked 

Card table byte_map: [0x000001c4240c0000,0x000001c4248c0000] _byte_map_base: 0x000001c4208b6000

Marking Bits (Prev, Next): (CMBitMap*) 0x000001c411135b70, (CMBitMap*) 0x000001c411135b30
 Prev Bits: [0x000001c429070000, 0x000001c42d020000)
 Next Bits: [0x000001c4250c0000, 0x000001c429070000)

Polling page: 0x000001c40efa0000

Metaspace:

Usage:
  Non-class:     63.30 MB used.
      Class:      7.73 MB used.
       Both:     71.03 MB used.

Virtual space:
  Non-class space:       64.00 MB reserved,      63.50 MB (>99%) committed,  1 nodes.
      Class space:        1.00 GB reserved,       7.88 MB ( <1%) committed,  1 nodes.
             Both:        1.06 GB reserved,      71.38 MB (  7%) committed. 

Chunk freelists:
   Non-Class:  544.00 KB
       Class:  8.07 MB
        Both:  8.60 MB

MaxMetaspaceSize: unlimited
CompressedClassSpaceSize: 1.00 GB
Initial GC threshold: 21.00 MB
Current GC threshold: 98.56 MB
CDS: off
MetaspaceReclaimPolicy: balanced
 - commit_granule_bytes: 65536.
 - commit_granule_words: 8192.
 - virtual_space_node_default_size: 8388608.
 - enlarge_chunks_in_place: 1.
 - new_chunks_are_fully_committed: 0.
 - uncommit_free_chunks: 1.
 - use_allocation_guard: 0.
 - handle_deallocations: 1.


Internal statistics:

num_allocs_failed_limit: 9.
num_arena_births: 340.
num_arena_deaths: 0.
num_vsnodes_births: 2.
num_vsnodes_deaths: 0.
num_space_committed: 1140.
num_space_uncommitted: 0.
num_chunks_returned_to_freelist: 9.
num_chunks_taken_from_freelist: 2661.
num_chunk_merges: 9.
num_chunk_splits: 2178.
num_chunks_enlarged: 1935.
num_inconsistent_stats: 0.

CodeHeap 'non-profiled nmethods': size=120000Kb used=5852Kb max_used=5852Kb free=114148Kb
 bounds [0x000001c41c060000, 0x000001c41c620000, 0x000001c423590000]
CodeHeap 'profiled nmethods': size=120000Kb used=32554Kb max_used=32554Kb free=87445Kb
 bounds [0x000001c414590000, 0x000001c416560000, 0x000001c41bac0000]
CodeHeap 'non-nmethods': size=5760Kb used=1422Kb max_used=1524Kb free=4337Kb
 bounds [0x000001c41bac0000, 0x000001c41bd30000, 0x000001c41c060000]
 total_blobs=10302 nmethods=9545 adapters=666
 compilation: enabled
              stopped_count=0, restarted_count=0
 full_count=0

Compilation events (20 events):
Event: 5.363 Thread 0x000001c42fc8b430 nmethod 10826 0x000001c41c614910 code [0x000001c41c614aa0, 0x000001c41c614b78]
Event: 5.367 Thread 0x000001c42fc8b430 10832       1       org.jetbrains.kotlin.ir.declarations.impl.IrClassImpl::setCompanion (6 bytes)
Event: 5.367 Thread 0x000001c42fc8b430 nmethod 10832 0x000001c41c615810 code [0x000001c41c6159a0, 0x000001c41c615a78]
Event: 5.367 Thread 0x000001c42fc8b430 10833       1       org.jetbrains.kotlin.ir.declarations.impl.IrClassImpl::setInner (6 bytes)
Event: 5.367 Thread 0x000001c42fc8b430 nmethod 10833 0x000001c41c615b10 code [0x000001c41c615ca0, 0x000001c41c615d78]
Event: 5.367 Thread 0x000001c42fc8b430 10834       1       org.jetbrains.kotlin.ir.declarations.impl.IrClassImpl::setData (6 bytes)
Event: 5.367 Thread 0x000001c42fc8b430 nmethod 10834 0x000001c41c615e10 code [0x000001c41c615fa0, 0x000001c41c616078]
Event: 5.367 Thread 0x000001c42fc8b430 10835       1       org.jetbrains.kotlin.ir.declarations.impl.IrClassImpl::setExternal (6 bytes)
Event: 5.367 Thread 0x000001c42fc8b430 nmethod 10835 0x000001c41c616110 code [0x000001c41c6162a0, 0x000001c41c616378]
Event: 5.367 Thread 0x000001c42fc8b430 10836       1       org.jetbrains.kotlin.ir.declarations.impl.IrClassImpl::setValue (6 bytes)
Event: 5.367 Thread 0x000001c42fc8b430 nmethod 10836 0x000001c41c616410 code [0x000001c41c6165a0, 0x000001c41c616678]
Event: 5.367 Thread 0x000001c42fc8b430 10837       1       org.jetbrains.kotlin.ir.declarations.impl.IrClassImpl::setExpect (6 bytes)
Event: 5.367 Thread 0x000001c42fc8b430 nmethod 10837 0x000001c41c616710 code [0x000001c41c6168a0, 0x000001c41c616978]
Event: 5.367 Thread 0x000001c42fc8b430 10838       1       org.jetbrains.kotlin.ir.declarations.impl.IrClassImpl::setFun (6 bytes)
Event: 5.367 Thread 0x000001c42fc8b430 nmethod 10838 0x000001c41c616a10 code [0x000001c41c616ba0, 0x000001c41c616c78]
Event: 5.367 Thread 0x000001c42fc8b430 10839       1       org.jetbrains.kotlin.ir.declarations.impl.IrClassImpl::setHasEnumEntries (6 bytes)
Event: 5.367 Thread 0x000001c42fc8b430 nmethod 10839 0x000001c41c616d10 code [0x000001c41c616ea0, 0x000001c41c616f78]
Event: 5.368 Thread 0x000001c42fc8b430 10840       3       kotlin.text.StringsKt__StringsKt::substringBefore (58 bytes)
Event: 5.369 Thread 0x000001c42fc8b430 nmethod 10840 0x000001c416559690 code [0x000001c416559960, 0x000001c41655a568]
Event: 5.369 Thread 0x000001c42fc8b430 10841       3       kotlin.LazyKt__LazyJVMKt::lazy (102 bytes)

GC Heap History (20 events):
Event: 1.888 GC heap after
{Heap after GC invocations=12 (full 0):
 garbage-first heap   total 75776K, used 30140K [0x0000000701400000, 0x0000000800000000)
  region size 2048K, 2 young (4096K), 2 survivors (4096K)
 Metaspace       used 48317K, committed 48576K, reserved 1114112K
  class space    used 5702K, committed 5824K, reserved 1048576K
}
Event: 2.012 GC heap before
{Heap before GC invocations=12 (full 0):
 garbage-first heap   total 75776K, used 52668K [0x0000000701400000, 0x0000000800000000)
  region size 2048K, 13 young (26624K), 2 survivors (4096K)
 Metaspace       used 49269K, committed 49472K, reserved 1114112K
  class space    used 5804K, committed 5888K, reserved 1048576K
}
Event: 2.023 GC heap after
{Heap after GC invocations=13 (full 0):
 garbage-first heap   total 133120K, used 37510K [0x0000000701400000, 0x0000000800000000)
  region size 2048K, 2 young (4096K), 2 survivors (4096K)
 Metaspace       used 49269K, committed 49472K, reserved 1114112K
  class space    used 5804K, committed 5888K, reserved 1048576K
}
Event: 2.458 GC heap before
{Heap before GC invocations=13 (full 0):
 garbage-first heap   total 133120K, used 86662K [0x0000000701400000, 0x0000000800000000)
  region size 2048K, 26 young (53248K), 2 survivors (4096K)
 Metaspace       used 53702K, committed 54016K, reserved 1114112K
  class space    used 6317K, committed 6464K, reserved 1048576K
}
Event: 2.469 GC heap after
{Heap after GC invocations=14 (full 0):
 garbage-first heap   total 133120K, used 47825K [0x0000000701400000, 0x0000000800000000)
  region size 2048K, 4 young (8192K), 4 survivors (8192K)
 Metaspace       used 53702K, committed 54016K, reserved 1114112K
  class space    used 6317K, committed 6464K, reserved 1048576K
}
Event: 2.956 GC heap before
{Heap before GC invocations=14 (full 0):
 garbage-first heap   total 133120K, used 88785K [0x0000000701400000, 0x0000000800000000)
  region size 2048K, 24 young (49152K), 4 survivors (8192K)
 Metaspace       used 55332K, committed 55616K, reserved 1114112K
  class space    used 6436K, committed 6528K, reserved 1048576K
}
Event: 2.967 GC heap after
{Heap after GC invocations=15 (full 0):
 garbage-first heap   total 133120K, used 55151K [0x0000000701400000, 0x0000000800000000)
  region size 2048K, 3 young (6144K), 3 survivors (6144K)
 Metaspace       used 55332K, committed 55616K, reserved 1114112K
  class space    used 6436K, committed 6528K, reserved 1048576K
}
Event: 3.325 GC heap before
{Heap before GC invocations=15 (full 0):
 garbage-first heap   total 133120K, used 94063K [0x0000000701400000, 0x0000000800000000)
  region size 2048K, 22 young (45056K), 3 survivors (6144K)
 Metaspace       used 56101K, committed 56384K, reserved 1114112K
  class space    used 6445K, committed 6592K, reserved 1048576K
}
Event: 3.336 GC heap after
{Heap after GC invocations=16 (full 0):
 garbage-first heap   total 133120K, used 61816K [0x0000000701400000, 0x0000000800000000)
  region size 2048K, 3 young (6144K), 3 survivors (6144K)
 Metaspace       used 56101K, committed 56384K, reserved 1114112K
  class space    used 6445K, committed 6592K, reserved 1048576K
}
Event: 3.809 GC heap before
{Heap before GC invocations=16 (full 0):
 garbage-first heap   total 133120K, used 96632K [0x0000000701400000, 0x0000000800000000)
  region size 2048K, 20 young (40960K), 3 survivors (6144K)
 Metaspace       used 60037K, committed 60288K, reserved 1114112K
  class space    used 6784K, committed 6912K, reserved 1048576K
}
Event: 3.818 GC heap after
{Heap after GC invocations=17 (full 0):
 garbage-first heap   total 184320K, used 66682K [0x0000000701400000, 0x0000000800000000)
  region size 2048K, 3 young (6144K), 3 survivors (6144K)
 Metaspace       used 60037K, committed 60288K, reserved 1114112K
  class space    used 6784K, committed 6912K, reserved 1048576K
}
Event: 3.858 GC heap before
{Heap before GC invocations=17 (full 0):
 garbage-first heap   total 184320K, used 72826K [0x0000000701400000, 0x0000000800000000)
  region size 2048K, 7 young (14336K), 3 survivors (6144K)
 Metaspace       used 60170K, committed 60416K, reserved 1114112K
  class space    used 6794K, committed 6912K, reserved 1048576K
}
Event: 3.863 GC heap after
{Heap after GC invocations=18 (full 0):
 garbage-first heap   total 184320K, used 67643K [0x0000000701400000, 0x0000000800000000)
  region size 2048K, 3 young (6144K), 3 survivors (6144K)
 Metaspace       used 60170K, committed 60416K, reserved 1114112K
  class space    used 6794K, committed 6912K, reserved 1048576K
}
Event: 4.236 GC heap before
{Heap before GC invocations=19 (full 0):
 garbage-first heap   total 184320K, used 133179K [0x0000000701400000, 0x0000000800000000)
  region size 2048K, 35 young (71680K), 3 survivors (6144K)
 Metaspace       used 61631K, committed 61952K, reserved 1114112K
  class space    used 6923K, committed 7104K, reserved 1048576K
}
Event: 4.249 GC heap after
{Heap after GC invocations=20 (full 0):
 garbage-first heap   total 184320K, used 79702K [0x0000000701400000, 0x0000000800000000)
  region size 2048K, 5 young (10240K), 5 survivors (10240K)
 Metaspace       used 61631K, committed 61952K, reserved 1114112K
  class space    used 6923K, committed 7104K, reserved 1048576K
}
Event: 4.768 GC heap before
{Heap before GC invocations=20 (full 0):
 garbage-first heap   total 184320K, used 132950K [0x0000000701400000, 0x0000000800000000)
  region size 2048K, 31 young (63488K), 5 survivors (10240K)
 Metaspace       used 67103K, committed 67456K, reserved 1114112K
  class space    used 7443K, committed 7616K, reserved 1048576K
}
Event: 4.781 GC heap after
{Heap after GC invocations=21 (full 0):
 garbage-first heap   total 184320K, used 88493K [0x0000000701400000, 0x0000000800000000)
  region size 2048K, 4 young (8192K), 4 survivors (8192K)
 Metaspace       used 67103K, committed 67456K, reserved 1114112K
  class space    used 7443K, committed 7616K, reserved 1048576K
}
Event: 5.042 GC heap before
{Heap before GC invocations=21 (full 0):
 garbage-first heap   total 184320K, used 135597K [0x0000000701400000, 0x0000000800000000)
  region size 2048K, 28 young (57344K), 4 survivors (8192K)
 Metaspace       used 68876K, committed 69184K, reserved 1114112K
  class space    used 7545K, committed 7680K, reserved 1048576K
}
Event: 5.055 GC heap after
{Heap after GC invocations=22 (full 0):
 garbage-first heap   total 184320K, used 99540K [0x0000000701400000, 0x0000000800000000)
  region size 2048K, 4 young (8192K), 4 survivors (8192K)
 Metaspace       used 68876K, committed 69184K, reserved 1114112K
  class space    used 7545K, committed 7680K, reserved 1048576K
}
Event: 5.369 GC heap before
{Heap before GC invocations=22 (full 0):
 garbage-first heap   total 184320K, used 142548K [0x0000000701400000, 0x0000000800000000)
  region size 2048K, 25 young (51200K), 4 survivors (8192K)
 Metaspace       used 72735K, committed 73088K, reserved 1114112K
  class space    used 7919K, committed 8064K, reserved 1048576K
}

Dll operation events (2 events):
Event: 0.003 Loaded shared library C:\Program Files\Android\Android Studio\jbr\bin\java.dll
Event: 0.643 Loaded shared library C:\Program Files\Android\Android Studio\jbr\bin\verify.dll

Deoptimization events (20 events):
Event: 5.277 Thread 0x000001c40f0de790 Uncommon trap: trap_request=0xffffffde fr.pc=0x000001c41c5834e0 relative=0x00000000000001c0
Event: 5.277 Thread 0x000001c40f0de790 Uncommon trap: reason=class_check action=maybe_recompile pc=0x000001c41c5834e0 method=org.jetbrains.kotlin.ir.declarations.IrDeclarationOriginImpl.equals(Ljava/lang/Object;)Z @ 8 c2
Event: 5.277 Thread 0x000001c40f0de790 DEOPT PACKING pc=0x000001c41c5834e0 sp=0x000000a7125fdbe0
Event: 5.277 Thread 0x000001c40f0de790 DEOPT UNPACKING pc=0x000001c41bb169a3 sp=0x000000a7125fdb70 mode 2
Event: 5.279 Thread 0x000001c40f0de790 Uncommon trap: trap_request=0xffffffde fr.pc=0x000001c41c5834e0 relative=0x00000000000001c0
Event: 5.279 Thread 0x000001c40f0de790 Uncommon trap: reason=class_check action=maybe_recompile pc=0x000001c41c5834e0 method=org.jetbrains.kotlin.ir.declarations.IrDeclarationOriginImpl.equals(Ljava/lang/Object;)Z @ 8 c2
Event: 5.279 Thread 0x000001c40f0de790 DEOPT PACKING pc=0x000001c41c5834e0 sp=0x000000a7125fdbe0
Event: 5.279 Thread 0x000001c40f0de790 DEOPT UNPACKING pc=0x000001c41bb169a3 sp=0x000000a7125fdb70 mode 2
Event: 5.281 Thread 0x000001c40f0de790 Uncommon trap: trap_request=0xffffffde fr.pc=0x000001c41c5834e0 relative=0x00000000000001c0
Event: 5.281 Thread 0x000001c40f0de790 Uncommon trap: reason=class_check action=maybe_recompile pc=0x000001c41c5834e0 method=org.jetbrains.kotlin.ir.declarations.IrDeclarationOriginImpl.equals(Ljava/lang/Object;)Z @ 8 c2
Event: 5.281 Thread 0x000001c40f0de790 DEOPT PACKING pc=0x000001c41c5834e0 sp=0x000000a7125fdbe0
Event: 5.281 Thread 0x000001c40f0de790 DEOPT UNPACKING pc=0x000001c41bb169a3 sp=0x000000a7125fdb70 mode 2
Event: 5.306 Thread 0x000001c40f0de790 Uncommon trap: trap_request=0xffffff45 fr.pc=0x000001c41c2fd614 relative=0x00000000000003f4
Event: 5.306 Thread 0x000001c40f0de790 Uncommon trap: reason=unstable_if action=reinterpret pc=0x000001c41c2fd614 method=kotlin.LazyKt__LazyJVMKt.lazy(Lkotlin/LazyThreadSafetyMode;Lkotlin/jvm/functions/Function0;)Lkotlin/Lazy; @ 21 c2
Event: 5.306 Thread 0x000001c40f0de790 DEOPT PACKING pc=0x000001c41c2fd614 sp=0x000000a7125feca0
Event: 5.306 Thread 0x000001c40f0de790 DEOPT UNPACKING pc=0x000001c41bb169a3 sp=0x000000a7125fec60 mode 2
Event: 5.347 Thread 0x000001c40f0de790 Uncommon trap: trap_request=0xffffff45 fr.pc=0x000001c41c41e864 relative=0x00000000000001c4
Event: 5.347 Thread 0x000001c40f0de790 Uncommon trap: reason=unstable_if action=reinterpret pc=0x000001c41c41e864 method=org.jetbrains.kotlin.builtins.jvm.JavaToKotlinClassMap.isKotlinFunctionWithBigArity(Lorg/jetbrains/kotlin/name/FqNameUnsafe;Ljava/lang/String;)Z @ 19 c2
Event: 5.347 Thread 0x000001c40f0de790 DEOPT PACKING pc=0x000001c41c41e864 sp=0x000000a7125fd4a0
Event: 5.347 Thread 0x000001c40f0de790 DEOPT UNPACKING pc=0x000001c41bb169a3 sp=0x000000a7125fd430 mode 2

Classes unloaded (0 events):
No events

Classes redefined (0 events):
No events

Internal exceptions (20 events):
Event: 3.753 Thread 0x000001c40f0de790 Implicit null exception at 0x000001c41c4299e8 to 0x000001c41c42d3e4
Event: 3.762 Thread 0x000001c40f0de790 Exception <a 'java/lang/NoSuchMethodError'{0x0000000707b3f848}: 'java.lang.Object java.lang.invoke.DirectMethodHandle$Holder.newInvokeSpecial(java.lang.Object, java.lang.Object, int, java.lang.Object, java.lang.Object, java.lang.Object)'> (0x0000000707b3f848) 
thrown [s\src\hotspot\share\interpreter\linkResolver.cpp, line 771]
Event: 3.763 Thread 0x000001c40f0de790 Exception <a 'java/lang/NoSuchMethodError'{0x0000000707b43b20}: 'java.lang.Object java.lang.invoke.DirectMethodHandle$Holder.invokeSpecial(java.lang.Object, java.lang.Object, java.lang.Object, int, java.lang.Object, java.lang.Object, java.lang.Object)'> (0x0000000707b43b20) 
thrown [s\src\hotspot\share\interpreter\linkResolver.cpp, line 771]
Event: 3.763 Thread 0x000001c40f0de790 Exception <a 'java/lang/NoSuchMethodError'{0x0000000707b47400}: 'java.lang.Object java.lang.invoke.Invokers$Holder.linkToTargetMethod(java.lang.Object, int, java.lang.Object, java.lang.Object, java.lang.Object, java.lang.Object)'> (0x0000000707b47400) 
thrown [s\src\hotspot\share\interpreter\linkResolver.cpp, line 771]
Event: 3.836 Thread 0x000001c40f0de790 Exception <a 'java/lang/NoSuchMethodError'{0x000000070c404e88}: 'java.lang.Object java.lang.invoke.DirectMethodHandle$Holder.newInvokeSpecial(java.lang.Object, java.lang.Object, java.lang.Object, java.lang.Object, java.lang.Object, java.lang.Object, int)'> (0x000000070c404e88) 
thrown [s\src\hotspot\share\interpreter\linkResolver.cpp, line 771]
Event: 4.269 Thread 0x000001c40f0de790 Implicit null exception at 0x000001c41c1aa8f5 to 0x000001c41c1ab078
Event: 4.270 Thread 0x000001c40f0de790 Implicit null exception at 0x000001c41c17f5f2 to 0x000001c41c17fd84
Event: 4.291 Thread 0x000001c40f0de790 Exception <a 'java/lang/NoSuchMethodError'{0x000000070c2ff9d0}: 'java.lang.Object java.lang.invoke.DirectMethodHandle$Holder.invokeStatic(java.lang.Object, java.lang.Object, int)'> (0x000000070c2ff9d0) 
thrown [s\src\hotspot\share\interpreter\linkResolver.cpp, line 771]
Event: 4.453 Thread 0x000001c40f0de790 Exception <a 'java/lang/NoSuchMethodError'{0x000000070b531228}: 'java.lang.Object java.lang.invoke.DirectMethodHandle$Holder.invokeStatic(java.lang.Object, java.lang.Object, int, int)'> (0x000000070b531228) 
thrown [s\src\hotspot\share\interpreter\linkResolver.cpp, line 771]
Event: 4.453 Thread 0x000001c40f0de790 Exception <a 'java/lang/NoSuchMethodError'{0x000000070b538d38}: 'java.lang.Object java.lang.invoke.DirectMethodHandle$Holder.newInvokeSpecial(java.lang.Object, java.lang.Object, int, int)'> (0x000000070b538d38) 
thrown [s\src\hotspot\share\interpreter\linkResolver.cpp, line 771]
Event: 4.453 Thread 0x000001c40f0de790 Exception <a 'java/lang/NoSuchMethodError'{0x000000070b53d4f8}: 'java.lang.Object java.lang.invoke.DirectMethodHandle$Holder.invokeSpecial(java.lang.Object, java.lang.Object, java.lang.Object, int, int)'> (0x000000070b53d4f8) 
thrown [s\src\hotspot\share\interpreter\linkResolver.cpp, line 771]
Event: 4.454 Thread 0x000001c40f0de790 Exception <a 'java/lang/NoSuchMethodError'{0x000000070b541618}: 'java.lang.Object java.lang.invoke.Invokers$Holder.linkToTargetMethod(java.lang.Object, int, int, java.lang.Object)'> (0x000000070b541618) 
thrown [s\src\hotspot\share\interpreter\linkResolver.cpp, line 771]
Event: 4.960 Thread 0x000001c40f0de790 Implicit null exception at 0x000001c41c586a2d to 0x000001c41c586c7c
Event: 5.175 Thread 0x000001c40f0de790 Implicit null exception at 0x000001c41c433e80 to 0x000001c41c43526c
Event: 5.258 Thread 0x000001c40f0de790 Exception <a 'java/lang/NoSuchMethodError'{0x000000070a9a5ac0}: 'java.lang.Object java.lang.invoke.DirectMethodHandle$Holder.newInvokeSpecial(java.lang.Object, java.lang.Object, java.lang.Object, java.lang.Object, int, java.lang.Object, java.lang.Object, java.lang.Object)'> (0x000000070a9a5ac0) 
thrown [s\src\hotspot\share\interpreter\linkResolver.cpp, line 771]
Event: 5.259 Thread 0x000001c40f0de790 Exception <a 'java/lang/NoSuchMethodError'{0x000000070a9b90f8}: 'java.lang.Object java.lang.invoke.DirectMethodHandle$Holder.newInvokeSpecial(java.lang.Object, java.lang.Object, java.lang.Object, java.lang.Object, int, java.lang.Object)'> (0x000000070a9b90f8) 
thrown [s\src\hotspot\share\interpreter\linkResolver.cpp, line 771]
Event: 5.260 Thread 0x000001c40f0de790 Exception <a 'java/lang/NoSuchMethodError'{0x000000070a9bd710}: 'java.lang.Object java.lang.invoke.DirectMethodHandle$Holder.invokeSpecial(java.lang.Object, java.lang.Object, java.lang.Object, java.lang.Object, java.lang.Object, int, java.lang.Object)'> (0x000000070a9bd710) 
thrown [s\src\hotspot\share\interpreter\linkResolver.cpp, line 771]
Event: 5.260 Thread 0x000001c40f0de790 Exception <a 'java/lang/NoSuchMethodError'{0x000000070a9c1590}: 'java.lang.Object java.lang.invoke.Invokers$Holder.linkToTargetMethod(java.lang.Object, java.lang.Object, java.lang.Object, int, java.lang.Object, java.lang.Object)'> (0x000000070a9c1590) 
thrown [s\src\hotspot\share\interpreter\linkResolver.cpp, line 771]
Event: 5.260 Thread 0x000001c40f0de790 Exception <a 'java/lang/NoSuchMethodError'{0x000000070a9c5100}: 'java.lang.Object java.lang.invoke.DirectMethodHandle$Holder.invokeStatic(java.lang.Object, java.lang.Object, java.lang.Object, java.lang.Object, int, java.lang.Object)'> (0x000000070a9c5100) 
thrown [s\src\hotspot\share\interpreter\linkResolver.cpp, line 771]
Event: 5.364 Thread 0x000001c40f0de790 Exception <a 'java/lang/NoSuchMethodError'{0x0000000709f83620}: 'java.lang.Object java.lang.invoke.DirectMethodHandle$Holder.newInvokeSpecial(java.lang.Object, int, java.lang.Object, int)'> (0x0000000709f83620) 
thrown [s\src\hotspot\share\interpreter\linkResolver.cpp, line 771]

VM Operations (20 events):
Event: 4.937 Executing VM operation: ICBufferFull done
Event: 4.971 Executing VM operation: HandshakeAllThreads
Event: 4.971 Executing VM operation: HandshakeAllThreads done
Event: 4.972 Executing VM operation: HandshakeAllThreads
Event: 4.972 Executing VM operation: HandshakeAllThreads done
Event: 5.008 Executing VM operation: ICBufferFull
Event: 5.008 Executing VM operation: ICBufferFull done
Event: 5.042 Executing VM operation: G1CollectForAllocation
Event: 5.055 Executing VM operation: G1CollectForAllocation done
Event: 5.167 Executing VM operation: HandshakeAllThreads
Event: 5.167 Executing VM operation: HandshakeAllThreads done
Event: 5.169 Executing VM operation: ICBufferFull
Event: 5.169 Executing VM operation: ICBufferFull done
Event: 5.267 Executing VM operation: HandshakeAllThreads
Event: 5.267 Executing VM operation: HandshakeAllThreads done
Event: 5.269 Executing VM operation: ICBufferFull
Event: 5.269 Executing VM operation: ICBufferFull done
Event: 5.303 Executing VM operation: HandshakeAllThreads
Event: 5.303 Executing VM operation: HandshakeAllThreads done
Event: 5.369 Executing VM operation: G1CollectForAllocation

Events (20 events):
Event: 4.221 loading class java/util/Collections$EmptyEnumeration
Event: 4.221 loading class java/util/Collections$EmptyEnumeration done
Event: 4.221 loading class jdk/internal/loader/BuiltinClassLoader$1
Event: 4.221 loading class jdk/internal/loader/BuiltinClassLoader$1 done
Event: 4.221 loading class java/lang/CompoundEnumeration
Event: 4.222 loading class java/lang/CompoundEnumeration done
Event: 4.222 loading class jdk/internal/loader/URLClassPath$1
Event: 4.222 loading class jdk/internal/loader/URLClassPath$1 done
Event: 4.222 loading class java/util/ServiceLoader$1
Event: 4.222 loading class java/util/ServiceLoader$1 done
Event: 4.222 loading class java/util/ServiceLoader$ProviderImpl
Event: 4.223 loading class java/util/ServiceLoader$Provider
Event: 4.223 loading class java/util/ServiceLoader$Provider done
Event: 4.223 loading class java/util/ServiceLoader$ProviderImpl done
Event: 4.851 Thread 0x000001c42fca1830 flushing nmethod 0x000001c41c3d1010
Event: 4.852 Thread 0x000001c42fca1830 flushing nmethod 0x000001c41c480f90
Event: 4.854 Thread 0x000001c42fca1830 flushing nmethod 0x000001c414af1f10
Event: 4.855 Thread 0x000001c42fca1830 flushing nmethod 0x000001c414c1d610
Event: 5.337 loading class java/util/Collections$SynchronizedMap
Event: 5.337 loading class java/util/Collections$SynchronizedMap done


Dynamic libraries:
0x00007ff6c4110000 - 0x00007ff6c411a000 	C:\Program Files\Android\Android Studio\jbr\bin\java.exe
0x00007ff9ed7e0000 - 0x00007ff9ed9ce000 	C:\Windows\SYSTEM32\ntdll.dll
0x00007ff9eaeb0000 - 0x00007ff9eaf63000 	C:\Windows\System32\KERNEL32.DLL
0x00007ff9ea630000 - 0x00007ff9ea8cd000 	C:\Windows\System32\KERNELBASE.dll
0x00007ff9ea220000 - 0x00007ff9ea31a000 	C:\Windows\System32\ucrtbase.dll
0x00007ff9c2740000 - 0x00007ff9c2757000 	C:\Program Files\Android\Android Studio\jbr\bin\jli.dll
0x00007ff9de8f0000 - 0x00007ff9de90b000 	C:\Program Files\Android\Android Studio\jbr\bin\VCRUNTIME140.dll
0x00007ff9eb3d0000 - 0x00007ff9eb567000 	C:\Windows\System32\USER32.dll
0x00007ff9d1040000 - 0x00007ff9d12b9000 	C:\Windows\WinSxS\amd64_microsoft.windows.common-controls_6595b64144ccf1df_6.0.17763.5696_none_de7663245346b1ca\COMCTL32.dll
0x00007ff9ea320000 - 0x00007ff9ea340000 	C:\Windows\System32\win32u.dll
0x00007ff9ed240000 - 0x00007ff9ed2de000 	C:\Windows\System32\msvcrt.dll
0x00007ff9ed6e0000 - 0x00007ff9ed709000 	C:\Windows\System32\GDI32.dll
0x00007ff9ea070000 - 0x00007ff9ea21a000 	C:\Windows\System32\gdi32full.dll
0x00007ff9ea9d0000 - 0x00007ff9eacfb000 	C:\Windows\System32\combase.dll
0x00007ff9ea540000 - 0x00007ff9ea5e0000 	C:\Windows\System32\msvcp_win.dll
0x00007ff9ed2e0000 - 0x00007ff9ed3f8000 	C:\Windows\System32\RPCRT4.dll
0x00007ff9e9f80000 - 0x00007ff9ea002000 	C:\Windows\System32\bcryptPrimitives.dll
0x00007ff9ed160000 - 0x00007ff9ed18e000 	C:\Windows\System32\IMM32.DLL
0x00007ff9e57c0000 - 0x00007ff9e57cc000 	C:\Program Files\Android\Android Studio\jbr\bin\vcruntime140_1.dll
0x00007ff9de860000 - 0x00007ff9de8ed000 	C:\Program Files\Android\Android Studio\jbr\bin\msvcp140.dll
0x00007ff9a8980000 - 0x00007ff9a9600000 	C:\Program Files\Android\Android Studio\jbr\bin\server\jvm.dll
0x00007ff9ead00000 - 0x00007ff9eada8000 	C:\Windows\System32\ADVAPI32.dll
0x00007ff9eb320000 - 0x00007ff9eb3c2000 	C:\Windows\System32\sechost.dll
0x00007ff9ea8f0000 - 0x00007ff9ea916000 	C:\Windows\System32\bcrypt.dll
0x00007ff9e5f80000 - 0x00007ff9e5fa4000 	C:\Windows\SYSTEM32\WINMM.dll
0x00007ff9d58c0000 - 0x00007ff9d58c9000 	C:\Windows\SYSTEM32\WSOCK32.dll
0x00007ff9e3bb0000 - 0x00007ff9e3bba000 	C:\Windows\SYSTEM32\VERSION.dll
0x00007ff9ed710000 - 0x00007ff9ed77d000 	C:\Windows\System32\WS2_32.dll
0x00007ff9e5d60000 - 0x00007ff9e5d8d000 	C:\Windows\SYSTEM32\winmmbase.dll
0x00007ff9ea5e0000 - 0x00007ff9ea62a000 	C:\Windows\System32\cfgmgr32.dll
0x00007ff9e97e0000 - 0x00007ff9e97f1000 	C:\Windows\System32\kernel.appcore.dll
0x00007ff9e55d0000 - 0x00007ff9e55da000 	C:\Program Files\Android\Android Studio\jbr\bin\jimage.dll
0x00007ff9d5150000 - 0x00007ff9d533d000 	C:\Windows\SYSTEM32\DBGHELP.DLL
0x00007ff9d4270000 - 0x00007ff9d429a000 	C:\Windows\SYSTEM32\dbgcore.DLL
0x00007ff9dfd20000 - 0x00007ff9dfd45000 	C:\Program Files\Android\Android Studio\jbr\bin\java.dll
0x00007ff9e4550000 - 0x00007ff9e4568000 	C:\Program Files\Android\Android Studio\jbr\bin\zip.dll
0x00007ff9ebb30000 - 0x00007ff9ed028000 	C:\Windows\System32\SHELL32.dll
0x00007ff9ed030000 - 0x00007ff9ed0d7000 	C:\Windows\System32\shcore.dll
0x00007ff9e9830000 - 0x00007ff9e9f77000 	C:\Windows\System32\windows.storage.dll
0x00007ff9e9800000 - 0x00007ff9e9823000 	C:\Windows\System32\profapi.dll
0x00007ff9e9780000 - 0x00007ff9e97dd000 	C:\Windows\System32\powrprof.dll
0x00007ff9eb2c0000 - 0x00007ff9eb312000 	C:\Windows\System32\shlwapi.dll
0x00007ff9ea8d0000 - 0x00007ff9ea8eb000 	C:\Windows\System32\cryptsp.dll
0x00007ff9e0220000 - 0x00007ff9e0239000 	C:\Program Files\Android\Android Studio\jbr\bin\net.dll
0x00007ff9e5000000 - 0x00007ff9e50fd000 	C:\Windows\SYSTEM32\WINHTTP.dll
0x00007ff9e8fb0000 - 0x00007ff9e9017000 	C:\Windows\system32\mswsock.dll
0x00007ff9dc8b0000 - 0x00007ff9dc8c6000 	C:\Program Files\Android\Android Studio\jbr\bin\nio.dll
0x00007ff9e3800000 - 0x00007ff9e3810000 	C:\Program Files\Android\Android Studio\jbr\bin\verify.dll

dbghelp: loaded successfully - version: 4.0.5 - missing functions: none
symbol engine: initialized successfully - sym options: 0x614 - pdb path: .;C:\Program Files\Android\Android Studio\jbr\bin;C:\Windows\SYSTEM32;C:\Windows\WinSxS\amd64_microsoft.windows.common-controls_6595b64144ccf1df_6.0.17763.5696_none_de7663245346b1ca;C:\Program Files\Android\Android Studio\jbr\bin\server

VM Arguments:
java_command: org.jetbrains.kotlin.cli.jvm.K2JVMCompiler @C:\User\pr111rybakov\AndroidStudioProjects\UmnuiDomikYoYoYo\app\build\20241123_1256878118578492383.compiler.options
java_class_path (initial): C:\User\pr111rybakov\.gradle\caches\modules-2\files-2.1\org.jetbrains.kotlin\kotlin-compiler-embeddable\2.0.21\79346ed53db48b18312a472602eb5c057070c54d\kotlin-compiler-embeddable-2.0.21.jar;C:\User\pr111rybakov\.gradle\caches\modules-2\files-2.1\org.jetbrains.kotlin\kotlin-stdlib\2.0.21\618b539767b4899b4660a83006e052b63f1db551\kotlin-stdlib-2.0.21.jar;C:\User\pr111rybakov\.gradle\caches\modules-2\files-2.1\org.jetbrains.kotlin\kotlin-script-runtime\2.0.21\c9b044380ad41f89aa89aa896c2d32a8c0b2129d\kotlin-script-runtime-2.0.21.jar;C:\User\pr111rybakov\.gradle\caches\modules-2\files-2.1\org.jetbrains.kotlin\kotlin-reflect\1.6.10\1cbe9c92c12a94eea200d23c2bbaedaf3daf5132\kotlin-reflect-1.6.10.jar;C:\User\pr111rybakov\.gradle\caches\modules-2\files-2.1\org.jetbrains.kotlin\kotlin-daemon-embeddable\2.0.21\c9e933b23287de9b5a17e2116b4657bb91aea72c\kotlin-daemon-embeddable-2.0.21.jar;C:\User\pr111rybakov\.gradle\caches\modules-2\files-2.1\org.jetbrains.intellij.deps\trove4j\1.0.20200330\3afb14d5f9ceb459d724e907a21145e8ff394f02\trove4j-1.0.20200330.jar;C:\User\pr111rybakov\.gradle\caches\modules-2\files-2.1\org.jetbrains.kotlinx\kotlinx-coroutines-core-jvm\1.6.4\2c997cd1c0ef33f3e751d3831929aeff1390cb30\kotlinx-coroutines-core-jvm-1.6.4.jar;C:\User\pr111rybakov\.gradle\caches\modules-2\files-2.1\org.jetbrains\annotations\13.0\919f0dfe192fb4e063e7dacadee7f8bb9a2672a9\annotations-13.0.jar
Launcher Type: SUN_STANDARD

[Global flags]
     intx CICompilerCount                          = 4                                         {product} {ergonomic}
     uint ConcGCThreads                            = 2                                         {product} {ergonomic}
     uint G1ConcRefinementThreads                  = 8                                         {product} {ergonomic}
   size_t G1HeapRegionSize                         = 2097152                                   {product} {ergonomic}
    uintx GCDrainStackTargetSize                   = 64                                        {product} {ergonomic}
   size_t InitialHeapSize                          = 268435456                                 {product} {ergonomic}
   size_t MarkStackSize                            = 4194304                                   {product} {ergonomic}
   size_t MaxHeapSize                              = 4273995776                                {product} {ergonomic}
   size_t MaxNewSize                               = 2562719744                                {product} {ergonomic}
   size_t MinHeapDeltaBytes                        = 2097152                                   {product} {ergonomic}
   size_t MinHeapSize                              = 8388608                                   {product} {ergonomic}
    uintx NonNMethodCodeHeapSize                   = 5839372                                {pd product} {ergonomic}
    uintx NonProfiledCodeHeapSize                  = 122909434                              {pd product} {ergonomic}
    uintx ProfiledCodeHeapSize                     = 122909434                              {pd product} {ergonomic}
    uintx ReservedCodeCacheSize                    = 251658240                              {pd product} {ergonomic}
     bool SegmentedCodeCache                       = true                                      {product} {ergonomic}
   size_t SoftMaxHeapSize                          = 4273995776                             {manageable} {ergonomic}
     bool UseCompressedClassPointers               = true                           {product lp64_product} {ergonomic}
     bool UseCompressedOops                        = true                           {product lp64_product} {ergonomic}
     bool UseG1GC                                  = true                                      {product} {ergonomic}
     bool UseLargePagesIndividualAllocation        = false                                  {pd product} {ergonomic}

Logging:
Log output configuration:
 #0: stdout all=warning uptime,level,tags
 #1: stderr all=off uptime,level,tags

Environment Variables:
JAVA_HOME=C:\Program Files\Android\Jdk\microsoft_dist_openjdk_1.8.0.25
PATH=C:\Program Files\Python312\Scripts\;C:\Program Files\Python312\;C:\Program Files\Python311\Scripts\;C:\Program Files\Python311\;C:\Program Files (x86)\Python38\Scripts\;C:\Program Files (x86)\Python38\;C:\Program Files\Microsoft MPI\Bin\;C:\Program Files (x86)\Common Files\Oracle\Java\javapath;C:\Windows\system32;C:\Windows;C:\Windows\System32\Wbem;C:\Windows\System32\WindowsPowerShell\v1.0\;C:\Windows\System32\OpenSSH\;C:\Program Files (x86)\Microsoft SQL Server\150\DTS\Binn\;C:\Program Files\dotnet\;C:\Program Files\Microsoft SQL Server\130\Tools\Binn\;C:\Program Files (x86)\Microsoft SQL Server\140\Tools\Binn\;C:\Program Files\Microsoft SQL Server\140\Tools\Binn\;C:\Program Files (x86)\Microsoft SQL Server\140\DTS\Binn\;C:\Program Files\Microsoft SQL Server\140\DTS\Binn\;C:\Program Files\Microsoft SQL Server\Client SDK\ODBC\130\Tools\Binn\;C:\Program Files\Microsoft SQL Server\Client SDK\ODBC\170\Tools\Binn\;C:\Program Files (x86)\IncrediBuild;C:\Program Files (x86)\NVIDIA Corporation\PhysX\Common;C:\Program Files\Git\cmd;C:\Program Files\Azure Data Studio\bin;C:\Program Files\Microsoft VS Code\bin;C:\Program Files (x86)\Kaspersky Lab\KES.12.2.0\;C:\User\pr111rybakov\AppData\Local\Microsoft\WindowsApps;
USERNAME=pr111rybakov
OS=Windows_NT
PROCESSOR_IDENTIFIER=Intel64 Family 6 Model 158 Stepping 13, GenuineIntel
TMP=C:\User\pr111rybakov\AppData\Local\Temp
TEMP=C:\User\pr111rybakov\AppData\Local\Temp


JNI global refs:
JNI global refs: 13, weak refs: 2

JNI global refs memory usage: 843, weak refs: 841

OOME stack traces (most recent first):
Classloader memory used:
Loader jdk.internal.loader.ClassLoaders$AppClassLoader                                 : 7648K
Loader bootstrap                                                                       : 1310K
Loader java.net.URLClassLoader                                                         : 130K
Loader jdk.internal.reflect.DelegatingClassLoader                                      : 2131B


---------------  S Y S T E M  ---------------

OS:
 Windows 10 , 64 bit Build 17763 (10.0.17763.4974)
OS uptime: 0 days 3:38 hours

CPU: total 8 (initial active 8) (8 cores per cpu, 1 threads per core) family 6 model 158 stepping 13 microcode 0xde, cx8, cmov, fxsr, mmx, 3dnowpref, sse, sse2, sse3, ssse3, sse4.1, sse4.2, popcnt, lzcnt, tsc, tscinvbit, avx, avx2, aes, erms, clmul, bmi1, bmi2, adx, fma, vzeroupper, clflush, clflushopt

Memory: 4k page, system-wide physical 16303M (2809M free)
TotalPageFile size 16303M (AvailPageFile size 55M)
current process WorkingSet (physical memory assigned to process): 415M, peak: 419M
current process commit charge ("private bytes"): 451M, peak: 509M

vm_info: OpenJDK 64-Bit Server VM (17.0.7+0-b2043.56-10550314) for windows-amd64 JRE (17.0.7+0-b2043.56-10550314), built on Jul 24 2023 18:27:45 by "androidbuild" with MS VC++ 16.10 / 16.11 (VS2019)

END.
