#
# There is insufficient memory for the Java Runtime Environment to continue.
# Native memory allocation (mmap) failed to map 117440512 bytes for G1 virtual space
# Possible reasons:
#   The system is out of physical RAM or swap space
#   The process is running with CompressedOops enabled, and the Java Heap may be blocking the growth of the native heap
# Possible solutions:
#   Reduce memory load on the system
#   Increase physical memory or swap space
#   Check if swap backing store is full
#   Decrease Java heap size (-Xmx/-Xms)
#   Decrease number of Java threads
#   Decrease Java thread stack sizes (-Xss)
#   Set larger code cache with -XX:ReservedCodeCacheSize=
#   JVM is running with Zero Based Compressed Oops mode in which the Java heap is
#     placed in the first 32GB address space. The Java Heap base address is the
#     maximum limit for the native heap growth. Please use -XX:HeapBaseMinAddress
#     to set the Java Heap base and to place the Java Heap above 32GB virtual address.
# This output file may be truncated or incomplete.
#
#  Out of Memory Error (os_windows.cpp:3771), pid=13232, tid=3960
#
# JRE version: OpenJDK Runtime Environment (17.0.7) (build 17.0.7+0-b2043.56-10550314)
# Java VM: OpenJDK 64-Bit Server VM (17.0.7+0-b2043.56-10550314, mixed mode, tiered, compressed oops, compressed class ptrs, g1 gc, windows-amd64)
# No core dump will be written. Minidumps are not enabled by default on client versions of Windows
#

---------------  S U M M A R Y ------------

Command Line: org.jetbrains.kotlin.cli.jvm.K2JVMCompiler @C:\User\pr111rybakov\AndroidStudioProjects\UmnuiDomikYoYoYo\app\build\20241114_15229803546470725684.compiler.options

Host: Intel(R) Core(TM) i7-9700 CPU @ 3.00GHz, 8 cores, 15G,  Windows 10 , 64 bit Build 17763 (10.0.17763.4974)
Time: Thu Nov 14 13:37:49 2024 ќмское стандартное врем€ elapsed time: 5.683340 seconds (0d 0h 0m 5s)

---------------  T H R E A D  ---------------

Current thread (0x00000289e87d5900):  VMThread "VM Thread" [stack: 0x000000f40bb00000,0x000000f40bc00000] [id=3960]

Stack: [0x000000f40bb00000,0x000000f40bc00000]
Native frames: (J=compiled Java code, j=interpreted, Vv=VM code, C=native code)
V  [jvm.dll+0x683bfa]
V  [jvm.dll+0x8430a4]
V  [jvm.dll+0x8449be]
V  [jvm.dll+0x845023]
V  [jvm.dll+0x24ad2f]
V  [jvm.dll+0x680ac9]
V  [jvm.dll+0x67519a]
V  [jvm.dll+0x30b3cb]
V  [jvm.dll+0x312876]
V  [jvm.dll+0x36221e]
V  [jvm.dll+0x36244f]
V  [jvm.dll+0x2e14a8]
V  [jvm.dll+0x2df684]
V  [jvm.dll+0x2dec8c]
V  [jvm.dll+0x32382b]
V  [jvm.dll+0x8496eb]
V  [jvm.dll+0x84a424]
V  [jvm.dll+0x84a93d]
V  [jvm.dll+0x84ad14]
V  [jvm.dll+0x84ade0]
V  [jvm.dll+0x7f2aea]
V  [jvm.dll+0x682a35]
C  [ucrtbase.dll+0x2268a]
C  [KERNEL32.DLL+0x17ac4]
C  [ntdll.dll+0x5a4e1]

VM_Operation (0x000000f40b5fd8b0): G1CollectForAllocation, mode: safepoint, requested by thread 0x00000289ca0172f0


---------------  P R O C E S S  ---------------

Threads class SMR info:
_java_thread_list=0x00000289ee2d3d40, length=14, elements={
0x00000289ca0172f0, 0x00000289e87c6590, 0x00000289e87c7400, 0x00000289e8af0540,
0x00000289e8af2260, 0x00000289e8af4e30, 0x00000289e8af57e0, 0x00000289e8af64c0,
0x00000289e8af7ee0, 0x00000289e8afd4d0, 0x00000289e8c69e90, 0x00000289e8c735e0,
0x00000289ed604020, 0x00000289eef0da80
}

Java Threads: ( => current thread )
  0x00000289ca0172f0 JavaThread "main" [_thread_blocked, id=11652, stack(0x000000f40b500000,0x000000f40b600000)]
  0x00000289e87c6590 JavaThread "Reference Handler" daemon [_thread_blocked, id=9640, stack(0x000000f40bc00000,0x000000f40bd00000)]
  0x00000289e87c7400 JavaThread "Finalizer" daemon [_thread_blocked, id=11476, stack(0x000000f40bd00000,0x000000f40be00000)]
  0x00000289e8af0540 JavaThread "Signal Dispatcher" daemon [_thread_blocked, id=1348, stack(0x000000f40be00000,0x000000f40bf00000)]
  0x00000289e8af2260 JavaThread "Attach Listener" daemon [_thread_blocked, id=13060, stack(0x000000f40bf00000,0x000000f40c000000)]
  0x00000289e8af4e30 JavaThread "Service Thread" daemon [_thread_blocked, id=9120, stack(0x000000f40c000000,0x000000f40c100000)]
  0x00000289e8af57e0 JavaThread "Monitor Deflation Thread" daemon [_thread_blocked, id=14116, stack(0x000000f40c100000,0x000000f40c200000)]
  0x00000289e8af64c0 JavaThread "C2 CompilerThread0" daemon [_thread_blocked, id=10424, stack(0x000000f40c200000,0x000000f40c300000)]
  0x00000289e8af7ee0 JavaThread "C1 CompilerThread0" daemon [_thread_blocked, id=11992, stack(0x000000f40c300000,0x000000f40c400000)]
  0x00000289e8afd4d0 JavaThread "Sweeper thread" daemon [_thread_blocked, id=12176, stack(0x000000f40c400000,0x000000f40c500000)]
  0x00000289e8c69e90 JavaThread "Notification Thread" daemon [_thread_blocked, id=12384, stack(0x000000f40c500000,0x000000f40c600000)]
  0x00000289e8c735e0 JavaThread "Common-Cleaner" daemon [_thread_blocked, id=13132, stack(0x000000f40c700000,0x000000f40c800000)]
  0x00000289ed604020 JavaThread "C2 CompilerThread1" daemon [_thread_in_native, id=12404, stack(0x000000f40cd00000,0x000000f40ce00000)]
  0x00000289eef0da80 JavaThread "C2 CompilerThread2" daemon [_thread_in_native, id=2476, stack(0x000000f40d100000,0x000000f40d200000)]

Other Threads:
=>0x00000289e87d5900 VMThread "VM Thread" [stack: 0x000000f40bb00000,0x000000f40bc00000] [id=3960]
  0x00000289ca09bcb0 WatcherThread [stack: 0x000000f40c600000,0x000000f40c700000] [id=13712]
  0x00000289ca083360 GCTaskThread "GC Thread#0" [stack: 0x000000f40b600000,0x000000f40b700000] [id=10260]
  0x00000289ed4ab020 GCTaskThread "GC Thread#1" [stack: 0x000000f40c800000,0x000000f40c900000] [id=5108]
  0x00000289ed4ab2d0 GCTaskThread "GC Thread#2" [stack: 0x000000f40c900000,0x000000f40ca00000] [id=6884]
  0x00000289ed4ab580 GCTaskThread "GC Thread#3" [stack: 0x000000f40ca00000,0x000000f40cb00000] [id=5176]
  0x00000289ed48fe90 GCTaskThread "GC Thread#4" [stack: 0x000000f40cb00000,0x000000f40cc00000] [id=13836]
  0x00000289ed490140 GCTaskThread "GC Thread#5" [stack: 0x000000f40cc00000,0x000000f40cd00000] [id=12848]
  0x00000289ed8e9ba0 GCTaskThread "GC Thread#6" [stack: 0x000000f40ce00000,0x000000f40cf00000] [id=11704]
  0x00000289ed9cfb80 GCTaskThread "GC Thread#7" [stack: 0x000000f40cf00000,0x000000f40d000000] [id=11920]
  0x00000289ca094160 ConcurrentGCThread "G1 Main Marker" [stack: 0x000000f40b700000,0x000000f40b800000] [id=13448]
  0x00000289ca094b70 ConcurrentGCThread "G1 Conc#0" [stack: 0x000000f40b800000,0x000000f40b900000] [id=1940]
  0x00000289ed9ceb60 ConcurrentGCThread "G1 Conc#1" [stack: 0x000000f40d000000,0x000000f40d100000] [id=11956]
  0x00000289e86bb4b0 ConcurrentGCThread "G1 Refine#0" [stack: 0x000000f40b900000,0x000000f40ba00000] [id=9436]
  0x00000289ee364ba0 ConcurrentGCThread "G1 Refine#1" [stack: 0x000000f40d200000,0x000000f40d300000] [id=12904]
  0x00000289ee362ee0 ConcurrentGCThread "G1 Refine#2" [stack: 0x000000f40d300000,0x000000f40d400000] [id=7052]
  0x00000289f3f02bc0 ConcurrentGCThread "G1 Refine#3" [stack: 0x000000f40d400000,0x000000f40d500000] [id=6824]
  0x00000289e86bbde0 ConcurrentGCThread "G1 Service" [stack: 0x000000f40ba00000,0x000000f40bb00000] [id=14004]

Threads with active compile tasks:
C2 CompilerThread0     5690 11104       4       org.jetbrains.kotlin.ir.types.IrTypePredicatesKt::isClassType (99 bytes)
C1 CompilerThread0     5690 11102       1       org.jetbrains.kotlin.codegen.optimization.fixStack.FixStackValue::getSize (5 bytes)
C2 CompilerThread1     5690 10801       4       org.jetbrains.kotlin.types.AbstractTypeMapper::mapType (561 bytes)
C2 CompilerThread2     5690 10808       4       org.jetbrains.kotlin.codegen.signature.JvmSignatureWriter::writeAsmType (73 bytes)

VM state: at safepoint (normal execution)

VM Mutex/Monitor currently owned by a thread:  ([mutex/lock_event])
[0x00000289ca012c30] Threads_lock - owner thread: 0x00000289e87d5900
[0x00000289ca013ec0] Heap_lock - owner thread: 0x00000289ca0172f0

Heap address: 0x0000000701400000, size: 4076 MB, Compressed Oops mode: Zero based, Oop shift amount: 3

CDS archive(s) not mapped
Compressed class space mapped at: 0x0000000800000000-0x0000000840000000, reserved size: 1073741824
Narrow klass base: 0x0000000800000000, Narrow klass shift: 0, Narrow klass range: 0x40000000

GC Precious Log:
 CPUs: 8 total, 8 available
 Memory: 16303M
 Large Page Support: Disabled
 NUMA Support: Disabled
 Compressed Oops: Enabled (Zero based)
 Heap Region Size: 2M
 Heap Min Capacity: 8M
 Heap Initial Capacity: 256M
 Heap Max Capacity: 4076M
 Pre-touch: Disabled
 Parallel Workers: 8
 Concurrent Workers: 2
 Concurrent Refinement Workers: 8
 Periodic GC: Disabled

Heap:
 garbage-first heap   total 139264K, used 57027K [0x0000000701400000, 0x0000000800000000)
  region size 2048K, 1 young (2048K), 1 survivors (2048K)
 Metaspace       used 73389K, committed 73664K, reserved 1179648K
  class space    used 7967K, committed 8064K, reserved 1048576K

Heap Regions: E=young(eden), S=young(survivor), O=old, HS=humongous(starts), HC=humongous(continues), CS=collection set, F=free, OA=open archive, CA=closed archive, TAMS=top-at-mark-start (previous, next)
|   0|0x0000000701400000, 0x0000000701600000, 0x0000000701600000|100%|HS|  |TAMS 0x0000000701600000, 0x0000000701400000| Complete 
|   1|0x0000000701600000, 0x0000000701800000, 0x0000000701800000|100%|HC|  |TAMS 0x0000000701800000, 0x0000000701600000| Complete 
|   2|0x0000000701800000, 0x0000000701a00000, 0x0000000701a00000|100%| O|  |TAMS 0x0000000701a00000, 0x0000000701800000| Untracked 
|   3|0x0000000701a00000, 0x0000000701a00000, 0x0000000701c00000|  0%| F|  |TAMS 0x0000000701a00000, 0x0000000701a00000| Untracked 
|   4|0x0000000701c00000, 0x0000000701e00000, 0x0000000701e00000|100%|HS|  |TAMS 0x0000000701e00000, 0x0000000701c00000| Complete 
|   5|0x0000000701e00000, 0x0000000702000000, 0x0000000702000000|100%| O|  |TAMS 0x0000000701e00000, 0x0000000701e00000| Untracked 
|   6|0x0000000702000000, 0x0000000702200000, 0x0000000702200000|100%| O|  |TAMS 0x0000000702200000, 0x0000000702000000| Untracked 
|   7|0x0000000702200000, 0x0000000702400000, 0x0000000702400000|100%| O|  |TAMS 0x0000000702400000, 0x0000000702200000| Untracked 
|   8|0x0000000702400000, 0x0000000702600000, 0x0000000702600000|100%| O|  |TAMS 0x0000000702600000, 0x0000000702400000| Untracked 
|   9|0x0000000702600000, 0x0000000702800000, 0x0000000702800000|100%| O|  |TAMS 0x0000000702800000, 0x0000000702600000| Untracked 
|  10|0x0000000702800000, 0x0000000702a00000, 0x0000000702a00000|100%| O|  |TAMS 0x0000000702a00000, 0x0000000702800000| Untracked 
|  11|0x0000000702a00000, 0x0000000702c00000, 0x0000000702c00000|100%| O|  |TAMS 0x0000000702c00000, 0x0000000702a00000| Untracked 
|  12|0x0000000702c00000, 0x0000000702e00000, 0x0000000702e00000|100%| O|  |TAMS 0x0000000702e00000, 0x0000000702c00000| Untracked 
|  13|0x0000000702e00000, 0x0000000703000000, 0x0000000703000000|100%| O|  |TAMS 0x0000000703000000, 0x0000000702e00000| Untracked 
|  14|0x0000000703000000, 0x0000000703200000, 0x0000000703200000|100%| O|  |TAMS 0x0000000703200000, 0x0000000703000000| Untracked 
|  15|0x0000000703200000, 0x0000000703400000, 0x0000000703400000|100%| O|  |TAMS 0x0000000703400000, 0x0000000703200000| Untracked 
|  16|0x0000000703400000, 0x0000000703600000, 0x0000000703600000|100%| O|  |TAMS 0x0000000703600000, 0x0000000703400000| Untracked 
|  17|0x0000000703600000, 0x0000000703800000, 0x0000000703800000|100%| O|  |TAMS 0x0000000703800000, 0x0000000703600000| Untracked 
|  18|0x0000000703800000, 0x0000000703a00000, 0x0000000703a00000|100%| O|  |TAMS 0x0000000703a00000, 0x0000000703800000| Untracked 
|  19|0x0000000703a00000, 0x0000000703c00000, 0x0000000703c00000|100%| O|  |TAMS 0x0000000703c00000, 0x0000000703a00000| Untracked 
|  20|0x0000000703c00000, 0x0000000703e00000, 0x0000000703e00000|100%| O|  |TAMS 0x0000000703e00000, 0x0000000703c00000| Untracked 
|  21|0x0000000703e00000, 0x0000000704000000, 0x0000000704000000|100%| O|  |TAMS 0x0000000704000000, 0x0000000703e00000| Untracked 
|  22|0x0000000704000000, 0x0000000704200000, 0x0000000704200000|100%| O|  |TAMS 0x0000000704200000, 0x0000000704000000| Untracked 
|  23|0x0000000704200000, 0x0000000704400000, 0x0000000704400000|100%| O|  |TAMS 0x0000000704400000, 0x0000000704200000| Untracked 
|  24|0x0000000704400000, 0x0000000704600000, 0x0000000704600000|100%| O|  |TAMS 0x0000000704600000, 0x0000000704400000| Untracked 
|  25|0x0000000704600000, 0x0000000704800000, 0x0000000704800000|100%| O|  |TAMS 0x0000000704800000, 0x0000000704600000| Untracked 
|  26|0x0000000704800000, 0x0000000704a00000, 0x0000000704a00000|100%| O|  |TAMS 0x0000000704a00000, 0x0000000704800000| Untracked 
|  27|0x0000000704a00000, 0x0000000704c00000, 0x0000000704c00000|100%| O|  |TAMS 0x0000000704c00000, 0x0000000704a00000| Untracked 
|  28|0x0000000704c00000, 0x0000000704d2d600, 0x0000000704e00000| 58%| O|  |TAMS 0x0000000704c00000, 0x0000000704c00000| Untracked 
|  29|0x0000000704e00000, 0x0000000704e00000, 0x0000000705000000|  0%| F|  |TAMS 0x0000000704e00000, 0x0000000704e00000| Untracked 
|  30|0x0000000705000000, 0x0000000705000000, 0x0000000705200000|  0%| F|  |TAMS 0x0000000705000000, 0x0000000705000000| Untracked 
|  31|0x0000000705200000, 0x0000000705200000, 0x0000000705400000|  0%| F|  |TAMS 0x0000000705200000, 0x0000000705200000| Untracked 
|  32|0x0000000705400000, 0x0000000705400000, 0x0000000705600000|  0%| F|  |TAMS 0x0000000705400000, 0x0000000705400000| Untracked 
|  33|0x0000000705600000, 0x0000000705600000, 0x0000000705800000|  0%| F|  |TAMS 0x0000000705600000, 0x0000000705600000| Untracked 
|  34|0x0000000705800000, 0x0000000705800000, 0x0000000705a00000|  0%| F|  |TAMS 0x0000000705800000, 0x0000000705800000| Untracked 
|  35|0x0000000705a00000, 0x0000000705a00000, 0x0000000705c00000|  0%| F|  |TAMS 0x0000000705a00000, 0x0000000705a00000| Untracked 
|  36|0x0000000705c00000, 0x0000000705c00000, 0x0000000705e00000|  0%| F|  |TAMS 0x0000000705c00000, 0x0000000705c00000| Untracked 
|  37|0x0000000705e00000, 0x0000000705e00000, 0x0000000706000000|  0%| F|  |TAMS 0x0000000705e00000, 0x0000000705e00000| Untracked 
|  38|0x0000000706000000, 0x0000000706000000, 0x0000000706200000|  0%| F|  |TAMS 0x0000000706000000, 0x0000000706000000| Untracked 
|  39|0x0000000706200000, 0x0000000706200000, 0x0000000706400000|  0%| F|  |TAMS 0x0000000706200000, 0x0000000706200000| Untracked 
|  40|0x0000000706400000, 0x0000000706400000, 0x0000000706600000|  0%| F|  |TAMS 0x0000000706400000, 0x0000000706400000| Untracked 
|  41|0x0000000706600000, 0x0000000706600000, 0x0000000706800000|  0%| F|  |TAMS 0x0000000706600000, 0x0000000706600000| Untracked 
|  42|0x0000000706800000, 0x0000000706800000, 0x0000000706a00000|  0%| F|  |TAMS 0x0000000706800000, 0x0000000706800000| Untracked 
|  43|0x0000000706a00000, 0x0000000706a00000, 0x0000000706c00000|  0%| F|  |TAMS 0x0000000706a00000, 0x0000000706a00000| Untracked 
|  44|0x0000000706c00000, 0x0000000706c00000, 0x0000000706e00000|  0%| F|  |TAMS 0x0000000706c00000, 0x0000000706c00000| Untracked 
|  45|0x0000000706e00000, 0x0000000706e00000, 0x0000000707000000|  0%| F|  |TAMS 0x0000000706e00000, 0x0000000706e00000| Untracked 
|  46|0x0000000707000000, 0x0000000707000000, 0x0000000707200000|  0%| F|  |TAMS 0x0000000707000000, 0x0000000707000000| Untracked 
|  47|0x0000000707200000, 0x0000000707200000, 0x0000000707400000|  0%| F|  |TAMS 0x0000000707200000, 0x0000000707200000| Untracked 
|  48|0x0000000707400000, 0x0000000707400000, 0x0000000707600000|  0%| F|  |TAMS 0x0000000707400000, 0x0000000707400000| Untracked 
|  49|0x0000000707600000, 0x0000000707600000, 0x0000000707800000|  0%| F|  |TAMS 0x0000000707600000, 0x0000000707600000| Untracked 
|  50|0x0000000707800000, 0x0000000707800000, 0x0000000707a00000|  0%| F|  |TAMS 0x0000000707800000, 0x0000000707800000| Untracked 
|  51|0x0000000707a00000, 0x0000000707a00000, 0x0000000707c00000|  0%| F|  |TAMS 0x0000000707a00000, 0x0000000707a00000| Untracked 
|  52|0x0000000707c00000, 0x0000000707c00000, 0x0000000707e00000|  0%| F|  |TAMS 0x0000000707c00000, 0x0000000707c00000| Untracked 
|  53|0x0000000707e00000, 0x0000000707e00000, 0x0000000708000000|  0%| F|  |TAMS 0x0000000707e00000, 0x0000000707e00000| Untracked 
|  54|0x0000000708000000, 0x0000000708000000, 0x0000000708200000|  0%| F|  |TAMS 0x0000000708000000, 0x0000000708000000| Untracked 
|  55|0x0000000708200000, 0x0000000708200000, 0x0000000708400000|  0%| F|  |TAMS 0x0000000708200000, 0x0000000708200000| Untracked 
|  56|0x0000000708400000, 0x0000000708400000, 0x0000000708600000|  0%| F|  |TAMS 0x0000000708400000, 0x0000000708400000| Untracked 
|  57|0x0000000708600000, 0x0000000708600000, 0x0000000708800000|  0%| F|  |TAMS 0x0000000708600000, 0x0000000708600000| Untracked 
|  58|0x0000000708800000, 0x0000000708800000, 0x0000000708a00000|  0%| F|  |TAMS 0x0000000708800000, 0x0000000708800000| Untracked 
|  59|0x0000000708a00000, 0x0000000708a83688, 0x0000000708c00000| 25%| S|CS|TAMS 0x0000000708a00000, 0x0000000708a00000| Complete 
|  60|0x0000000708c00000, 0x0000000708c00000, 0x0000000708e00000|  0%| F|  |TAMS 0x0000000708c00000, 0x0000000708c00000| Untracked 
|  61|0x0000000708e00000, 0x0000000708e00000, 0x0000000709000000|  0%| F|  |TAMS 0x0000000708e00000, 0x0000000708e00000| Untracked 
|  62|0x0000000709000000, 0x0000000709000000, 0x0000000709200000|  0%| F|  |TAMS 0x0000000709000000, 0x0000000709000000| Untracked 
|  63|0x0000000709200000, 0x0000000709200000, 0x0000000709400000|  0%| F|  |TAMS 0x0000000709200000, 0x0000000709200000| Untracked 
|  64|0x0000000709400000, 0x0000000709400000, 0x0000000709600000|  0%| F|  |TAMS 0x0000000709400000, 0x0000000709400000| Untracked 
|  65|0x0000000709600000, 0x0000000709600000, 0x0000000709800000|  0%| F|  |TAMS 0x0000000709600000, 0x0000000709600000| Untracked 
|  66|0x0000000709800000, 0x0000000709800000, 0x0000000709a00000|  0%| F|  |TAMS 0x0000000709800000, 0x0000000709800000| Untracked 
| 127|0x0000000711200000, 0x0000000711200000, 0x0000000711400000|  0%| F|  |TAMS 0x0000000711200000, 0x0000000711200000| Untracked 

Card table byte_map: [0x00000289dd020000,0x00000289dd820000] _byte_map_base: 0x00000289d9816000

Marking Bits (Prev, Next): (CMBitMap*) 0x00000289ca083970, (CMBitMap*) 0x00000289ca0839b0
 Prev Bits: [0x00000289de020000, 0x00000289e1fd0000)
 Next Bits: [0x00000289e1fd0000, 0x00000289e5f80000)

Polling page: 0x00000289c8010000

Metaspace:

Usage:
  Non-class:     63.89 MB used.
      Class:      7.78 MB used.
       Both:     71.67 MB used.

Virtual space:
  Non-class space:      128.00 MB reserved,      64.06 MB ( 50%) committed,  2 nodes.
      Class space:        1.00 GB reserved,       7.88 MB ( <1%) committed,  1 nodes.
             Both:        1.13 GB reserved,      71.94 MB (  6%) committed. 

Chunk freelists:
   Non-Class:  15.73 MB
       Class:  8.08 MB
        Both:  23.81 MB

MaxMetaspaceSize: unlimited
CompressedClassSpaceSize: 1.00 GB
Initial GC threshold: 21.00 MB
Current GC threshold: 113.13 MB
CDS: off
MetaspaceReclaimPolicy: balanced
 - commit_granule_bytes: 65536.
 - commit_granule_words: 8192.
 - virtual_space_node_default_size: 8388608.
 - enlarge_chunks_in_place: 1.
 - new_chunks_are_fully_committed: 0.
 - uncommit_free_chunks: 1.
 - use_allocation_guard: 0.
 - handle_deallocations: 1.


Internal statistics:

num_allocs_failed_limit: 15.
num_arena_births: 258.
num_arena_deaths: 0.
num_vsnodes_births: 3.
num_vsnodes_deaths: 0.
num_space_committed: 1149.
num_space_uncommitted: 0.
num_chunks_returned_to_freelist: 15.
num_chunks_taken_from_freelist: 2535.
num_chunk_merges: 15.
num_chunk_splits: 2151.
num_chunks_enlarged: 1950.
num_inconsistent_stats: 0.

CodeHeap 'non-profiled nmethods': size=120000Kb used=4790Kb max_used=5045Kb free=115209Kb
 bounds [0x00000289d4fb0000, 0x00000289d54a0000, 0x00000289dc4e0000]
CodeHeap 'profiled nmethods': size=120000Kb used=26374Kb max_used=26900Kb free=93625Kb
 bounds [0x00000289cd4e0000, 0x00000289cef60000, 0x00000289d4a10000]
CodeHeap 'non-nmethods': size=5760Kb used=1401Kb max_used=1478Kb free=4359Kb
 bounds [0x00000289d4a10000, 0x00000289d4c80000, 0x00000289d4fb0000]
 total_blobs=10009 nmethods=9283 adapters=635
 compilation: enabled
              stopped_count=0, restarted_count=0
 full_count=0

Compilation events (20 events):
Event: 5.673 Thread 0x00000289e8af7ee0 nmethod 11093 0x00000289d51d7f10 code [0x00000289d51d80a0, 0x00000289d51d8178]
Event: 5.673 Thread 0x00000289e8af7ee0 11094       2       org.jetbrains.kotlin.codegen.FrameMapBase::getIndex (30 bytes)
Event: 5.673 Thread 0x00000289e8af7ee0 nmethod 11094 0x00000289ce3a4310 code [0x00000289ce3a4520, 0x00000289ce3a4918]
Event: 5.673 Thread 0x00000289e8af7ee0 11095       2       org.jetbrains.kotlin.codegen.optimization.fixStack.FixStackAnalyzer$InternalAnalyzer$FixStackFrame::pop (8 bytes)
Event: 5.674 Thread 0x00000289e8af7ee0 nmethod 11095 0x00000289cdc10f90 code [0x00000289cdc11120, 0x00000289cdc11248]
Event: 5.674 Thread 0x00000289e8af7ee0 11097       2       org.jetbrains.kotlin.codegen.optimization.fixStack.FixStackAnalyzer$InternalAnalyzer::visitControlFlowEdge (49 bytes)
Event: 5.674 Thread 0x00000289e8af7ee0 nmethod 11097 0x00000289ce3a3d90 code [0x00000289ce3a3f40, 0x00000289ce3a4168]
Event: 5.674 Thread 0x00000289e8af7ee0 11096       2       org.jetbrains.kotlin.codegen.optimization.fixStack.FixStackAnalyzer$InternalAnalyzer$FixStackFrame::pop (56 bytes)
Event: 5.674 Thread 0x00000289e8af7ee0 nmethod 11096 0x00000289ce3a3210 code [0x00000289ce3a3440, 0x00000289ce3a3a28]
Event: 5.674 Thread 0x00000289e8af7ee0 11098       2       org.jetbrains.kotlin.codegen.optimization.fixStack.FixStackAnalyzer$InternalAnalyzer$FixStackFrame::execute (113 bytes)
Event: 5.675 Thread 0x00000289e8af7ee0 nmethod 11098 0x00000289cd59bc10 code [0x00000289cd59c000, 0x00000289cd59ce68]
Event: 5.675 Thread 0x00000289e8af7ee0 11100       2       org.jetbrains.kotlin.codegen.optimization.fixStack.FixStackAnalyzer$InternalAnalyzer$FixStackFrame::<init> (23 bytes)
Event: 5.675 Thread 0x00000289e8af7ee0 nmethod 11100 0x00000289ce3a2b90 code [0x00000289ce3a2d40, 0x00000289ce3a30f8]
Event: 5.675 Thread 0x00000289e8af7ee0 11099       2       org.jetbrains.kotlin.codegen.optimization.fixStack.FixStackAnalyzer$InternalAnalyzer::newFrame (14 bytes)
Event: 5.675 Thread 0x00000289e8af7ee0 nmethod 11099 0x00000289cd59b510 code [0x00000289cd59b6c0, 0x00000289cd59bad8]
Event: 5.675 Thread 0x00000289e8af7ee0 11101       2       org.jetbrains.kotlin.codegen.optimization.fixStack.FastStackAnalyzer::visitOpInsn (10 bytes)
Event: 5.675 Thread 0x00000289e8af64c0 nmethod 10803 0x00000289d5470790 code [0x00000289d5470a80, 0x00000289d5473048]
Event: 5.675 Thread 0x00000289e8af64c0 11104       4       org.jetbrains.kotlin.ir.types.IrTypePredicatesKt::isClassType (99 bytes)
Event: 5.675 Thread 0x00000289e8af7ee0 nmethod 11101 0x00000289ce3a2710 code [0x00000289ce3a28c0, 0x00000289ce3a2a38]
Event: 5.675 Thread 0x00000289e8af7ee0 11102       1       org.jetbrains.kotlin.codegen.optimization.fixStack.FixStackValue::getSize (5 bytes)

GC Heap History (20 events):
Event: 2.531 GC heap after
{Heap after GC invocations=14 (full 0):
 garbage-first heap   total 92160K, used 35405K [0x0000000701400000, 0x0000000800000000)
  region size 2048K, 2 young (4096K), 2 survivors (4096K)
 Metaspace       used 45560K, committed 45760K, reserved 1114112K
  class space    used 5360K, committed 5440K, reserved 1048576K
}
Event: 2.666 GC heap before
{Heap before GC invocations=14 (full 0):
 garbage-first heap   total 92160K, used 66125K [0x0000000701400000, 0x0000000800000000)
  region size 2048K, 17 young (34816K), 2 survivors (4096K)
 Metaspace       used 46027K, committed 46272K, reserved 1114112K
  class space    used 5391K, committed 5504K, reserved 1048576K
}
Event: 2.674 GC heap after
{Heap after GC invocations=15 (full 0):
 garbage-first heap   total 92160K, used 38075K [0x0000000701400000, 0x0000000800000000)
  region size 2048K, 2 young (4096K), 2 survivors (4096K)
 Metaspace       used 46027K, committed 46272K, reserved 1114112K
  class space    used 5391K, committed 5504K, reserved 1048576K
}
Event: 2.846 GC heap before
{Heap before GC invocations=15 (full 0):
 garbage-first heap   total 92160K, used 66747K [0x0000000701400000, 0x0000000800000000)
  region size 2048K, 16 young (32768K), 2 survivors (4096K)
 Metaspace       used 48752K, committed 48960K, reserved 1114112K
  class space    used 5721K, committed 5824K, reserved 1048576K
}
Event: 2.853 GC heap after
{Heap after GC invocations=16 (full 0):
 garbage-first heap   total 92160K, used 40264K [0x0000000701400000, 0x0000000800000000)
  region size 2048K, 1 young (2048K), 1 survivors (2048K)
 Metaspace       used 48752K, committed 48960K, reserved 1114112K
  class space    used 5721K, committed 5824K, reserved 1048576K
}
Event: 3.443 GC heap before
{Heap before GC invocations=16 (full 0):
 garbage-first heap   total 92160K, used 68936K [0x0000000701400000, 0x0000000800000000)
  region size 2048K, 15 young (30720K), 1 survivors (2048K)
 Metaspace       used 51816K, committed 52032K, reserved 1114112K
  class space    used 5993K, committed 6080K, reserved 1048576K
}
Event: 3.451 GC heap after
{Heap after GC invocations=17 (full 0):
 garbage-first heap   total 92160K, used 44059K [0x0000000701400000, 0x0000000800000000)
  region size 2048K, 2 young (4096K), 2 survivors (4096K)
 Metaspace       used 51816K, committed 52032K, reserved 1114112K
  class space    used 5993K, committed 6080K, reserved 1048576K
}
Event: 4.046 GC heap before
{Heap before GC invocations=17 (full 0):
 garbage-first heap   total 92160K, used 70683K [0x0000000701400000, 0x0000000800000000)
  region size 2048K, 15 young (30720K), 2 survivors (4096K)
 Metaspace       used 55197K, committed 55424K, reserved 1114112K
  class space    used 6241K, committed 6336K, reserved 1048576K
}
Event: 4.055 GC heap after
{Heap after GC invocations=18 (full 0):
 garbage-first heap   total 126976K, used 45828K [0x0000000701400000, 0x0000000800000000)
  region size 2048K, 1 young (2048K), 1 survivors (2048K)
 Metaspace       used 55197K, committed 55424K, reserved 1114112K
  class space    used 6241K, committed 6336K, reserved 1048576K
}
Event: 4.543 GC heap before
{Heap before GC invocations=18 (full 0):
 garbage-first heap   total 126976K, used 86788K [0x0000000701400000, 0x0000000800000000)
  region size 2048K, 22 young (45056K), 1 survivors (2048K)
 Metaspace       used 60190K, committed 60416K, reserved 1114112K
  class space    used 6718K, committed 6848K, reserved 1048576K
}
Event: 4.554 GC heap after
{Heap after GC invocations=19 (full 0):
 garbage-first heap   total 126976K, used 51479K [0x0000000701400000, 0x0000000800000000)
  region size 2048K, 4 young (8192K), 4 survivors (8192K)
 Metaspace       used 60190K, committed 60416K, reserved 1114112K
  class space    used 6718K, committed 6848K, reserved 1048576K
}
Event: 4.954 GC heap before
{Heap before GC invocations=20 (full 0):
 garbage-first heap   total 126976K, used 94487K [0x0000000701400000, 0x0000000800000000)
  region size 2048K, 26 young (53248K), 4 survivors (8192K)
 Metaspace       used 66990K, committed 67264K, reserved 1114112K
  class space    used 7417K, committed 7552K, reserved 1048576K
}
Event: 4.966 GC heap after
{Heap after GC invocations=21 (full 0):
 garbage-first heap   total 126976K, used 56143K [0x0000000701400000, 0x0000000800000000)
  region size 2048K, 3 young (6144K), 3 survivors (6144K)
 Metaspace       used 66990K, committed 67264K, reserved 1114112K
  class space    used 7417K, committed 7552K, reserved 1048576K
}
Event: 4.990 GC heap before
{Heap before GC invocations=21 (full 0):
 garbage-first heap   total 126976K, used 58191K [0x0000000701400000, 0x0000000800000000)
  region size 2048K, 4 young (8192K), 3 survivors (6144K)
 Metaspace       used 67354K, committed 67584K, reserved 1114112K
  class space    used 7453K, committed 7552K, reserved 1048576K
}
Event: 5.002 GC heap after
{Heap after GC invocations=22 (full 0):
 garbage-first heap   total 126976K, used 55774K [0x0000000701400000, 0x0000000800000000)
  region size 2048K, 1 young (2048K), 1 survivors (2048K)
 Metaspace       used 67354K, committed 67584K, reserved 1114112K
  class space    used 7453K, committed 7552K, reserved 1048576K
}
Event: 5.263 GC heap before
{Heap before GC invocations=22 (full 0):
 garbage-first heap   total 126976K, used 94686K [0x0000000701400000, 0x0000000800000000)
  region size 2048K, 20 young (40960K), 1 survivors (2048K)
 Metaspace       used 69227K, committed 69504K, reserved 1114112K
  class space    used 7604K, committed 7744K, reserved 1048576K
}
Event: 5.266 GC heap after
{Heap after GC invocations=23 (full 0):
 garbage-first heap   total 126976K, used 55807K [0x0000000701400000, 0x0000000800000000)
  region size 2048K, 1 young (2048K), 1 survivors (2048K)
 Metaspace       used 69227K, committed 69504K, reserved 1114112K
  class space    used 7604K, committed 7744K, reserved 1048576K
}
Event: 5.601 GC heap before
{Heap before GC invocations=24 (full 0):
 garbage-first heap   total 126976K, used 98815K [0x0000000701400000, 0x0000000800000000)
  region size 2048K, 22 young (45056K), 1 survivors (2048K)
 Metaspace       used 72915K, committed 73216K, reserved 1114112K
  class space    used 7925K, committed 8064K, reserved 1048576K
}
Event: 5.607 GC heap after
{Heap after GC invocations=25 (full 0):
 garbage-first heap   total 126976K, used 56745K [0x0000000701400000, 0x0000000800000000)
  region size 2048K, 1 young (2048K), 1 survivors (2048K)
 Metaspace       used 72915K, committed 73216K, reserved 1114112K
  class space    used 7925K, committed 8064K, reserved 1048576K
}
Event: 5.675 GC heap before
{Heap before GC invocations=25 (full 0):
 garbage-first heap   total 126976K, used 60841K [0x0000000701400000, 0x0000000800000000)
  region size 2048K, 3 young (6144K), 1 survivors (2048K)
 Metaspace       used 73389K, committed 73664K, reserved 1179648K
  class space    used 7967K, committed 8064K, reserved 1048576K
}

Dll operation events (2 events):
Event: 0.004 Loaded shared library C:\Program Files\Android\Android Studio\jbr\bin\java.dll
Event: 0.527 Loaded shared library C:\Program Files\Android\Android Studio\jbr\bin\verify.dll

Deoptimization events (20 events):
Event: 5.640 Thread 0x00000289ca0172f0 Uncommon trap: trap_request=0xffffff45 fr.pc=0x00000289d5169868 relative=0x00000000000001c8
Event: 5.640 Thread 0x00000289ca0172f0 Uncommon trap: reason=unstable_if action=reinterpret pc=0x00000289d5169868 method=java.util.regex.Matcher.reset()Ljava/util/regex/Matcher; @ 47 c2
Event: 5.640 Thread 0x00000289ca0172f0 DEOPT PACKING pc=0x00000289d5169868 sp=0x000000f40b5fce10
Event: 5.640 Thread 0x00000289ca0172f0 DEOPT UNPACKING pc=0x00000289d4a669a3 sp=0x000000f40b5fcda0 mode 2
Event: 5.642 Thread 0x00000289ca0172f0 Uncommon trap: trap_request=0xffffffc6 fr.pc=0x00000289d537756c relative=0x00000000000054ac
Event: 5.642 Thread 0x00000289ca0172f0 Uncommon trap: reason=bimorphic_or_optimized_type_check action=maybe_recompile pc=0x00000289d537756c method=org.jetbrains.kotlin.ir.types.IrTypeSystemContext$DefaultImpls.getNameForClassUnderKotlinPackage(Lorg/jetbrains/kotlin/ir/types/IrTypeSystemContext
Event: 5.642 Thread 0x00000289ca0172f0 DEOPT PACKING pc=0x00000289d537756c sp=0x000000f40b5fc9f0
Event: 5.642 Thread 0x00000289ca0172f0 DEOPT UNPACKING pc=0x00000289d4a669a3 sp=0x000000f40b5fc7f0 mode 2
Event: 5.649 Thread 0x00000289ca0172f0 Uncommon trap: trap_request=0xffffffde fr.pc=0x00000289d5335b74 relative=0x0000000000001734
Event: 5.649 Thread 0x00000289ca0172f0 Uncommon trap: reason=class_check action=maybe_recompile pc=0x00000289d5335b74 method=java.util.concurrent.ConcurrentHashMap.computeIfAbsent(Ljava/lang/Object;Ljava/util/function/Function;)Ljava/lang/Object; @ 323 c2
Event: 5.649 Thread 0x00000289ca0172f0 DEOPT PACKING pc=0x00000289d5335b74 sp=0x000000f40b5fb800
Event: 5.649 Thread 0x00000289ca0172f0 DEOPT UNPACKING pc=0x00000289d4a669a3 sp=0x000000f40b5fb780 mode 2
Event: 5.664 Thread 0x00000289ca0172f0 Uncommon trap: trap_request=0xffffffde fr.pc=0x00000289d54172ec relative=0x0000000000000d4c
Event: 5.664 Thread 0x00000289ca0172f0 Uncommon trap: reason=class_check action=maybe_recompile pc=0x00000289d54172ec method=org.jetbrains.kotlin.ir.types.IrTypeSystemContext$DefaultImpls.getNameForClassUnderKotlinPackage(Lorg/jetbrains/kotlin/ir/types/IrTypeSystemContext;Lorg/jetbrains/kotlin
Event: 5.664 Thread 0x00000289ca0172f0 DEOPT PACKING pc=0x00000289d54172ec sp=0x000000f40b5fd160
Event: 5.664 Thread 0x00000289ca0172f0 DEOPT UNPACKING pc=0x00000289d4a669a3 sp=0x000000f40b5fcfb8 mode 2
Event: 5.664 Thread 0x00000289ca0172f0 Uncommon trap: trap_request=0xffffffde fr.pc=0x00000289d544a9f8 relative=0x0000000000000c78
Event: 5.664 Thread 0x00000289ca0172f0 Uncommon trap: reason=class_check action=maybe_recompile pc=0x00000289d544a9f8 method=org.jetbrains.kotlin.ir.types.IrTypeSystemContext$DefaultImpls.getNameForClassUnderKotlinPackage(Lorg/jetbrains/kotlin/ir/types/IrTypeSystemContext;Lorg/jetbrains/kotlin
Event: 5.664 Thread 0x00000289ca0172f0 DEOPT PACKING pc=0x00000289d544a9f8 sp=0x000000f40b5fd0c0
Event: 5.664 Thread 0x00000289ca0172f0 DEOPT UNPACKING pc=0x00000289d4a669a3 sp=0x000000f40b5fcf80 mode 2

Classes unloaded (0 events):
No events

Classes redefined (0 events):
No events

Internal exceptions (20 events):
Event: 1.948 Thread 0x00000289ca0172f0 Exception <a 'java/lang/NoSuchMethodError'{0x000000070983c7b0}: 'int java.lang.invoke.DirectMethodHandle$Holder.invokeInterface(java.lang.Object, java.lang.Object)'> (0x000000070983c7b0) 
thrown [s\src\hotspot\share\interpreter\linkResolver.cpp, line 771]
Event: 2.004 Thread 0x00000289ca0172f0 Exception <a 'java/lang/NoSuchMethodError'{0x0000000705255448}: 'java.lang.Object java.lang.invoke.DirectMethodHandle$Holder.newInvokeSpecial(java.lang.Object, java.lang.Object, java.lang.Object, java.lang.Object, java.lang.Object, java.lang.Object)'> (0x0000000705255448) 
thrown [s\src\hotspot\share\interpreter\linkResolver.cpp, line 771]
Event: 2.424 Thread 0x00000289ca0172f0 Implicit null exception at 0x00000289d505bc10 to 0x00000289d505bfec
Event: 2.424 Thread 0x00000289ca0172f0 Implicit null exception at 0x00000289d4fefc0f to 0x00000289d4fefc89
Event: 2.707 Thread 0x00000289ca0172f0 Exception <a 'java/lang/NoSuchMethodError'{0x000000070634ca98}: 'java.lang.Object java.lang.invoke.DirectMethodHandle$Holder.newInvokeSpecial(java.lang.Object, java.lang.Object, java.lang.Object, java.lang.Object, java.lang.Object)'> (0x000000070634ca98) 
thrown [s\src\hotspot\share\interpreter\linkResolver.cpp, line 771]
Event: 2.751 Thread 0x00000289ca0172f0 Exception <a 'java/lang/NoSuchMethodError'{0x0000000705efbdb8}: 'int java.lang.invoke.DirectMethodHandle$Holder.invokeStaticInit(java.lang.Object, int)'> (0x0000000705efbdb8) 
thrown [s\src\hotspot\share\interpreter\linkResolver.cpp, line 771]
Event: 2.874 Thread 0x00000289ca0172f0 Implicit null exception at 0x00000289d509384c to 0x00000289d5093954
Event: 3.011 Thread 0x00000289ca0172f0 Exception <a 'java/lang/NoSuchMethodError'{0x000000070612f990}: 'java.lang.Object java.lang.invoke.DirectMethodHandle$Holder.newInvokeSpecial(java.lang.Object, java.lang.Object, java.lang.Object, java.lang.Object, java.lang.Object, java.lang.Object, java.lang.Object)'> (0x000000070612f990) 
thrown [s\src\hotspot\share\interpreter\linkResolver.cpp, line 771]
Event: 3.011 Thread 0x00000289ca0172f0 Exception <a 'java/lang/NoSuchMethodError'{0x0000000706134a98}: 'java.lang.Object java.lang.invoke.Invokers$Holder.linkToTargetMethod(java.lang.Object, java.lang.Object, java.lang.Object, java.lang.Object, java.lang.Object, java.lang.Object, java.lang.Object)'> (0x0000000706134a98) 
thrown [s\src\hotspot\share\interpreter\linkResolver.cpp, line 771]
Event: 3.020 Thread 0x00000289ca0172f0 Implicit null exception at 0x00000289d51b93c0 to 0x00000289d51b9bd8
Event: 3.260 Thread 0x00000289ca0172f0 Exception <a 'java/lang/NoSuchMethodError'{0x0000000705687a58}: 'java.lang.Object java.lang.invoke.DirectMethodHandle$Holder.invokeInterface(java.lang.Object, java.lang.Object, java.lang.Object)'> (0x0000000705687a58) 
thrown [s\src\hotspot\share\interpreter\linkResolver.cpp, line 771]
Event: 3.260 Thread 0x00000289ca0172f0 Exception <a 'java/lang/IncompatibleClassChangeError'{0x000000070568b3c8}: Found class java.lang.Object, but interface was expected> (0x000000070568b3c8) 
thrown [s\src\hotspot\share\interpreter\linkResolver.cpp, line 838]
Event: 3.921 Thread 0x00000289ca0172f0 Implicit null exception at 0x00000289d51334ef to 0x00000289d51336d0
Event: 4.165 Thread 0x00000289ca0172f0 Exception <a 'java/lang/NoSuchMethodError'{0x00000007082c6548}: 'java.lang.Object java.lang.invoke.DirectMethodHandle$Holder.newInvokeSpecial(java.lang.Object, java.lang.Object, java.lang.Object, int, int)'> (0x00000007082c6548) 
thrown [s\src\hotspot\share\interpreter\linkResolver.cpp, line 771]
Event: 4.165 Thread 0x00000289ca0172f0 Exception <a 'java/lang/NoSuchMethodError'{0x00000007082ca388}: 'java.lang.Object java.lang.invoke.DirectMethodHandle$Holder.invokeSpecial(java.lang.Object, java.lang.Object, java.lang.Object, java.lang.Object, int, int)'> (0x00000007082ca388) 
thrown [s\src\hotspot\share\interpreter\linkResolver.cpp, line 771]
Event: 4.180 Thread 0x00000289ca0172f0 Exception <a 'java/lang/NoSuchMethodError'{0x00000007083ad4e0}: 'java.lang.Object java.lang.invoke.Invokers$Holder.linkToTargetMethod(java.lang.Object, java.lang.Object, int, int, java.lang.Object, java.lang.Object, java.lang.Object, java.lang.Object, java.lang.Object)'> (0x00000007083ad4e0) 
thrown [s\src\hotspot\share\interpreter\linkResolver.cpp, line 771]
Event: 4.367 Thread 0x00000289ca0172f0 Exception <a 'java/lang/NoSuchMethodError'{0x00000007074f2a00}: 'java.lang.Object java.lang.invoke.DirectMethodHandle$Holder.invokeStatic(java.lang.Object, int, java.lang.Object)'> (0x00000007074f2a00) 
thrown [s\src\hotspot\share\interpreter\linkResolver.cpp, line 771]
Event: 4.372 Thread 0x00000289ca0172f0 Exception <a 'java/lang/NoSuchMethodError'{0x00000007075183f8}: 'java.lang.Object java.lang.invoke.DirectMethodHandle$Holder.newInvokeSpecial(java.lang.Object, int, java.lang.Object, java.lang.Object)'> (0x00000007075183f8) 
thrown [s\src\hotspot\share\interpreter\linkResolver.cpp, line 771]
Event: 4.413 Thread 0x00000289ca0172f0 Implicit null exception at 0x00000289d525dec0 to 0x00000289d525e7af
Event: 4.755 Thread 0x00000289ca0172f0 Implicit null exception at 0x00000289d505ecf0 to 0x00000289d505ef50

VM Operations (20 events):
Event: 5.361 Executing VM operation: HandshakeAllThreads done
Event: 5.366 Executing VM operation: HandshakeAllThreads
Event: 5.366 Executing VM operation: HandshakeAllThreads done
Event: 5.370 Executing VM operation: HandshakeAllThreads
Event: 5.370 Executing VM operation: HandshakeAllThreads done
Event: 5.371 Executing VM operation: HandshakeAllThreads
Event: 5.371 Executing VM operation: HandshakeAllThreads done
Event: 5.385 Executing VM operation: HandshakeAllThreads
Event: 5.385 Executing VM operation: HandshakeAllThreads done
Event: 5.492 Executing VM operation: ICBufferFull
Event: 5.493 Executing VM operation: ICBufferFull done
Event: 5.601 Executing VM operation: G1CollectForAllocation
Event: 5.607 Executing VM operation: G1CollectForAllocation done
Event: 5.628 Executing VM operation: HandshakeAllThreads
Event: 5.629 Executing VM operation: HandshakeAllThreads done
Event: 5.653 Executing VM operation: HandshakeAllThreads
Event: 5.653 Executing VM operation: HandshakeAllThreads done
Event: 5.658 Executing VM operation: ICBufferFull
Event: 5.658 Executing VM operation: ICBufferFull done
Event: 5.675 Executing VM operation: G1CollectForAllocation

Events (20 events):
Event: 5.371 Thread 0x00000289e8afd4d0 flushing nmethod 0x00000289cecbdf90
Event: 5.371 Thread 0x00000289e8afd4d0 flushing nmethod 0x00000289ceccef90
Event: 5.371 Thread 0x00000289e8afd4d0 flushing nmethod 0x00000289cecd2790
Event: 5.371 Thread 0x00000289e8afd4d0 flushing nmethod 0x00000289cecd3810
Event: 5.371 Thread 0x00000289e8afd4d0 flushing nmethod 0x00000289cece3d10
Event: 5.371 Thread 0x00000289e8afd4d0 flushing nmethod 0x00000289ced1b290
Event: 5.371 Thread 0x00000289e8afd4d0 flushing nmethod 0x00000289ced23510
Event: 5.371 Thread 0x00000289e8afd4d0 flushing nmethod 0x00000289ced37910
Event: 5.371 Thread 0x00000289e8afd4d0 flushing nmethod 0x00000289ced75910
Event: 5.371 Thread 0x00000289e8afd4d0 flushing nmethod 0x00000289ceda8210
Event: 5.371 Thread 0x00000289e8afd4d0 flushing nmethod 0x00000289cedd4d10
Event: 5.371 Thread 0x00000289e8afd4d0 flushing nmethod 0x00000289ceddb510
Event: 5.371 Thread 0x00000289e8afd4d0 flushing nmethod 0x00000289cee19e90
Event: 5.372 Thread 0x00000289e8afd4d0 flushing nmethod 0x00000289cee2f390
Event: 5.372 Thread 0x00000289e8afd4d0 flushing nmethod 0x00000289cee4a390
Event: 5.372 Thread 0x00000289e8afd4d0 flushing nmethod 0x00000289cee57f90
Event: 5.542 loading class java/util/Vector$Itr
Event: 5.542 loading class java/util/Vector$Itr done
Event: 5.640 loading class java/util/regex/Pattern$Dollar
Event: 5.640 loading class java/util/regex/Pattern$Dollar done


Dynamic libraries:
0x00007ff774660000 - 0x00007ff77466a000 	C:\Program Files\Android\Android Studio\jbr\bin\java.exe
0x00007ff9b90c0000 - 0x00007ff9b92ae000 	C:\Windows\SYSTEM32\ntdll.dll
0x00007ff9b8fa0000 - 0x00007ff9b9053000 	C:\Windows\System32\KERNEL32.DLL
0x00007ff9b5e70000 - 0x00007ff9b610d000 	C:\Windows\System32\KERNELBASE.dll
0x00007ff9b61b0000 - 0x00007ff9b62aa000 	C:\Windows\System32\ucrtbase.dll
0x00007ff99e300000 - 0x00007ff99e317000 	C:\Program Files\Android\Android Studio\jbr\bin\jli.dll
0x00007ff9825a0000 - 0x00007ff9825bb000 	C:\Program Files\Android\Android Studio\jbr\bin\VCRUNTIME140.dll
0x00007ff9b7540000 - 0x00007ff9b76d7000 	C:\Windows\System32\USER32.dll
0x00007ff995bb0000 - 0x00007ff995e29000 	C:\Windows\WinSxS\amd64_microsoft.windows.common-controls_6595b64144ccf1df_6.0.17763.5696_none_de7663245346b1ca\COMCTL32.dll
0x00007ff9b5ba0000 - 0x00007ff9b5bc0000 	C:\Windows\System32\win32u.dll
0x00007ff9b8e20000 - 0x00007ff9b8e49000 	C:\Windows\System32\GDI32.dll
0x00007ff9b8e50000 - 0x00007ff9b8eee000 	C:\Windows\System32\msvcrt.dll
0x00007ff9b59c0000 - 0x00007ff9b5b6a000 	C:\Windows\System32\gdi32full.dll
0x00007ff9b6bc0000 - 0x00007ff9b6eeb000 	C:\Windows\System32\combase.dll
0x00007ff9b6110000 - 0x00007ff9b61b0000 	C:\Windows\System32\msvcp_win.dll
0x00007ff9b69f0000 - 0x00007ff9b6b08000 	C:\Windows\System32\RPCRT4.dll
0x00007ff9b58e0000 - 0x00007ff9b5962000 	C:\Windows\System32\bcryptPrimitives.dll
0x00007ff9b6550000 - 0x00007ff9b657e000 	C:\Windows\System32\IMM32.DLL
0x00007ff99d9b0000 - 0x00007ff99d9bc000 	C:\Program Files\Android\Android Studio\jbr\bin\vcruntime140_1.dll
0x00007ff94efb0000 - 0x00007ff94f03d000 	C:\Program Files\Android\Android Studio\jbr\bin\msvcp140.dll
0x00007ff973f40000 - 0x00007ff974bc0000 	C:\Program Files\Android\Android Studio\jbr\bin\server\jvm.dll
0x00007ff9b8c40000 - 0x00007ff9b8ce8000 	C:\Windows\System32\ADVAPI32.dll
0x00007ff9b6ef0000 - 0x00007ff9b6f92000 	C:\Windows\System32\sechost.dll
0x00007ff9b5b70000 - 0x00007ff9b5b96000 	C:\Windows\System32\bcrypt.dll
0x00007ff99fbe0000 - 0x00007ff99fbe9000 	C:\Windows\SYSTEM32\WSOCK32.dll
0x00007ff9b6790000 - 0x00007ff9b67fd000 	C:\Windows\System32\WS2_32.dll
0x00007ff9af400000 - 0x00007ff9af40a000 	C:\Windows\SYSTEM32\VERSION.dll
0x00007ff9b2e00000 - 0x00007ff9b2e24000 	C:\Windows\SYSTEM32\WINMM.dll
0x00007ff9b2d30000 - 0x00007ff9b2d5d000 	C:\Windows\SYSTEM32\WINMMBASE.dll
0x00007ff9b5970000 - 0x00007ff9b59ba000 	C:\Windows\System32\cfgmgr32.dll
0x00007ff9b5090000 - 0x00007ff9b50a1000 	C:\Windows\System32\kernel.appcore.dll
0x00007ff9af420000 - 0x00007ff9af42a000 	C:\Program Files\Android\Android Studio\jbr\bin\jimage.dll
0x00007ff99ff60000 - 0x00007ff9a014d000 	C:\Windows\SYSTEM32\DBGHELP.DLL
0x00007ff99f0e0000 - 0x00007ff99f10a000 	C:\Windows\SYSTEM32\dbgcore.DLL
0x00007ff9add90000 - 0x00007ff9addb5000 	C:\Program Files\Android\Android Studio\jbr\bin\java.dll
0x00007ff9aee10000 - 0x00007ff9aee28000 	C:\Program Files\Android\Android Studio\jbr\bin\zip.dll
0x00007ff9b76e0000 - 0x00007ff9b8bd8000 	C:\Windows\System32\SHELL32.dll
0x00007ff9b6fa0000 - 0x00007ff9b7047000 	C:\Windows\System32\shcore.dll
0x00007ff9b5170000 - 0x00007ff9b58b7000 	C:\Windows\System32\windows.storage.dll
0x00007ff9b5060000 - 0x00007ff9b5083000 	C:\Windows\System32\profapi.dll
0x00007ff9b50b0000 - 0x00007ff9b510d000 	C:\Windows\System32\powrprof.dll
0x00007ff9b74e0000 - 0x00007ff9b7532000 	C:\Windows\System32\shlwapi.dll
0x00007ff9b58c0000 - 0x00007ff9b58db000 	C:\Windows\System32\cryptsp.dll
0x00007ff9adf90000 - 0x00007ff9adfa9000 	C:\Program Files\Android\Android Studio\jbr\bin\net.dll
0x00007ff9b0b10000 - 0x00007ff9b0c0d000 	C:\Windows\SYSTEM32\WINHTTP.dll
0x00007ff9b4890000 - 0x00007ff9b48f7000 	C:\Windows\system32\mswsock.dll
0x00007ff9aba60000 - 0x00007ff9aba76000 	C:\Program Files\Android\Android Studio\jbr\bin\nio.dll
0x00007ff9acf80000 - 0x00007ff9acf90000 	C:\Program Files\Android\Android Studio\jbr\bin\verify.dll

dbghelp: loaded successfully - version: 4.0.5 - missing functions: none
symbol engine: initialized successfully - sym options: 0x614 - pdb path: .;C:\Program Files\Android\Android Studio\jbr\bin;C:\Windows\SYSTEM32;C:\Windows\WinSxS\amd64_microsoft.windows.common-controls_6595b64144ccf1df_6.0.17763.5696_none_de7663245346b1ca;C:\Program Files\Android\Android Studio\jbr\bin\server

VM Arguments:
java_command: org.jetbrains.kotlin.cli.jvm.K2JVMCompiler @C:\User\pr111rybakov\AndroidStudioProjects\UmnuiDomikYoYoYo\app\build\20241114_15229803546470725684.compiler.options
java_class_path (initial): C:\User\pr111rybakov\.gradle\caches\modules-2\files-2.1\org.jetbrains.kotlin\kotlin-compiler-embeddable\1.9.22\9cd4dc7773cf2a99ecd961a88fbbc9a2da3fb5e1\kotlin-compiler-embeddable-1.9.22.jar;C:\User\pr111rybakov\.gradle\caches\modules-2\files-2.1\org.jetbrains.kotlin\kotlin-stdlib\1.9.22\d6c44cd08d8f3f9bece8101216dbe6553365c6e3\kotlin-stdlib-1.9.22.jar;C:\User\pr111rybakov\.gradle\caches\modules-2\files-2.1\org.jetbrains.kotlin\kotlin-script-runtime\1.9.22\f8139a46fc677ec9badc49ae954392f4f5e7e7c7\kotlin-script-runtime-1.9.22.jar;C:\User\pr111rybakov\.gradle\caches\modules-2\files-2.1\org.jetbrains.kotlin\kotlin-reflect\1.6.10\1cbe9c92c12a94eea200d23c2bbaedaf3daf5132\kotlin-reflect-1.6.10.jar;C:\User\pr111rybakov\.gradle\caches\modules-2\files-2.1\org.jetbrains.kotlin\kotlin-daemon-embeddable\1.9.22\20e2c5df715f3240c765cfc222530e2796542021\kotlin-daemon-embeddable-1.9.22.jar;C:\User\pr111rybakov\.gradle\caches\modules-2\files-2.1\org.jetbrains.intellij.deps\trove4j\1.0.20200330\3afb14d5f9ceb459d724e907a21145e8ff394f02\trove4j-1.0.20200330.jar;C:\User\pr111rybakov\.gradle\caches\modules-2\files-2.1\org.jetbrains\annotations\13.0\919f0dfe192fb4e063e7dacadee7f8bb9a2672a9\annotations-13.0.jar
Launcher Type: SUN_STANDARD

[Global flags]
     intx CICompilerCount                          = 4                                         {product} {ergonomic}
     uint ConcGCThreads                            = 2                                         {product} {ergonomic}
     uint G1ConcRefinementThreads                  = 8                                         {product} {ergonomic}
   size_t G1HeapRegionSize                         = 2097152                                   {product} {ergonomic}
    uintx GCDrainStackTargetSize                   = 64                                        {product} {ergonomic}
   size_t InitialHeapSize                          = 268435456                                 {product} {ergonomic}
   size_t MarkStackSize                            = 4194304                                   {product} {ergonomic}
   size_t MaxHeapSize                              = 4273995776                                {product} {ergonomic}
   size_t MaxNewSize                               = 2562719744                                {product} {ergonomic}
   size_t MinHeapDeltaBytes                        = 2097152                                   {product} {ergonomic}
   size_t MinHeapSize                              = 8388608                                   {product} {ergonomic}
    uintx NonNMethodCodeHeapSize                   = 5839372                                {pd product} {ergonomic}
    uintx NonProfiledCodeHeapSize                  = 122909434                              {pd product} {ergonomic}
    uintx ProfiledCodeHeapSize                     = 122909434                              {pd product} {ergonomic}
    uintx ReservedCodeCacheSize                    = 251658240                              {pd product} {ergonomic}
     bool SegmentedCodeCache                       = true                                      {product} {ergonomic}
   size_t SoftMaxHeapSize                          = 4273995776                             {manageable} {ergonomic}
     bool UseCompressedClassPointers               = true                           {product lp64_product} {ergonomic}
     bool UseCompressedOops                        = true                           {product lp64_product} {ergonomic}
     bool UseG1GC                                  = true                                      {product} {ergonomic}
     bool UseLargePagesIndividualAllocation        = false                                  {pd product} {ergonomic}

Logging:
Log output configuration:
 #0: stdout all=warning uptime,level,tags
 #1: stderr all=off uptime,level,tags

Environment Variables:
JAVA_HOME=C:\Program Files\Android\Jdk\microsoft_dist_openjdk_1.8.0.25
PATH=C:\Program Files\Python312\Scripts\;C:\Program Files\Python312\;C:\Program Files\Python311\Scripts\;C:\Program Files\Python311\;C:\Program Files (x86)\Python38\Scripts\;C:\Program Files (x86)\Python38\;C:\Program Files\Microsoft MPI\Bin\;C:\Program Files (x86)\Common Files\Oracle\Java\javapath;C:\Windows\system32;C:\Windows;C:\Windows\System32\Wbem;C:\Windows\System32\WindowsPowerShell\v1.0\;C:\Windows\System32\OpenSSH\;C:\Program Files (x86)\Microsoft SQL Server\150\DTS\Binn\;C:\Program Files\dotnet\;C:\Program Files\Microsoft SQL Server\130\Tools\Binn\;C:\Program Files (x86)\Microsoft SQL Server\140\Tools\Binn\;C:\Program Files\Microsoft SQL Server\140\Tools\Binn\;C:\Program Files (x86)\Microsoft SQL Server\140\DTS\Binn\;C:\Program Files\Microsoft SQL Server\140\DTS\Binn\;C:\Program Files\Microsoft SQL Server\Client SDK\ODBC\130\Tools\Binn\;C:\Program Files\Microsoft SQL Server\Client SDK\ODBC\170\Tools\Binn\;C:\Program Files (x86)\IncrediBuild;C:\Program Files (x86)\NVIDIA Corporation\PhysX\Common;C:\Program Files\Git\cmd;C:\Program Files\Azure Data Studio\bin;C:\Program Files\Microsoft VS Code\bin;C:\Program Files (x86)\Kaspersky Lab\KES.12.2.0\;C:\User\pr111rybakov\AppData\Local\Microsoft\WindowsApps;
USERNAME=pr111rybakov
OS=Windows_NT
PROCESSOR_IDENTIFIER=Intel64 Family 6 Model 158 Stepping 13, GenuineIntel
TMP=C:\User\pr111rybakov\AppData\Local\Temp
TEMP=C:\User\pr111rybakov\AppData\Local\Temp


JNI global refs:
JNI global refs: 14, weak refs: 17

JNI global refs memory usage: 843, weak refs: 841

OOME stack traces (most recent first):
Classloader memory used:
Loader jdk.internal.loader.ClassLoaders$AppClassLoader                                 : 7848K
Loader bootstrap                                                                       : 1313K
Loader jdk.internal.reflect.DelegatingClassLoader                                      : 11313B


---------------  S Y S T E M  ---------------

OS:
 Windows 10 , 64 bit Build 17763 (10.0.17763.4974)
OS uptime: 0 days 4:16 hours

CPU: total 8 (initial active 8) (8 cores per cpu, 1 threads per core) family 6 model 158 stepping 13 microcode 0xde, cx8, cmov, fxsr, mmx, 3dnowpref, sse, sse2, sse3, ssse3, sse4.1, sse4.2, popcnt, lzcnt, tsc, tscinvbit, avx, avx2, aes, erms, clmul, bmi1, bmi2, adx, fma, vzeroupper, clflush, clflushopt

Memory: 4k page, system-wide physical 16303M (2469M free)
TotalPageFile size 16303M (AvailPageFile size 48M)
current process WorkingSet (physical memory assigned to process): 346M, peak: 346M
current process commit charge ("private bytes"): 396M, peak: 507M

vm_info: OpenJDK 64-Bit Server VM (17.0.7+0-b2043.56-10550314) for windows-amd64 JRE (17.0.7+0-b2043.56-10550314), built on Jul 24 2023 18:27:45 by "androidbuild" with MS VC++ 16.10 / 16.11 (VS2019)

END.
