#
# There is insufficient memory for the Java Runtime Environment to continue.
# Native memory allocation (malloc) failed to allocate 1597216 bytes for Chunk::new
# Possible reasons:
#   The system is out of physical RAM or swap space
#   The process is running with CompressedOops enabled, and the Java Heap may be blocking the growth of the native heap
# Possible solutions:
#   Reduce memory load on the system
#   Increase physical memory or swap space
#   Check if swap backing store is full
#   Decrease Java heap size (-Xmx/-Xms)
#   Decrease number of Java threads
#   Decrease Java thread stack sizes (-Xss)
#   Set larger code cache with -XX:ReservedCodeCacheSize=
#   JVM is running with Zero Based Compressed Oops mode in which the Java heap is
#     placed in the first 32GB address space. The Java Heap base address is the
#     maximum limit for the native heap growth. Please use -XX:HeapBaseMinAddress
#     to set the Java Heap base and to place the Java Heap above 32GB virtual address.
# This output file may be truncated or incomplete.
#
#  Out of Memory Error (arena.cpp:189), pid=2380, tid=13912
#
# JRE version: OpenJDK Runtime Environment (17.0.7) (build 17.0.7+0-b2043.56-10550314)
# Java VM: OpenJDK 64-Bit Server VM (17.0.7+0-b2043.56-10550314, mixed mode, tiered, compressed oops, compressed class ptrs, g1 gc, windows-amd64)
# No core dump will be written. Minidumps are not enabled by default on client versions of Windows
#

---------------  S U M M A R Y ------------

Command Line: org.jetbrains.kotlin.cli.jvm.K2JVMCompiler @C:\User\pr111rybakov\AndroidStudioProjects\UmnuiDomikYoYoYo\app\build\20241123_5580685156387826872.compiler.options

Host: Intel(R) Core(TM) i7-9700 CPU @ 3.00GHz, 8 cores, 15G,  Windows 10 , 64 bit Build 17763 (10.0.17763.4974)
Time: Sat Nov 23 11:35:14 2024 ќмское стандартное врем€ elapsed time: 6.545818 seconds (0d 0h 0m 6s)

---------------  T H R E A D  ---------------

Current thread (0x000001a17f698f40):  JavaThread "C2 CompilerThread0" daemon [_thread_in_native, id=13912, stack(0x0000007e42d00000,0x0000007e42e00000)]


Current CompileTask:
C2:   6545 13825       4       org.jetbrains.kotlin.types.AbstractTypeMapper::mapType (561 bytes)

Stack: [0x0000007e42d00000,0x0000007e42e00000]
Native frames: (J=compiled Java code, j=interpreted, Vv=VM code, C=native code)
V  [jvm.dll+0x683bfa]
V  [jvm.dll+0x8430a4]
V  [jvm.dll+0x8449be]
V  [jvm.dll+0x845023]
V  [jvm.dll+0x24ad2f]
V  [jvm.dll+0xac25c]
V  [jvm.dll+0xac82c]
V  [jvm.dll+0x36a187]
V  [jvm.dll+0x334821]
V  [jvm.dll+0x333cca]
V  [jvm.dll+0x21d251]
V  [jvm.dll+0x21c671]
V  [jvm.dll+0x1a605d]
V  [jvm.dll+0x22c148]
V  [jvm.dll+0x22a209]
V  [jvm.dll+0x7f858c]
V  [jvm.dll+0x7f2aea]
V  [jvm.dll+0x682a35]
C  [ucrtbase.dll+0x2268a]
C  [KERNEL32.DLL+0x17ac4]
C  [ntdll.dll+0x5a4e1]


---------------  P R O C E S S  ---------------

Threads class SMR info:
_java_thread_list=0x000001a106bae920, length=14, elements={
0x000001a162bd8fa0, 0x000001a17ef2b680, 0x000001a17ef463d0, 0x000001a17f6a0170,
0x000001a17f6949a0, 0x000001a17f697a90, 0x000001a17f698350, 0x000001a17f698f40,
0x000001a17f699840, 0x000001a17f6b0e20, 0x000001a17f80e760, 0x000001a17f8116f0,
0x000001a17f944200, 0x000001a1069ba530
}

Java Threads: ( => current thread )
  0x000001a162bd8fa0 JavaThread "main" [_thread_in_Java, id=7896, stack(0x0000007e42000000,0x0000007e42100000)]
  0x000001a17ef2b680 JavaThread "Reference Handler" daemon [_thread_blocked, id=13676, stack(0x0000007e42700000,0x0000007e42800000)]
  0x000001a17ef463d0 JavaThread "Finalizer" daemon [_thread_blocked, id=7988, stack(0x0000007e42800000,0x0000007e42900000)]
  0x000001a17f6a0170 JavaThread "Signal Dispatcher" daemon [_thread_blocked, id=3208, stack(0x0000007e42900000,0x0000007e42a00000)]
  0x000001a17f6949a0 JavaThread "Attach Listener" daemon [_thread_blocked, id=15340, stack(0x0000007e42a00000,0x0000007e42b00000)]
  0x000001a17f697a90 JavaThread "Service Thread" daemon [_thread_blocked, id=15092, stack(0x0000007e42b00000,0x0000007e42c00000)]
  0x000001a17f698350 JavaThread "Monitor Deflation Thread" daemon [_thread_blocked, id=15180, stack(0x0000007e42c00000,0x0000007e42d00000)]
=>0x000001a17f698f40 JavaThread "C2 CompilerThread0" daemon [_thread_in_native, id=13912, stack(0x0000007e42d00000,0x0000007e42e00000)]
  0x000001a17f699840 JavaThread "C1 CompilerThread0" daemon [_thread_in_vm, id=3512, stack(0x0000007e42e00000,0x0000007e42f00000)]
  0x000001a17f6b0e20 JavaThread "Sweeper thread" daemon [_thread_blocked, id=14492, stack(0x0000007e42f00000,0x0000007e43000000)]
  0x000001a17f80e760 JavaThread "Notification Thread" daemon [_thread_blocked, id=4448, stack(0x0000007e43000000,0x0000007e43100000)]
  0x000001a17f8116f0 JavaThread "Common-Cleaner" daemon [_thread_blocked, id=14888, stack(0x0000007e43200000,0x0000007e43300000)]
  0x000001a17f944200 JavaThread "C2 CompilerThread1" daemon [_thread_blocked, id=15312, stack(0x0000007e43300000,0x0000007e43400000)]
  0x000001a1069ba530 JavaThread "C2 CompilerThread2" daemon [_thread_in_native, id=11548, stack(0x0000007e43c00000,0x0000007e43d00000)]

Other Threads:
  0x000001a17ef27650 VMThread "VM Thread" [stack: 0x0000007e42600000,0x0000007e42700000] [id=4496]
  0x000001a17f810c40 WatcherThread [stack: 0x0000007e43100000,0x0000007e43200000] [id=14392]
  0x000001a162c45590 GCTaskThread "GC Thread#0" [stack: 0x0000007e42100000,0x0000007e42200000] [id=14404]
  0x000001a1064736e0 GCTaskThread "GC Thread#1" [stack: 0x0000007e43400000,0x0000007e43500000] [id=8940]
  0x000001a106473990 GCTaskThread "GC Thread#2" [stack: 0x0000007e43500000,0x0000007e43600000] [id=6912]
  0x000001a106473c40 GCTaskThread "GC Thread#3" [stack: 0x0000007e43600000,0x0000007e43700000] [id=10648]
  0x000001a106473ef0 GCTaskThread "GC Thread#4" [stack: 0x0000007e43700000,0x0000007e43800000] [id=4292]
  0x000001a1064741a0 GCTaskThread "GC Thread#5" [stack: 0x0000007e43800000,0x0000007e43900000] [id=10652]
  0x000001a10693e320 GCTaskThread "GC Thread#6" [stack: 0x0000007e43900000,0x0000007e43a00000] [id=11416]
  0x000001a10693f090 GCTaskThread "GC Thread#7" [stack: 0x0000007e43a00000,0x0000007e43b00000] [id=11972]
  0x000001a162c572b0 ConcurrentGCThread "G1 Main Marker" [stack: 0x0000007e42200000,0x0000007e42300000] [id=8680]
  0x000001a162c57bd0 ConcurrentGCThread "G1 Conc#0" [stack: 0x0000007e42300000,0x0000007e42400000] [id=3544]
  0x000001a10693f340 ConcurrentGCThread "G1 Conc#1" [stack: 0x0000007e43b00000,0x0000007e43c00000] [id=11792]
  0x000001a162c8e060 ConcurrentGCThread "G1 Refine#0" [stack: 0x0000007e42400000,0x0000007e42500000] [id=12952]
  0x000001a1078b5d40 ConcurrentGCThread "G1 Refine#1" [stack: 0x0000007e43d00000,0x0000007e43e00000] [id=13584]
  0x000001a1078b5780 ConcurrentGCThread "G1 Refine#2" [stack: 0x0000007e43e00000,0x0000007e43f00000] [id=15072]
  0x000001a1078b4920 ConcurrentGCThread "G1 Refine#3" [stack: 0x0000007e43f00000,0x0000007e44000000] [id=6404]
  0x000001a1078b4c00 ConcurrentGCThread "G1 Refine#4" [stack: 0x0000007e44000000,0x0000007e44100000] [id=15068]
  0x000001a162c8e990 ConcurrentGCThread "G1 Service" [stack: 0x0000007e42500000,0x0000007e42600000] [id=2032]

Threads with active compile tasks:
C2 CompilerThread0     6552 13825       4       org.jetbrains.kotlin.types.AbstractTypeMapper::mapType (561 bytes)
C1 CompilerThread0     6552 14068       3       org.jetbrains.kotlin.codegen.inline.MaxStackFrameSizeAndLocalsCalculator::visitTypeInsn (27 bytes)
C2 CompilerThread2     6552 13847       4       org.jetbrains.kotlin.load.kotlin.TypeSignatureMappingKt::mapBuiltInType (336 bytes)

VM state: not at safepoint (normal execution)

VM Mutex/Monitor currently owned by a thread: None

Heap address: 0x0000000701400000, size: 4076 MB, Compressed Oops mode: Zero based, Oop shift amount: 3

CDS archive(s) not mapped
Compressed class space mapped at: 0x0000000800000000-0x0000000840000000, reserved size: 1073741824
Narrow klass base: 0x0000000800000000, Narrow klass shift: 0, Narrow klass range: 0x40000000

GC Precious Log:
 CPUs: 8 total, 8 available
 Memory: 16303M
 Large Page Support: Disabled
 NUMA Support: Disabled
 Compressed Oops: Enabled (Zero based)
 Heap Region Size: 2M
 Heap Min Capacity: 8M
 Heap Initial Capacity: 256M
 Heap Max Capacity: 4076M
 Pre-touch: Disabled
 Parallel Workers: 8
 Concurrent Workers: 2
 Concurrent Refinement Workers: 8
 Periodic GC: Disabled

Heap:
 garbage-first heap   total 221184K, used 141968K [0x0000000701400000, 0x0000000800000000)
  region size 2048K, 18 young (36864K), 1 survivors (2048K)
 Metaspace       used 85127K, committed 85504K, reserved 1179648K
  class space    used 8997K, committed 9152K, reserved 1048576K

Heap Regions: E=young(eden), S=young(survivor), O=old, HS=humongous(starts), HC=humongous(continues), CS=collection set, F=free, OA=open archive, CA=closed archive, TAMS=top-at-mark-start (previous, next)
|   0|0x0000000701400000, 0x0000000701600000, 0x0000000701600000|100%|HS|  |TAMS 0x0000000701600000, 0x0000000701400000| Complete 
|   1|0x0000000701600000, 0x0000000701800000, 0x0000000701800000|100%|HC|  |TAMS 0x0000000701800000, 0x0000000701600000| Complete 
|   2|0x0000000701800000, 0x0000000701a00000, 0x0000000701a00000|100%| O|  |TAMS 0x0000000701a00000, 0x0000000701800000| Untracked 
|   3|0x0000000701a00000, 0x0000000701bf1000, 0x0000000701c00000| 97%| O|  |TAMS 0x0000000701bf1000, 0x0000000701a00000| Untracked 
|   4|0x0000000701c00000, 0x0000000701e00000, 0x0000000701e00000|100%| O|  |TAMS 0x0000000701e00000, 0x0000000701c00000| Untracked 
|   5|0x0000000701e00000, 0x0000000702000000, 0x0000000702000000|100%| O|  |TAMS 0x0000000702000000, 0x0000000701e00000| Untracked 
|   6|0x0000000702000000, 0x0000000702200000, 0x0000000702200000|100%| O|  |TAMS 0x0000000702200000, 0x0000000702000000| Untracked 
|   7|0x0000000702200000, 0x0000000702400000, 0x0000000702400000|100%| O|  |TAMS 0x0000000702400000, 0x0000000702200000| Untracked 
|   8|0x0000000702400000, 0x0000000702600000, 0x0000000702600000|100%| O|  |TAMS 0x0000000702600000, 0x0000000702400000| Untracked 
|   9|0x0000000702600000, 0x0000000702800000, 0x0000000702800000|100%| O|  |TAMS 0x0000000702800000, 0x0000000702600000| Untracked 
|  10|0x0000000702800000, 0x0000000702a00000, 0x0000000702a00000|100%| O|  |TAMS 0x0000000702a00000, 0x0000000702800000| Untracked 
|  11|0x0000000702a00000, 0x0000000702c00000, 0x0000000702c00000|100%| O|  |TAMS 0x0000000702c00000, 0x0000000702a00000| Untracked 
|  12|0x0000000702c00000, 0x0000000702e00000, 0x0000000702e00000|100%| O|  |TAMS 0x0000000702e00000, 0x0000000702c00000| Untracked 
|  13|0x0000000702e00000, 0x0000000703000000, 0x0000000703000000|100%| O|  |TAMS 0x0000000703000000, 0x0000000702e00000| Untracked 
|  14|0x0000000703000000, 0x0000000703200000, 0x0000000703200000|100%| O|  |TAMS 0x0000000703200000, 0x0000000703000000| Untracked 
|  15|0x0000000703200000, 0x0000000703400000, 0x0000000703400000|100%| O|  |TAMS 0x0000000703400000, 0x0000000703200000| Untracked 
|  16|0x0000000703400000, 0x0000000703600000, 0x0000000703600000|100%| O|  |TAMS 0x0000000703600000, 0x0000000703400000| Untracked 
|  17|0x0000000703600000, 0x0000000703800000, 0x0000000703800000|100%| O|  |TAMS 0x0000000703800000, 0x0000000703600000| Untracked 
|  18|0x0000000703800000, 0x0000000703a00000, 0x0000000703a00000|100%| O|  |TAMS 0x0000000703a00000, 0x0000000703800000| Untracked 
|  19|0x0000000703a00000, 0x0000000703c00000, 0x0000000703c00000|100%| O|  |TAMS 0x0000000703c00000, 0x0000000703a00000| Untracked 
|  20|0x0000000703c00000, 0x0000000703e00000, 0x0000000703e00000|100%| O|  |TAMS 0x0000000703e00000, 0x0000000703c00000| Untracked 
|  21|0x0000000703e00000, 0x0000000704000000, 0x0000000704000000|100%| O|  |TAMS 0x0000000704000000, 0x0000000703e00000| Untracked 
|  22|0x0000000704000000, 0x0000000704200000, 0x0000000704200000|100%| O|  |TAMS 0x0000000704200000, 0x0000000704000000| Untracked 
|  23|0x0000000704200000, 0x0000000704400000, 0x0000000704400000|100%| O|  |TAMS 0x0000000704400000, 0x0000000704200000| Untracked 
|  24|0x0000000704400000, 0x0000000704600000, 0x0000000704600000|100%| O|  |TAMS 0x0000000704600000, 0x0000000704400000| Untracked 
|  25|0x0000000704600000, 0x0000000704800000, 0x0000000704800000|100%| O|  |TAMS 0x0000000704800000, 0x0000000704600000| Untracked 
|  26|0x0000000704800000, 0x0000000704a00000, 0x0000000704a00000|100%| O|  |TAMS 0x0000000704a00000, 0x0000000704800000| Untracked 
|  27|0x0000000704a00000, 0x0000000704c00000, 0x0000000704c00000|100%| O|  |TAMS 0x0000000704c00000, 0x0000000704a00000| Untracked 
|  28|0x0000000704c00000, 0x0000000704e00000, 0x0000000704e00000|100%| O|  |TAMS 0x0000000704e00000, 0x0000000704c00000| Untracked 
|  29|0x0000000704e00000, 0x0000000705000000, 0x0000000705000000|100%| O|  |TAMS 0x0000000705000000, 0x0000000704e00000| Untracked 
|  30|0x0000000705000000, 0x0000000705200000, 0x0000000705200000|100%| O|  |TAMS 0x0000000705200000, 0x0000000705000000| Untracked 
|  31|0x0000000705200000, 0x0000000705400000, 0x0000000705400000|100%| O|  |TAMS 0x0000000705400000, 0x0000000705200000| Untracked 
|  32|0x0000000705400000, 0x0000000705600000, 0x0000000705600000|100%| O|  |TAMS 0x0000000705600000, 0x0000000705400000| Untracked 
|  33|0x0000000705600000, 0x0000000705800000, 0x0000000705800000|100%| O|  |TAMS 0x0000000705800000, 0x0000000705600000| Untracked 
|  34|0x0000000705800000, 0x0000000705a00000, 0x0000000705a00000|100%| O|  |TAMS 0x0000000705a00000, 0x0000000705800000| Untracked 
|  35|0x0000000705a00000, 0x0000000705c00000, 0x0000000705c00000|100%| O|  |TAMS 0x0000000705c00000, 0x0000000705a00000| Untracked 
|  36|0x0000000705c00000, 0x0000000705e00000, 0x0000000705e00000|100%| O|  |TAMS 0x0000000705e00000, 0x0000000705c00000| Untracked 
|  37|0x0000000705e00000, 0x0000000706000000, 0x0000000706000000|100%| O|  |TAMS 0x0000000706000000, 0x0000000705e00000| Untracked 
|  38|0x0000000706000000, 0x0000000706200000, 0x0000000706200000|100%| O|  |TAMS 0x0000000706200000, 0x0000000706000000| Untracked 
|  39|0x0000000706200000, 0x0000000706400000, 0x0000000706400000|100%| O|  |TAMS 0x0000000706400000, 0x0000000706200000| Untracked 
|  40|0x0000000706400000, 0x0000000706600000, 0x0000000706600000|100%| O|  |TAMS 0x0000000706600000, 0x0000000706400000| Untracked 
|  41|0x0000000706600000, 0x0000000706800000, 0x0000000706800000|100%| O|  |TAMS 0x0000000706800000, 0x0000000706600000| Untracked 
|  42|0x0000000706800000, 0x0000000706a00000, 0x0000000706a00000|100%| O|  |TAMS 0x0000000706a00000, 0x0000000706800000| Untracked 
|  43|0x0000000706a00000, 0x0000000706c00000, 0x0000000706c00000|100%| O|  |TAMS 0x0000000706c00000, 0x0000000706a00000| Untracked 
|  44|0x0000000706c00000, 0x0000000706e00000, 0x0000000706e00000|100%| O|  |TAMS 0x0000000706e00000, 0x0000000706c00000| Untracked 
|  45|0x0000000706e00000, 0x0000000707000000, 0x0000000707000000|100%| O|  |TAMS 0x0000000707000000, 0x0000000706e00000| Untracked 
|  46|0x0000000707000000, 0x0000000707000000, 0x0000000707200000|  0%| F|  |TAMS 0x0000000707000000, 0x0000000707000000| Untracked 
|  47|0x0000000707200000, 0x0000000707400000, 0x0000000707400000|100%| O|  |TAMS 0x0000000707400000, 0x0000000707200000| Untracked 
|  48|0x0000000707400000, 0x0000000707600000, 0x0000000707600000|100%| O|  |TAMS 0x0000000707600000, 0x0000000707400000| Untracked 
|  49|0x0000000707600000, 0x0000000707800000, 0x0000000707800000|100%| O|  |TAMS 0x000000070779d200, 0x0000000707600000| Untracked 
|  50|0x0000000707800000, 0x0000000707a00000, 0x0000000707a00000|100%| O|  |TAMS 0x0000000707800000, 0x0000000707800000| Untracked 
|  51|0x0000000707a00000, 0x0000000707c00000, 0x0000000707c00000|100%| O|  |TAMS 0x0000000707a00000, 0x0000000707a00000| Untracked 
|  52|0x0000000707c00000, 0x0000000707e00000, 0x0000000707e00000|100%| O|  |TAMS 0x0000000707c00000, 0x0000000707c00000| Untracked 
|  53|0x0000000707e00000, 0x0000000707ff4200, 0x0000000708000000| 97%| O|  |TAMS 0x0000000707e00000, 0x0000000707e00000| Untracked 
|  54|0x0000000708000000, 0x0000000708000000, 0x0000000708200000|  0%| F|  |TAMS 0x0000000708000000, 0x0000000708000000| Untracked 
|  55|0x0000000708200000, 0x0000000708200000, 0x0000000708400000|  0%| F|  |TAMS 0x0000000708200000, 0x0000000708200000| Untracked 
|  56|0x0000000708400000, 0x0000000708400000, 0x0000000708600000|  0%| F|  |TAMS 0x0000000708400000, 0x0000000708400000| Untracked 
|  57|0x0000000708600000, 0x0000000708600000, 0x0000000708800000|  0%| F|  |TAMS 0x0000000708600000, 0x0000000708600000| Untracked 
|  58|0x0000000708800000, 0x0000000708800000, 0x0000000708a00000|  0%| F|  |TAMS 0x0000000708800000, 0x0000000708800000| Untracked 
|  59|0x0000000708a00000, 0x0000000708a00000, 0x0000000708c00000|  0%| F|  |TAMS 0x0000000708a00000, 0x0000000708a00000| Untracked 
|  60|0x0000000708c00000, 0x0000000708c00000, 0x0000000708e00000|  0%| F|  |TAMS 0x0000000708c00000, 0x0000000708c00000| Untracked 
|  61|0x0000000708e00000, 0x0000000708e00000, 0x0000000709000000|  0%| F|  |TAMS 0x0000000708e00000, 0x0000000708e00000| Untracked 
|  62|0x0000000709000000, 0x0000000709000000, 0x0000000709200000|  0%| F|  |TAMS 0x0000000709000000, 0x0000000709000000| Untracked 
|  63|0x0000000709200000, 0x0000000709200000, 0x0000000709400000|  0%| F|  |TAMS 0x0000000709200000, 0x0000000709200000| Untracked 
|  64|0x0000000709400000, 0x0000000709400000, 0x0000000709600000|  0%| F|  |TAMS 0x0000000709400000, 0x0000000709400000| Untracked 
|  65|0x0000000709600000, 0x0000000709600000, 0x0000000709800000|  0%| F|  |TAMS 0x0000000709600000, 0x0000000709600000| Untracked 
|  66|0x0000000709800000, 0x0000000709800000, 0x0000000709a00000|  0%| F|  |TAMS 0x0000000709800000, 0x0000000709800000| Untracked 
|  67|0x0000000709a00000, 0x0000000709a00000, 0x0000000709c00000|  0%| F|  |TAMS 0x0000000709a00000, 0x0000000709a00000| Untracked 
|  68|0x0000000709c00000, 0x0000000709c00000, 0x0000000709e00000|  0%| F|  |TAMS 0x0000000709c00000, 0x0000000709c00000| Untracked 
|  69|0x0000000709e00000, 0x0000000709e00000, 0x000000070a000000|  0%| F|  |TAMS 0x0000000709e00000, 0x0000000709e00000| Untracked 
|  70|0x000000070a000000, 0x000000070a000000, 0x000000070a200000|  0%| F|  |TAMS 0x000000070a000000, 0x000000070a000000| Untracked 
|  71|0x000000070a200000, 0x000000070a200000, 0x000000070a400000|  0%| F|  |TAMS 0x000000070a200000, 0x000000070a200000| Untracked 
|  72|0x000000070a400000, 0x000000070a400000, 0x000000070a600000|  0%| F|  |TAMS 0x000000070a400000, 0x000000070a400000| Untracked 
|  73|0x000000070a600000, 0x000000070a600000, 0x000000070a800000|  0%| F|  |TAMS 0x000000070a600000, 0x000000070a600000| Untracked 
|  74|0x000000070a800000, 0x000000070a800000, 0x000000070aa00000|  0%| F|  |TAMS 0x000000070a800000, 0x000000070a800000| Untracked 
|  75|0x000000070aa00000, 0x000000070aa00000, 0x000000070ac00000|  0%| F|  |TAMS 0x000000070aa00000, 0x000000070aa00000| Untracked 
|  76|0x000000070ac00000, 0x000000070ac00000, 0x000000070ae00000|  0%| F|  |TAMS 0x000000070ac00000, 0x000000070ac00000| Untracked 
|  77|0x000000070ae00000, 0x000000070ae00000, 0x000000070b000000|  0%| F|  |TAMS 0x000000070ae00000, 0x000000070ae00000| Untracked 
|  78|0x000000070b000000, 0x000000070b000000, 0x000000070b200000|  0%| F|  |TAMS 0x000000070b000000, 0x000000070b000000| Untracked 
|  79|0x000000070b200000, 0x000000070b200000, 0x000000070b400000|  0%| F|  |TAMS 0x000000070b200000, 0x000000070b200000| Untracked 
|  80|0x000000070b400000, 0x000000070b400000, 0x000000070b600000|  0%| F|  |TAMS 0x000000070b400000, 0x000000070b400000| Untracked 
|  81|0x000000070b600000, 0x000000070b600000, 0x000000070b800000|  0%| F|  |TAMS 0x000000070b600000, 0x000000070b600000| Untracked 
|  82|0x000000070b800000, 0x000000070b800000, 0x000000070ba00000|  0%| F|  |TAMS 0x000000070b800000, 0x000000070b800000| Untracked 
|  83|0x000000070ba00000, 0x000000070ba00000, 0x000000070bc00000|  0%| F|  |TAMS 0x000000070ba00000, 0x000000070ba00000| Untracked 
|  84|0x000000070bc00000, 0x000000070bc00000, 0x000000070be00000|  0%| F|  |TAMS 0x000000070bc00000, 0x000000070bc00000| Untracked 
|  85|0x000000070be00000, 0x000000070be00000, 0x000000070c000000|  0%| F|  |TAMS 0x000000070be00000, 0x000000070be00000| Untracked 
|  86|0x000000070c000000, 0x000000070c000000, 0x000000070c200000|  0%| F|  |TAMS 0x000000070c000000, 0x000000070c000000| Untracked 
|  87|0x000000070c200000, 0x000000070c200000, 0x000000070c400000|  0%| F|  |TAMS 0x000000070c200000, 0x000000070c200000| Untracked 
|  88|0x000000070c400000, 0x000000070c400000, 0x000000070c600000|  0%| F|  |TAMS 0x000000070c400000, 0x000000070c400000| Untracked 
|  89|0x000000070c600000, 0x000000070c600000, 0x000000070c800000|  0%| F|  |TAMS 0x000000070c600000, 0x000000070c600000| Untracked 
|  90|0x000000070c800000, 0x000000070c90d6f8, 0x000000070ca00000| 52%| E|  |TAMS 0x000000070c800000, 0x000000070c800000| Complete 
|  91|0x000000070ca00000, 0x000000070cc00000, 0x000000070cc00000|100%| E|CS|TAMS 0x000000070ca00000, 0x000000070ca00000| Complete 
|  92|0x000000070cc00000, 0x000000070ce00000, 0x000000070ce00000|100%| E|CS|TAMS 0x000000070cc00000, 0x000000070cc00000| Complete 
|  93|0x000000070ce00000, 0x000000070d000000, 0x000000070d000000|100%| E|CS|TAMS 0x000000070ce00000, 0x000000070ce00000| Complete 
|  94|0x000000070d000000, 0x000000070d200000, 0x000000070d200000|100%| E|CS|TAMS 0x000000070d000000, 0x000000070d000000| Complete 
|  95|0x000000070d200000, 0x000000070d400000, 0x000000070d400000|100%| E|CS|TAMS 0x000000070d200000, 0x000000070d200000| Complete 
|  96|0x000000070d400000, 0x000000070d600000, 0x000000070d600000|100%| E|CS|TAMS 0x000000070d400000, 0x000000070d400000| Complete 
|  97|0x000000070d600000, 0x000000070d800000, 0x000000070d800000|100%| E|CS|TAMS 0x000000070d600000, 0x000000070d600000| Complete 
|  98|0x000000070d800000, 0x000000070da00000, 0x000000070da00000|100%| E|CS|TAMS 0x000000070d800000, 0x000000070d800000| Complete 
|  99|0x000000070da00000, 0x000000070dc00000, 0x000000070dc00000|100%| E|CS|TAMS 0x000000070da00000, 0x000000070da00000| Complete 
| 100|0x000000070dc00000, 0x000000070de00000, 0x000000070de00000|100%| E|CS|TAMS 0x000000070dc00000, 0x000000070dc00000| Complete 
| 101|0x000000070de00000, 0x000000070e000000, 0x000000070e000000|100%| E|CS|TAMS 0x000000070de00000, 0x000000070de00000| Complete 
| 102|0x000000070e000000, 0x000000070e200000, 0x000000070e200000|100%| E|CS|TAMS 0x000000070e000000, 0x000000070e000000| Complete 
| 103|0x000000070e200000, 0x000000070e400000, 0x000000070e400000|100%| E|CS|TAMS 0x000000070e200000, 0x000000070e200000| Complete 
| 104|0x000000070e400000, 0x000000070e600000, 0x000000070e600000|100%| E|CS|TAMS 0x000000070e400000, 0x000000070e400000| Complete 
| 105|0x000000070e600000, 0x000000070e6bef78, 0x000000070e800000| 37%| S|CS|TAMS 0x000000070e600000, 0x000000070e600000| Complete 
| 106|0x000000070e800000, 0x000000070ea00000, 0x000000070ea00000|100%| E|CS|TAMS 0x000000070e800000, 0x000000070e800000| Complete 
| 127|0x0000000711200000, 0x0000000711400000, 0x0000000711400000|100%| E|CS|TAMS 0x0000000711200000, 0x0000000711200000| Complete 

Card table byte_map: [0x000001a175bd0000,0x000001a1763d0000] _byte_map_base: 0x000001a1723c6000

Marking Bits (Prev, Next): (CMBitMap*) 0x000001a162c46b00, (CMBitMap*) 0x000001a162c46ac0
 Prev Bits: [0x000001a17ab80000, 0x000001a17eb30000)
 Next Bits: [0x000001a176bd0000, 0x000001a17ab80000)

Polling page: 0x000001a160b50000

Metaspace:

Usage:
  Non-class:     74.37 MB used.
      Class:      8.79 MB used.
       Both:     83.16 MB used.

Virtual space:
  Non-class space:      128.00 MB reserved,      74.56 MB ( 58%) committed,  2 nodes.
      Class space:        1.00 GB reserved,       8.94 MB ( <1%) committed,  1 nodes.
             Both:        1.13 GB reserved,      83.50 MB (  7%) committed. 

Chunk freelists:
   Non-Class:  5.31 MB
       Class:  7.00 MB
        Both:  12.31 MB

MaxMetaspaceSize: unlimited
CompressedClassSpaceSize: 1.00 GB
Initial GC threshold: 21.00 MB
Current GC threshold: 128.75 MB
CDS: off
MetaspaceReclaimPolicy: balanced
 - commit_granule_bytes: 65536.
 - commit_granule_words: 8192.
 - virtual_space_node_default_size: 8388608.
 - enlarge_chunks_in_place: 1.
 - new_chunks_are_fully_committed: 0.
 - uncommit_free_chunks: 1.
 - use_allocation_guard: 0.
 - handle_deallocations: 1.


Internal statistics:

num_allocs_failed_limit: 9.
num_arena_births: 394.
num_arena_deaths: 0.
num_vsnodes_births: 3.
num_vsnodes_deaths: 0.
num_space_committed: 1334.
num_space_uncommitted: 0.
num_chunks_returned_to_freelist: 9.
num_chunks_taken_from_freelist: 3128.
num_chunk_merges: 9.
num_chunk_splits: 2580.
num_chunks_enlarged: 2325.
num_inconsistent_stats: 0.

CodeHeap 'non-profiled nmethods': size=120000Kb used=6669Kb max_used=6720Kb free=113330Kb
 bounds [0x000001a16db70000, 0x000001a16e210000, 0x000001a1750a0000]
CodeHeap 'profiled nmethods': size=120000Kb used=39735Kb max_used=39735Kb free=80264Kb
 bounds [0x000001a1660a0000, 0x000001a168780000, 0x000001a16d5d0000]
CodeHeap 'non-nmethods': size=5760Kb used=1451Kb max_used=1551Kb free=4308Kb
 bounds [0x000001a16d5d0000, 0x000001a16d840000, 0x000001a16db70000]
 total_blobs=12626 nmethods=11841 adapters=694
 compilation: enabled
              stopped_count=0, restarted_count=0
 full_count=0

Compilation events (20 events):
Event: 6.543 Thread 0x000001a17f699840 14038       3       org.jetbrains.org.objectweb.asm.commons.InstructionAdapter::invokevirtual (49 bytes)
Event: 6.543 Thread 0x000001a17f699840 nmethod 14038 0x000001a168754f10 code [0x000001a1687550e0, 0x000001a168755508]
Event: 6.543 Thread 0x000001a17f699840 14033       3       org.jetbrains.kotlin.codegen.optimization.LabelNormalizationMethodTransformer$TransformerForMethod::rewriteLabels (29 bytes)
Event: 6.543 Thread 0x000001a17f699840 nmethod 14033 0x000001a168755690 code [0x000001a168755880, 0x000001a168755df8]
Event: 6.543 Thread 0x000001a17f699840 14034       1       org.jetbrains.kotlin.backend.jvm.JvmBackendContext::getDefaultTypeMapper (5 bytes)
Event: 6.543 Thread 0x000001a17f699840 nmethod 14034 0x000001a16e0b1790 code [0x000001a16e0b1920, 0x000001a16e0b19f8]
Event: 6.543 Thread 0x000001a17f699840 14042       3       org.jetbrains.kotlin.codegen.optimization.boxing.PopBackwardPropagationTransformer$Transformer$HazardsTrackingInterpreter::naryOperation (76 bytes)
Event: 6.544 Thread 0x000001a17f699840 nmethod 14042 0x000001a168756010 code [0x000001a168756340, 0x000001a168757468]
Event: 6.544 Thread 0x000001a17f699840 14044       3       org.jetbrains.kotlin.codegen.optimization.common.InstructionLivenessAnalyzer::checkAssertions (122 bytes)
Event: 6.544 Thread 0x000001a17f699840 nmethod 14044 0x000001a168757a10 code [0x000001a168757c60, 0x000001a168758928]
Event: 6.544 Thread 0x000001a17f699840 14045       3       org.jetbrains.kotlin.ir.types.IrTypePredicatesKt::isMarkedNullable (45 bytes)
Event: 6.544 Thread 0x000001a17f699840 nmethod 14045 0x000001a168758c90 code [0x000001a168758ec0, 0x000001a168759778]
Event: 6.544 Thread 0x000001a17f699840 14041       3       org.jetbrains.kotlin.codegen.optimization.boxing.PopBackwardPropagationTransformer$Transformer$HazardsTrackingInterpreter::naryOperation (10 bytes)
Event: 6.544 Thread 0x000001a17f699840 nmethod 14041 0x000001a167e73510 code [0x000001a167e736a0, 0x000001a167e737e8]
Event: 6.544 Thread 0x000001a17f699840 14043       3       org.jetbrains.org.objectweb.asm.tree.analysis.SourceInterpreter::naryOperation (68 bytes)
Event: 6.545 Thread 0x000001a17f699840 nmethod 14043 0x000001a168759a10 code [0x000001a168759ca0, 0x000001a16875a8f8]
Event: 6.545 Thread 0x000001a17f699840 14046       3       org.jetbrains.kotlin.backend.jvm.mapping.IrTypeCheckerContextForTypeMapping::getVariance (18 bytes)
Event: 6.545 Thread 0x000001a17f699840 nmethod 14046 0x000001a16875ae10 code [0x000001a16875b020, 0x000001a16875b6a8]
Event: 6.545 Thread 0x000001a17f699840 14047       3       org.jetbrains.kotlin.types.AbstractTypeMapper::toVariance (63 bytes)
Event: 6.545 Thread 0x000001a17f699840 nmethod 14047 0x000001a16875b910 code [0x000001a16875bae0, 0x000001a16875be28]

GC Heap History (20 events):
Event: 3.295 GC heap before
{Heap before GC invocations=15 (full 0):
 garbage-first heap   total 133120K, used 98068K [0x0000000701400000, 0x0000000800000000)
  region size 2048K, 24 young (49152K), 4 survivors (8192K)
 Metaspace       used 58483K, committed 58752K, reserved 1114112K
  class space    used 6691K, committed 6784K, reserved 1048576K
}
Event: 3.306 GC heap after
{Heap after GC invocations=16 (full 0):
 garbage-first heap   total 133120K, used 62888K [0x0000000701400000, 0x0000000800000000)
  region size 2048K, 3 young (6144K), 3 survivors (6144K)
 Metaspace       used 58483K, committed 58752K, reserved 1114112K
  class space    used 6691K, committed 6784K, reserved 1048576K
}
Event: 3.731 GC heap before
{Heap before GC invocations=16 (full 0):
 garbage-first heap   total 133120K, used 99752K [0x0000000701400000, 0x0000000800000000)
  region size 2048K, 21 young (43008K), 3 survivors (6144K)
 Metaspace       used 60175K, committed 60480K, reserved 1114112K
  class space    used 6782K, committed 6912K, reserved 1048576K
}
Event: 3.743 GC heap after
{Heap after GC invocations=17 (full 0):
 garbage-first heap   total 184320K, used 69434K [0x0000000701400000, 0x0000000800000000)
  region size 2048K, 3 young (6144K), 3 survivors (6144K)
 Metaspace       used 60175K, committed 60480K, reserved 1114112K
  class space    used 6782K, committed 6912K, reserved 1048576K
}
Event: 3.840 GC heap before
{Heap before GC invocations=17 (full 0):
 garbage-first heap   total 184320K, used 89914K [0x0000000701400000, 0x0000000800000000)
  region size 2048K, 14 young (28672K), 3 survivors (6144K)
 Metaspace       used 60345K, committed 60608K, reserved 1114112K
  class space    used 6791K, committed 6912K, reserved 1048576K
}
Event: 3.849 GC heap after
{Heap after GC invocations=18 (full 0):
 garbage-first heap   total 184320K, used 75183K [0x0000000701400000, 0x0000000800000000)
  region size 2048K, 3 young (6144K), 3 survivors (6144K)
 Metaspace       used 60345K, committed 60608K, reserved 1114112K
  class space    used 6791K, committed 6912K, reserved 1048576K
}
Event: 4.324 GC heap before
{Heap before GC invocations=19 (full 0):
 garbage-first heap   total 184320K, used 132527K [0x0000000701400000, 0x0000000800000000)
  region size 2048K, 31 young (63488K), 3 survivors (6144K)
 Metaspace       used 65626K, committed 65984K, reserved 1114112K
  class space    used 7321K, committed 7488K, reserved 1048576K
}
Event: 4.333 GC heap after
{Heap after GC invocations=20 (full 0):
 garbage-first heap   total 184320K, used 83385K [0x0000000701400000, 0x0000000800000000)
  region size 2048K, 4 young (8192K), 4 survivors (8192K)
 Metaspace       used 65626K, committed 65984K, reserved 1114112K
  class space    used 7321K, committed 7488K, reserved 1048576K
}
Event: 4.722 GC heap before
{Heap before GC invocations=20 (full 0):
 garbage-first heap   total 184320K, used 138681K [0x0000000701400000, 0x0000000800000000)
  region size 2048K, 31 young (63488K), 4 survivors (8192K)
 Metaspace       used 67730K, committed 68032K, reserved 1114112K
  class space    used 7466K, committed 7616K, reserved 1048576K
}
Event: 4.735 GC heap after
{Heap after GC invocations=21 (full 0):
 garbage-first heap   total 184320K, used 94655K [0x0000000701400000, 0x0000000800000000)
  region size 2048K, 4 young (8192K), 4 survivors (8192K)
 Metaspace       used 67730K, committed 68032K, reserved 1114112K
  class space    used 7466K, committed 7616K, reserved 1048576K
}
Event: 4.937 GC heap before
{Heap before GC invocations=21 (full 0):
 garbage-first heap   total 184320K, used 139711K [0x0000000701400000, 0x0000000800000000)
  region size 2048K, 26 young (53248K), 4 survivors (8192K)
 Metaspace       used 69208K, committed 69504K, reserved 1114112K
  class space    used 7537K, committed 7680K, reserved 1048576K
}
Event: 4.946 GC heap after
{Heap after GC invocations=22 (full 0):
 garbage-first heap   total 184320K, used 101651K [0x0000000701400000, 0x0000000800000000)
  region size 2048K, 3 young (6144K), 3 survivors (6144K)
 Metaspace       used 69208K, committed 69504K, reserved 1114112K
  class space    used 7537K, committed 7680K, reserved 1048576K
}
Event: 5.410 GC heap before
{Heap before GC invocations=23 (full 0):
 garbage-first heap   total 184320K, used 144659K [0x0000000701400000, 0x0000000800000000)
  region size 2048K, 24 young (49152K), 3 survivors (6144K)
 Metaspace       used 75851K, committed 76224K, reserved 1179648K
  class space    used 8221K, committed 8384K, reserved 1048576K
}
Event: 5.417 GC heap after
{Heap after GC invocations=24 (full 0):
 garbage-first heap   total 184320K, used 105922K [0x0000000701400000, 0x0000000800000000)
  region size 2048K, 2 young (4096K), 2 survivors (4096K)
 Metaspace       used 75851K, committed 76224K, reserved 1179648K
  class space    used 8221K, committed 8384K, reserved 1048576K
}
Event: 5.745 GC heap before
{Heap before GC invocations=24 (full 0):
 garbage-first heap   total 184320K, used 146882K [0x0000000701400000, 0x0000000800000000)
  region size 2048K, 22 young (45056K), 2 survivors (4096K)
 Metaspace       used 78533K, committed 78912K, reserved 1179648K
  class space    used 8424K, committed 8576K, reserved 1048576K
}
Event: 5.750 GC heap after
{Heap after GC invocations=25 (full 0):
 garbage-first heap   total 221184K, used 108814K [0x0000000701400000, 0x0000000800000000)
  region size 2048K, 2 young (4096K), 2 survivors (4096K)
 Metaspace       used 78533K, committed 78912K, reserved 1179648K
  class space    used 8424K, committed 8576K, reserved 1048576K
}
Event: 6.128 GC heap before
{Heap before GC invocations=26 (full 0):
 garbage-first heap   total 221184K, used 170254K [0x0000000701400000, 0x0000000800000000)
  region size 2048K, 32 young (65536K), 2 survivors (4096K)
 Metaspace       used 79248K, committed 79616K, reserved 1179648K
  class space    used 8452K, committed 8640K, reserved 1048576K
}
Event: 6.132 GC heap after
{Heap after GC invocations=27 (full 0):
 garbage-first heap   total 221184K, used 110233K [0x0000000701400000, 0x0000000800000000)
  region size 2048K, 3 young (6144K), 3 survivors (6144K)
 Metaspace       used 79248K, committed 79616K, reserved 1179648K
  class space    used 8452K, committed 8640K, reserved 1048576K
}
Event: 6.163 GC heap before
{Heap before GC invocations=27 (full 0):
 garbage-first heap   total 221184K, used 112281K [0x0000000701400000, 0x0000000800000000)
  region size 2048K, 5 young (10240K), 3 survivors (6144K)
 Metaspace       used 79515K, committed 79872K, reserved 1179648K
  class space    used 8461K, committed 8640K, reserved 1048576K
}
Event: 6.167 GC heap after
{Heap after GC invocations=28 (full 0):
 garbage-first heap   total 221184K, used 109200K [0x0000000701400000, 0x0000000800000000)
  region size 2048K, 1 young (2048K), 1 survivors (2048K)
 Metaspace       used 79515K, committed 79872K, reserved 1179648K
  class space    used 8461K, committed 8640K, reserved 1048576K
}

Dll operation events (2 events):
Event: 0.003 Loaded shared library C:\Program Files\Android\Android Studio\jbr\bin\java.dll
Event: 0.615 Loaded shared library C:\Program Files\Android\Android Studio\jbr\bin\verify.dll

Deoptimization events (20 events):
Event: 6.491 Thread 0x000001a162bd8fa0 Uncommon trap: trap_request=0xffffffde fr.pc=0x000001a16dcdedb0 relative=0x00000000000005f0
Event: 6.491 Thread 0x000001a162bd8fa0 Uncommon trap: reason=class_check action=maybe_recompile pc=0x000001a16dcdedb0 method=java.util.regex.Matcher.search(I)Z @ 121 c2
Event: 6.491 Thread 0x000001a162bd8fa0 DEOPT PACKING pc=0x000001a16dcdedb0 sp=0x0000007e420fce00
Event: 6.491 Thread 0x000001a162bd8fa0 DEOPT UNPACKING pc=0x000001a16d6269a3 sp=0x0000007e420fcdb0 mode 2
Event: 6.498 Thread 0x000001a162bd8fa0 Uncommon trap: trap_request=0xffffffc6 fr.pc=0x000001a16dfca9e8 relative=0x0000000000000968
Event: 6.498 Thread 0x000001a162bd8fa0 Uncommon trap: reason=bimorphic_or_optimized_type_check action=maybe_recompile pc=0x000001a16dfca9e8 method=org.jetbrains.kotlin.ir.types.IrTypeSystemContext$DefaultImpls.getNameForClassUnderKotlinPackage(Lorg/jetbrains/kotlin/ir/types/IrTypeSystemContext
Event: 6.498 Thread 0x000001a162bd8fa0 DEOPT PACKING pc=0x000001a16dfca9e8 sp=0x0000007e420fc540
Event: 6.498 Thread 0x000001a162bd8fa0 DEOPT UNPACKING pc=0x000001a16d6269a3 sp=0x0000007e420fc368 mode 2
Event: 6.498 Thread 0x000001a162bd8fa0 Uncommon trap: trap_request=0xffffffc6 fr.pc=0x000001a16e199d90 relative=0x0000000000000350
Event: 6.498 Thread 0x000001a162bd8fa0 Uncommon trap: reason=bimorphic_or_optimized_type_check action=maybe_recompile pc=0x000001a16e199d90 method=org.jetbrains.kotlin.ir.types.IrTypeSystemContext$DefaultImpls.getNameForClassUnderKotlinPackage(Lorg/jetbrains/kotlin/ir/types/IrTypeSystemContext
Event: 6.498 Thread 0x000001a162bd8fa0 DEOPT PACKING pc=0x000001a16e199d90 sp=0x0000007e420fc3c0
Event: 6.498 Thread 0x000001a162bd8fa0 DEOPT UNPACKING pc=0x000001a16d6269a3 sp=0x0000007e420fc340 mode 2
Event: 6.501 Thread 0x000001a162bd8fa0 Uncommon trap: trap_request=0xffffffc6 fr.pc=0x000001a16dfca9e8 relative=0x0000000000000968
Event: 6.501 Thread 0x000001a162bd8fa0 Uncommon trap: reason=bimorphic_or_optimized_type_check action=maybe_recompile pc=0x000001a16dfca9e8 method=org.jetbrains.kotlin.ir.types.IrTypeSystemContext$DefaultImpls.getNameForClassUnderKotlinPackage(Lorg/jetbrains/kotlin/ir/types/IrTypeSystemContext
Event: 6.501 Thread 0x000001a162bd8fa0 DEOPT PACKING pc=0x000001a16dfca9e8 sp=0x0000007e420fcb50
Event: 6.501 Thread 0x000001a162bd8fa0 DEOPT UNPACKING pc=0x000001a16d6269a3 sp=0x0000007e420fc978 mode 2
Event: 6.501 Thread 0x000001a162bd8fa0 Uncommon trap: trap_request=0xffffffc6 fr.pc=0x000001a16e199d90 relative=0x0000000000000350
Event: 6.501 Thread 0x000001a162bd8fa0 Uncommon trap: reason=bimorphic_or_optimized_type_check action=maybe_recompile pc=0x000001a16e199d90 method=org.jetbrains.kotlin.ir.types.IrTypeSystemContext$DefaultImpls.getNameForClassUnderKotlinPackage(Lorg/jetbrains/kotlin/ir/types/IrTypeSystemContext
Event: 6.501 Thread 0x000001a162bd8fa0 DEOPT PACKING pc=0x000001a16e199d90 sp=0x0000007e420fc9d0
Event: 6.501 Thread 0x000001a162bd8fa0 DEOPT UNPACKING pc=0x000001a16d6269a3 sp=0x0000007e420fc950 mode 2

Classes unloaded (0 events):
No events

Classes redefined (0 events):
No events

Internal exceptions (20 events):
Event: 5.050 Thread 0x000001a162bd8fa0 Exception <a 'java/lang/NoSuchMethodError'{0x000000070bc40bc8}: 'java.lang.Object java.lang.invoke.DirectMethodHandle$Holder.invokeSpecial(java.lang.Object, java.lang.Object, java.lang.Object, java.lang.Object, java.lang.Object, int, java.lang.Object)'> (0x000000070bc40bc8) 
thrown [s\src\hotspot\share\interpreter\linkResolver.cpp, line 771]
Event: 5.050 Thread 0x000001a162bd8fa0 Exception <a 'java/lang/NoSuchMethodError'{0x000000070bc44a48}: 'java.lang.Object java.lang.invoke.Invokers$Holder.linkToTargetMethod(java.lang.Object, java.lang.Object, java.lang.Object, int, java.lang.Object, java.lang.Object)'> (0x000000070bc44a48) 
thrown [s\src\hotspot\share\interpreter\linkResolver.cpp, line 771]
Event: 5.050 Thread 0x000001a162bd8fa0 Exception <a 'java/lang/NoSuchMethodError'{0x000000070bc485b8}: 'java.lang.Object java.lang.invoke.DirectMethodHandle$Holder.invokeStatic(java.lang.Object, java.lang.Object, java.lang.Object, java.lang.Object, int, java.lang.Object)'> (0x000000070bc485b8) 
thrown [s\src\hotspot\share\interpreter\linkResolver.cpp, line 771]
Event: 5.153 Thread 0x000001a162bd8fa0 Exception <a 'java/lang/NoSuchMethodError'{0x000000070b20d650}: 'java.lang.Object java.lang.invoke.DirectMethodHandle$Holder.newInvokeSpecial(java.lang.Object, int, java.lang.Object, int)'> (0x000000070b20d650) 
thrown [s\src\hotspot\share\interpreter\linkResolver.cpp, line 771]
Event: 5.319 Thread 0x000001a162bd8fa0 Exception <a 'java/lang/NoSuchMethodError'{0x000000070a679500}: 'java.lang.Object java.lang.invoke.DirectMethodHandle$Holder.newInvokeSpecial(java.lang.Object, java.lang.Object, java.lang.Object, int, int, java.lang.Object)'> (0x000000070a679500) 
thrown [s\src\hotspot\share\interpreter\linkResolver.cpp, line 771]
Event: 5.489 Thread 0x000001a162bd8fa0 Exception <a 'java/lang/NoSuchMethodError'{0x000000070bf5e338}: 'java.lang.Object java.lang.invoke.DirectMethodHandle$Holder.newInvokeSpecial(java.lang.Object, java.lang.Object, int, java.lang.Object)'> (0x000000070bf5e338) 
thrown [s\src\hotspot\share\interpreter\linkResolver.cpp, line 771]
Event: 5.489 Thread 0x000001a162bd8fa0 Exception <a 'java/lang/NoSuchMethodError'{0x000000070bf62610}: 'java.lang.Object java.lang.invoke.DirectMethodHandle$Holder.invokeSpecial(java.lang.Object, java.lang.Object, java.lang.Object, int, java.lang.Object)'> (0x000000070bf62610) 
thrown [s\src\hotspot\share\interpreter\linkResolver.cpp, line 771]
Event: 5.489 Thread 0x000001a162bd8fa0 Exception <a 'java/lang/NoSuchMethodError'{0x000000070bf66248}: 'java.lang.Object java.lang.invoke.Invokers$Holder.linkToTargetMethod(java.lang.Object, int, java.lang.Object, java.lang.Object)'> (0x000000070bf66248) 
thrown [s\src\hotspot\share\interpreter\linkResolver.cpp, line 771]
Event: 5.614 Thread 0x000001a162bd8fa0 Exception <a 'java/lang/NoSuchMethodError'{0x000000070b4fc370}: 'java.lang.Object java.lang.invoke.DirectMethodHandle$Holder.newInvokeSpecial(java.lang.Object, java.lang.Object, java.lang.Object, java.lang.Object, java.lang.Object, java.lang.Object, java.lang.Object, java.lang.Object)'> (0x000000070b4fc370) 
thrown [s\src\hotspot\share\interpreter\linkResolver.cpp, line 771]
Event: 5.614 Thread 0x000001a162bd8fa0 Exception <a 'java/lang/NoSuchMethodError'{0x000000070b501538}: 'java.lang.Object java.lang.invoke.DirectMethodHandle$Holder.invokeSpecial(java.lang.Object, java.lang.Object, java.lang.Object, java.lang.Object, java.lang.Object, java.lang.Object, java.lang.Object, java.lang.Object, java.lang.Object)'> (0x000000070b501538) 
thrown [s\src\hotspot\share\interpreter\linkResolver.cpp, line 771]
Event: 5.614 Thread 0x000001a162bd8fa0 Exception <a 'java/lang/NoSuchMethodError'{0x000000070b5060a8}: 'java.lang.Object java.lang.invoke.Invokers$Holder.linkToTargetMethod(java.lang.Object, java.lang.Object, java.lang.Object, java.lang.Object, java.lang.Object, java.lang.Object, java.lang.Object, java.lang.Object)'> (0x000000070b5060a8) 
thrown [s\src\hotspot\share\interpreter\linkResolver.cpp, line 771]
Event: 6.219 Thread 0x000001a162bd8fa0 Exception <a 'java/lang/NoSuchMethodError'{0x000000070e4fb1d8}: 'java.lang.Object java.lang.invoke.DirectMethodHandle$Holder.invokeStatic(java.lang.Object, int, int)'> (0x000000070e4fb1d8) 
thrown [s\src\hotspot\share\interpreter\linkResolver.cpp, line 771]
Event: 6.320 Thread 0x000001a162bd8fa0 Exception <a 'java/lang/NoSuchMethodError'{0x000000070da7c0c8}: 'java.lang.Object java.lang.invoke.DirectMethodHandle$Holder.invokeStatic(java.lang.Object, java.lang.Object, java.lang.Object, int, java.lang.Object, java.lang.Object, java.lang.Object, java.lang.Object)'> (0x000000070da7c0c8) 
thrown [s\src\hotspot\share\interpreter\linkResolver.cpp, line 771]
Event: 6.329 Thread 0x000001a162bd8fa0 Exception <a 'java/lang/NoSuchMethodError'{0x000000070db53048}: 'java.lang.Object java.lang.invoke.DirectMethodHandle$Holder.newInvokeSpecial(java.lang.Object, int, int, java.lang.Object)'> (0x000000070db53048) 
thrown [s\src\hotspot\share\interpreter\linkResolver.cpp, line 771]
Event: 6.330 Thread 0x000001a162bd8fa0 Exception <a 'java/lang/NoSuchMethodError'{0x000000070db57518}: 'java.lang.Object java.lang.invoke.DirectMethodHandle$Holder.invokeSpecial(java.lang.Object, java.lang.Object, int, int, java.lang.Object)'> (0x000000070db57518) 
thrown [s\src\hotspot\share\interpreter\linkResolver.cpp, line 771]
Event: 6.330 Thread 0x000001a162bd8fa0 Exception <a 'java/lang/NoSuchMethodError'{0x000000070db651b0}: 'java.lang.Object java.lang.invoke.DirectMethodHandle$Holder.invokeStatic(java.lang.Object, java.lang.Object, int, int, java.lang.Object)'> (0x000000070db651b0) 
thrown [s\src\hotspot\share\interpreter\linkResolver.cpp, line 771]
Event: 6.387 Thread 0x000001a162bd8fa0 Exception <a 'java/lang/NoSuchMethodError'{0x000000070d40b468}: 'java.lang.Object java.lang.invoke.DirectMethodHandle$Holder.invokeStatic(java.lang.Object, java.lang.Object, java.lang.Object, java.lang.Object, java.lang.Object, int, java.lang.Object, java.lang.Object)'> (0x000000070d40b468) 
thrown [s\src\hotspot\share\interpreter\linkResolver.cpp, line 771]
Event: 6.387 Thread 0x000001a162bd8fa0 Exception <a 'java/lang/NoSuchMethodError'{0x000000070d415bb8}: 'java.lang.Object java.lang.invoke.DirectMethodHandle$Holder.newInvokeSpecial(java.lang.Object, java.lang.Object, java.lang.Object, java.lang.Object, java.lang.Object, int, java.lang.Object)'> (0x000000070d415bb8) 
thrown [s\src\hotspot\share\interpreter\linkResolver.cpp, line 771]
Event: 6.387 Thread 0x000001a162bd8fa0 Exception <a 'java/lang/NoSuchMethodError'{0x000000070d41aab8}: 'java.lang.Object java.lang.invoke.DirectMethodHandle$Holder.invokeSpecial(java.lang.Object, java.lang.Object, java.lang.Object, java.lang.Object, java.lang.Object, java.lang.Object, int, java.lang.Object)'> (0x000000070d41aab8) 
thrown [s\src\hotspot\share\interpreter\linkResolver.cpp, line 771]
Event: 6.387 Thread 0x000001a162bd8fa0 Exception <a 'java/lang/NoSuchMethodError'{0x000000070d41ef50}: 'java.lang.Object java.lang.invoke.Invokers$Holder.linkToTargetMethod(java.lang.Object, java.lang.Object, java.lang.Object, java.lang.Object, int, java.lang.Object, java.lang.Object)'> (0x000000070d41ef50) 
thrown [s\src\hotspot\share\interpreter\linkResolver.cpp, line 771]

VM Operations (20 events):
Event: 6.191 Executing VM operation: HandshakeAllThreads
Event: 6.191 Executing VM operation: HandshakeAllThreads done
Event: 6.209 Executing VM operation: HandshakeAllThreads
Event: 6.209 Executing VM operation: HandshakeAllThreads done
Event: 6.209 Executing VM operation: HandshakeAllThreads
Event: 6.209 Executing VM operation: HandshakeAllThreads done
Event: 6.223 Executing VM operation: HandshakeAllThreads
Event: 6.223 Executing VM operation: HandshakeAllThreads done
Event: 6.252 Executing VM operation: HandshakeAllThreads
Event: 6.252 Executing VM operation: HandshakeAllThreads done
Event: 6.337 Executing VM operation: ICBufferFull
Event: 6.337 Executing VM operation: ICBufferFull done
Event: 6.386 Executing VM operation: HandshakeAllThreads
Event: 6.386 Executing VM operation: HandshakeAllThreads done
Event: 6.424 Executing VM operation: HandshakeAllThreads
Event: 6.424 Executing VM operation: HandshakeAllThreads done
Event: 6.427 Executing VM operation: ICBufferFull
Event: 6.427 Executing VM operation: ICBufferFull done
Event: 6.490 Executing VM operation: ICBufferFull
Event: 6.490 Executing VM operation: ICBufferFull done

Events (20 events):
Event: 6.222 Thread 0x000001a17f6b0e20 flushing nmethod 0x000001a168731510
Event: 6.222 Thread 0x000001a17f6b0e20 flushing nmethod 0x000001a168733310
Event: 6.245 loading class java/util/Formatter
Event: 6.245 loading class java/util/Formatter done
Event: 6.245 loading class java/util/Formatter$FixedString
Event: 6.245 loading class java/util/Formatter$FormatString
Event: 6.245 loading class java/util/Formatter$FormatString done
Event: 6.245 loading class java/util/Formatter$FixedString done
Event: 6.246 loading class java/util/Formatter$Conversion
Event: 6.246 loading class java/util/Formatter$Conversion done
Event: 6.246 loading class java/util/Formatter$FormatSpecifier
Event: 6.246 loading class java/util/Formatter$FormatSpecifier done
Event: 6.246 loading class java/util/Formatter$Flags
Event: 6.246 loading class java/util/Formatter$Flags done
Event: 6.246 loading class java/util/Formattable
Event: 6.246 loading class java/util/Formattable done
Event: 6.291 loading class java/util/Vector$Itr
Event: 6.291 loading class java/util/Vector$Itr done
Event: 6.490 loading class java/util/regex/Pattern$Dollar
Event: 6.490 loading class java/util/regex/Pattern$Dollar done


Dynamic libraries:
0x00007ff6c4110000 - 0x00007ff6c411a000 	C:\Program Files\Android\Android Studio\jbr\bin\java.exe
0x00007ff9ed7e0000 - 0x00007ff9ed9ce000 	C:\Windows\SYSTEM32\ntdll.dll
0x00007ff9eaeb0000 - 0x00007ff9eaf63000 	C:\Windows\System32\KERNEL32.DLL
0x00007ff9ea630000 - 0x00007ff9ea8cd000 	C:\Windows\System32\KERNELBASE.dll
0x00007ff9ea220000 - 0x00007ff9ea31a000 	C:\Windows\System32\ucrtbase.dll
0x00007ff9c2740000 - 0x00007ff9c2757000 	C:\Program Files\Android\Android Studio\jbr\bin\jli.dll
0x00007ff9de8f0000 - 0x00007ff9de90b000 	C:\Program Files\Android\Android Studio\jbr\bin\VCRUNTIME140.dll
0x00007ff9eb3d0000 - 0x00007ff9eb567000 	C:\Windows\System32\USER32.dll
0x00007ff9d1040000 - 0x00007ff9d12b9000 	C:\Windows\WinSxS\amd64_microsoft.windows.common-controls_6595b64144ccf1df_6.0.17763.5696_none_de7663245346b1ca\COMCTL32.dll
0x00007ff9ea320000 - 0x00007ff9ea340000 	C:\Windows\System32\win32u.dll
0x00007ff9ed240000 - 0x00007ff9ed2de000 	C:\Windows\System32\msvcrt.dll
0x00007ff9ed6e0000 - 0x00007ff9ed709000 	C:\Windows\System32\GDI32.dll
0x00007ff9ea9d0000 - 0x00007ff9eacfb000 	C:\Windows\System32\combase.dll
0x00007ff9ea070000 - 0x00007ff9ea21a000 	C:\Windows\System32\gdi32full.dll
0x00007ff9ed2e0000 - 0x00007ff9ed3f8000 	C:\Windows\System32\RPCRT4.dll
0x00007ff9e9f80000 - 0x00007ff9ea002000 	C:\Windows\System32\bcryptPrimitives.dll
0x00007ff9ea540000 - 0x00007ff9ea5e0000 	C:\Windows\System32\msvcp_win.dll
0x00007ff9ed160000 - 0x00007ff9ed18e000 	C:\Windows\System32\IMM32.DLL
0x00007ff9e57c0000 - 0x00007ff9e57cc000 	C:\Program Files\Android\Android Studio\jbr\bin\vcruntime140_1.dll
0x00007ff9de860000 - 0x00007ff9de8ed000 	C:\Program Files\Android\Android Studio\jbr\bin\msvcp140.dll
0x00007ff9a8980000 - 0x00007ff9a9600000 	C:\Program Files\Android\Android Studio\jbr\bin\server\jvm.dll
0x00007ff9ead00000 - 0x00007ff9eada8000 	C:\Windows\System32\ADVAPI32.dll
0x00007ff9eb320000 - 0x00007ff9eb3c2000 	C:\Windows\System32\sechost.dll
0x00007ff9ea8f0000 - 0x00007ff9ea916000 	C:\Windows\System32\bcrypt.dll
0x00007ff9d58c0000 - 0x00007ff9d58c9000 	C:\Windows\SYSTEM32\WSOCK32.dll
0x00007ff9e5f80000 - 0x00007ff9e5fa4000 	C:\Windows\SYSTEM32\WINMM.dll
0x00007ff9e3bb0000 - 0x00007ff9e3bba000 	C:\Windows\SYSTEM32\VERSION.dll
0x00007ff9ed710000 - 0x00007ff9ed77d000 	C:\Windows\System32\WS2_32.dll
0x00007ff9e5d60000 - 0x00007ff9e5d8d000 	C:\Windows\SYSTEM32\winmmbase.dll
0x00007ff9ea5e0000 - 0x00007ff9ea62a000 	C:\Windows\System32\cfgmgr32.dll
0x00007ff9e97e0000 - 0x00007ff9e97f1000 	C:\Windows\System32\kernel.appcore.dll
0x00007ff9e55d0000 - 0x00007ff9e55da000 	C:\Program Files\Android\Android Studio\jbr\bin\jimage.dll
0x00007ff9d5150000 - 0x00007ff9d533d000 	C:\Windows\SYSTEM32\DBGHELP.DLL
0x00007ff9d4270000 - 0x00007ff9d429a000 	C:\Windows\SYSTEM32\dbgcore.DLL
0x00007ff9dfd20000 - 0x00007ff9dfd45000 	C:\Program Files\Android\Android Studio\jbr\bin\java.dll
0x00007ff9e4550000 - 0x00007ff9e4568000 	C:\Program Files\Android\Android Studio\jbr\bin\zip.dll
0x00007ff9ebb30000 - 0x00007ff9ed028000 	C:\Windows\System32\SHELL32.dll
0x00007ff9ed030000 - 0x00007ff9ed0d7000 	C:\Windows\System32\shcore.dll
0x00007ff9e9830000 - 0x00007ff9e9f77000 	C:\Windows\System32\windows.storage.dll
0x00007ff9e9800000 - 0x00007ff9e9823000 	C:\Windows\System32\profapi.dll
0x00007ff9e9780000 - 0x00007ff9e97dd000 	C:\Windows\System32\powrprof.dll
0x00007ff9eb2c0000 - 0x00007ff9eb312000 	C:\Windows\System32\shlwapi.dll
0x00007ff9ea8d0000 - 0x00007ff9ea8eb000 	C:\Windows\System32\cryptsp.dll
0x00007ff9e0220000 - 0x00007ff9e0239000 	C:\Program Files\Android\Android Studio\jbr\bin\net.dll
0x00007ff9e5000000 - 0x00007ff9e50fd000 	C:\Windows\SYSTEM32\WINHTTP.dll
0x00007ff9e8fb0000 - 0x00007ff9e9017000 	C:\Windows\system32\mswsock.dll
0x00007ff9dc8b0000 - 0x00007ff9dc8c6000 	C:\Program Files\Android\Android Studio\jbr\bin\nio.dll
0x00007ff9e3800000 - 0x00007ff9e3810000 	C:\Program Files\Android\Android Studio\jbr\bin\verify.dll

dbghelp: loaded successfully - version: 4.0.5 - missing functions: none
symbol engine: initialized successfully - sym options: 0x614 - pdb path: .;C:\Program Files\Android\Android Studio\jbr\bin;C:\Windows\SYSTEM32;C:\Windows\WinSxS\amd64_microsoft.windows.common-controls_6595b64144ccf1df_6.0.17763.5696_none_de7663245346b1ca;C:\Program Files\Android\Android Studio\jbr\bin\server

VM Arguments:
java_command: org.jetbrains.kotlin.cli.jvm.K2JVMCompiler @C:\User\pr111rybakov\AndroidStudioProjects\UmnuiDomikYoYoYo\app\build\20241123_5580685156387826872.compiler.options
java_class_path (initial): C:\User\pr111rybakov\.gradle\caches\modules-2\files-2.1\org.jetbrains.kotlin\kotlin-compiler-embeddable\2.0.21\79346ed53db48b18312a472602eb5c057070c54d\kotlin-compiler-embeddable-2.0.21.jar;C:\User\pr111rybakov\.gradle\caches\modules-2\files-2.1\org.jetbrains.kotlin\kotlin-stdlib\2.0.21\618b539767b4899b4660a83006e052b63f1db551\kotlin-stdlib-2.0.21.jar;C:\User\pr111rybakov\.gradle\caches\modules-2\files-2.1\org.jetbrains.kotlin\kotlin-script-runtime\2.0.21\c9b044380ad41f89aa89aa896c2d32a8c0b2129d\kotlin-script-runtime-2.0.21.jar;C:\User\pr111rybakov\.gradle\caches\modules-2\files-2.1\org.jetbrains.kotlin\kotlin-reflect\1.6.10\1cbe9c92c12a94eea200d23c2bbaedaf3daf5132\kotlin-reflect-1.6.10.jar;C:\User\pr111rybakov\.gradle\caches\modules-2\files-2.1\org.jetbrains.kotlin\kotlin-daemon-embeddable\2.0.21\c9e933b23287de9b5a17e2116b4657bb91aea72c\kotlin-daemon-embeddable-2.0.21.jar;C:\User\pr111rybakov\.gradle\caches\modules-2\files-2.1\org.jetbrains.intellij.deps\trove4j\1.0.20200330\3afb14d5f9ceb459d724e907a21145e8ff394f02\trove4j-1.0.20200330.jar;C:\User\pr111rybakov\.gradle\caches\modules-2\files-2.1\org.jetbrains.kotlinx\kotlinx-coroutines-core-jvm\1.6.4\2c997cd1c0ef33f3e751d3831929aeff1390cb30\kotlinx-coroutines-core-jvm-1.6.4.jar;C:\User\pr111rybakov\.gradle\caches\modules-2\files-2.1\org.jetbrains\annotations\13.0\919f0dfe192fb4e063e7dacadee7f8bb9a2672a9\annotations-13.0.jar
Launcher Type: SUN_STANDARD

[Global flags]
     intx CICompilerCount                          = 4                                         {product} {ergonomic}
     uint ConcGCThreads                            = 2                                         {product} {ergonomic}
     uint G1ConcRefinementThreads                  = 8                                         {product} {ergonomic}
   size_t G1HeapRegionSize                         = 2097152                                   {product} {ergonomic}
    uintx GCDrainStackTargetSize                   = 64                                        {product} {ergonomic}
   size_t InitialHeapSize                          = 268435456                                 {product} {ergonomic}
   size_t MarkStackSize                            = 4194304                                   {product} {ergonomic}
   size_t MaxHeapSize                              = 4273995776                                {product} {ergonomic}
   size_t MaxNewSize                               = 2562719744                                {product} {ergonomic}
   size_t MinHeapDeltaBytes                        = 2097152                                   {product} {ergonomic}
   size_t MinHeapSize                              = 8388608                                   {product} {ergonomic}
    uintx NonNMethodCodeHeapSize                   = 5839372                                {pd product} {ergonomic}
    uintx NonProfiledCodeHeapSize                  = 122909434                              {pd product} {ergonomic}
    uintx ProfiledCodeHeapSize                     = 122909434                              {pd product} {ergonomic}
    uintx ReservedCodeCacheSize                    = 251658240                              {pd product} {ergonomic}
     bool SegmentedCodeCache                       = true                                      {product} {ergonomic}
   size_t SoftMaxHeapSize                          = 4273995776                             {manageable} {ergonomic}
     bool UseCompressedClassPointers               = true                           {product lp64_product} {ergonomic}
     bool UseCompressedOops                        = true                           {product lp64_product} {ergonomic}
     bool UseG1GC                                  = true                                      {product} {ergonomic}
     bool UseLargePagesIndividualAllocation        = false                                  {pd product} {ergonomic}

Logging:
Log output configuration:
 #0: stdout all=warning uptime,level,tags
 #1: stderr all=off uptime,level,tags

Environment Variables:
JAVA_HOME=C:\Program Files\Android\Jdk\microsoft_dist_openjdk_1.8.0.25
PATH=C:\Program Files\Python312\Scripts\;C:\Program Files\Python312\;C:\Program Files\Python311\Scripts\;C:\Program Files\Python311\;C:\Program Files (x86)\Python38\Scripts\;C:\Program Files (x86)\Python38\;C:\Program Files\Microsoft MPI\Bin\;C:\Program Files (x86)\Common Files\Oracle\Java\javapath;C:\Windows\system32;C:\Windows;C:\Windows\System32\Wbem;C:\Windows\System32\WindowsPowerShell\v1.0\;C:\Windows\System32\OpenSSH\;C:\Program Files (x86)\Microsoft SQL Server\150\DTS\Binn\;C:\Program Files\dotnet\;C:\Program Files\Microsoft SQL Server\130\Tools\Binn\;C:\Program Files (x86)\Microsoft SQL Server\140\Tools\Binn\;C:\Program Files\Microsoft SQL Server\140\Tools\Binn\;C:\Program Files (x86)\Microsoft SQL Server\140\DTS\Binn\;C:\Program Files\Microsoft SQL Server\140\DTS\Binn\;C:\Program Files\Microsoft SQL Server\Client SDK\ODBC\130\Tools\Binn\;C:\Program Files\Microsoft SQL Server\Client SDK\ODBC\170\Tools\Binn\;C:\Program Files (x86)\IncrediBuild;C:\Program Files (x86)\NVIDIA Corporation\PhysX\Common;C:\Program Files\Git\cmd;C:\Program Files\Azure Data Studio\bin;C:\Program Files\Microsoft VS Code\bin;C:\Program Files (x86)\Kaspersky Lab\KES.12.2.0\;C:\User\pr111rybakov\AppData\Local\Microsoft\WindowsApps;
USERNAME=pr111rybakov
OS=Windows_NT
PROCESSOR_IDENTIFIER=Intel64 Family 6 Model 158 Stepping 13, GenuineIntel
TMP=C:\User\pr111rybakov\AppData\Local\Temp
TEMP=C:\User\pr111rybakov\AppData\Local\Temp


JNI global refs:
JNI global refs: 13, weak refs: 3

JNI global refs memory usage: 843, weak refs: 841

OOME stack traces (most recent first):
Classloader memory used:
Loader jdk.internal.loader.ClassLoaders$AppClassLoader                                 : 9165K
Loader bootstrap                                                                       : 1335K
Loader java.net.URLClassLoader                                                         : 142K
Loader jdk.internal.reflect.DelegatingClassLoader                                      : 2131B


---------------  S Y S T E M  ---------------

OS:
 Windows 10 , 64 bit Build 17763 (10.0.17763.4974)
OS uptime: 0 days 3:38 hours

CPU: total 8 (initial active 8) (8 cores per cpu, 1 threads per core) family 6 model 158 stepping 13 microcode 0xde, cx8, cmov, fxsr, mmx, 3dnowpref, sse, sse2, sse3, ssse3, sse4.1, sse4.2, popcnt, lzcnt, tsc, tscinvbit, avx, avx2, aes, erms, clmul, bmi1, bmi2, adx, fma, vzeroupper, clflush, clflushopt

Memory: 4k page, system-wide physical 16303M (2741M free)
TotalPageFile size 16303M (AvailPageFile size 6M)
current process WorkingSet (physical memory assigned to process): 466M, peak: 467M
current process commit charge ("private bytes"): 501M, peak: 503M

vm_info: OpenJDK 64-Bit Server VM (17.0.7+0-b2043.56-10550314) for windows-amd64 JRE (17.0.7+0-b2043.56-10550314), built on Jul 24 2023 18:27:45 by "androidbuild" with MS VC++ 16.10 / 16.11 (VS2019)

END.
